ARM GAS  C:\Users\zakis\AppData\Local\Temp\cco5DHCH.s 			page 1


   1              		.syntax unified
   2              		.cpu cortex-m3
   3              		.fpu softvfp
   4              		.eabi_attribute 20, 1
   5              		.eabi_attribute 21, 1
   6              		.eabi_attribute 23, 3
   7              		.eabi_attribute 24, 1
   8              		.eabi_attribute 25, 1
   9              		.eabi_attribute 26, 1
  10              		.eabi_attribute 30, 1
  11              		.eabi_attribute 34, 1
  12              		.eabi_attribute 18, 4
  13              		.thumb
  14              		.syntax unified
  15              		.file	"cfar.c"
  16              		.text
  17              	.Ltext0:
  18              		.cfi_sections	.debug_frame
  19              		.section	.text.CFAR_init,"ax",%progbits
  20              		.align	2
  21              		.global	CFAR_init
  22              		.thumb
  23              		.thumb_func
  24              		.type	CFAR_init, %function
  25              	CFAR_init:
  26              	.LFB167:
  27              		.file 1 "source\\asw\\cfar.c"
   1:source\asw/cfar.c **** /**
   2:source\asw/cfar.c **** * \brief Implements the Reaction Game logic
   3:source\asw/cfar.c **** *
   4:source\asw/cfar.c **** * \copyright Copyright ©2016
   5:source\asw/cfar.c **** * Department of electrical engineering and information technology, Hochschule Darmstadt - Universit
   6:source\asw/cfar.c **** * Permission to use, copy, modify, and distribute this software and its documentation for education
   7:source\asw/cfar.c **** * (unless permitted by h_da) and official h_da projects, is hereby granted for enrolled students of
   8:source\asw/cfar.c **** * this paragraph and the following paragraph appear in all copies, modifications, and distributions
   9:source\asw/cfar.c **** * Contact Prof.Dr.-Ing. Peter Fromm, peter.fromm@h-da.de, Birkenweg 8 64295 Darmstadt - GERMANY for
  10:source\asw/cfar.c **** *
  11:source\asw/cfar.c **** * \warning This software is a PROTOTYPE version and is not designed or intended for use in producti
  12:source\asw/cfar.c **** * The user represents and warrants that it will NOT use or redistribute the Software for such purpo
  13:source\asw/cfar.c **** * This prototype is for research purposes only. This software is provided "AS IS," without a warran
  14:source\asw/cfar.c **** */
  15:source\asw/cfar.c **** 
  16:source\asw/cfar.c **** /*****************************************************************************/
  17:source\asw/cfar.c **** /* Include files                                                             */
  18:source\asw/cfar.c **** /*****************************************************************************/
  19:source\asw/cfar.c **** 
  20:source\asw/cfar.c **** 
  21:source\asw/cfar.c **** #include "project.h"
  22:source\asw/cfar.c **** #include "detector.h"
  23:source\asw/cfar.c **** #include "uart.h"
  24:source\asw/cfar.c **** #include "dma.h"
  25:source\asw/cfar.c **** #include "dac_adc.h"
  26:source\asw/cfar.c **** #include "led.h"
  27:source\asw/cfar.c **** #include "uart.h"
  28:source\asw/cfar.c **** 
  29:source\asw/cfar.c **** #include "fft_application.h"
  30:source\asw/cfar.c **** #include "cfar.h"
ARM GAS  C:\Users\zakis\AppData\Local\Temp\cco5DHCH.s 			page 2


  31:source\asw/cfar.c **** #include <math.h>
  32:source\asw/cfar.c **** #include <stdio.h>
  33:source\asw/cfar.c **** 
  34:source\asw/cfar.c **** /*****************************************************************************/
  35:source\asw/cfar.c **** /* Local pre-processor symbols/macros ('#define')                            */
  36:source\asw/cfar.c **** /*****************************************************************************/
  37:source\asw/cfar.c **** 
  38:source\asw/cfar.c **** /*****************************************************************************/
  39:source\asw/cfar.c **** /* Global variable definitions (declared in header file with 'extern')       */
  40:source\asw/cfar.c **** /*****************************************************************************/
  41:source\asw/cfar.c **** 
  42:source\asw/cfar.c **** /*****************************************************************************/
  43:source\asw/cfar.c **** /* Local type definitions ('typedef')                                        */
  44:source\asw/cfar.c **** /*****************************************************************************/
  45:source\asw/cfar.c **** 
  46:source\asw/cfar.c **** /*****************************************************************************/
  47:source\asw/cfar.c **** /* Local variable definitions ('static')                                     */
  48:source\asw/cfar.c **** /*****************************************************************************/
  49:source\asw/cfar.c **** 
  50:source\asw/cfar.c **** /**
  51:source\asw/cfar.c ****  * @brief Variable representing the clock frequency for the reaction game module.
  52:source\asw/cfar.c ****  */
  53:source\asw/cfar.c **** 
  54:source\asw/cfar.c **** 
  55:source\asw/cfar.c **** /*****************************************************************************/
  56:source\asw/cfar.c **** /* Local function prototypes ('static')                                      */
  57:source\asw/cfar.c **** /*****************************************************************************/
  58:source\asw/cfar.c **** 
  59:source\asw/cfar.c **** 
  60:source\asw/cfar.c **** /*****************************************************************************/
  61:source\asw/cfar.c **** /* Function implementation - global ('extern') and local ('static')          */
  62:source\asw/cfar.c **** /*****************************************************************************/
  63:source\asw/cfar.c **** 
  64:source\asw/cfar.c **** 
  65:source\asw/cfar.c **** void CFAR_init(CFAR_input_t *cfarInput){
  28              		.loc 1 65 0
  29              		.cfi_startproc
  30              		@ args = 0, pretend = 0, frame = 0
  31              		@ frame_needed = 0, uses_anonymous_args = 0
  32              		@ link register save eliminated.
  33              	.LVL0:
  66:source\asw/cfar.c ****     cfarInput -> PFA = 0.1;
  34              		.loc 1 66 0
  35 0000 07A3     		adr	r3, .L2
  36 0002 D3E90023 		ldrd	r2, [r3]
  37 0006 C0E90223 		strd	r2, [r0, #8]
  67:source\asw/cfar.c ****     cfarInput -> numberGuardCells = 2;
  38              		.loc 1 67 0
  39 000a 0223     		movs	r3, #2
  40 000c 0374     		strb	r3, [r0, #16]
  68:source\asw/cfar.c ****     cfarInput -> numberofBins = 1024;
  41              		.loc 1 68 0
  42 000e 4FF48063 		mov	r3, #1024
  43 0012 0380     		strh	r3, [r0]	@ movhi
  69:source\asw/cfar.c ****     cfarInput -> numberReferenceCells = 10;
  44              		.loc 1 69 0
  45 0014 0A23     		movs	r3, #10
ARM GAS  C:\Users\zakis\AppData\Local\Temp\cco5DHCH.s 			page 3


  46 0016 4374     		strb	r3, [r0, #17]
  47 0018 7047     		bx	lr
  48              	.L3:
  49 001a 00BFAFF3 		.align	3
  49      0080
  50              	.L2:
  51 0020 9A999999 		.word	-1717986918
  52 0024 9999B93F 		.word	1069128089
  53              		.cfi_endproc
  54              	.LFE167:
  55              		.size	CFAR_init, .-CFAR_init
  56              		.section	.text.CFAR_reset_output,"ax",%progbits
  57              		.align	2
  58              		.global	CFAR_reset_output
  59              		.thumb
  60              		.thumb_func
  61              		.type	CFAR_reset_output, %function
  62              	CFAR_reset_output:
  63              	.LFB168:
  70:source\asw/cfar.c **** 
  71:source\asw/cfar.c **** }
  72:source\asw/cfar.c **** 
  73:source\asw/cfar.c **** void CFAR_reset_output(CFAR_output_t* cfarOutput){
  64              		.loc 1 73 0
  65              		.cfi_startproc
  66              		@ args = 0, pretend = 0, frame = 0
  67              		@ frame_needed = 0, uses_anonymous_args = 0
  68              		@ link register save eliminated.
  69              	.LVL1:
  70 0000 30B4     		push	{r4, r5}
  71              		.cfi_def_cfa_offset 8
  72              		.cfi_offset 4, -8
  73              		.cfi_offset 5, -4
  74:source\asw/cfar.c ****     cfarOutput -> numberofBins = 1024;
  74              		.loc 1 74 0
  75 0002 4FF48063 		mov	r3, #1024
  76 0006 0380     		strh	r3, [r0]	@ movhi
  75:source\asw/cfar.c ****     cfarOutput -> numberTargets = 0;
  77              		.loc 1 75 0
  78 0008 0023     		movs	r3, #0
  79 000a 44F20802 		movw	r2, #16392
  80 000e 8352     		strh	r3, [r0, r2]	@ movhi
  81              	.LVL2:
  82              	.LBB2:
  76:source\asw/cfar.c ****     
  77:source\asw/cfar.c ****     for (int i = 0; i < cfarOutput -> numberofBins; i++) {
  83              		.loc 1 77 0
  84 0010 14E0     		b	.L5
  85              	.LVL3:
  86              	.L6:
  78:source\asw/cfar.c ****         cfarOutput -> fft_psocPower[i] = 0.0;
  87              		.loc 1 78 0 discriminator 3
  88 0012 591C     		adds	r1, r3, #1
  89 0014 00EBC102 		add	r2, r0, r1, lsl #3
  90 0018 0024     		movs	r4, #0
  91 001a 0025     		movs	r5, #0
  92 001c C2E90045 		strd	r4, [r2]
ARM GAS  C:\Users\zakis\AppData\Local\Temp\cco5DHCH.s 			page 4


  79:source\asw/cfar.c ****         cfarOutput -> thresholds[i] = 0.0;
  93              		.loc 1 79 0 discriminator 3
  94 0020 03F20142 		addw	r2, r3, #1025
  95 0024 00EBC202 		add	r2, r0, r2, lsl #3
  96 0028 C2E90045 		strd	r4, [r2]
  80:source\asw/cfar.c ****         cfarOutput -> targetDetected[i] = 0; 
  97              		.loc 1 80 0 discriminator 3
  98 002c 03F50053 		add	r3, r3, #8192
  99              	.LVL4:
 100 0030 0433     		adds	r3, r3, #4
 101              	.LVL5:
 102 0032 00EB4303 		add	r3, r0, r3, lsl #1
 103              	.LVL6:
 104 0036 0022     		movs	r2, #0
 105 0038 5A80     		strh	r2, [r3, #2]	@ movhi
  77:source\asw/cfar.c ****         cfarOutput -> fft_psocPower[i] = 0.0;
 106              		.loc 1 77 0 discriminator 3
 107 003a 0B46     		mov	r3, r1
 108              	.LVL7:
 109              	.L5:
  77:source\asw/cfar.c ****         cfarOutput -> fft_psocPower[i] = 0.0;
 110              		.loc 1 77 0 is_stmt 0 discriminator 1
 111 003c B3F5806F 		cmp	r3, #1024
 112 0040 E7DB     		blt	.L6
 113              	.LBE2:
  81:source\asw/cfar.c ****     }
  82:source\asw/cfar.c **** 
  83:source\asw/cfar.c **** }
 114              		.loc 1 83 0 is_stmt 1
 115 0042 30BC     		pop	{r4, r5}
 116              		.cfi_restore 5
 117              		.cfi_restore 4
 118              		.cfi_def_cfa_offset 0
 119 0044 7047     		bx	lr
 120              		.cfi_endproc
 121              	.LFE168:
 122              		.size	CFAR_reset_output, .-CFAR_reset_output
 123              		.global	__aeabi_i2d
 124              		.global	__aeabi_ddiv
 125              		.global	__aeabi_dsub
 126              		.global	__aeabi_dmul
 127              		.global	__aeabi_dadd
 128              		.global	__aeabi_dcmplt
 129 0046 00BF     		.section	.text.calculateCFAR,"ax",%progbits
 130              		.align	2
 131              		.global	calculateCFAR
 132              		.thumb
 133              		.thumb_func
 134              		.type	calculateCFAR, %function
 135              	calculateCFAR:
 136              	.LFB169:
  84:source\asw/cfar.c **** 
  85:source\asw/cfar.c **** void calculateCFAR(int32 *fftBuffer, CFAR_input_t *input, CFAR_output_t *output){
 137              		.loc 1 85 0
 138              		.cfi_startproc
 139              		@ args = 0, pretend = 0, frame = 24
 140              		@ frame_needed = 0, uses_anonymous_args = 0
ARM GAS  C:\Users\zakis\AppData\Local\Temp\cco5DHCH.s 			page 5


 141              	.LVL8:
 142 0000 2DE9F04F 		push	{r4, r5, r6, r7, r8, r9, r10, fp, lr}
 143              		.cfi_def_cfa_offset 36
 144              		.cfi_offset 4, -36
 145              		.cfi_offset 5, -32
 146              		.cfi_offset 6, -28
 147              		.cfi_offset 7, -24
 148              		.cfi_offset 8, -20
 149              		.cfi_offset 9, -16
 150              		.cfi_offset 10, -12
 151              		.cfi_offset 11, -8
 152              		.cfi_offset 14, -4
 153 0004 87B0     		sub	sp, sp, #28
 154              		.cfi_def_cfa_offset 64
 155 0006 8246     		mov	r10, r0
 156 0008 8B46     		mov	fp, r1
 157 000a 9046     		mov	r8, r2
  86:source\asw/cfar.c ****     double alpha = input -> numberReferenceCells * (pow(input -> PFA, -1.0/input -> numberReference
 158              		.loc 1 86 0
 159 000c 487C     		ldrb	r0, [r1, #17]	@ zero_extendqisi2
 160              	.LVL9:
 161 000e FFF7FEFF 		bl	__aeabi_i2d
 162              	.LVL10:
 163 0012 0446     		mov	r4, r0
 164 0014 0D46     		mov	r5, r1
 165 0016 0246     		mov	r2, r0
 166 0018 0B46     		mov	r3, r1
 167 001a 0020     		movs	r0, #0
 168 001c 6149     		ldr	r1, .L19
 169 001e FFF7FEFF 		bl	__aeabi_ddiv
 170              	.LVL11:
 171 0022 0246     		mov	r2, r0
 172 0024 0B46     		mov	r3, r1
 173 0026 DBE90201 		ldrd	r0, [fp, #8]
 174 002a FFF7FEFF 		bl	pow
 175              	.LVL12:
 176 002e 0022     		movs	r2, #0
 177 0030 5D4B     		ldr	r3, .L19+4
 178 0032 FFF7FEFF 		bl	__aeabi_dsub
 179              	.LVL13:
 180 0036 0246     		mov	r2, r0
 181 0038 0B46     		mov	r3, r1
 182 003a 2046     		mov	r0, r4
 183 003c 2946     		mov	r1, r5
 184 003e FFF7FEFF 		bl	__aeabi_dmul
 185              	.LVL14:
 186 0042 CDE90401 		strd	r0, [sp, #16]
 187              	.LVL15:
 188              	.LBB3:
  87:source\asw/cfar.c ****     
  88:source\asw/cfar.c **** //    memset(fft_psocPower, 0, sizeof(fft_psocPower)); // Clear fft_magnitude array
  89:source\asw/cfar.c ****    
  90:source\asw/cfar.c ****     
  91:source\asw/cfar.c ****     
  92:source\asw/cfar.c ****     for (int i = 0; i < input -> numberofBins; i++) {
 189              		.loc 1 92 0
 190 0046 4FF00009 		mov	r9, #0
ARM GAS  C:\Users\zakis\AppData\Local\Temp\cco5DHCH.s 			page 6


 191 004a 27E0     		b	.L9
 192              	.LVL16:
 193              	.L10:
 194              	.LBB4:
  93:source\asw/cfar.c ****         double real = (double)fftBuffer [2 * i];     // Real component
 195              		.loc 1 93 0 discriminator 3
 196 004c 4FEAC904 		lsl	r4, r9, #3
 197 0050 5AF83900 		ldr	r0, [r10, r9, lsl #3]
 198 0054 FFF7FEFF 		bl	__aeabi_i2d
 199              	.LVL17:
 200 0058 0646     		mov	r6, r0
 201 005a 0F46     		mov	r7, r1
 202              	.LVL18:
  94:source\asw/cfar.c ****         double imag = (double)fftBuffer [2 * i + 1]; // Imaginary component
 203              		.loc 1 94 0 discriminator 3
 204 005c 5444     		add	r4, r4, r10
 205 005e 6068     		ldr	r0, [r4, #4]
 206 0060 FFF7FEFF 		bl	__aeabi_i2d
 207              	.LVL19:
 208 0064 0446     		mov	r4, r0
 209 0066 0D46     		mov	r5, r1
 210              	.LVL20:
  95:source\asw/cfar.c **** 
  96:source\asw/cfar.c ****         output -> fft_psocPower[i] = real * real + imag * imag; // Calculate the power directly
 211              		.loc 1 96 0 discriminator 3
 212 0068 3246     		mov	r2, r6
 213 006a 3B46     		mov	r3, r7
 214 006c 3046     		mov	r0, r6
 215 006e 3946     		mov	r1, r7
 216 0070 FFF7FEFF 		bl	__aeabi_dmul
 217              	.LVL21:
 218 0074 0646     		mov	r6, r0
 219              	.LVL22:
 220 0076 0F46     		mov	r7, r1
 221 0078 2246     		mov	r2, r4
 222 007a 2B46     		mov	r3, r5
 223 007c 2046     		mov	r0, r4
 224 007e 2946     		mov	r1, r5
 225 0080 FFF7FEFF 		bl	__aeabi_dmul
 226              	.LVL23:
 227 0084 0246     		mov	r2, r0
 228 0086 0B46     		mov	r3, r1
 229 0088 3046     		mov	r0, r6
 230 008a 3946     		mov	r1, r7
 231 008c FFF7FEFF 		bl	__aeabi_dadd
 232              	.LVL24:
 233 0090 09F10109 		add	r9, r9, #1
 234              	.LVL25:
 235 0094 08EBC903 		add	r3, r8, r9, lsl #3
 236 0098 C3E90001 		strd	r0, [r3]
 237              	.LVL26:
 238              	.L9:
 239              	.LBE4:
  92:source\asw/cfar.c ****         double real = (double)fftBuffer [2 * i];     // Real component
 240              		.loc 1 92 0 discriminator 1
 241 009c BBF80030 		ldrh	r3, [fp]
 242 00a0 9945     		cmp	r9, r3
ARM GAS  C:\Users\zakis\AppData\Local\Temp\cco5DHCH.s 			page 7


 243 00a2 D3DB     		blt	.L10
 244              	.LBE3:
 245              	.LBB5:
  97:source\asw/cfar.c ****     }
  98:source\asw/cfar.c **** 
  99:source\asw/cfar.c ****     //fft_psocPower[0] = 0.0; // Set the first element to 0
 100:source\asw/cfar.c ****     
 101:source\asw/cfar.c **** 
 102:source\asw/cfar.c ****     for (int i = input -> numberReferenceCells + input -> numberGuardCells + 1; i <= input ->number
 246              		.loc 1 102 0
 247 00a4 9BF81150 		ldrb	r5, [fp, #17]	@ zero_extendqisi2
 248 00a8 9BF81030 		ldrb	r3, [fp, #16]	@ zero_extendqisi2
 249 00ac 1D44     		add	r5, r5, r3
 250 00ae 0135     		adds	r5, r5, #1
 251              	.LVL27:
 252 00b0 69E0     		b	.L11
 253              	.LVL28:
 254              	.L12:
 255              	.LBB6:
 256              	.LBB7:
 103:source\asw/cfar.c ****         // Calculate sum of lagging and leading cells
 104:source\asw/cfar.c ****         double lagging_sum = 0.0;
 105:source\asw/cfar.c ****         double leading_sum = 0.0;
 106:source\asw/cfar.c ****         for (int j = 0; j < input -> numberReferenceCells; j++) {
 107:source\asw/cfar.c ****             lagging_sum += output -> fft_psocPower[i - input -> numberReferenceCells - input -> num
 257              		.loc 1 107 0 discriminator 3
 258 00b2 C9EB0A03 		rsb	r3, r9, r10
 259 00b6 C8EB0303 		rsb	r3, r8, r3
 260 00ba 5B44     		add	r3, r3, fp
 261 00bc 0133     		adds	r3, r3, #1
 262 00be 04EBC303 		add	r3, r4, r3, lsl #3
 263 00c2 D3E90023 		ldrd	r2, [r3]
 264 00c6 DDE90001 		ldrd	r0, [sp]
 265 00ca FFF7FEFF 		bl	__aeabi_dadd
 266              	.LVL29:
 267 00ce CDE90001 		strd	r0, [sp]
 268              	.LVL30:
 108:source\asw/cfar.c ****             leading_sum += output -> fft_psocPower[i + input -> numberGuardCells + 1 + j];
 269              		.loc 1 108 0 discriminator 3
 270 00d2 0AEB0803 		add	r3, r10, r8
 271 00d6 0133     		adds	r3, r3, #1
 272 00d8 5B44     		add	r3, r3, fp
 273 00da 0133     		adds	r3, r3, #1
 274 00dc 04EBC303 		add	r3, r4, r3, lsl #3
 275 00e0 D3E90023 		ldrd	r2, [r3]
 276 00e4 3046     		mov	r0, r6
 277              	.LVL31:
 278 00e6 3946     		mov	r1, r7
 279 00e8 FFF7FEFF 		bl	__aeabi_dadd
 280              	.LVL32:
 281 00ec 0646     		mov	r6, r0
 282              	.LVL33:
 283 00ee 0F46     		mov	r7, r1
 284              	.LVL34:
 106:source\asw/cfar.c ****             lagging_sum += output -> fft_psocPower[i - input -> numberReferenceCells - input -> num
 285              		.loc 1 106 0 discriminator 3
 286 00f0 0BF1010B 		add	fp, fp, #1
ARM GAS  C:\Users\zakis\AppData\Local\Temp\cco5DHCH.s 			page 8


 287              	.LVL35:
 288 00f4 0AE0     		b	.L15
 289              	.LVL36:
 290              	.L16:
 291              	.LBE7:
 292              	.LBE6:
 293 00f6 0024     		movs	r4, #0
 294 00f8 0026     		movs	r6, #0
 295 00fa 0027     		movs	r7, #0
 296 00fc CDE90067 		strd	r6, [sp]
 297 0100 CDF80CB0 		str	fp, [sp, #12]
 298 0104 A346     		mov	fp, r4
 299 0106 4446     		mov	r4, r8
 300 0108 D046     		mov	r8, r10
 301              	.LVL37:
 302 010a AA46     		mov	r10, r5
 303              	.L15:
 304              	.LVL38:
 305              	.LBB9:
 306              	.LBB8:
 106:source\asw/cfar.c ****             lagging_sum += output -> fft_psocPower[i - input -> numberReferenceCells - input -> num
 307              		.loc 1 106 0 is_stmt 0 discriminator 1
 308 010c CB45     		cmp	fp, r9
 309 010e D0DB     		blt	.L12
 310 0110 5546     		mov	r5, r10
 311              	.LVL39:
 312 0112 DDF80CB0 		ldr	fp, [sp, #12]
 313              	.LVL40:
 314 0116 A046     		mov	r8, r4
 315              	.LBE8:
 109:source\asw/cfar.c ****         }
 110:source\asw/cfar.c **** 
 111:source\asw/cfar.c ****         // Calculate noise level
 112:source\asw/cfar.c ****         double noise_level = (lagging_sum + leading_sum) / (2.0 * input -> numberReferenceCells); 
 316              		.loc 1 112 0 is_stmt 1
 317 0118 3246     		mov	r2, r6
 318 011a 3B46     		mov	r3, r7
 319 011c DDE90001 		ldrd	r0, [sp]
 320 0120 FFF7FEFF 		bl	__aeabi_dadd
 321              	.LVL41:
 322 0124 0646     		mov	r6, r0
 323              	.LVL42:
 324 0126 0F46     		mov	r7, r1
 325 0128 4846     		mov	r0, r9
 326 012a FFF7FEFF 		bl	__aeabi_i2d
 327              	.LVL43:
 328 012e 0246     		mov	r2, r0
 329 0130 0B46     		mov	r3, r1
 330 0132 FFF7FEFF 		bl	__aeabi_dadd
 331              	.LVL44:
 332 0136 0246     		mov	r2, r0
 333 0138 0B46     		mov	r3, r1
 334 013a 3046     		mov	r0, r6
 335 013c 3946     		mov	r1, r7
 336 013e FFF7FEFF 		bl	__aeabi_ddiv
 337              	.LVL45:
 113:source\asw/cfar.c **** 
ARM GAS  C:\Users\zakis\AppData\Local\Temp\cco5DHCH.s 			page 9


 114:source\asw/cfar.c ****         // Calculate threshold
 115:source\asw/cfar.c ****         double threshold = noise_level * alpha;
 338              		.loc 1 115 0
 339 0142 0246     		mov	r2, r0
 340 0144 0B46     		mov	r3, r1
 341 0146 DDE90401 		ldrd	r0, [sp, #16]
 342              	.LVL46:
 343 014a FFF7FEFF 		bl	__aeabi_dmul
 344              	.LVL47:
 116:source\asw/cfar.c **** 
 117:source\asw/cfar.c ****         // Store threshold
 118:source\asw/cfar.c ****         output -> thresholds[i] = threshold;
 345              		.loc 1 118 0
 346 014e 0AF20143 		addw	r3, r10, #1025
 347 0152 04EBC303 		add	r3, r4, r3, lsl #3
 348 0156 C3E90001 		strd	r0, [r3]
 119:source\asw/cfar.c **** 
 120:source\asw/cfar.c ****         // Detect target
 121:source\asw/cfar.c ****         if (output -> fft_psocPower[i] > threshold) {
 349              		.loc 1 121 0
 350 015a 6B1C     		adds	r3, r5, #1
 351 015c 04EBC303 		add	r3, r4, r3, lsl #3
 352 0160 D3E90023 		ldrd	r2, [r3]
 353 0164 FFF7FEFF 		bl	__aeabi_dcmplt
 354              	.LVL48:
 355 0168 60B1     		cbz	r0, .L13
 356              	.LVL49:
 122:source\asw/cfar.c ****             
 123:source\asw/cfar.c ****             output -> numberTargets = output -> numberTargets + 1;
 357              		.loc 1 123 0
 358 016a 44F20802 		movw	r2, #16392
 359 016e A35A     		ldrh	r3, [r4, r2]
 360 0170 0133     		adds	r3, r3, #1
 361 0172 9BB2     		uxth	r3, r3
 362 0174 A352     		strh	r3, [r4, r2]	@ movhi
 124:source\asw/cfar.c ****             output -> targetDetected[output -> numberTargets] = i; // Set flag for target detected 
 363              		.loc 1 124 0
 364 0176 03F50053 		add	r3, r3, #8192
 365 017a 0433     		adds	r3, r3, #4
 366 017c 04EB4303 		add	r3, r4, r3, lsl #1
 367 0180 A3F802A0 		strh	r10, [r3, #2]	@ movhi
 368              	.L13:
 369              	.LBE9:
 102:source\asw/cfar.c ****         // Calculate sum of lagging and leading cells
 370              		.loc 1 102 0 discriminator 2
 371 0184 0135     		adds	r5, r5, #1
 372              	.LVL50:
 373              	.L11:
 102:source\asw/cfar.c ****         // Calculate sum of lagging and leading cells
 374              		.loc 1 102 0 is_stmt 0 discriminator 1
 375 0186 BBF80030 		ldrh	r3, [fp]
 376 018a 9BF81190 		ldrb	r9, [fp, #17]	@ zero_extendqisi2
 377 018e C9EB0303 		rsb	r3, r9, r3
 378 0192 9BF810A0 		ldrb	r10, [fp, #16]	@ zero_extendqisi2
 379 0196 CAEB0303 		rsb	r3, r10, r3
 380 019a 9D42     		cmp	r5, r3
 381 019c ABDD     		ble	.L16
ARM GAS  C:\Users\zakis\AppData\Local\Temp\cco5DHCH.s 			page 10


 382              	.LBE5:
 125:source\asw/cfar.c ****         } 
 126:source\asw/cfar.c ****         
 127:source\asw/cfar.c ****     }
 128:source\asw/cfar.c **** }
 383              		.loc 1 128 0 is_stmt 1
 384 019e 07B0     		add	sp, sp, #28
 385              		.cfi_def_cfa_offset 36
 386              		@ sp needed
 387 01a0 BDE8F08F 		pop	{r4, r5, r6, r7, r8, r9, r10, fp, pc}
 388              	.LVL51:
 389              	.L20:
 390              		.align	2
 391              	.L19:
 392 01a4 0000F0BF 		.word	-1074790400
 393 01a8 0000F03F 		.word	1072693248
 394              		.cfi_endproc
 395              	.LFE169:
 396              		.size	calculateCFAR, .-calculateCFAR
 397              		.comm	DMA_FFT_UART_TD,3,4
 398              		.comm	DMA_FFT_UART_Chan,1,1
 399              		.comm	DMA_MEM_UART_TD,1,4
 400              		.comm	DMA_MEM_UART_Chan,1,1
 401              		.comm	DMA_ADC_MEM_TD,1,4
 402              		.comm	DMA_ADC_MEM_Chan,1,1
 403              		.text
 404              	.Letext0:
 405              		.file 2 "c:\\program files (x86)\\cypress\\psoc creator\\4.4\\psoc creator\\import\\gnu\\arm\\5.4.
 406              		.file 3 "c:\\program files (x86)\\cypress\\psoc creator\\4.4\\psoc creator\\import\\gnu\\arm\\5.4.
 407              		.file 4 "Generated_Source\\PSoC5/cytypes.h"
 408              		.file 5 "Generated_Source\\PSoC5/ErikaOS_common_ee_types.inc"
 409              		.file 6 "Generated_Source\\PSoC5/ErikaOS_cortex_mx_ee_cpu.inc"
 410              		.file 7 "source\\asw\\cfar.h"
 411              		.file 8 "Generated_Source\\PSoC5/ErikaOS_ee_oo_intfunc.inc"
 412              		.file 9 "Generated_Source\\PSoC5/ErikaOS_cortex_mx_ee_context.inc"
 413              		.file 10 "Generated_Source\\PSoC5/ErikaOS_common_ee_primitives.inc"
 414              		.file 11 "Generated_Source\\PSoC5/core_cm3.h"
 415              		.file 12 ".\\source\\bsw/dma.h"
 416              		.file 13 "c:\\program files (x86)\\cypress\\psoc creator\\4.4\\psoc creator\\import\\gnu\\arm\\5.4
 417              		.section	.debug_info,"",%progbits
 418              	.Ldebug_info0:
 419 0000 28040000 		.4byte	0x428
 420 0004 0400     		.2byte	0x4
 421 0006 00000000 		.4byte	.Ldebug_abbrev0
 422 000a 04       		.byte	0x4
 423 000b 01       		.uleb128 0x1
 424 000c 13030000 		.4byte	.LASF64
 425 0010 0C       		.byte	0xc
 426 0011 CB010000 		.4byte	.LASF65
 427 0015 C5030000 		.4byte	.LASF66
 428 0019 30000000 		.4byte	.Ldebug_ranges0+0x30
 429 001d 00000000 		.4byte	0
 430 0021 00000000 		.4byte	.Ldebug_line0
 431 0025 02       		.uleb128 0x2
 432 0026 01       		.byte	0x1
 433 0027 06       		.byte	0x6
 434 0028 BF010000 		.4byte	.LASF0
ARM GAS  C:\Users\zakis\AppData\Local\Temp\cco5DHCH.s 			page 11


 435 002c 03       		.uleb128 0x3
 436 002d 52010000 		.4byte	.LASF3
 437 0031 02       		.byte	0x2
 438 0032 1D       		.byte	0x1d
 439 0033 37000000 		.4byte	0x37
 440 0037 02       		.uleb128 0x2
 441 0038 01       		.byte	0x1
 442 0039 08       		.byte	0x8
 443 003a A1010000 		.4byte	.LASF1
 444 003e 02       		.uleb128 0x2
 445 003f 02       		.byte	0x2
 446 0040 05       		.byte	0x5
 447 0041 23000000 		.4byte	.LASF2
 448 0045 03       		.uleb128 0x3
 449 0046 4E000000 		.4byte	.LASF4
 450 004a 02       		.byte	0x2
 451 004b 2B       		.byte	0x2b
 452 004c 50000000 		.4byte	0x50
 453 0050 02       		.uleb128 0x2
 454 0051 02       		.byte	0x2
 455 0052 07       		.byte	0x7
 456 0053 26020000 		.4byte	.LASF5
 457 0057 03       		.uleb128 0x3
 458 0058 9F020000 		.4byte	.LASF6
 459 005c 02       		.byte	0x2
 460 005d 3F       		.byte	0x3f
 461 005e 62000000 		.4byte	0x62
 462 0062 02       		.uleb128 0x2
 463 0063 04       		.byte	0x4
 464 0064 05       		.byte	0x5
 465 0065 30010000 		.4byte	.LASF7
 466 0069 02       		.uleb128 0x2
 467 006a 04       		.byte	0x4
 468 006b 07       		.byte	0x7
 469 006c 80020000 		.4byte	.LASF8
 470 0070 02       		.uleb128 0x2
 471 0071 08       		.byte	0x8
 472 0072 05       		.byte	0x5
 473 0073 F0000000 		.4byte	.LASF9
 474 0077 02       		.uleb128 0x2
 475 0078 08       		.byte	0x8
 476 0079 07       		.byte	0x7
 477 007a FE000000 		.4byte	.LASF10
 478 007e 04       		.uleb128 0x4
 479 007f 04       		.byte	0x4
 480 0080 05       		.byte	0x5
 481 0081 696E7400 		.ascii	"int\000"
 482 0085 02       		.uleb128 0x2
 483 0086 04       		.byte	0x4
 484 0087 07       		.byte	0x7
 485 0088 DD010000 		.4byte	.LASF11
 486 008c 03       		.uleb128 0x3
 487 008d B7020000 		.4byte	.LASF12
 488 0091 03       		.byte	0x3
 489 0092 18       		.byte	0x18
 490 0093 2C000000 		.4byte	0x2c
 491 0097 03       		.uleb128 0x3
ARM GAS  C:\Users\zakis\AppData\Local\Temp\cco5DHCH.s 			page 12


 492 0098 EA010000 		.4byte	.LASF13
 493 009c 03       		.byte	0x3
 494 009d 24       		.byte	0x24
 495 009e 45000000 		.4byte	0x45
 496 00a2 03       		.uleb128 0x3
 497 00a3 4D020000 		.4byte	.LASF14
 498 00a7 03       		.byte	0x3
 499 00a8 2C       		.byte	0x2c
 500 00a9 57000000 		.4byte	0x57
 501 00ad 05       		.uleb128 0x5
 502 00ae 92020000 		.4byte	.LASF15
 503 00b2 04       		.byte	0x4
 504 00b3 ED01     		.2byte	0x1ed
 505 00b5 62000000 		.4byte	0x62
 506 00b9 02       		.uleb128 0x2
 507 00ba 04       		.byte	0x4
 508 00bb 04       		.byte	0x4
 509 00bc EA000000 		.4byte	.LASF16
 510 00c0 02       		.uleb128 0x2
 511 00c1 08       		.byte	0x8
 512 00c2 04       		.byte	0x4
 513 00c3 98020000 		.4byte	.LASF17
 514 00c7 02       		.uleb128 0x2
 515 00c8 01       		.byte	0x1
 516 00c9 08       		.byte	0x8
 517 00ca 39020000 		.4byte	.LASF18
 518 00ce 02       		.uleb128 0x2
 519 00cf 08       		.byte	0x8
 520 00d0 04       		.byte	0x4
 521 00d1 95010000 		.4byte	.LASF19
 522 00d5 03       		.uleb128 0x3
 523 00d6 11020000 		.4byte	.LASF20
 524 00da 05       		.byte	0x5
 525 00db 53       		.byte	0x53
 526 00dc 7E000000 		.4byte	0x7e
 527 00e0 03       		.uleb128 0x3
 528 00e1 44000000 		.4byte	.LASF21
 529 00e5 05       		.byte	0x5
 530 00e6 54       		.byte	0x54
 531 00e7 85000000 		.4byte	0x85
 532 00eb 03       		.uleb128 0x3
 533 00ec 00000000 		.4byte	.LASF22
 534 00f0 06       		.byte	0x6
 535 00f1 4D       		.byte	0x4d
 536 00f2 E0000000 		.4byte	0xe0
 537 00f6 03       		.uleb128 0x3
 538 00f7 3C000000 		.4byte	.LASF23
 539 00fb 06       		.byte	0x6
 540 00fc 4F       		.byte	0x4f
 541 00fd E0000000 		.4byte	0xe0
 542 0101 03       		.uleb128 0x3
 543 0102 59000000 		.4byte	.LASF24
 544 0106 06       		.byte	0x6
 545 0107 78       		.byte	0x78
 546 0108 D5000000 		.4byte	0xd5
 547 010c 02       		.uleb128 0x2
 548 010d 04       		.byte	0x4
ARM GAS  C:\Users\zakis\AppData\Local\Temp\cco5DHCH.s 			page 13


 549 010e 07       		.byte	0x7
 550 010f 33000000 		.4byte	.LASF25
 551 0113 06       		.uleb128 0x6
 552 0114 84000000 		.4byte	.LASF30
 553 0118 18       		.byte	0x18
 554 0119 07       		.byte	0x7
 555 011a 3F       		.byte	0x3f
 556 011b 50010000 		.4byte	0x150
 557 011f 07       		.uleb128 0x7
 558 0120 E9020000 		.4byte	.LASF26
 559 0124 07       		.byte	0x7
 560 0125 40       		.byte	0x40
 561 0126 97000000 		.4byte	0x97
 562 012a 00       		.byte	0
 563 012b 08       		.uleb128 0x8
 564 012c 50464100 		.ascii	"PFA\000"
 565 0130 07       		.byte	0x7
 566 0131 41       		.byte	0x41
 567 0132 C0000000 		.4byte	0xc0
 568 0136 08       		.byte	0x8
 569 0137 07       		.uleb128 0x7
 570 0138 C7000000 		.4byte	.LASF27
 571 013c 07       		.byte	0x7
 572 013d 42       		.byte	0x42
 573 013e 8C000000 		.4byte	0x8c
 574 0142 10       		.byte	0x10
 575 0143 07       		.uleb128 0x7
 576 0144 66010000 		.4byte	.LASF28
 577 0148 07       		.byte	0x7
 578 0149 43       		.byte	0x43
 579 014a 8C000000 		.4byte	0x8c
 580 014e 11       		.byte	0x11
 581 014f 00       		.byte	0
 582 0150 03       		.uleb128 0x3
 583 0151 60020000 		.4byte	.LASF29
 584 0155 07       		.byte	0x7
 585 0156 45       		.byte	0x45
 586 0157 13010000 		.4byte	0x113
 587 015b 09       		.uleb128 0x9
 588 015c A1030000 		.4byte	.LASF31
 589 0160 1048     		.2byte	0x4810
 590 0162 07       		.byte	0x7
 591 0163 47       		.byte	0x47
 592 0164 A8010000 		.4byte	0x1a8
 593 0168 07       		.uleb128 0x7
 594 0169 E9020000 		.4byte	.LASF26
 595 016d 07       		.byte	0x7
 596 016e 48       		.byte	0x48
 597 016f 97000000 		.4byte	0x97
 598 0173 00       		.byte	0
 599 0174 07       		.uleb128 0x7
 600 0175 BF020000 		.4byte	.LASF32
 601 0179 07       		.byte	0x7
 602 017a 49       		.byte	0x49
 603 017b A8010000 		.4byte	0x1a8
 604 017f 08       		.byte	0x8
 605 0180 0A       		.uleb128 0xa
ARM GAS  C:\Users\zakis\AppData\Local\Temp\cco5DHCH.s 			page 14


 606 0181 D4020000 		.4byte	.LASF33
 607 0185 07       		.byte	0x7
 608 0186 4A       		.byte	0x4a
 609 0187 A8010000 		.4byte	0x1a8
 610 018b 0820     		.2byte	0x2008
 611 018d 0A       		.uleb128 0xa
 612 018e 7B010000 		.4byte	.LASF34
 613 0192 07       		.byte	0x7
 614 0193 4B       		.byte	0x4b
 615 0194 97000000 		.4byte	0x97
 616 0198 0840     		.2byte	0x4008
 617 019a 0A       		.uleb128 0xa
 618 019b 3E020000 		.4byte	.LASF35
 619 019f 07       		.byte	0x7
 620 01a0 4C       		.byte	0x4c
 621 01a1 B9010000 		.4byte	0x1b9
 622 01a5 0A40     		.2byte	0x400a
 623 01a7 00       		.byte	0
 624 01a8 0B       		.uleb128 0xb
 625 01a9 C0000000 		.4byte	0xc0
 626 01ad B9010000 		.4byte	0x1b9
 627 01b1 0C       		.uleb128 0xc
 628 01b2 0C010000 		.4byte	0x10c
 629 01b6 FF03     		.2byte	0x3ff
 630 01b8 00       		.byte	0
 631 01b9 0B       		.uleb128 0xb
 632 01ba 97000000 		.4byte	0x97
 633 01be CA010000 		.4byte	0x1ca
 634 01c2 0C       		.uleb128 0xc
 635 01c3 0C010000 		.4byte	0x10c
 636 01c7 FF03     		.2byte	0x3ff
 637 01c9 00       		.byte	0
 638 01ca 03       		.uleb128 0x3
 639 01cb A9020000 		.4byte	.LASF36
 640 01cf 07       		.byte	0x7
 641 01d0 4E       		.byte	0x4e
 642 01d1 5B010000 		.4byte	0x15b
 643 01d5 0D       		.uleb128 0xd
 644 01d6 19000000 		.4byte	.LASF37
 645 01da 01       		.byte	0x1
 646 01db 41       		.byte	0x41
 647 01dc 00000000 		.4byte	.LFB167
 648 01e0 28000000 		.4byte	.LFE167-.LFB167
 649 01e4 01       		.uleb128 0x1
 650 01e5 9C       		.byte	0x9c
 651 01e6 F8010000 		.4byte	0x1f8
 652 01ea 0E       		.uleb128 0xe
 653 01eb 5C010000 		.4byte	.LASF39
 654 01ef 01       		.byte	0x1
 655 01f0 41       		.byte	0x41
 656 01f1 F8010000 		.4byte	0x1f8
 657 01f5 01       		.uleb128 0x1
 658 01f6 50       		.byte	0x50
 659 01f7 00       		.byte	0
 660 01f8 0F       		.uleb128 0xf
 661 01f9 04       		.byte	0x4
 662 01fa 50010000 		.4byte	0x150
ARM GAS  C:\Users\zakis\AppData\Local\Temp\cco5DHCH.s 			page 15


 663 01fe 0D       		.uleb128 0xd
 664 01ff D8000000 		.4byte	.LASF38
 665 0203 01       		.byte	0x1
 666 0204 49       		.byte	0x49
 667 0205 00000000 		.4byte	.LFB168
 668 0209 46000000 		.4byte	.LFE168-.LFB168
 669 020d 01       		.uleb128 0x1
 670 020e 9C       		.byte	0x9c
 671 020f 38020000 		.4byte	0x238
 672 0213 0E       		.uleb128 0xe
 673 0214 55020000 		.4byte	.LASF40
 674 0218 01       		.byte	0x1
 675 0219 49       		.byte	0x49
 676 021a 38020000 		.4byte	0x238
 677 021e 01       		.uleb128 0x1
 678 021f 50       		.byte	0x50
 679 0220 10       		.uleb128 0x10
 680 0221 10000000 		.4byte	.LBB2
 681 0225 32000000 		.4byte	.LBE2-.LBB2
 682 0229 11       		.uleb128 0x11
 683 022a 6900     		.ascii	"i\000"
 684 022c 01       		.byte	0x1
 685 022d 4D       		.byte	0x4d
 686 022e 7E000000 		.4byte	0x7e
 687 0232 00000000 		.4byte	.LLST0
 688 0236 00       		.byte	0
 689 0237 00       		.byte	0
 690 0238 0F       		.uleb128 0xf
 691 0239 04       		.byte	0x4
 692 023a CA010000 		.4byte	0x1ca
 693 023e 12       		.uleb128 0x12
 694 023f 8F000000 		.4byte	.LASF41
 695 0243 01       		.byte	0x1
 696 0244 55       		.byte	0x55
 697 0245 00000000 		.4byte	.LFB169
 698 0249 AC010000 		.4byte	.LFE169-.LFB169
 699 024d 01       		.uleb128 0x1
 700 024e 9C       		.byte	0x9c
 701 024f 4C030000 		.4byte	0x34c
 702 0253 13       		.uleb128 0x13
 703 0254 DF020000 		.4byte	.LASF42
 704 0258 01       		.byte	0x1
 705 0259 55       		.byte	0x55
 706 025a 4C030000 		.4byte	0x34c
 707 025e 54000000 		.4byte	.LLST1
 708 0262 13       		.uleb128 0x13
 709 0263 2D000000 		.4byte	.LASF43
 710 0267 01       		.byte	0x1
 711 0268 55       		.byte	0x55
 712 0269 F8010000 		.4byte	0x1f8
 713 026d 80000000 		.4byte	.LLST2
 714 0271 13       		.uleb128 0x13
 715 0272 CD020000 		.4byte	.LASF44
 716 0276 01       		.byte	0x1
 717 0277 55       		.byte	0x55
 718 0278 38020000 		.4byte	0x238
 719 027c AC000000 		.4byte	.LLST3
ARM GAS  C:\Users\zakis\AppData\Local\Temp\cco5DHCH.s 			page 16


 720 0280 14       		.uleb128 0x14
 721 0281 9D000000 		.4byte	.LASF45
 722 0285 01       		.byte	0x1
 723 0286 56       		.byte	0x56
 724 0287 C0000000 		.4byte	0xc0
 725 028b 04010000 		.4byte	.LLST4
 726 028f 15       		.uleb128 0x15
 727 0290 46000000 		.4byte	.LBB3
 728 0294 5E000000 		.4byte	.LBE3-.LBB3
 729 0298 D2020000 		.4byte	0x2d2
 730 029c 11       		.uleb128 0x11
 731 029d 6900     		.ascii	"i\000"
 732 029f 01       		.byte	0x1
 733 02a0 5C       		.byte	0x5c
 734 02a1 7E000000 		.4byte	0x7e
 735 02a5 34010000 		.4byte	.LLST5
 736 02a9 10       		.uleb128 0x10
 737 02aa 4C000000 		.4byte	.LBB4
 738 02ae 50000000 		.4byte	.LBE4-.LBB4
 739 02b2 14       		.uleb128 0x14
 740 02b3 2B010000 		.4byte	.LASF46
 741 02b7 01       		.byte	0x1
 742 02b8 5D       		.byte	0x5d
 743 02b9 C0000000 		.4byte	0xc0
 744 02bd 6B010000 		.4byte	.LLST6
 745 02c1 14       		.uleb128 0x14
 746 02c2 F3010000 		.4byte	.LASF47
 747 02c6 01       		.byte	0x1
 748 02c7 5E       		.byte	0x5e
 749 02c8 C0000000 		.4byte	0xc0
 750 02cc 83010000 		.4byte	.LLST7
 751 02d0 00       		.byte	0
 752 02d1 00       		.byte	0
 753 02d2 15       		.uleb128 0x15
 754 02d3 A4000000 		.4byte	.LBB5
 755 02d7 FA000000 		.4byte	.LBE5-.LBB5
 756 02db 42030000 		.4byte	0x342
 757 02df 11       		.uleb128 0x11
 758 02e0 6900     		.ascii	"i\000"
 759 02e2 01       		.byte	0x1
 760 02e3 66       		.byte	0x66
 761 02e4 7E000000 		.4byte	0x7e
 762 02e8 9B010000 		.4byte	.LLST8
 763 02ec 16       		.uleb128 0x16
 764 02ed 00000000 		.4byte	.Ldebug_ranges0+0
 765 02f1 14       		.uleb128 0x14
 766 02f2 1A020000 		.4byte	.LASF48
 767 02f6 01       		.byte	0x1
 768 02f7 68       		.byte	0x68
 769 02f8 C0000000 		.4byte	0xc0
 770 02fc C4010000 		.4byte	.LLST9
 771 0300 14       		.uleb128 0x14
 772 0301 89010000 		.4byte	.LASF49
 773 0305 01       		.byte	0x1
 774 0306 69       		.byte	0x69
 775 0307 C0000000 		.4byte	0xc0
 776 030b 00020000 		.4byte	.LLST10
ARM GAS  C:\Users\zakis\AppData\Local\Temp\cco5DHCH.s 			page 17


 777 030f 14       		.uleb128 0x14
 778 0310 15010000 		.4byte	.LASF50
 779 0314 01       		.byte	0x1
 780 0315 70       		.byte	0x70
 781 0316 C0000000 		.4byte	0xc0
 782 031a 38020000 		.4byte	.LLST11
 783 031e 14       		.uleb128 0x14
 784 031f 21010000 		.4byte	.LASF51
 785 0323 01       		.byte	0x1
 786 0324 73       		.byte	0x73
 787 0325 C0000000 		.4byte	0xc0
 788 0329 50020000 		.4byte	.LLST12
 789 032d 16       		.uleb128 0x16
 790 032e 18000000 		.4byte	.Ldebug_ranges0+0x18
 791 0332 11       		.uleb128 0x11
 792 0333 6A00     		.ascii	"j\000"
 793 0335 01       		.byte	0x1
 794 0336 6A       		.byte	0x6a
 795 0337 7E000000 		.4byte	0x7e
 796 033b 68020000 		.4byte	.LLST13
 797 033f 00       		.byte	0
 798 0340 00       		.byte	0
 799 0341 00       		.byte	0
 800 0342 17       		.uleb128 0x17
 801 0343 2E000000 		.4byte	.LVL12
 802 0347 20040000 		.4byte	0x420
 803 034b 00       		.byte	0
 804 034c 0F       		.uleb128 0xf
 805 034d 04       		.byte	0x4
 806 034e AD000000 		.4byte	0xad
 807 0352 18       		.uleb128 0x18
 808 0353 AD030000 		.4byte	.LASF52
 809 0357 08       		.byte	0x8
 810 0358 40       		.byte	0x40
 811 0359 EB000000 		.4byte	0xeb
 812 035d 18       		.uleb128 0x18
 813 035e 39010000 		.4byte	.LASF53
 814 0362 08       		.byte	0x8
 815 0363 47       		.byte	0x47
 816 0364 F6000000 		.4byte	0xf6
 817 0368 18       		.uleb128 0x18
 818 0369 6D020000 		.4byte	.LASF54
 819 036d 08       		.byte	0x8
 820 036e 4A       		.byte	0x4a
 821 036f EB000000 		.4byte	0xeb
 822 0373 18       		.uleb128 0x18
 823 0374 F8010000 		.4byte	.LASF55
 824 0378 09       		.byte	0x9
 825 0379 48       		.byte	0x48
 826 037a 01010000 		.4byte	0x101
 827 037e 18       		.uleb128 0x18
 828 037f B2000000 		.4byte	.LASF56
 829 0383 0A       		.byte	0xa
 830 0384 44       		.byte	0x44
 831 0385 EB000000 		.4byte	0xeb
 832 0389 19       		.uleb128 0x19
 833 038a 06030000 		.4byte	.LASF57
ARM GAS  C:\Users\zakis\AppData\Local\Temp\cco5DHCH.s 			page 18


 834 038e 0B       		.byte	0xb
 835 038f 1207     		.2byte	0x712
 836 0391 95030000 		.4byte	0x395
 837 0395 1A       		.uleb128 0x1a
 838 0396 A2000000 		.4byte	0xa2
 839 039a 1B       		.uleb128 0x1b
 840 039b 08000000 		.4byte	.LASF58
 841 039f 0C       		.byte	0xc
 842 03a0 6D       		.byte	0x6d
 843 03a1 8C000000 		.4byte	0x8c
 844 03a5 05       		.uleb128 0x5
 845 03a6 03       		.byte	0x3
 846 03a7 00000000 		.4byte	DMA_ADC_MEM_Chan
 847 03ab 0B       		.uleb128 0xb
 848 03ac 8C000000 		.4byte	0x8c
 849 03b0 BB030000 		.4byte	0x3bb
 850 03b4 1C       		.uleb128 0x1c
 851 03b5 0C010000 		.4byte	0x10c
 852 03b9 00       		.byte	0
 853 03ba 00       		.byte	0
 854 03bb 1B       		.uleb128 0x1b
 855 03bc A3000000 		.4byte	.LASF59
 856 03c0 0C       		.byte	0xc
 857 03c1 6E       		.byte	0x6e
 858 03c2 AB030000 		.4byte	0x3ab
 859 03c6 05       		.uleb128 0x5
 860 03c7 03       		.byte	0x3
 861 03c8 00000000 		.4byte	DMA_ADC_MEM_TD
 862 03cc 1B       		.uleb128 0x1b
 863 03cd 72000000 		.4byte	.LASF60
 864 03d1 0C       		.byte	0xc
 865 03d2 79       		.byte	0x79
 866 03d3 8C000000 		.4byte	0x8c
 867 03d7 05       		.uleb128 0x5
 868 03d8 03       		.byte	0x3
 869 03d9 00000000 		.4byte	DMA_MEM_UART_Chan
 870 03dd 1B       		.uleb128 0x1b
 871 03de AF010000 		.4byte	.LASF61
 872 03e2 0C       		.byte	0xc
 873 03e3 7A       		.byte	0x7a
 874 03e4 AB030000 		.4byte	0x3ab
 875 03e8 05       		.uleb128 0x5
 876 03e9 03       		.byte	0x3
 877 03ea 00000000 		.4byte	DMA_MEM_UART_TD
 878 03ee 1B       		.uleb128 0x1b
 879 03ef 60000000 		.4byte	.LASF62
 880 03f3 0C       		.byte	0xc
 881 03f4 85       		.byte	0x85
 882 03f5 8C000000 		.4byte	0x8c
 883 03f9 05       		.uleb128 0x5
 884 03fa 03       		.byte	0x3
 885 03fb 00000000 		.4byte	DMA_FFT_UART_Chan
 886 03ff 0B       		.uleb128 0xb
 887 0400 8C000000 		.4byte	0x8c
 888 0404 0F040000 		.4byte	0x40f
 889 0408 1C       		.uleb128 0x1c
 890 0409 0C010000 		.4byte	0x10c
ARM GAS  C:\Users\zakis\AppData\Local\Temp\cco5DHCH.s 			page 19


 891 040d 02       		.byte	0x2
 892 040e 00       		.byte	0
 893 040f 1B       		.uleb128 0x1b
 894 0410 F6020000 		.4byte	.LASF63
 895 0414 0C       		.byte	0xc
 896 0415 86       		.byte	0x86
 897 0416 FF030000 		.4byte	0x3ff
 898 041a 05       		.uleb128 0x5
 899 041b 03       		.byte	0x3
 900 041c 00000000 		.4byte	DMA_FFT_UART_TD
 901 0420 1D       		.uleb128 0x1d
 902 0421 706F7700 		.ascii	"pow\000"
 903 0425 706F7700 		.ascii	"pow\000"
 904 0429 0D       		.byte	0xd
 905 042a 86       		.byte	0x86
 906 042b 00       		.byte	0
 907              		.section	.debug_abbrev,"",%progbits
 908              	.Ldebug_abbrev0:
 909 0000 01       		.uleb128 0x1
 910 0001 11       		.uleb128 0x11
 911 0002 01       		.byte	0x1
 912 0003 25       		.uleb128 0x25
 913 0004 0E       		.uleb128 0xe
 914 0005 13       		.uleb128 0x13
 915 0006 0B       		.uleb128 0xb
 916 0007 03       		.uleb128 0x3
 917 0008 0E       		.uleb128 0xe
 918 0009 1B       		.uleb128 0x1b
 919 000a 0E       		.uleb128 0xe
 920 000b 55       		.uleb128 0x55
 921 000c 17       		.uleb128 0x17
 922 000d 11       		.uleb128 0x11
 923 000e 01       		.uleb128 0x1
 924 000f 10       		.uleb128 0x10
 925 0010 17       		.uleb128 0x17
 926 0011 00       		.byte	0
 927 0012 00       		.byte	0
 928 0013 02       		.uleb128 0x2
 929 0014 24       		.uleb128 0x24
 930 0015 00       		.byte	0
 931 0016 0B       		.uleb128 0xb
 932 0017 0B       		.uleb128 0xb
 933 0018 3E       		.uleb128 0x3e
 934 0019 0B       		.uleb128 0xb
 935 001a 03       		.uleb128 0x3
 936 001b 0E       		.uleb128 0xe
 937 001c 00       		.byte	0
 938 001d 00       		.byte	0
 939 001e 03       		.uleb128 0x3
 940 001f 16       		.uleb128 0x16
 941 0020 00       		.byte	0
 942 0021 03       		.uleb128 0x3
 943 0022 0E       		.uleb128 0xe
 944 0023 3A       		.uleb128 0x3a
 945 0024 0B       		.uleb128 0xb
 946 0025 3B       		.uleb128 0x3b
 947 0026 0B       		.uleb128 0xb
ARM GAS  C:\Users\zakis\AppData\Local\Temp\cco5DHCH.s 			page 20


 948 0027 49       		.uleb128 0x49
 949 0028 13       		.uleb128 0x13
 950 0029 00       		.byte	0
 951 002a 00       		.byte	0
 952 002b 04       		.uleb128 0x4
 953 002c 24       		.uleb128 0x24
 954 002d 00       		.byte	0
 955 002e 0B       		.uleb128 0xb
 956 002f 0B       		.uleb128 0xb
 957 0030 3E       		.uleb128 0x3e
 958 0031 0B       		.uleb128 0xb
 959 0032 03       		.uleb128 0x3
 960 0033 08       		.uleb128 0x8
 961 0034 00       		.byte	0
 962 0035 00       		.byte	0
 963 0036 05       		.uleb128 0x5
 964 0037 16       		.uleb128 0x16
 965 0038 00       		.byte	0
 966 0039 03       		.uleb128 0x3
 967 003a 0E       		.uleb128 0xe
 968 003b 3A       		.uleb128 0x3a
 969 003c 0B       		.uleb128 0xb
 970 003d 3B       		.uleb128 0x3b
 971 003e 05       		.uleb128 0x5
 972 003f 49       		.uleb128 0x49
 973 0040 13       		.uleb128 0x13
 974 0041 00       		.byte	0
 975 0042 00       		.byte	0
 976 0043 06       		.uleb128 0x6
 977 0044 13       		.uleb128 0x13
 978 0045 01       		.byte	0x1
 979 0046 03       		.uleb128 0x3
 980 0047 0E       		.uleb128 0xe
 981 0048 0B       		.uleb128 0xb
 982 0049 0B       		.uleb128 0xb
 983 004a 3A       		.uleb128 0x3a
 984 004b 0B       		.uleb128 0xb
 985 004c 3B       		.uleb128 0x3b
 986 004d 0B       		.uleb128 0xb
 987 004e 01       		.uleb128 0x1
 988 004f 13       		.uleb128 0x13
 989 0050 00       		.byte	0
 990 0051 00       		.byte	0
 991 0052 07       		.uleb128 0x7
 992 0053 0D       		.uleb128 0xd
 993 0054 00       		.byte	0
 994 0055 03       		.uleb128 0x3
 995 0056 0E       		.uleb128 0xe
 996 0057 3A       		.uleb128 0x3a
 997 0058 0B       		.uleb128 0xb
 998 0059 3B       		.uleb128 0x3b
 999 005a 0B       		.uleb128 0xb
 1000 005b 49       		.uleb128 0x49
 1001 005c 13       		.uleb128 0x13
 1002 005d 38       		.uleb128 0x38
 1003 005e 0B       		.uleb128 0xb
 1004 005f 00       		.byte	0
ARM GAS  C:\Users\zakis\AppData\Local\Temp\cco5DHCH.s 			page 21


 1005 0060 00       		.byte	0
 1006 0061 08       		.uleb128 0x8
 1007 0062 0D       		.uleb128 0xd
 1008 0063 00       		.byte	0
 1009 0064 03       		.uleb128 0x3
 1010 0065 08       		.uleb128 0x8
 1011 0066 3A       		.uleb128 0x3a
 1012 0067 0B       		.uleb128 0xb
 1013 0068 3B       		.uleb128 0x3b
 1014 0069 0B       		.uleb128 0xb
 1015 006a 49       		.uleb128 0x49
 1016 006b 13       		.uleb128 0x13
 1017 006c 38       		.uleb128 0x38
 1018 006d 0B       		.uleb128 0xb
 1019 006e 00       		.byte	0
 1020 006f 00       		.byte	0
 1021 0070 09       		.uleb128 0x9
 1022 0071 13       		.uleb128 0x13
 1023 0072 01       		.byte	0x1
 1024 0073 03       		.uleb128 0x3
 1025 0074 0E       		.uleb128 0xe
 1026 0075 0B       		.uleb128 0xb
 1027 0076 05       		.uleb128 0x5
 1028 0077 3A       		.uleb128 0x3a
 1029 0078 0B       		.uleb128 0xb
 1030 0079 3B       		.uleb128 0x3b
 1031 007a 0B       		.uleb128 0xb
 1032 007b 01       		.uleb128 0x1
 1033 007c 13       		.uleb128 0x13
 1034 007d 00       		.byte	0
 1035 007e 00       		.byte	0
 1036 007f 0A       		.uleb128 0xa
 1037 0080 0D       		.uleb128 0xd
 1038 0081 00       		.byte	0
 1039 0082 03       		.uleb128 0x3
 1040 0083 0E       		.uleb128 0xe
 1041 0084 3A       		.uleb128 0x3a
 1042 0085 0B       		.uleb128 0xb
 1043 0086 3B       		.uleb128 0x3b
 1044 0087 0B       		.uleb128 0xb
 1045 0088 49       		.uleb128 0x49
 1046 0089 13       		.uleb128 0x13
 1047 008a 38       		.uleb128 0x38
 1048 008b 05       		.uleb128 0x5
 1049 008c 00       		.byte	0
 1050 008d 00       		.byte	0
 1051 008e 0B       		.uleb128 0xb
 1052 008f 01       		.uleb128 0x1
 1053 0090 01       		.byte	0x1
 1054 0091 49       		.uleb128 0x49
 1055 0092 13       		.uleb128 0x13
 1056 0093 01       		.uleb128 0x1
 1057 0094 13       		.uleb128 0x13
 1058 0095 00       		.byte	0
 1059 0096 00       		.byte	0
 1060 0097 0C       		.uleb128 0xc
 1061 0098 21       		.uleb128 0x21
ARM GAS  C:\Users\zakis\AppData\Local\Temp\cco5DHCH.s 			page 22


 1062 0099 00       		.byte	0
 1063 009a 49       		.uleb128 0x49
 1064 009b 13       		.uleb128 0x13
 1065 009c 2F       		.uleb128 0x2f
 1066 009d 05       		.uleb128 0x5
 1067 009e 00       		.byte	0
 1068 009f 00       		.byte	0
 1069 00a0 0D       		.uleb128 0xd
 1070 00a1 2E       		.uleb128 0x2e
 1071 00a2 01       		.byte	0x1
 1072 00a3 3F       		.uleb128 0x3f
 1073 00a4 19       		.uleb128 0x19
 1074 00a5 03       		.uleb128 0x3
 1075 00a6 0E       		.uleb128 0xe
 1076 00a7 3A       		.uleb128 0x3a
 1077 00a8 0B       		.uleb128 0xb
 1078 00a9 3B       		.uleb128 0x3b
 1079 00aa 0B       		.uleb128 0xb
 1080 00ab 27       		.uleb128 0x27
 1081 00ac 19       		.uleb128 0x19
 1082 00ad 11       		.uleb128 0x11
 1083 00ae 01       		.uleb128 0x1
 1084 00af 12       		.uleb128 0x12
 1085 00b0 06       		.uleb128 0x6
 1086 00b1 40       		.uleb128 0x40
 1087 00b2 18       		.uleb128 0x18
 1088 00b3 9742     		.uleb128 0x2117
 1089 00b5 19       		.uleb128 0x19
 1090 00b6 01       		.uleb128 0x1
 1091 00b7 13       		.uleb128 0x13
 1092 00b8 00       		.byte	0
 1093 00b9 00       		.byte	0
 1094 00ba 0E       		.uleb128 0xe
 1095 00bb 05       		.uleb128 0x5
 1096 00bc 00       		.byte	0
 1097 00bd 03       		.uleb128 0x3
 1098 00be 0E       		.uleb128 0xe
 1099 00bf 3A       		.uleb128 0x3a
 1100 00c0 0B       		.uleb128 0xb
 1101 00c1 3B       		.uleb128 0x3b
 1102 00c2 0B       		.uleb128 0xb
 1103 00c3 49       		.uleb128 0x49
 1104 00c4 13       		.uleb128 0x13
 1105 00c5 02       		.uleb128 0x2
 1106 00c6 18       		.uleb128 0x18
 1107 00c7 00       		.byte	0
 1108 00c8 00       		.byte	0
 1109 00c9 0F       		.uleb128 0xf
 1110 00ca 0F       		.uleb128 0xf
 1111 00cb 00       		.byte	0
 1112 00cc 0B       		.uleb128 0xb
 1113 00cd 0B       		.uleb128 0xb
 1114 00ce 49       		.uleb128 0x49
 1115 00cf 13       		.uleb128 0x13
 1116 00d0 00       		.byte	0
 1117 00d1 00       		.byte	0
 1118 00d2 10       		.uleb128 0x10
ARM GAS  C:\Users\zakis\AppData\Local\Temp\cco5DHCH.s 			page 23


 1119 00d3 0B       		.uleb128 0xb
 1120 00d4 01       		.byte	0x1
 1121 00d5 11       		.uleb128 0x11
 1122 00d6 01       		.uleb128 0x1
 1123 00d7 12       		.uleb128 0x12
 1124 00d8 06       		.uleb128 0x6
 1125 00d9 00       		.byte	0
 1126 00da 00       		.byte	0
 1127 00db 11       		.uleb128 0x11
 1128 00dc 34       		.uleb128 0x34
 1129 00dd 00       		.byte	0
 1130 00de 03       		.uleb128 0x3
 1131 00df 08       		.uleb128 0x8
 1132 00e0 3A       		.uleb128 0x3a
 1133 00e1 0B       		.uleb128 0xb
 1134 00e2 3B       		.uleb128 0x3b
 1135 00e3 0B       		.uleb128 0xb
 1136 00e4 49       		.uleb128 0x49
 1137 00e5 13       		.uleb128 0x13
 1138 00e6 02       		.uleb128 0x2
 1139 00e7 17       		.uleb128 0x17
 1140 00e8 00       		.byte	0
 1141 00e9 00       		.byte	0
 1142 00ea 12       		.uleb128 0x12
 1143 00eb 2E       		.uleb128 0x2e
 1144 00ec 01       		.byte	0x1
 1145 00ed 3F       		.uleb128 0x3f
 1146 00ee 19       		.uleb128 0x19
 1147 00ef 03       		.uleb128 0x3
 1148 00f0 0E       		.uleb128 0xe
 1149 00f1 3A       		.uleb128 0x3a
 1150 00f2 0B       		.uleb128 0xb
 1151 00f3 3B       		.uleb128 0x3b
 1152 00f4 0B       		.uleb128 0xb
 1153 00f5 27       		.uleb128 0x27
 1154 00f6 19       		.uleb128 0x19
 1155 00f7 11       		.uleb128 0x11
 1156 00f8 01       		.uleb128 0x1
 1157 00f9 12       		.uleb128 0x12
 1158 00fa 06       		.uleb128 0x6
 1159 00fb 40       		.uleb128 0x40
 1160 00fc 18       		.uleb128 0x18
 1161 00fd 9642     		.uleb128 0x2116
 1162 00ff 19       		.uleb128 0x19
 1163 0100 01       		.uleb128 0x1
 1164 0101 13       		.uleb128 0x13
 1165 0102 00       		.byte	0
 1166 0103 00       		.byte	0
 1167 0104 13       		.uleb128 0x13
 1168 0105 05       		.uleb128 0x5
 1169 0106 00       		.byte	0
 1170 0107 03       		.uleb128 0x3
 1171 0108 0E       		.uleb128 0xe
 1172 0109 3A       		.uleb128 0x3a
 1173 010a 0B       		.uleb128 0xb
 1174 010b 3B       		.uleb128 0x3b
 1175 010c 0B       		.uleb128 0xb
ARM GAS  C:\Users\zakis\AppData\Local\Temp\cco5DHCH.s 			page 24


 1176 010d 49       		.uleb128 0x49
 1177 010e 13       		.uleb128 0x13
 1178 010f 02       		.uleb128 0x2
 1179 0110 17       		.uleb128 0x17
 1180 0111 00       		.byte	0
 1181 0112 00       		.byte	0
 1182 0113 14       		.uleb128 0x14
 1183 0114 34       		.uleb128 0x34
 1184 0115 00       		.byte	0
 1185 0116 03       		.uleb128 0x3
 1186 0117 0E       		.uleb128 0xe
 1187 0118 3A       		.uleb128 0x3a
 1188 0119 0B       		.uleb128 0xb
 1189 011a 3B       		.uleb128 0x3b
 1190 011b 0B       		.uleb128 0xb
 1191 011c 49       		.uleb128 0x49
 1192 011d 13       		.uleb128 0x13
 1193 011e 02       		.uleb128 0x2
 1194 011f 17       		.uleb128 0x17
 1195 0120 00       		.byte	0
 1196 0121 00       		.byte	0
 1197 0122 15       		.uleb128 0x15
 1198 0123 0B       		.uleb128 0xb
 1199 0124 01       		.byte	0x1
 1200 0125 11       		.uleb128 0x11
 1201 0126 01       		.uleb128 0x1
 1202 0127 12       		.uleb128 0x12
 1203 0128 06       		.uleb128 0x6
 1204 0129 01       		.uleb128 0x1
 1205 012a 13       		.uleb128 0x13
 1206 012b 00       		.byte	0
 1207 012c 00       		.byte	0
 1208 012d 16       		.uleb128 0x16
 1209 012e 0B       		.uleb128 0xb
 1210 012f 01       		.byte	0x1
 1211 0130 55       		.uleb128 0x55
 1212 0131 17       		.uleb128 0x17
 1213 0132 00       		.byte	0
 1214 0133 00       		.byte	0
 1215 0134 17       		.uleb128 0x17
 1216 0135 898201   		.uleb128 0x4109
 1217 0138 00       		.byte	0
 1218 0139 11       		.uleb128 0x11
 1219 013a 01       		.uleb128 0x1
 1220 013b 31       		.uleb128 0x31
 1221 013c 13       		.uleb128 0x13
 1222 013d 00       		.byte	0
 1223 013e 00       		.byte	0
 1224 013f 18       		.uleb128 0x18
 1225 0140 34       		.uleb128 0x34
 1226 0141 00       		.byte	0
 1227 0142 03       		.uleb128 0x3
 1228 0143 0E       		.uleb128 0xe
 1229 0144 3A       		.uleb128 0x3a
 1230 0145 0B       		.uleb128 0xb
 1231 0146 3B       		.uleb128 0x3b
 1232 0147 0B       		.uleb128 0xb
ARM GAS  C:\Users\zakis\AppData\Local\Temp\cco5DHCH.s 			page 25


 1233 0148 49       		.uleb128 0x49
 1234 0149 13       		.uleb128 0x13
 1235 014a 3F       		.uleb128 0x3f
 1236 014b 19       		.uleb128 0x19
 1237 014c 3C       		.uleb128 0x3c
 1238 014d 19       		.uleb128 0x19
 1239 014e 00       		.byte	0
 1240 014f 00       		.byte	0
 1241 0150 19       		.uleb128 0x19
 1242 0151 34       		.uleb128 0x34
 1243 0152 00       		.byte	0
 1244 0153 03       		.uleb128 0x3
 1245 0154 0E       		.uleb128 0xe
 1246 0155 3A       		.uleb128 0x3a
 1247 0156 0B       		.uleb128 0xb
 1248 0157 3B       		.uleb128 0x3b
 1249 0158 05       		.uleb128 0x5
 1250 0159 49       		.uleb128 0x49
 1251 015a 13       		.uleb128 0x13
 1252 015b 3F       		.uleb128 0x3f
 1253 015c 19       		.uleb128 0x19
 1254 015d 3C       		.uleb128 0x3c
 1255 015e 19       		.uleb128 0x19
 1256 015f 00       		.byte	0
 1257 0160 00       		.byte	0
 1258 0161 1A       		.uleb128 0x1a
 1259 0162 35       		.uleb128 0x35
 1260 0163 00       		.byte	0
 1261 0164 49       		.uleb128 0x49
 1262 0165 13       		.uleb128 0x13
 1263 0166 00       		.byte	0
 1264 0167 00       		.byte	0
 1265 0168 1B       		.uleb128 0x1b
 1266 0169 34       		.uleb128 0x34
 1267 016a 00       		.byte	0
 1268 016b 03       		.uleb128 0x3
 1269 016c 0E       		.uleb128 0xe
 1270 016d 3A       		.uleb128 0x3a
 1271 016e 0B       		.uleb128 0xb
 1272 016f 3B       		.uleb128 0x3b
 1273 0170 0B       		.uleb128 0xb
 1274 0171 49       		.uleb128 0x49
 1275 0172 13       		.uleb128 0x13
 1276 0173 3F       		.uleb128 0x3f
 1277 0174 19       		.uleb128 0x19
 1278 0175 02       		.uleb128 0x2
 1279 0176 18       		.uleb128 0x18
 1280 0177 00       		.byte	0
 1281 0178 00       		.byte	0
 1282 0179 1C       		.uleb128 0x1c
 1283 017a 21       		.uleb128 0x21
 1284 017b 00       		.byte	0
 1285 017c 49       		.uleb128 0x49
 1286 017d 13       		.uleb128 0x13
 1287 017e 2F       		.uleb128 0x2f
 1288 017f 0B       		.uleb128 0xb
 1289 0180 00       		.byte	0
ARM GAS  C:\Users\zakis\AppData\Local\Temp\cco5DHCH.s 			page 26


 1290 0181 00       		.byte	0
 1291 0182 1D       		.uleb128 0x1d
 1292 0183 2E       		.uleb128 0x2e
 1293 0184 00       		.byte	0
 1294 0185 3F       		.uleb128 0x3f
 1295 0186 19       		.uleb128 0x19
 1296 0187 3C       		.uleb128 0x3c
 1297 0188 19       		.uleb128 0x19
 1298 0189 6E       		.uleb128 0x6e
 1299 018a 08       		.uleb128 0x8
 1300 018b 03       		.uleb128 0x3
 1301 018c 08       		.uleb128 0x8
 1302 018d 3A       		.uleb128 0x3a
 1303 018e 0B       		.uleb128 0xb
 1304 018f 3B       		.uleb128 0x3b
 1305 0190 0B       		.uleb128 0xb
 1306 0191 00       		.byte	0
 1307 0192 00       		.byte	0
 1308 0193 00       		.byte	0
 1309              		.section	.debug_loc,"",%progbits
 1310              	.Ldebug_loc0:
 1311              	.LLST0:
 1312 0000 10000000 		.4byte	.LVL2
 1313 0004 12000000 		.4byte	.LVL3
 1314 0008 0200     		.2byte	0x2
 1315 000a 30       		.byte	0x30
 1316 000b 9F       		.byte	0x9f
 1317 000c 12000000 		.4byte	.LVL3
 1318 0010 30000000 		.4byte	.LVL4
 1319 0014 0100     		.2byte	0x1
 1320 0016 53       		.byte	0x53
 1321 0017 30000000 		.4byte	.LVL4
 1322 001b 32000000 		.4byte	.LVL5
 1323 001f 0400     		.2byte	0x4
 1324 0021 73       		.byte	0x73
 1325 0022 8040     		.sleb128 -8192
 1326 0024 9F       		.byte	0x9f
 1327 0025 32000000 		.4byte	.LVL5
 1328 0029 36000000 		.4byte	.LVL6
 1329 002d 0500     		.2byte	0x5
 1330 002f 73       		.byte	0x73
 1331 0030 FCBF7F   		.sleb128 -8196
 1332 0033 9F       		.byte	0x9f
 1333 0034 36000000 		.4byte	.LVL6
 1334 0038 3C000000 		.4byte	.LVL7
 1335 003c 0300     		.2byte	0x3
 1336 003e 71       		.byte	0x71
 1337 003f 7F       		.sleb128 -1
 1338 0040 9F       		.byte	0x9f
 1339 0041 3C000000 		.4byte	.LVL7
 1340 0045 46000000 		.4byte	.LFE168
 1341 0049 0100     		.2byte	0x1
 1342 004b 53       		.byte	0x53
 1343 004c 00000000 		.4byte	0
 1344 0050 00000000 		.4byte	0
 1345              	.LLST1:
 1346 0054 00000000 		.4byte	.LVL8
ARM GAS  C:\Users\zakis\AppData\Local\Temp\cco5DHCH.s 			page 27


 1347 0058 0E000000 		.4byte	.LVL9
 1348 005c 0100     		.2byte	0x1
 1349 005e 50       		.byte	0x50
 1350 005f 0E000000 		.4byte	.LVL9
 1351 0063 B2000000 		.4byte	.LVL28
 1352 0067 0100     		.2byte	0x1
 1353 0069 5A       		.byte	0x5a
 1354 006a B2000000 		.4byte	.LVL28
 1355 006e AC010000 		.4byte	.LFE169
 1356 0072 0400     		.2byte	0x4
 1357 0074 F3       		.byte	0xf3
 1358 0075 01       		.uleb128 0x1
 1359 0076 50       		.byte	0x50
 1360 0077 9F       		.byte	0x9f
 1361 0078 00000000 		.4byte	0
 1362 007c 00000000 		.4byte	0
 1363              	.LLST2:
 1364 0080 00000000 		.4byte	.LVL8
 1365 0084 11000000 		.4byte	.LVL10-1
 1366 0088 0100     		.2byte	0x1
 1367 008a 51       		.byte	0x51
 1368 008b 11000000 		.4byte	.LVL10-1
 1369 008f B2000000 		.4byte	.LVL28
 1370 0093 0100     		.2byte	0x1
 1371 0095 5B       		.byte	0x5b
 1372 0096 B2000000 		.4byte	.LVL28
 1373 009a AC010000 		.4byte	.LFE169
 1374 009e 0400     		.2byte	0x4
 1375 00a0 F3       		.byte	0xf3
 1376 00a1 01       		.uleb128 0x1
 1377 00a2 51       		.byte	0x51
 1378 00a3 9F       		.byte	0x9f
 1379 00a4 00000000 		.4byte	0
 1380 00a8 00000000 		.4byte	0
 1381              	.LLST3:
 1382 00ac 00000000 		.4byte	.LVL8
 1383 00b0 11000000 		.4byte	.LVL10-1
 1384 00b4 0100     		.2byte	0x1
 1385 00b6 52       		.byte	0x52
 1386 00b7 11000000 		.4byte	.LVL10-1
 1387 00bb B2000000 		.4byte	.LVL28
 1388 00bf 0100     		.2byte	0x1
 1389 00c1 58       		.byte	0x58
 1390 00c2 B2000000 		.4byte	.LVL28
 1391 00c6 F6000000 		.4byte	.LVL36
 1392 00ca 0100     		.2byte	0x1
 1393 00cc 54       		.byte	0x54
 1394 00cd F6000000 		.4byte	.LVL36
 1395 00d1 0A010000 		.4byte	.LVL37
 1396 00d5 0100     		.2byte	0x1
 1397 00d7 58       		.byte	0x58
 1398 00d8 0A010000 		.4byte	.LVL37
 1399 00dc 86010000 		.4byte	.LVL50
 1400 00e0 0100     		.2byte	0x1
 1401 00e2 54       		.byte	0x54
 1402 00e3 86010000 		.4byte	.LVL50
 1403 00e7 A4010000 		.4byte	.LVL51
ARM GAS  C:\Users\zakis\AppData\Local\Temp\cco5DHCH.s 			page 28


 1404 00eb 0100     		.2byte	0x1
 1405 00ed 58       		.byte	0x58
 1406 00ee A4010000 		.4byte	.LVL51
 1407 00f2 AC010000 		.4byte	.LFE169
 1408 00f6 0400     		.2byte	0x4
 1409 00f8 F3       		.byte	0xf3
 1410 00f9 01       		.uleb128 0x1
 1411 00fa 52       		.byte	0x52
 1412 00fb 9F       		.byte	0x9f
 1413 00fc 00000000 		.4byte	0
 1414 0100 00000000 		.4byte	0
 1415              	.LLST4:
 1416 0104 46000000 		.4byte	.LVL15
 1417 0108 4C000000 		.4byte	.LVL16
 1418 010c 0600     		.2byte	0x6
 1419 010e 50       		.byte	0x50
 1420 010f 93       		.byte	0x93
 1421 0110 04       		.uleb128 0x4
 1422 0111 51       		.byte	0x51
 1423 0112 93       		.byte	0x93
 1424 0113 04       		.uleb128 0x4
 1425 0114 4C000000 		.4byte	.LVL16
 1426 0118 A4010000 		.4byte	.LVL51
 1427 011c 0200     		.2byte	0x2
 1428 011e 91       		.byte	0x91
 1429 011f 50       		.sleb128 -48
 1430 0120 A4010000 		.4byte	.LVL51
 1431 0124 AC010000 		.4byte	.LFE169
 1432 0128 0200     		.2byte	0x2
 1433 012a 7D       		.byte	0x7d
 1434 012b 50       		.sleb128 -48
 1435 012c 00000000 		.4byte	0
 1436 0130 00000000 		.4byte	0
 1437              	.LLST5:
 1438 0134 46000000 		.4byte	.LVL15
 1439 0138 4C000000 		.4byte	.LVL16
 1440 013c 0200     		.2byte	0x2
 1441 013e 30       		.byte	0x30
 1442 013f 9F       		.byte	0x9f
 1443 0140 4C000000 		.4byte	.LVL16
 1444 0144 94000000 		.4byte	.LVL25
 1445 0148 0100     		.2byte	0x1
 1446 014a 59       		.byte	0x59
 1447 014b 94000000 		.4byte	.LVL25
 1448 014f 9C000000 		.4byte	.LVL26
 1449 0153 0300     		.2byte	0x3
 1450 0155 79       		.byte	0x79
 1451 0156 7F       		.sleb128 -1
 1452 0157 9F       		.byte	0x9f
 1453 0158 9C000000 		.4byte	.LVL26
 1454 015c B2000000 		.4byte	.LVL28
 1455 0160 0100     		.2byte	0x1
 1456 0162 59       		.byte	0x59
 1457 0163 00000000 		.4byte	0
 1458 0167 00000000 		.4byte	0
 1459              	.LLST6:
 1460 016b 5C000000 		.4byte	.LVL18
ARM GAS  C:\Users\zakis\AppData\Local\Temp\cco5DHCH.s 			page 29


 1461 016f 76000000 		.4byte	.LVL22
 1462 0173 0600     		.2byte	0x6
 1463 0175 56       		.byte	0x56
 1464 0176 93       		.byte	0x93
 1465 0177 04       		.uleb128 0x4
 1466 0178 57       		.byte	0x57
 1467 0179 93       		.byte	0x93
 1468 017a 04       		.uleb128 0x4
 1469 017b 00000000 		.4byte	0
 1470 017f 00000000 		.4byte	0
 1471              	.LLST7:
 1472 0183 68000000 		.4byte	.LVL20
 1473 0187 9C000000 		.4byte	.LVL26
 1474 018b 0600     		.2byte	0x6
 1475 018d 54       		.byte	0x54
 1476 018e 93       		.byte	0x93
 1477 018f 04       		.uleb128 0x4
 1478 0190 55       		.byte	0x55
 1479 0191 93       		.byte	0x93
 1480 0192 04       		.uleb128 0x4
 1481 0193 00000000 		.4byte	0
 1482 0197 00000000 		.4byte	0
 1483              	.LLST8:
 1484 019b B0000000 		.4byte	.LVL27
 1485 019f 12010000 		.4byte	.LVL39
 1486 01a3 0100     		.2byte	0x1
 1487 01a5 55       		.byte	0x55
 1488 01a6 12010000 		.4byte	.LVL39
 1489 01aa 6A010000 		.4byte	.LVL49
 1490 01ae 0100     		.2byte	0x1
 1491 01b0 5A       		.byte	0x5a
 1492 01b1 6A010000 		.4byte	.LVL49
 1493 01b5 A4010000 		.4byte	.LVL51
 1494 01b9 0100     		.2byte	0x1
 1495 01bb 55       		.byte	0x55
 1496 01bc 00000000 		.4byte	0
 1497 01c0 00000000 		.4byte	0
 1498              	.LLST9:
 1499 01c4 B2000000 		.4byte	.LVL28
 1500 01c8 D2000000 		.4byte	.LVL30
 1501 01cc 0200     		.2byte	0x2
 1502 01ce 7D       		.byte	0x7d
 1503 01cf 00       		.sleb128 0
 1504 01d0 D2000000 		.4byte	.LVL30
 1505 01d4 E6000000 		.4byte	.LVL31
 1506 01d8 0600     		.2byte	0x6
 1507 01da 50       		.byte	0x50
 1508 01db 93       		.byte	0x93
 1509 01dc 04       		.uleb128 0x4
 1510 01dd 51       		.byte	0x51
 1511 01de 93       		.byte	0x93
 1512 01df 04       		.uleb128 0x4
 1513 01e0 E6000000 		.4byte	.LVL31
 1514 01e4 F6000000 		.4byte	.LVL36
 1515 01e8 0200     		.2byte	0x2
 1516 01ea 7D       		.byte	0x7d
 1517 01eb 00       		.sleb128 0
ARM GAS  C:\Users\zakis\AppData\Local\Temp\cco5DHCH.s 			page 30


 1518 01ec 0C010000 		.4byte	.LVL38
 1519 01f0 86010000 		.4byte	.LVL50
 1520 01f4 0200     		.2byte	0x2
 1521 01f6 7D       		.byte	0x7d
 1522 01f7 00       		.sleb128 0
 1523 01f8 00000000 		.4byte	0
 1524 01fc 00000000 		.4byte	0
 1525              	.LLST10:
 1526 0200 B2000000 		.4byte	.LVL28
 1527 0204 EE000000 		.4byte	.LVL33
 1528 0208 0600     		.2byte	0x6
 1529 020a 56       		.byte	0x56
 1530 020b 93       		.byte	0x93
 1531 020c 04       		.uleb128 0x4
 1532 020d 57       		.byte	0x57
 1533 020e 93       		.byte	0x93
 1534 020f 04       		.uleb128 0x4
 1535 0210 F0000000 		.4byte	.LVL34
 1536 0214 F6000000 		.4byte	.LVL36
 1537 0218 0600     		.2byte	0x6
 1538 021a 56       		.byte	0x56
 1539 021b 93       		.byte	0x93
 1540 021c 04       		.uleb128 0x4
 1541 021d 57       		.byte	0x57
 1542 021e 93       		.byte	0x93
 1543 021f 04       		.uleb128 0x4
 1544 0220 0C010000 		.4byte	.LVL38
 1545 0224 26010000 		.4byte	.LVL42
 1546 0228 0600     		.2byte	0x6
 1547 022a 56       		.byte	0x56
 1548 022b 93       		.byte	0x93
 1549 022c 04       		.uleb128 0x4
 1550 022d 57       		.byte	0x57
 1551 022e 93       		.byte	0x93
 1552 022f 04       		.uleb128 0x4
 1553 0230 00000000 		.4byte	0
 1554 0234 00000000 		.4byte	0
 1555              	.LLST11:
 1556 0238 42010000 		.4byte	.LVL45
 1557 023c 4A010000 		.4byte	.LVL46
 1558 0240 0600     		.2byte	0x6
 1559 0242 50       		.byte	0x50
 1560 0243 93       		.byte	0x93
 1561 0244 04       		.uleb128 0x4
 1562 0245 51       		.byte	0x51
 1563 0246 93       		.byte	0x93
 1564 0247 04       		.uleb128 0x4
 1565 0248 00000000 		.4byte	0
 1566 024c 00000000 		.4byte	0
 1567              	.LLST12:
 1568 0250 4E010000 		.4byte	.LVL47
 1569 0254 67010000 		.4byte	.LVL48-1
 1570 0258 0600     		.2byte	0x6
 1571 025a 50       		.byte	0x50
 1572 025b 93       		.byte	0x93
 1573 025c 04       		.uleb128 0x4
 1574 025d 51       		.byte	0x51
ARM GAS  C:\Users\zakis\AppData\Local\Temp\cco5DHCH.s 			page 31


 1575 025e 93       		.byte	0x93
 1576 025f 04       		.uleb128 0x4
 1577 0260 00000000 		.4byte	0
 1578 0264 00000000 		.4byte	0
 1579              	.LLST13:
 1580 0268 B2000000 		.4byte	.LVL28
 1581 026c F6000000 		.4byte	.LVL36
 1582 0270 0100     		.2byte	0x1
 1583 0272 5B       		.byte	0x5b
 1584 0273 0C010000 		.4byte	.LVL38
 1585 0277 16010000 		.4byte	.LVL40
 1586 027b 0100     		.2byte	0x1
 1587 027d 5B       		.byte	0x5b
 1588 027e 00000000 		.4byte	0
 1589 0282 00000000 		.4byte	0
 1590              		.section	.debug_aranges,"",%progbits
 1591 0000 2C000000 		.4byte	0x2c
 1592 0004 0200     		.2byte	0x2
 1593 0006 00000000 		.4byte	.Ldebug_info0
 1594 000a 04       		.byte	0x4
 1595 000b 00       		.byte	0
 1596 000c 0000     		.2byte	0
 1597 000e 0000     		.2byte	0
 1598 0010 00000000 		.4byte	.LFB167
 1599 0014 28000000 		.4byte	.LFE167-.LFB167
 1600 0018 00000000 		.4byte	.LFB168
 1601 001c 46000000 		.4byte	.LFE168-.LFB168
 1602 0020 00000000 		.4byte	.LFB169
 1603 0024 AC010000 		.4byte	.LFE169-.LFB169
 1604 0028 00000000 		.4byte	0
 1605 002c 00000000 		.4byte	0
 1606              		.section	.debug_ranges,"",%progbits
 1607              	.Ldebug_ranges0:
 1608 0000 B2000000 		.4byte	.LBB6
 1609 0004 F6000000 		.4byte	.LBE6
 1610 0008 0C010000 		.4byte	.LBB9
 1611 000c 84010000 		.4byte	.LBE9
 1612 0010 00000000 		.4byte	0
 1613 0014 00000000 		.4byte	0
 1614 0018 B2000000 		.4byte	.LBB7
 1615 001c F6000000 		.4byte	.LBE7
 1616 0020 0C010000 		.4byte	.LBB8
 1617 0024 18010000 		.4byte	.LBE8
 1618 0028 00000000 		.4byte	0
 1619 002c 00000000 		.4byte	0
 1620 0030 00000000 		.4byte	.LFB167
 1621 0034 28000000 		.4byte	.LFE167
 1622 0038 00000000 		.4byte	.LFB168
 1623 003c 46000000 		.4byte	.LFE168
 1624 0040 00000000 		.4byte	.LFB169
 1625 0044 AC010000 		.4byte	.LFE169
 1626 0048 00000000 		.4byte	0
 1627 004c 00000000 		.4byte	0
 1628              		.section	.debug_line,"",%progbits
 1629              	.Ldebug_line0:
 1630 0000 2F030000 		.section	.debug_str,"MS",%progbits,1
 1630      02008D02 
ARM GAS  C:\Users\zakis\AppData\Local\Temp\cco5DHCH.s 			page 32


 1630      00000201 
 1630      FB0E0D00 
 1630      01010101 
 1631              	.LASF22:
 1632 0000 45455F55 		.ascii	"EE_UREG\000"
 1632      52454700 
 1633              	.LASF58:
 1634 0008 444D415F 		.ascii	"DMA_ADC_MEM_Chan\000"
 1634      4144435F 
 1634      4D454D5F 
 1634      4368616E 
 1634      00
 1635              	.LASF37:
 1636 0019 43464152 		.ascii	"CFAR_init\000"
 1636      5F696E69 
 1636      7400
 1637              	.LASF2:
 1638 0023 73686F72 		.ascii	"short int\000"
 1638      7420696E 
 1638      7400
 1639              	.LASF43:
 1640 002d 696E7075 		.ascii	"input\000"
 1640      7400
 1641              	.LASF25:
 1642 0033 73697A65 		.ascii	"sizetype\000"
 1642      74797065 
 1642      00
 1643              	.LASF23:
 1644 003c 45455F46 		.ascii	"EE_FREG\000"
 1644      52454700 
 1645              	.LASF21:
 1646 0044 45455F55 		.ascii	"EE_UINT32\000"
 1646      494E5433 
 1646      3200
 1647              	.LASF4:
 1648 004e 5F5F7569 		.ascii	"__uint16_t\000"
 1648      6E743136 
 1648      5F7400
 1649              	.LASF24:
 1650 0059 45455F54 		.ascii	"EE_TID\000"
 1650      494400
 1651              	.LASF62:
 1652 0060 444D415F 		.ascii	"DMA_FFT_UART_Chan\000"
 1652      4646545F 
 1652      55415254 
 1652      5F436861 
 1652      6E00
 1653              	.LASF60:
 1654 0072 444D415F 		.ascii	"DMA_MEM_UART_Chan\000"
 1654      4D454D5F 
 1654      55415254 
 1654      5F436861 
 1654      6E00
 1655              	.LASF30:
 1656 0084 73636661 		.ascii	"scfarInput\000"
 1656      72496E70 
 1656      757400
ARM GAS  C:\Users\zakis\AppData\Local\Temp\cco5DHCH.s 			page 33


 1657              	.LASF41:
 1658 008f 63616C63 		.ascii	"calculateCFAR\000"
 1658      756C6174 
 1658      65434641 
 1658      5200
 1659              	.LASF45:
 1660 009d 616C7068 		.ascii	"alpha\000"
 1660      6100
 1661              	.LASF59:
 1662 00a3 444D415F 		.ascii	"DMA_ADC_MEM_TD\000"
 1662      4144435F 
 1662      4D454D5F 
 1662      544400
 1663              	.LASF56:
 1664 00b2 45455F49 		.ascii	"EE_IRQ_nesting_level\000"
 1664      52515F6E 
 1664      65737469 
 1664      6E675F6C 
 1664      6576656C 
 1665              	.LASF27:
 1666 00c7 6E756D62 		.ascii	"numberGuardCells\000"
 1666      65724775 
 1666      61726443 
 1666      656C6C73 
 1666      00
 1667              	.LASF38:
 1668 00d8 43464152 		.ascii	"CFAR_reset_output\000"
 1668      5F726573 
 1668      65745F6F 
 1668      75747075 
 1668      7400
 1669              	.LASF16:
 1670 00ea 666C6F61 		.ascii	"float\000"
 1670      7400
 1671              	.LASF9:
 1672 00f0 6C6F6E67 		.ascii	"long long int\000"
 1672      206C6F6E 
 1672      6720696E 
 1672      7400
 1673              	.LASF10:
 1674 00fe 6C6F6E67 		.ascii	"long long unsigned int\000"
 1674      206C6F6E 
 1674      6720756E 
 1674      7369676E 
 1674      65642069 
 1675              	.LASF50:
 1676 0115 6E6F6973 		.ascii	"noise_level\000"
 1676      655F6C65 
 1676      76656C00 
 1677              	.LASF51:
 1678 0121 74687265 		.ascii	"threshold\000"
 1678      73686F6C 
 1678      6400
 1679              	.LASF46:
 1680 012b 7265616C 		.ascii	"real\000"
 1680      00
 1681              	.LASF7:
ARM GAS  C:\Users\zakis\AppData\Local\Temp\cco5DHCH.s 			page 34


 1682 0130 6C6F6E67 		.ascii	"long int\000"
 1682      20696E74 
 1682      00
 1683              	.LASF53:
 1684 0139 45455F6F 		.ascii	"EE_oo_IRQ_suspend_status\000"
 1684      6F5F4952 
 1684      515F7375 
 1684      7370656E 
 1684      645F7374 
 1685              	.LASF3:
 1686 0152 5F5F7569 		.ascii	"__uint8_t\000"
 1686      6E74385F 
 1686      7400
 1687              	.LASF39:
 1688 015c 63666172 		.ascii	"cfarInput\000"
 1688      496E7075 
 1688      7400
 1689              	.LASF28:
 1690 0166 6E756D62 		.ascii	"numberReferenceCells\000"
 1690      65725265 
 1690      66657265 
 1690      6E636543 
 1690      656C6C73 
 1691              	.LASF34:
 1692 017b 6E756D62 		.ascii	"numberTargets\000"
 1692      65725461 
 1692      72676574 
 1692      7300
 1693              	.LASF49:
 1694 0189 6C656164 		.ascii	"leading_sum\000"
 1694      696E675F 
 1694      73756D00 
 1695              	.LASF19:
 1696 0195 6C6F6E67 		.ascii	"long double\000"
 1696      20646F75 
 1696      626C6500 
 1697              	.LASF1:
 1698 01a1 756E7369 		.ascii	"unsigned char\000"
 1698      676E6564 
 1698      20636861 
 1698      7200
 1699              	.LASF61:
 1700 01af 444D415F 		.ascii	"DMA_MEM_UART_TD\000"
 1700      4D454D5F 
 1700      55415254 
 1700      5F544400 
 1701              	.LASF0:
 1702 01bf 7369676E 		.ascii	"signed char\000"
 1702      65642063 
 1702      68617200 
 1703              	.LASF65:
 1704 01cb 736F7572 		.ascii	"source\\asw\\cfar.c\000"
 1704      63655C61 
 1704      73775C63 
 1704      6661722E 
 1704      6300
 1705              	.LASF11:
ARM GAS  C:\Users\zakis\AppData\Local\Temp\cco5DHCH.s 			page 35


 1706 01dd 756E7369 		.ascii	"unsigned int\000"
 1706      676E6564 
 1706      20696E74 
 1706      00
 1707              	.LASF13:
 1708 01ea 75696E74 		.ascii	"uint16_t\000"
 1708      31365F74 
 1708      00
 1709              	.LASF47:
 1710 01f3 696D6167 		.ascii	"imag\000"
 1710      00
 1711              	.LASF55:
 1712 01f8 45455F73 		.ascii	"EE_std_endcycle_next_tid\000"
 1712      74645F65 
 1712      6E646379 
 1712      636C655F 
 1712      6E657874 
 1713              	.LASF20:
 1714 0211 45455F49 		.ascii	"EE_INT32\000"
 1714      4E543332 
 1714      00
 1715              	.LASF48:
 1716 021a 6C616767 		.ascii	"lagging_sum\000"
 1716      696E675F 
 1716      73756D00 
 1717              	.LASF5:
 1718 0226 73686F72 		.ascii	"short unsigned int\000"
 1718      7420756E 
 1718      7369676E 
 1718      65642069 
 1718      6E7400
 1719              	.LASF18:
 1720 0239 63686172 		.ascii	"char\000"
 1720      00
 1721              	.LASF35:
 1722 023e 74617267 		.ascii	"targetDetected\000"
 1722      65744465 
 1722      74656374 
 1722      656400
 1723              	.LASF14:
 1724 024d 696E7433 		.ascii	"int32_t\000"
 1724      325F7400 
 1725              	.LASF40:
 1726 0255 63666172 		.ascii	"cfarOutput\000"
 1726      4F757470 
 1726      757400
 1727              	.LASF29:
 1728 0260 43464152 		.ascii	"CFAR_input_t\000"
 1728      5F696E70 
 1728      75745F74 
 1728      00
 1729              	.LASF54:
 1730 026d 45455F41 		.ascii	"EE_ApplicationMode\000"
 1730      70706C69 
 1730      63617469 
 1730      6F6E4D6F 
 1730      646500
ARM GAS  C:\Users\zakis\AppData\Local\Temp\cco5DHCH.s 			page 36


 1731              	.LASF8:
 1732 0280 6C6F6E67 		.ascii	"long unsigned int\000"
 1732      20756E73 
 1732      69676E65 
 1732      6420696E 
 1732      7400
 1733              	.LASF15:
 1734 0292 696E7433 		.ascii	"int32\000"
 1734      3200
 1735              	.LASF17:
 1736 0298 646F7562 		.ascii	"double\000"
 1736      6C6500
 1737              	.LASF6:
 1738 029f 5F5F696E 		.ascii	"__int32_t\000"
 1738      7433325F 
 1738      7400
 1739              	.LASF36:
 1740 02a9 43464152 		.ascii	"CFAR_output_t\000"
 1740      5F6F7574 
 1740      7075745F 
 1740      7400
 1741              	.LASF12:
 1742 02b7 75696E74 		.ascii	"uint8_t\000"
 1742      385F7400 
 1743              	.LASF32:
 1744 02bf 6666745F 		.ascii	"fft_psocPower\000"
 1744      70736F63 
 1744      506F7765 
 1744      7200
 1745              	.LASF44:
 1746 02cd 6F757470 		.ascii	"output\000"
 1746      757400
 1747              	.LASF33:
 1748 02d4 74687265 		.ascii	"thresholds\000"
 1748      73686F6C 
 1748      647300
 1749              	.LASF42:
 1750 02df 66667442 		.ascii	"fftBuffer\000"
 1750      75666665 
 1750      7200
 1751              	.LASF26:
 1752 02e9 6E756D62 		.ascii	"numberofBins\000"
 1752      65726F66 
 1752      42696E73 
 1752      00
 1753              	.LASF63:
 1754 02f6 444D415F 		.ascii	"DMA_FFT_UART_TD\000"
 1754      4646545F 
 1754      55415254 
 1754      5F544400 
 1755              	.LASF57:
 1756 0306 49544D5F 		.ascii	"ITM_RxBuffer\000"
 1756      52784275 
 1756      66666572 
 1756      00
 1757              	.LASF64:
 1758 0313 474E5520 		.ascii	"GNU C11 5.4.1 20160609 (release) [ARM/embedded-5-br"
ARM GAS  C:\Users\zakis\AppData\Local\Temp\cco5DHCH.s 			page 37


 1758      43313120 
 1758      352E342E 
 1758      31203230 
 1758      31363036 
 1759 0346 616E6368 		.ascii	"anch revision 237715] -mcpu=cortex-m3 -mthumb -g -O"
 1759      20726576 
 1759      6973696F 
 1759      6E203233 
 1759      37373135 
 1760 0379 67202D66 		.ascii	"g -ffunction-sections -ffat-lto-objects\000"
 1760      66756E63 
 1760      74696F6E 
 1760      2D736563 
 1760      74696F6E 
 1761              	.LASF31:
 1762 03a1 73636661 		.ascii	"scfarOutput\000"
 1762      724F7574 
 1762      70757400 
 1763              	.LASF52:
 1764 03ad 45455F6F 		.ascii	"EE_oo_IRQ_disable_count\000"
 1764      6F5F4952 
 1764      515F6469 
 1764      7361626C 
 1764      655F636F 
 1765              	.LASF66:
 1766 03c5 433A5C55 		.ascii	"C:\\Users\\zakis\\Documents\\SDHD_LAB\\MovementDete"
 1766      73657273 
 1766      5C7A616B 
 1766      69735C44 
 1766      6F63756D 
 1767 03f3 63746F72 		.ascii	"ctor\\40_Implementation\\20_SW\\10_work\\MovementDe"
 1767      5C34305F 
 1767      496D706C 
 1767      656D656E 
 1767      74617469 
 1768 0422 74656374 		.ascii	"tector\\RADAR_Movement_Detector.cydsn\000"
 1768      6F725C52 
 1768      41444152 
 1768      5F4D6F76 
 1768      656D656E 
 1769              		.ident	"GCC: (GNU Tools for ARM Embedded Processors) 5.4.1 20160609 (release) [ARM/embedded-5-bran
