ARM GAS  C:\Users\zakis\AppData\Local\Temp\cciQkH7x.s 			page 1


   1              		.syntax unified
   2              		.cpu cortex-m3
   3              		.fpu softvfp
   4              		.eabi_attribute 20, 1
   5              		.eabi_attribute 21, 1
   6              		.eabi_attribute 23, 3
   7              		.eabi_attribute 24, 1
   8              		.eabi_attribute 25, 1
   9              		.eabi_attribute 26, 1
  10              		.eabi_attribute 30, 1
  11              		.eabi_attribute 34, 1
  12              		.eabi_attribute 18, 4
  13              		.thumb
  14              		.syntax unified
  15              		.file	"cymetadata.c"
  16              		.text
  17              	.Ltext0:
  18              		.cfi_sections	.debug_frame
  19              		.global	cy_metadata
  20              		.global	cy_meta_flashprotect
  21              		.global	cy_meta_wonvl
  22              		.global	cy_meta_custnvl
  23              		.global	cy_meta_configecc
  24              		.section	.cyconfigecc,"a",%progbits
  25              		.align	2
  26              		.type	cy_meta_configecc, %object
  27              		.size	cy_meta_configecc, 1212
  28              	cy_meta_configecc:
  29 0000 02       		.byte	2
  30 0001 52       		.byte	82
  31 0002 00       		.byte	0
  32 0003 40       		.byte	64
  33 0004 01       		.byte	1
  34 0005 5A       		.byte	90
  35 0006 00       		.byte	0
  36 0007 40       		.byte	64
  37 0008 03       		.byte	3
  38 0009 64       		.byte	100
  39 000a 00       		.byte	0
  40 000b 40       		.byte	64
  41 000c 02       		.byte	2
  42 000d 03       		.byte	3
  43 000e 01       		.byte	1
  44 000f 40       		.byte	64
  45 0010 01       		.byte	1
  46 0011 05       		.byte	5
  47 0012 01       		.byte	1
  48 0013 40       		.byte	64
  49 0014 04       		.byte	4
  50 0015 08       		.byte	8
  51 0016 01       		.byte	1
  52 0017 40       		.byte	64
  53 0018 01       		.byte	1
  54 0019 09       		.byte	9
  55 001a 01       		.byte	1
  56 001b 40       		.byte	64
  57 001c 54       		.byte	84
ARM GAS  C:\Users\zakis\AppData\Local\Temp\cciQkH7x.s 			page 2


  58 001d 0A       		.byte	10
  59 001e 01       		.byte	1
  60 001f 40       		.byte	64
  61 0020 43       		.byte	67
  62 0021 0B       		.byte	11
  63 0022 01       		.byte	1
  64 0023 40       		.byte	64
  65 0024 5F       		.byte	95
  66 0025 0C       		.byte	12
  67 0026 01       		.byte	1
  68 0027 40       		.byte	64
  69 0028 42       		.byte	66
  70 0029 0D       		.byte	13
  71 002a 01       		.byte	1
  72 002b 40       		.byte	64
  73 002c 44       		.byte	68
  74 002d 0E       		.byte	14
  75 002e 01       		.byte	1
  76 002f 40       		.byte	64
  77 0030 32       		.byte	50
  78 0031 0F       		.byte	15
  79 0032 01       		.byte	1
  80 0033 40       		.byte	64
  81 0034 01       		.byte	1
  82 0035 17       		.byte	23
  83 0036 01       		.byte	1
  84 0037 40       		.byte	64
  85 0038 02       		.byte	2
  86 0039 19       		.byte	25
  87 003a 01       		.byte	1
  88 003b 40       		.byte	64
  89 003c 0C       		.byte	12
  90 003d 40       		.byte	64
  91 003e 01       		.byte	1
  92 003f 40       		.byte	64
  93 0040 0B       		.byte	11
  94 0041 41       		.byte	65
  95 0042 01       		.byte	1
  96 0043 40       		.byte	64
  97 0044 07       		.byte	7
  98 0045 42       		.byte	66
  99 0046 01       		.byte	1
 100 0047 40       		.byte	64
 101 0048 03       		.byte	3
 102 0049 43       		.byte	67
 103 004a 01       		.byte	1
 104 004b 40       		.byte	64
 105 004c 04       		.byte	4
 106 004d 44       		.byte	68
 107 004e 01       		.byte	1
 108 004f 40       		.byte	64
 109 0050 09       		.byte	9
 110 0051 45       		.byte	69
 111 0052 01       		.byte	1
 112 0053 40       		.byte	64
 113 0054 09       		.byte	9
 114 0055 46       		.byte	70
ARM GAS  C:\Users\zakis\AppData\Local\Temp\cciQkH7x.s 			page 3


 115 0056 01       		.byte	1
 116 0057 40       		.byte	64
 117 0058 02       		.byte	2
 118 0059 47       		.byte	71
 119 005a 01       		.byte	1
 120 005b 40       		.byte	64
 121 005c 08       		.byte	8
 122 005d 48       		.byte	72
 123 005e 01       		.byte	1
 124 005f 40       		.byte	64
 125 0060 07       		.byte	7
 126 0061 49       		.byte	73
 127 0062 01       		.byte	1
 128 0063 40       		.byte	64
 129 0064 04       		.byte	4
 130 0065 4C       		.byte	76
 131 0066 01       		.byte	1
 132 0067 40       		.byte	64
 133 0068 03       		.byte	3
 134 0069 50       		.byte	80
 135 006a 01       		.byte	1
 136 006b 40       		.byte	64
 137 006c 03       		.byte	3
 138 006d 51       		.byte	81
 139 006e 01       		.byte	1
 140 006f 40       		.byte	64
 141 0070 11       		.byte	17
 142 0071 02       		.byte	2
 143 0072 14       		.byte	20
 144 0073 01       		.byte	1
 145 0074 87       		.byte	-121
 146 0075 01       		.byte	1
 147 0076 8B       		.byte	-117
 148 0077 0F       		.byte	15
 149 0078 8C       		.byte	-116
 150 0079 38       		.byte	56
 151 007a 8E       		.byte	-114
 152 007b 72       		.byte	114
 153 007c E6       		.byte	-26
 154 007d 02       		.byte	2
 155 007e EC       		.byte	-20
 156 007f 40       		.byte	64
 157 0080 EE       		.byte	-18
 158 0081 02       		.byte	2
 159 0082 39       		.byte	57
 160 0083 02       		.byte	2
 161 0084 3F       		.byte	63
 162 0085 01       		.byte	1
 163 0086 59       		.byte	89
 164 0087 04       		.byte	4
 165 0088 5F       		.byte	95
 166 0089 01       		.byte	1
 167 008a 24       		.byte	36
 168 008b 40       		.byte	64
 169 008c 01       		.byte	1
 170 008d 02       		.byte	2
 171 008e 03       		.byte	3
ARM GAS  C:\Users\zakis\AppData\Local\Temp\cciQkH7x.s 			page 4


 172 008f 01       		.byte	1
 173 0090 04       		.byte	4
 174 0091 0C       		.byte	12
 175 0092 05       		.byte	5
 176 0093 03       		.byte	3
 177 0094 06       		.byte	6
 178 0095 03       		.byte	3
 179 0096 09       		.byte	9
 180 0097 03       		.byte	3
 181 0098 0A       		.byte	10
 182 0099 03       		.byte	3
 183 009a 15       		.byte	21
 184 009b 08       		.byte	8
 185 009c 16       		.byte	22
 186 009d 08       		.byte	8
 187 009e 19       		.byte	25
 188 009f 01       		.byte	1
 189 00a0 1B       		.byte	27
 190 00a1 02       		.byte	2
 191 00a2 1D       		.byte	29
 192 00a3 08       		.byte	8
 193 00a4 20       		.byte	32
 194 00a5 01       		.byte	1
 195 00a6 22       		.byte	34
 196 00a7 0E       		.byte	14
 197 00a8 25       		.byte	37
 198 00a9 10       		.byte	16
 199 00aa 26       		.byte	38
 200 00ab 0C       		.byte	12
 201 00ac 28       		.byte	40
 202 00ad 01       		.byte	1
 203 00ae 2A       		.byte	42
 204 00af 06       		.byte	6
 205 00b0 2B       		.byte	43
 206 00b1 08       		.byte	8
 207 00b2 2D       		.byte	45
 208 00b3 04       		.byte	4
 209 00b4 31       		.byte	49
 210 00b5 03       		.byte	3
 211 00b6 33       		.byte	51
 212 00b7 04       		.byte	4
 213 00b8 34       		.byte	52
 214 00b9 0F       		.byte	15
 215 00ba 35       		.byte	53
 216 00bb 18       		.byte	24
 217 00bc 39       		.byte	57
 218 00bd 20       		.byte	32
 219 00be 3A       		.byte	58
 220 00bf 20       		.byte	32
 221 00c0 3F       		.byte	63
 222 00c1 04       		.byte	4
 223 00c2 58       		.byte	88
 224 00c3 04       		.byte	4
 225 00c4 59       		.byte	89
 226 00c5 04       		.byte	4
 227 00c6 5C       		.byte	92
 228 00c7 11       		.byte	17
ARM GAS  C:\Users\zakis\AppData\Local\Temp\cciQkH7x.s 			page 5


 229 00c8 5F       		.byte	95
 230 00c9 01       		.byte	1
 231 00ca 84       		.byte	-124
 232 00cb 1C       		.byte	28
 233 00cc 85       		.byte	-123
 234 00cd 8A       		.byte	-118
 235 00ce 86       		.byte	-122
 236 00cf 02       		.byte	2
 237 00d0 87       		.byte	-121
 238 00d1 64       		.byte	100
 239 00d2 88       		.byte	-120
 240 00d3 10       		.byte	16
 241 00d4 8B       		.byte	-117
 242 00d5 65       		.byte	101
 243 00d6 8C       		.byte	-116
 244 00d7 0C       		.byte	12
 245 00d8 8E       		.byte	-114
 246 00d9 11       		.byte	17
 247 00da 92       		.byte	-110
 248 00db 03       		.byte	3
 249 00dc 95       		.byte	-107
 250 00dd 23       		.byte	35
 251 00de 97       		.byte	-105
 252 00df 4C       		.byte	76
 253 00e0 98       		.byte	-104
 254 00e1 14       		.byte	20
 255 00e2 9B       		.byte	-101
 256 00e3 88       		.byte	-120
 257 00e4 9D       		.byte	-99
 258 00e5 23       		.byte	35
 259 00e6 9F       		.byte	-97
 260 00e7 C4       		.byte	-60
 261 00e8 A1       		.byte	-95
 262 00e9 10       		.byte	16
 263 00ea A4       		.byte	-92
 264 00eb 09       		.byte	9
 265 00ec A5       		.byte	-91
 266 00ed 03       		.byte	3
 267 00ee A6       		.byte	-90
 268 00ef 10       		.byte	16
 269 00f0 A7       		.byte	-89
 270 00f1 24       		.byte	36
 271 00f2 A8       		.byte	-88
 272 00f3 10       		.byte	16
 273 00f4 AA       		.byte	-86
 274 00f5 0C       		.byte	12
 275 00f6 AB       		.byte	-85
 276 00f7 80       		.byte	-128
 277 00f8 B0       		.byte	-80
 278 00f9 1F       		.byte	31
 279 00fa B1       		.byte	-79
 280 00fb 20       		.byte	32
 281 00fc B3       		.byte	-77
 282 00fd 0F       		.byte	15
 283 00fe B5       		.byte	-75
 284 00ff 10       		.byte	16
 285 0100 B6       		.byte	-74
ARM GAS  C:\Users\zakis\AppData\Local\Temp\cciQkH7x.s 			page 6


 286 0101 1F       		.byte	31
 287 0102 B7       		.byte	-73
 288 0103 C8       		.byte	-56
 289 0104 BB       		.byte	-69
 290 0105 88       		.byte	-120
 291 0106 BF       		.byte	-65
 292 0107 11       		.byte	17
 293 0108 C0       		.byte	-64
 294 0109 32       		.byte	50
 295 010a C1       		.byte	-63
 296 010b 04       		.byte	4
 297 010c C5       		.byte	-59
 298 010d EB       		.byte	-21
 299 010e C6       		.byte	-58
 300 010f C0       		.byte	-64
 301 0110 C8       		.byte	-56
 302 0111 0B       		.byte	11
 303 0112 C9       		.byte	-55
 304 0113 FF       		.byte	-1
 305 0114 CA       		.byte	-54
 306 0115 FF       		.byte	-1
 307 0116 CB       		.byte	-53
 308 0117 FF       		.byte	-1
 309 0118 CE       		.byte	-50
 310 0119 F0       		.byte	-16
 311 011a CF       		.byte	-49
 312 011b 44       		.byte	68
 313 011c D0       		.byte	-48
 314 011d 0C       		.byte	12
 315 011e D4       		.byte	-44
 316 011f 01       		.byte	1
 317 0120 D8       		.byte	-40
 318 0121 04       		.byte	4
 319 0122 D9       		.byte	-39
 320 0123 04       		.byte	4
 321 0124 DA       		.byte	-38
 322 0125 04       		.byte	4
 323 0126 DB       		.byte	-37
 324 0127 04       		.byte	4
 325 0128 DC       		.byte	-36
 326 0129 11       		.byte	17
 327 012a DD       		.byte	-35
 328 012b 11       		.byte	17
 329 012c DF       		.byte	-33
 330 012d 01       		.byte	1
 331 012e E6       		.byte	-26
 332 012f C0       		.byte	-64
 333 0130 EA       		.byte	-22
 334 0131 40       		.byte	64
 335 0132 EB       		.byte	-21
 336 0133 02       		.byte	2
 337 0134 00       		.byte	0
 338 0135 24       		.byte	36
 339 0136 02       		.byte	2
 340 0137 04       		.byte	4
 341 0138 04       		.byte	4
 342 0139 24       		.byte	36
ARM GAS  C:\Users\zakis\AppData\Local\Temp\cciQkH7x.s 			page 7


 343 013a 05       		.byte	5
 344 013b 20       		.byte	32
 345 013c 07       		.byte	7
 346 013d 02       		.byte	2
 347 013e 0A       		.byte	10
 348 013f 10       		.byte	16
 349 0140 0E       		.byte	14
 350 0141 80       		.byte	-128
 351 0142 0F       		.byte	15
 352 0143 08       		.byte	8
 353 0144 11       		.byte	17
 354 0145 04       		.byte	4
 355 0146 12       		.byte	18
 356 0147 20       		.byte	32
 357 0148 13       		.byte	19
 358 0149 22       		.byte	34
 359 014a 15       		.byte	21
 360 014b 04       		.byte	4
 361 014c 17       		.byte	23
 362 014d 20       		.byte	32
 363 014e 18       		.byte	24
 364 014f 04       		.byte	4
 365 0150 19       		.byte	25
 366 0151 10       		.byte	16
 367 0152 1D       		.byte	29
 368 0153 40       		.byte	64
 369 0154 1E       		.byte	30
 370 0155 80       		.byte	-128
 371 0156 21       		.byte	33
 372 0157 01       		.byte	1
 373 0158 22       		.byte	34
 374 0159 24       		.byte	36
 375 015a 25       		.byte	37
 376 015b 0C       		.byte	12
 377 015c 26       		.byte	38
 378 015d 84       		.byte	-124
 379 015e 27       		.byte	39
 380 015f AA       		.byte	-86
 381 0160 29       		.byte	41
 382 0161 50       		.byte	80
 383 0162 2A       		.byte	42
 384 0163 04       		.byte	4
 385 0164 2C       		.byte	44
 386 0165 80       		.byte	-128
 387 0166 2D       		.byte	45
 388 0167 20       		.byte	32
 389 0168 2E       		.byte	46
 390 0169 10       		.byte	16
 391 016a 2F       		.byte	47
 392 016b 20       		.byte	32
 393 016c 30       		.byte	48
 394 016d 10       		.byte	16
 395 016e 31       		.byte	49
 396 016f 08       		.byte	8
 397 0170 32       		.byte	50
 398 0171 80       		.byte	-128
 399 0172 36       		.byte	54
ARM GAS  C:\Users\zakis\AppData\Local\Temp\cciQkH7x.s 			page 8


 400 0173 A4       		.byte	-92
 401 0174 39       		.byte	57
 402 0175 1A       		.byte	26
 403 0176 3C       		.byte	60
 404 0177 24       		.byte	36
 405 0178 3D       		.byte	61
 406 0179 20       		.byte	32
 407 017a 45       		.byte	69
 408 017b 14       		.byte	20
 409 017c 47       		.byte	71
 410 017d 02       		.byte	2
 411 017e 4C       		.byte	76
 412 017f 80       		.byte	-128
 413 0180 4D       		.byte	77
 414 0181 01       		.byte	1
 415 0182 4F       		.byte	79
 416 0183 08       		.byte	8
 417 0184 57       		.byte	87
 418 0185 20       		.byte	32
 419 0186 5D       		.byte	93
 420 0187 01       		.byte	1
 421 0188 5E       		.byte	94
 422 0189 20       		.byte	32
 423 018a 5F       		.byte	95
 424 018b 88       		.byte	-120
 425 018c 7A       		.byte	122
 426 018d 10       		.byte	16
 427 018e 7B       		.byte	123
 428 018f 20       		.byte	32
 429 0190 8A       		.byte	-118
 430 0191 04       		.byte	4
 431 0192 90       		.byte	-112
 432 0193 20       		.byte	32
 433 0194 91       		.byte	-111
 434 0195 18       		.byte	24
 435 0196 94       		.byte	-108
 436 0197 04       		.byte	4
 437 0198 95       		.byte	-107
 438 0199 02       		.byte	2
 439 019a 98       		.byte	-104
 440 019b 10       		.byte	16
 441 019c A0       		.byte	-96
 442 019d 10       		.byte	16
 443 019e A5       		.byte	-91
 444 019f 04       		.byte	4
 445 01a0 A6       		.byte	-90
 446 01a1 80       		.byte	-128
 447 01a2 B0       		.byte	-80
 448 01a3 12       		.byte	18
 449 01a4 B1       		.byte	-79
 450 01a5 01       		.byte	1
 451 01a6 B2       		.byte	-78
 452 01a7 08       		.byte	8
 453 01a8 C0       		.byte	-64
 454 01a9 E6       		.byte	-26
 455 01aa C2       		.byte	-62
 456 01ab 54       		.byte	84
ARM GAS  C:\Users\zakis\AppData\Local\Temp\cciQkH7x.s 			page 9


 457 01ac C4       		.byte	-60
 458 01ad 6E       		.byte	110
 459 01ae CA       		.byte	-54
 460 01af EE       		.byte	-18
 461 01b0 CC       		.byte	-52
 462 01b1 7E       		.byte	126
 463 01b2 CE       		.byte	-50
 464 01b3 67       		.byte	103
 465 01b4 D0       		.byte	-48
 466 01b5 E0       		.byte	-32
 467 01b6 D6       		.byte	-42
 468 01b7 F0       		.byte	-16
 469 01b8 EE       		.byte	-18
 470 01b9 02       		.byte	2
 471 01ba 02       		.byte	2
 472 01bb 01       		.byte	1
 473 01bc 06       		.byte	6
 474 01bd 04       		.byte	4
 475 01be 08       		.byte	8
 476 01bf 02       		.byte	2
 477 01c0 0C       		.byte	12
 478 01c1 02       		.byte	2
 479 01c2 16       		.byte	22
 480 01c3 02       		.byte	2
 481 01c4 1A       		.byte	26
 482 01c5 04       		.byte	4
 483 01c6 1E       		.byte	30
 484 01c7 01       		.byte	1
 485 01c8 22       		.byte	34
 486 01c9 02       		.byte	2
 487 01ca 32       		.byte	50
 488 01cb 04       		.byte	4
 489 01cc 34       		.byte	52
 490 01cd 02       		.byte	2
 491 01ce 36       		.byte	54
 492 01cf 01       		.byte	1
 493 01d0 38       		.byte	56
 494 01d1 20       		.byte	32
 495 01d2 3B       		.byte	59
 496 01d3 80       		.byte	-128
 497 01d4 3E       		.byte	62
 498 01d5 44       		.byte	68
 499 01d6 40       		.byte	64
 500 01d7 26       		.byte	38
 501 01d8 41       		.byte	65
 502 01d9 04       		.byte	4
 503 01da 42       		.byte	66
 504 01db 05       		.byte	5
 505 01dc 44       		.byte	68
 506 01dd 01       		.byte	1
 507 01de 45       		.byte	69
 508 01df C0       		.byte	-64
 509 01e0 46       		.byte	70
 510 01e1 E0       		.byte	-32
 511 01e2 48       		.byte	72
 512 01e3 0A       		.byte	10
 513 01e4 49       		.byte	73
ARM GAS  C:\Users\zakis\AppData\Local\Temp\cciQkH7x.s 			page 10


 514 01e5 FF       		.byte	-1
 515 01e6 4A       		.byte	74
 516 01e7 FF       		.byte	-1
 517 01e8 4B       		.byte	75
 518 01e9 FF       		.byte	-1
 519 01ea 4C       		.byte	76
 520 01eb 62       		.byte	98
 521 01ec 4D       		.byte	77
 522 01ed A0       		.byte	-96
 523 01ee 4E       		.byte	78
 524 01ef F0       		.byte	-16
 525 01f0 4F       		.byte	79
 526 01f1 41       		.byte	65
 527 01f2 50       		.byte	80
 528 01f3 0C       		.byte	12
 529 01f4 54       		.byte	84
 530 01f5 18       		.byte	24
 531 01f6 56       		.byte	86
 532 01f7 04       		.byte	4
 533 01f8 58       		.byte	88
 534 01f9 04       		.byte	4
 535 01fa 59       		.byte	89
 536 01fb 04       		.byte	4
 537 01fc 5A       		.byte	90
 538 01fd 04       		.byte	4
 539 01fe 5B       		.byte	91
 540 01ff 04       		.byte	4
 541 0200 5C       		.byte	92
 542 0201 11       		.byte	17
 543 0202 5D       		.byte	93
 544 0203 11       		.byte	17
 545 0204 5F       		.byte	95
 546 0205 01       		.byte	1
 547 0206 66       		.byte	102
 548 0207 40       		.byte	64
 549 0208 67       		.byte	103
 550 0209 02       		.byte	2
 551 020a 69       		.byte	105
 552 020b 10       		.byte	16
 553 020c 6A       		.byte	106
 554 020d 30       		.byte	48
 555 020e 6B       		.byte	107
 556 020f 10       		.byte	16
 557 0210 6D       		.byte	109
 558 0211 10       		.byte	16
 559 0212 6E       		.byte	110
 560 0213 10       		.byte	16
 561 0214 6F       		.byte	111
 562 0215 12       		.byte	18
 563 0216 80       		.byte	-128
 564 0217 03       		.byte	3
 565 0218 81       		.byte	-127
 566 0219 44       		.byte	68
 567 021a 83       		.byte	-125
 568 021b 11       		.byte	17
 569 021c 84       		.byte	-124
 570 021d 02       		.byte	2
ARM GAS  C:\Users\zakis\AppData\Local\Temp\cciQkH7x.s 			page 11


 571 021e 85       		.byte	-123
 572 021f 07       		.byte	7
 573 0220 89       		.byte	-119
 574 0221 07       		.byte	7
 575 0222 8A       		.byte	-118
 576 0223 01       		.byte	1
 577 0224 8F       		.byte	-113
 578 0225 60       		.byte	96
 579 0226 90       		.byte	-112
 580 0227 04       		.byte	4
 581 0228 91       		.byte	-111
 582 0229 60       		.byte	96
 583 022a 94       		.byte	-108
 584 022b 03       		.byte	3
 585 022c 97       		.byte	-105
 586 022d 60       		.byte	96
 587 022e 99       		.byte	-103
 588 022f 61       		.byte	97
 589 0230 9B       		.byte	-101
 590 0231 0E       		.byte	14
 591 0232 A4       		.byte	-92
 592 0233 04       		.byte	4
 593 0234 A7       		.byte	-89
 594 0235 60       		.byte	96
 595 0236 A8       		.byte	-88
 596 0237 04       		.byte	4
 597 0238 A9       		.byte	-87
 598 0239 60       		.byte	96
 599 023a AD       		.byte	-83
 600 023b 22       		.byte	34
 601 023c AF       		.byte	-81
 602 023d 91       		.byte	-111
 603 023e B1       		.byte	-79
 604 023f 80       		.byte	-128
 605 0240 B2       		.byte	-78
 606 0241 03       		.byte	3
 607 0242 B3       		.byte	-77
 608 0243 60       		.byte	96
 609 0244 B4       		.byte	-76
 610 0245 04       		.byte	4
 611 0246 B5       		.byte	-75
 612 0247 07       		.byte	7
 613 0248 B7       		.byte	-73
 614 0249 18       		.byte	24
 615 024a B8       		.byte	-72
 616 024b 08       		.byte	8
 617 024c BE       		.byte	-66
 618 024d 04       		.byte	4
 619 024e BF       		.byte	-65
 620 024f 40       		.byte	64
 621 0250 C0       		.byte	-64
 622 0251 03       		.byte	3
 623 0252 C6       		.byte	-58
 624 0253 40       		.byte	64
 625 0254 C9       		.byte	-55
 626 0255 FF       		.byte	-1
 627 0256 CA       		.byte	-54
ARM GAS  C:\Users\zakis\AppData\Local\Temp\cciQkH7x.s 			page 12


 628 0257 07       		.byte	7
 629 0258 CB       		.byte	-53
 630 0259 FF       		.byte	-1
 631 025a CC       		.byte	-52
 632 025b 40       		.byte	64
 633 025c CD       		.byte	-51
 634 025d 20       		.byte	32
 635 025e CE       		.byte	-50
 636 025f F0       		.byte	-16
 637 0260 CF       		.byte	-49
 638 0261 05       		.byte	5
 639 0262 D0       		.byte	-48
 640 0263 08       		.byte	8
 641 0264 D8       		.byte	-40
 642 0265 04       		.byte	4
 643 0266 D9       		.byte	-39
 644 0267 04       		.byte	4
 645 0268 DA       		.byte	-38
 646 0269 04       		.byte	4
 647 026a DC       		.byte	-36
 648 026b 11       		.byte	17
 649 026c DD       		.byte	-35
 650 026d 01       		.byte	1
 651 026e DF       		.byte	-33
 652 026f 01       		.byte	1
 653 0270 E0       		.byte	-32
 654 0271 40       		.byte	64
 655 0272 E1       		.byte	-31
 656 0273 A8       		.byte	-88
 657 0274 E2       		.byte	-30
 658 0275 40       		.byte	64
 659 0276 E3       		.byte	-29
 660 0277 20       		.byte	32
 661 0278 00       		.byte	0
 662 0279 24       		.byte	36
 663 027a 02       		.byte	2
 664 027b 80       		.byte	-128
 665 027c 04       		.byte	4
 666 027d 02       		.byte	2
 667 027e 06       		.byte	6
 668 027f 24       		.byte	36
 669 0280 07       		.byte	7
 670 0281 41       		.byte	65
 671 0282 09       		.byte	9
 672 0283 04       		.byte	4
 673 0284 0A       		.byte	10
 674 0285 80       		.byte	-128
 675 0286 0D       		.byte	13
 676 0287 08       		.byte	8
 677 0288 0E       		.byte	14
 678 0289 04       		.byte	4
 679 028a 0F       		.byte	15
 680 028b 02       		.byte	2
 681 028c 11       		.byte	17
 682 028d 14       		.byte	20
 683 028e 14       		.byte	20
 684 028f 80       		.byte	-128
ARM GAS  C:\Users\zakis\AppData\Local\Temp\cciQkH7x.s 			page 13


 685 0290 16       		.byte	22
 686 0291 40       		.byte	64
 687 0292 18       		.byte	24
 688 0293 10       		.byte	16
 689 0294 1A       		.byte	26
 690 0295 08       		.byte	8
 691 0296 1B       		.byte	27
 692 0297 20       		.byte	32
 693 0298 1D       		.byte	29
 694 0299 40       		.byte	64
 695 029a 1E       		.byte	30
 696 029b 04       		.byte	4
 697 029c 1F       		.byte	31
 698 029d 04       		.byte	4
 699 029e 21       		.byte	33
 700 029f A0       		.byte	-96
 701 02a0 22       		.byte	34
 702 02a1 0A       		.byte	10
 703 02a2 27       		.byte	39
 704 02a3 01       		.byte	1
 705 02a4 28       		.byte	40
 706 02a5 0A       		.byte	10
 707 02a6 2B       		.byte	43
 708 02a7 20       		.byte	32
 709 02a8 31       		.byte	49
 710 02a9 28       		.byte	40
 711 02aa 33       		.byte	51
 712 02ab 01       		.byte	1
 713 02ac 39       		.byte	57
 714 02ad 16       		.byte	22
 715 02ae 3A       		.byte	58
 716 02af 41       		.byte	65
 717 02b0 40       		.byte	64
 718 02b1 10       		.byte	16
 719 02b2 44       		.byte	68
 720 02b3 08       		.byte	8
 721 02b4 45       		.byte	69
 722 02b5 80       		.byte	-128
 723 02b6 46       		.byte	70
 724 02b7 04       		.byte	4
 725 02b8 47       		.byte	71
 726 02b9 01       		.byte	1
 727 02ba 48       		.byte	72
 728 02bb 10       		.byte	16
 729 02bc 4C       		.byte	76
 730 02bd 01       		.byte	1
 731 02be 4E       		.byte	78
 732 02bf 04       		.byte	4
 733 02c0 4F       		.byte	79
 734 02c1 02       		.byte	2
 735 02c2 50       		.byte	80
 736 02c3 10       		.byte	16
 737 02c4 56       		.byte	86
 738 02c5 20       		.byte	32
 739 02c6 5D       		.byte	93
 740 02c7 01       		.byte	1
 741 02c8 65       		.byte	101
ARM GAS  C:\Users\zakis\AppData\Local\Temp\cciQkH7x.s 			page 14


 742 02c9 40       		.byte	64
 743 02ca 67       		.byte	103
 744 02cb 48       		.byte	72
 745 02cc 87       		.byte	-121
 746 02cd 40       		.byte	64
 747 02ce 91       		.byte	-111
 748 02cf 1C       		.byte	28
 749 02d0 92       		.byte	-110
 750 02d1 80       		.byte	-128
 751 02d2 98       		.byte	-104
 752 02d3 80       		.byte	-128
 753 02d4 9A       		.byte	-102
 754 02d5 04       		.byte	4
 755 02d6 9B       		.byte	-101
 756 02d7 40       		.byte	64
 757 02d8 9C       		.byte	-100
 758 02d9 12       		.byte	18
 759 02da 9E       		.byte	-98
 760 02db 01       		.byte	1
 761 02dc 9F       		.byte	-97
 762 02dd 01       		.byte	1
 763 02de A1       		.byte	-95
 764 02df 08       		.byte	8
 765 02e0 A5       		.byte	-91
 766 02e1 20       		.byte	32
 767 02e2 A6       		.byte	-90
 768 02e3 02       		.byte	2
 769 02e4 A7       		.byte	-89
 770 02e5 20       		.byte	32
 771 02e6 C0       		.byte	-64
 772 02e7 FE       		.byte	-2
 773 02e8 C2       		.byte	-62
 774 02e9 EC       		.byte	-20
 775 02ea C4       		.byte	-60
 776 02eb 16       		.byte	22
 777 02ec CA       		.byte	-54
 778 02ed 0E       		.byte	14
 779 02ee CC       		.byte	-52
 780 02ef 07       		.byte	7
 781 02f0 CE       		.byte	-50
 782 02f1 0F       		.byte	15
 783 02f2 D0       		.byte	-48
 784 02f3 B2       		.byte	-78
 785 02f4 D2       		.byte	-46
 786 02f5 30       		.byte	48
 787 02f6 D6       		.byte	-42
 788 02f7 80       		.byte	-128
 789 02f8 D8       		.byte	-40
 790 02f9 B0       		.byte	-80
 791 02fa EC       		.byte	-20
 792 02fb 40       		.byte	64
 793 02fc 01       		.byte	1
 794 02fd 10       		.byte	16
 795 02fe 05       		.byte	5
 796 02ff 18       		.byte	24
 797 0300 06       		.byte	6
 798 0301 03       		.byte	3
ARM GAS  C:\Users\zakis\AppData\Local\Temp\cciQkH7x.s 			page 15


 799 0302 08       		.byte	8
 800 0303 13       		.byte	19
 801 0304 09       		.byte	9
 802 0305 08       		.byte	8
 803 0306 0A       		.byte	10
 804 0307 0C       		.byte	12
 805 0308 0C       		.byte	12
 806 0309 1F       		.byte	31
 807 030a 0D       		.byte	13
 808 030b 1F       		.byte	31
 809 030c 10       		.byte	16
 810 030d 01       		.byte	1
 811 030e 13       		.byte	19
 812 030f 04       		.byte	4
 813 0310 14       		.byte	20
 814 0311 1C       		.byte	28
 815 0312 15       		.byte	21
 816 0313 1C       		.byte	28
 817 0314 16       		.byte	22
 818 0315 03       		.byte	3
 819 0316 17       		.byte	23
 820 0317 02       		.byte	2
 821 0318 18       		.byte	24
 822 0319 03       		.byte	3
 823 031a 19       		.byte	25
 824 031b 04       		.byte	4
 825 031c 1C       		.byte	28
 826 031d 1F       		.byte	31
 827 031e 1D       		.byte	29
 828 031f 1C       		.byte	28
 829 0320 1F       		.byte	31
 830 0321 01       		.byte	1
 831 0322 20       		.byte	32
 832 0323 08       		.byte	8
 833 0324 24       		.byte	36
 834 0325 04       		.byte	4
 835 0326 27       		.byte	39
 836 0327 03       		.byte	3
 837 0328 28       		.byte	40
 838 0329 0C       		.byte	12
 839 032a 29       		.byte	41
 840 032b 07       		.byte	7
 841 032c 2B       		.byte	43
 842 032d 18       		.byte	24
 843 032e 2C       		.byte	44
 844 032f 02       		.byte	2
 845 0330 30       		.byte	48
 846 0331 10       		.byte	16
 847 0332 32       		.byte	50
 848 0333 0F       		.byte	15
 849 0334 33       		.byte	51
 850 0335 1F       		.byte	31
 851 0336 3A       		.byte	58
 852 0337 08       		.byte	8
 853 0338 3B       		.byte	59
 854 0339 08       		.byte	8
 855 033a 3E       		.byte	62
ARM GAS  C:\Users\zakis\AppData\Local\Temp\cciQkH7x.s 			page 16


 856 033b 01       		.byte	1
 857 033c 56       		.byte	86
 858 033d 02       		.byte	2
 859 033e 57       		.byte	87
 860 033f 13       		.byte	19
 861 0340 58       		.byte	88
 862 0341 04       		.byte	4
 863 0342 59       		.byte	89
 864 0343 04       		.byte	4
 865 0344 5B       		.byte	91
 866 0345 04       		.byte	4
 867 0346 5C       		.byte	92
 868 0347 11       		.byte	17
 869 0348 5D       		.byte	93
 870 0349 10       		.byte	16
 871 034a 5F       		.byte	95
 872 034b 01       		.byte	1
 873 034c 81       		.byte	-127
 874 034d 04       		.byte	4
 875 034e 85       		.byte	-123
 876 034f 02       		.byte	2
 877 0350 86       		.byte	-122
 878 0351 01       		.byte	1
 879 0352 88       		.byte	-120
 880 0353 01       		.byte	1
 881 0354 8A       		.byte	-118
 882 0355 06       		.byte	6
 883 0356 8C       		.byte	-116
 884 0357 07       		.byte	7
 885 0358 91       		.byte	-111
 886 0359 07       		.byte	7
 887 035a 94       		.byte	-108
 888 035b 06       		.byte	6
 889 035c 95       		.byte	-107
 890 035d 07       		.byte	7
 891 035e 96       		.byte	-106
 892 035f 01       		.byte	1
 893 0360 98       		.byte	-104
 894 0361 02       		.byte	2
 895 0362 99       		.byte	-103
 896 0363 06       		.byte	6
 897 0364 9C       		.byte	-100
 898 0365 04       		.byte	4
 899 0366 A0       		.byte	-96
 900 0367 06       		.byte	6
 901 0368 A1       		.byte	-95
 902 0369 06       		.byte	6
 903 036a A2       		.byte	-94
 904 036b 01       		.byte	1
 905 036c A3       		.byte	-93
 906 036d 01       		.byte	1
 907 036e A7       		.byte	-89
 908 036f 01       		.byte	1
 909 0370 A8       		.byte	-88
 910 0371 06       		.byte	6
 911 0372 A9       		.byte	-87
 912 0373 01       		.byte	1
ARM GAS  C:\Users\zakis\AppData\Local\Temp\cciQkH7x.s 			page 17


 913 0374 AB       		.byte	-85
 914 0375 06       		.byte	6
 915 0376 B0       		.byte	-80
 916 0377 07       		.byte	7
 917 0378 B1       		.byte	-79
 918 0379 07       		.byte	7
 919 037a BA       		.byte	-70
 920 037b 02       		.byte	2
 921 037c D8       		.byte	-40
 922 037d 04       		.byte	4
 923 037e D9       		.byte	-39
 924 037f 04       		.byte	4
 925 0380 DC       		.byte	-36
 926 0381 11       		.byte	17
 927 0382 DF       		.byte	-33
 928 0383 01       		.byte	1
 929 0384 00       		.byte	0
 930 0385 10       		.byte	16
 931 0386 01       		.byte	1
 932 0387 40       		.byte	64
 933 0388 02       		.byte	2
 934 0389 14       		.byte	20
 935 038a 03       		.byte	3
 936 038b 21       		.byte	33
 937 038c 04       		.byte	4
 938 038d 10       		.byte	16
 939 038e 06       		.byte	6
 940 038f 10       		.byte	16
 941 0390 07       		.byte	7
 942 0391 01       		.byte	1
 943 0392 08       		.byte	8
 944 0393 C2       		.byte	-62
 945 0394 09       		.byte	9
 946 0395 28       		.byte	40
 947 0396 0B       		.byte	11
 948 0397 02       		.byte	2
 949 0398 0D       		.byte	13
 950 0399 08       		.byte	8
 951 039a 0E       		.byte	14
 952 039b 04       		.byte	4
 953 039c 0F       		.byte	15
 954 039d 01       		.byte	1
 955 039e 12       		.byte	18
 956 039f 01       		.byte	1
 957 03a0 13       		.byte	19
 958 03a1 25       		.byte	37
 959 03a2 14       		.byte	20
 960 03a3 40       		.byte	64
 961 03a4 17       		.byte	23
 962 03a5 20       		.byte	32
 963 03a6 18       		.byte	24
 964 03a7 10       		.byte	16
 965 03a8 19       		.byte	25
 966 03a9 01       		.byte	1
 967 03aa 1B       		.byte	27
 968 03ab 08       		.byte	8
 969 03ac 1F       		.byte	31
ARM GAS  C:\Users\zakis\AppData\Local\Temp\cciQkH7x.s 			page 18


 970 03ad 01       		.byte	1
 971 03ae 21       		.byte	33
 972 03af 08       		.byte	8
 973 03b0 22       		.byte	34
 974 03b1 08       		.byte	8
 975 03b2 27       		.byte	39
 976 03b3 40       		.byte	64
 977 03b4 2B       		.byte	43
 978 03b5 28       		.byte	40
 979 03b6 2C       		.byte	44
 980 03b7 40       		.byte	64
 981 03b8 2F       		.byte	47
 982 03b9 28       		.byte	40
 983 03ba 30       		.byte	48
 984 03bb 50       		.byte	80
 985 03bc 31       		.byte	49
 986 03bd 08       		.byte	8
 987 03be 32       		.byte	50
 988 03bf 02       		.byte	2
 989 03c0 36       		.byte	54
 990 03c1 08       		.byte	8
 991 03c2 37       		.byte	55
 992 03c3 21       		.byte	33
 993 03c4 38       		.byte	56
 994 03c5 28       		.byte	40
 995 03c6 39       		.byte	57
 996 03c7 40       		.byte	64
 997 03c8 3B       		.byte	59
 998 03c9 01       		.byte	1
 999 03ca 3E       		.byte	62
 1000 03cb 04       		.byte	4
 1001 03cc 3F       		.byte	63
 1002 03cd 01       		.byte	1
 1003 03ce 59       		.byte	89
 1004 03cf 01       		.byte	1
 1005 03d0 69       		.byte	105
 1006 03d1 1C       		.byte	28
 1007 03d2 6A       		.byte	106
 1008 03d3 80       		.byte	-128
 1009 03d4 70       		.byte	112
 1010 03d5 14       		.byte	20
 1011 03d6 72       		.byte	114
 1012 03d7 04       		.byte	4
 1013 03d8 73       		.byte	115
 1014 03d9 25       		.byte	37
 1015 03da C0       		.byte	-64
 1016 03db E7       		.byte	-25
 1017 03dc C2       		.byte	-62
 1018 03dd EF       		.byte	-17
 1019 03de C4       		.byte	-60
 1020 03df 5F       		.byte	95
 1021 03e0 CA       		.byte	-54
 1022 03e1 E6       		.byte	-26
 1023 03e2 CC       		.byte	-52
 1024 03e3 EF       		.byte	-17
 1025 03e4 CE       		.byte	-50
 1026 03e5 CF       		.byte	-49
ARM GAS  C:\Users\zakis\AppData\Local\Temp\cciQkH7x.s 			page 19


 1027 03e6 D6       		.byte	-42
 1028 03e7 01       		.byte	1
 1029 03e8 EC       		.byte	-20
 1030 03e9 10       		.byte	16
 1031 03ea B4       		.byte	-76
 1032 03eb 40       		.byte	64
 1033 03ec EC       		.byte	-20
 1034 03ed 10       		.byte	16
 1035 03ee 12       		.byte	18
 1036 03ef 80       		.byte	-128
 1037 03f0 17       		.byte	23
 1038 03f1 04       		.byte	4
 1039 03f2 33       		.byte	51
 1040 03f3 84       		.byte	-124
 1041 03f4 34       		.byte	52
 1042 03f5 02       		.byte	2
 1043 03f6 36       		.byte	54
 1044 03f7 80       		.byte	-128
 1045 03f8 38       		.byte	56
 1046 03f9 08       		.byte	8
 1047 03fa 3B       		.byte	59
 1048 03fb 20       		.byte	32
 1049 03fc 3D       		.byte	61
 1050 03fd 08       		.byte	8
 1051 03fe 3E       		.byte	62
 1052 03ff 40       		.byte	64
 1053 0400 C4       		.byte	-60
 1054 0401 30       		.byte	48
 1055 0402 CC       		.byte	-52
 1056 0403 F0       		.byte	-16
 1057 0404 CE       		.byte	-50
 1058 0405 F0       		.byte	-16
 1059 0406 11       		.byte	17
 1060 0407 40       		.byte	64
 1061 0408 84       		.byte	-124
 1062 0409 02       		.byte	2
 1063 040a 94       		.byte	-108
 1064 040b 08       		.byte	8
 1065 040c 96       		.byte	-106
 1066 040d 40       		.byte	64
 1067 040e 97       		.byte	-105
 1068 040f 20       		.byte	32
 1069 0410 9C       		.byte	-100
 1070 0411 02       		.byte	2
 1071 0412 A5       		.byte	-91
 1072 0413 04       		.byte	4
 1073 0414 A7       		.byte	-89
 1074 0415 80       		.byte	-128
 1075 0416 B5       		.byte	-75
 1076 0417 04       		.byte	4
 1077 0418 C4       		.byte	-60
 1078 0419 40       		.byte	64
 1079 041a E6       		.byte	-26
 1080 041b 40       		.byte	64
 1081 041c 94       		.byte	-108
 1082 041d 08       		.byte	8
 1083 041e 96       		.byte	-106
ARM GAS  C:\Users\zakis\AppData\Local\Temp\cciQkH7x.s 			page 20


 1084 041f 40       		.byte	64
 1085 0420 A5       		.byte	-91
 1086 0421 04       		.byte	4
 1087 0422 A9       		.byte	-87
 1088 0423 40       		.byte	64
 1089 0424 AB       		.byte	-85
 1090 0425 80       		.byte	-128
 1091 0426 AF       		.byte	-81
 1092 0427 10       		.byte	16
 1093 0428 EE       		.byte	-18
 1094 0429 40       		.byte	64
 1095 042a 94       		.byte	-108
 1096 042b 08       		.byte	8
 1097 042c 96       		.byte	-106
 1098 042d 40       		.byte	64
 1099 042e A5       		.byte	-91
 1100 042f 04       		.byte	4
 1101 0430 30       		.byte	48
 1102 0431 80       		.byte	-128
 1103 0432 7C       		.byte	124
 1104 0433 20       		.byte	32
 1105 0434 CC       		.byte	-52
 1106 0435 08       		.byte	8
 1107 0436 DE       		.byte	-34
 1108 0437 01       		.byte	1
 1109 0438 00       		.byte	0
 1110 0439 08       		.byte	8
 1111 043a 0D       		.byte	13
 1112 043b 80       		.byte	-128
 1113 043c 59       		.byte	89
 1114 043d 40       		.byte	64
 1115 043e 9C       		.byte	-100
 1116 043f 20       		.byte	32
 1117 0440 B4       		.byte	-76
 1118 0441 80       		.byte	-128
 1119 0442 C0       		.byte	-64
 1120 0443 08       		.byte	8
 1121 0444 C2       		.byte	-62
 1122 0445 01       		.byte	1
 1123 0446 D4       		.byte	-44
 1124 0447 01       		.byte	1
 1125 0448 EC       		.byte	-20
 1126 0449 02       		.byte	2
 1127 044a 45       		.byte	69
 1128 044b 02       		.byte	2
 1129 044c 89       		.byte	-119
 1130 044d 40       		.byte	64
 1131 044e 9C       		.byte	-100
 1132 044f 20       		.byte	32
 1133 0450 9D       		.byte	-99
 1134 0451 40       		.byte	64
 1135 0452 AD       		.byte	-83
 1136 0453 80       		.byte	-128
 1137 0454 B0       		.byte	-80
 1138 0455 04       		.byte	4
 1139 0456 D0       		.byte	-48
 1140 0457 01       		.byte	1
ARM GAS  C:\Users\zakis\AppData\Local\Temp\cciQkH7x.s 			page 21


 1141 0458 E0       		.byte	-32
 1142 0459 01       		.byte	1
 1143 045a EA       		.byte	-22
 1144 045b 04       		.byte	4
 1145 045c 9C       		.byte	-100
 1146 045d 20       		.byte	32
 1147 045e A5       		.byte	-91
 1148 045f 02       		.byte	2
 1149 0460 25       		.byte	37
 1150 0461 04       		.byte	4
 1151 0462 27       		.byte	39
 1152 0463 04       		.byte	4
 1153 0464 94       		.byte	-108
 1154 0465 08       		.byte	8
 1155 0466 96       		.byte	-106
 1156 0467 40       		.byte	64
 1157 0468 9F       		.byte	-97
 1158 0469 04       		.byte	4
 1159 046a A5       		.byte	-91
 1160 046b 04       		.byte	4
 1161 046c B7       		.byte	-73
 1162 046d 04       		.byte	4
 1163 046e C8       		.byte	-56
 1164 046f A0       		.byte	-96
 1165 0470 18       		.byte	24
 1166 0471 08       		.byte	8
 1167 0472 1D       		.byte	29
 1168 0473 20       		.byte	32
 1169 0474 81       		.byte	-127
 1170 0475 20       		.byte	32
 1171 0476 82       		.byte	-126
 1172 0477 40       		.byte	64
 1173 0478 94       		.byte	-108
 1174 0479 08       		.byte	8
 1175 047a 96       		.byte	-106
 1176 047b 40       		.byte	64
 1177 047c C6       		.byte	-58
 1178 047d C0       		.byte	-64
 1179 047e B4       		.byte	-76
 1180 047f 20       		.byte	32
 1181 0480 B5       		.byte	-75
 1182 0481 02       		.byte	2
 1183 0482 E8       		.byte	-24
 1184 0483 02       		.byte	2
 1185 0484 EC       		.byte	-20
 1186 0485 08       		.byte	8
 1187 0486 00       		.byte	0
 1188 0487 02       		.byte	2
 1189 0488 0C       		.byte	12
 1190 0489 02       		.byte	2
 1191 048a 0E       		.byte	14
 1192 048b 02       		.byte	2
 1193 048c 00       		.byte	0
 1194 048d FF       		.byte	-1
 1195 048e 01       		.byte	1
 1196 048f 03       		.byte	3
 1197 0490 10       		.byte	16
ARM GAS  C:\Users\zakis\AppData\Local\Temp\cciQkH7x.s 			page 22


 1198 0491 2A       		.byte	42
 1199 0492 00       		.byte	0
 1200 0493 00       		.byte	0
 1201 0494 00       		.byte	0
 1202 0495 00       		.byte	0
 1203 0496 00       		.byte	0
 1204 0497 00       		.byte	0
 1205 0498 00       		.byte	0
 1206 0499 00       		.byte	0
 1207 049a 30       		.byte	48
 1208 049b 00       		.byte	0
 1209 049c 00       		.byte	0
 1210 049d 0B       		.byte	11
 1211 049e 0B       		.byte	11
 1212 049f 00       		.byte	0
 1213 04a0 00       		.byte	0
 1214 04a1 00       		.byte	0
 1215 04a2 00       		.byte	0
 1216 04a3 00       		.byte	0
 1217 04a4 82       		.byte	-126
 1218 04a5 00       		.byte	0
 1219 04a6 81       		.byte	-127
 1220 04a7 72       		.byte	114
 1221 04a8 72       		.byte	114
 1222 04a9 00       		.byte	0
 1223 04aa 02       		.byte	2
 1224 04ab 00       		.byte	0
 1225 04ac 00       		.byte	0
 1226 04ad 00       		.byte	0
 1227 04ae 00       		.byte	0
 1228 04af 00       		.byte	0
 1229 04b0 BB       		.byte	-69
 1230 04b1 00       		.byte	0
 1231 04b2 18       		.byte	24
 1232 04b3 01       		.byte	1
 1233 04b4 00       		.byte	0
 1234 04b5 0A       		.byte	10
 1235 04b6 00       		.byte	0
 1236 04b7 00       		.byte	0
 1237 04b8 00       		.byte	0
 1238 04b9 01       		.byte	1
 1239 04ba 00       		.byte	0
 1240 04bb 00       		.byte	0
 1241              		.section	.cywolatch,"a",%progbits
 1242              		.align	2
 1243              		.type	cy_meta_wonvl, %object
 1244              		.size	cy_meta_wonvl, 4
 1245              	cy_meta_wonvl:
 1246 0000 BC       		.byte	-68
 1247 0001 90       		.byte	-112
 1248 0002 AC       		.byte	-84
 1249 0003 AF       		.byte	-81
 1250              		.section	.cycustnvl,"a",%progbits
 1251              		.align	2
 1252              		.type	cy_meta_custnvl, %object
 1253              		.size	cy_meta_custnvl, 4
 1254              	cy_meta_custnvl:
ARM GAS  C:\Users\zakis\AppData\Local\Temp\cciQkH7x.s 			page 23


 1255 0000 00       		.byte	0
 1256 0001 00       		.byte	0
 1257 0002 40       		.byte	64
 1258 0003 05       		.byte	5
 1259              		.section	.cymeta,"a",%progbits
 1260              		.align	2
 1261              		.type	cy_metadata, %object
 1262              		.size	cy_metadata, 12
 1263              	cy_metadata:
 1264 0000 00       		.byte	0
 1265 0001 01       		.byte	1
 1266 0002 2E       		.byte	46
 1267 0003 16       		.byte	22
 1268 0004 00       		.byte	0
 1269 0005 69       		.byte	105
 1270 0006 00       		.byte	0
 1271 0007 01       		.byte	1
 1272 0008 00       		.byte	0
 1273 0009 00       		.byte	0
 1274 000a 00       		.byte	0
 1275 000b 00       		.byte	0
 1276              		.section	.cyflashprotect,"a",%progbits
 1277              		.align	2
 1278              		.type	cy_meta_flashprotect, %object
 1279              		.size	cy_meta_flashprotect, 256
 1280              	cy_meta_flashprotect:
 1281 0000 00000000 		.space	256
 1281      00000000 
 1281      00000000 
 1281      00000000 
 1281      00000000 
 1282              		.text
 1283              	.Letext0:
 1284              		.file 1 "c:\\program files (x86)\\cypress\\psoc creator\\4.4\\psoc creator\\import\\gnu\\arm\\5.4.
 1285              		.file 2 "c:\\program files (x86)\\cypress\\psoc creator\\4.4\\psoc creator\\import\\gnu\\arm\\5.4.
 1286              		.file 3 "Generated_Source\\PSoC5\\cymetadata.c"
 1287              		.section	.debug_info,"",%progbits
 1288              	.Ldebug_info0:
 1289 0000 32010000 		.4byte	0x132
 1290 0004 0400     		.2byte	0x4
 1291 0006 00000000 		.4byte	.Ldebug_abbrev0
 1292 000a 04       		.byte	0x4
 1293 000b 01       		.uleb128 0x1
 1294 000c 24000000 		.4byte	.LASF17
 1295 0010 0C       		.byte	0xc
 1296 0011 00020000 		.4byte	.LASF18
 1297 0015 69010000 		.4byte	.LASF19
 1298 0019 00000000 		.4byte	.Ldebug_line0
 1299 001d 02       		.uleb128 0x2
 1300 001e 01       		.byte	0x1
 1301 001f 06       		.byte	0x6
 1302 0020 F4010000 		.4byte	.LASF0
 1303 0024 03       		.uleb128 0x3
 1304 0025 00000000 		.4byte	.LASF9
 1305 0029 01       		.byte	0x1
 1306 002a 1D       		.byte	0x1d
 1307 002b 2F000000 		.4byte	0x2f
ARM GAS  C:\Users\zakis\AppData\Local\Temp\cciQkH7x.s 			page 24


 1308 002f 02       		.uleb128 0x2
 1309 0030 01       		.byte	0x1
 1310 0031 08       		.byte	0x8
 1311 0032 16000000 		.4byte	.LASF1
 1312 0036 02       		.uleb128 0x2
 1313 0037 02       		.byte	0x2
 1314 0038 05       		.byte	0x5
 1315 0039 5F010000 		.4byte	.LASF2
 1316 003d 02       		.uleb128 0x2
 1317 003e 02       		.byte	0x2
 1318 003f 07       		.byte	0x7
 1319 0040 C4000000 		.4byte	.LASF3
 1320 0044 02       		.uleb128 0x2
 1321 0045 04       		.byte	0x4
 1322 0046 05       		.byte	0x5
 1323 0047 EB010000 		.4byte	.LASF4
 1324 004b 02       		.uleb128 0x2
 1325 004c 04       		.byte	0x4
 1326 004d 07       		.byte	0x7
 1327 004e B2000000 		.4byte	.LASF5
 1328 0052 02       		.uleb128 0x2
 1329 0053 08       		.byte	0x8
 1330 0054 05       		.byte	0x5
 1331 0055 51010000 		.4byte	.LASF6
 1332 0059 02       		.uleb128 0x2
 1333 005a 08       		.byte	0x8
 1334 005b 07       		.byte	0x7
 1335 005c 06010000 		.4byte	.LASF7
 1336 0060 04       		.uleb128 0x4
 1337 0061 04       		.byte	0x4
 1338 0062 05       		.byte	0x5
 1339 0063 696E7400 		.ascii	"int\000"
 1340 0067 02       		.uleb128 0x2
 1341 0068 04       		.byte	0x4
 1342 0069 07       		.byte	0x7
 1343 006a F9000000 		.4byte	.LASF8
 1344 006e 03       		.uleb128 0x3
 1345 006f 1D010000 		.4byte	.LASF10
 1346 0073 02       		.byte	0x2
 1347 0074 18       		.byte	0x18
 1348 0075 24000000 		.4byte	0x24
 1349 0079 05       		.uleb128 0x5
 1350 007a 91000000 		.4byte	0x91
 1351 007e 8A000000 		.4byte	0x8a
 1352 0082 06       		.uleb128 0x6
 1353 0083 8A000000 		.4byte	0x8a
 1354 0087 BB04     		.2byte	0x4bb
 1355 0089 00       		.byte	0
 1356 008a 02       		.uleb128 0x2
 1357 008b 04       		.byte	0x4
 1358 008c 07       		.byte	0x7
 1359 008d 48010000 		.4byte	.LASF11
 1360 0091 07       		.uleb128 0x7
 1361 0092 6E000000 		.4byte	0x6e
 1362 0096 08       		.uleb128 0x8
 1363 0097 E7000000 		.4byte	.LASF12
 1364 009b 03       		.byte	0x3
ARM GAS  C:\Users\zakis\AppData\Local\Temp\cciQkH7x.s 			page 25


 1365 009c 1F       		.byte	0x1f
 1366 009d A7000000 		.4byte	0xa7
 1367 00a1 05       		.uleb128 0x5
 1368 00a2 03       		.byte	0x3
 1369 00a3 00000000 		.4byte	cy_meta_configecc
 1370 00a7 07       		.uleb128 0x7
 1371 00a8 79000000 		.4byte	0x79
 1372 00ac 05       		.uleb128 0x5
 1373 00ad 91000000 		.4byte	0x91
 1374 00b1 BC000000 		.4byte	0xbc
 1375 00b5 09       		.uleb128 0x9
 1376 00b6 8A000000 		.4byte	0x8a
 1377 00ba 03       		.byte	0x3
 1378 00bb 00       		.byte	0
 1379 00bc 08       		.uleb128 0x8
 1380 00bd D7000000 		.4byte	.LASF13
 1381 00c1 03       		.byte	0x3
 1382 00c2 C4       		.byte	0xc4
 1383 00c3 CD000000 		.4byte	0xcd
 1384 00c7 05       		.uleb128 0x5
 1385 00c8 03       		.byte	0x3
 1386 00c9 00000000 		.4byte	cy_meta_custnvl
 1387 00cd 07       		.uleb128 0x7
 1388 00ce AC000000 		.4byte	0xac
 1389 00d2 08       		.uleb128 0x8
 1390 00d3 3A010000 		.4byte	.LASF14
 1391 00d7 03       		.byte	0x3
 1392 00d8 D2       		.byte	0xd2
 1393 00d9 E3000000 		.4byte	0xe3
 1394 00dd 05       		.uleb128 0x5
 1395 00de 03       		.byte	0x3
 1396 00df 00000000 		.4byte	cy_meta_wonvl
 1397 00e3 07       		.uleb128 0x7
 1398 00e4 AC000000 		.4byte	0xac
 1399 00e8 05       		.uleb128 0x5
 1400 00e9 91000000 		.4byte	0x91
 1401 00ed F8000000 		.4byte	0xf8
 1402 00f1 09       		.uleb128 0x9
 1403 00f2 8A000000 		.4byte	0x8a
 1404 00f6 FF       		.byte	0xff
 1405 00f7 00       		.byte	0
 1406 00f8 08       		.uleb128 0x8
 1407 00f9 25010000 		.4byte	.LASF15
 1408 00fd 03       		.byte	0x3
 1409 00fe E0       		.byte	0xe0
 1410 00ff 09010000 		.4byte	0x109
 1411 0103 05       		.uleb128 0x5
 1412 0104 03       		.byte	0x3
 1413 0105 00000000 		.4byte	cy_meta_flashprotect
 1414 0109 07       		.uleb128 0x7
 1415 010a E8000000 		.4byte	0xe8
 1416 010e 05       		.uleb128 0x5
 1417 010f 91000000 		.4byte	0x91
 1418 0113 1E010000 		.4byte	0x11e
 1419 0117 09       		.uleb128 0x9
 1420 0118 8A000000 		.4byte	0x8a
 1421 011c 0B       		.byte	0xb
ARM GAS  C:\Users\zakis\AppData\Local\Temp\cciQkH7x.s 			page 26


 1422 011d 00       		.byte	0
 1423 011e 0A       		.uleb128 0xa
 1424 011f 0A000000 		.4byte	.LASF16
 1425 0123 03       		.byte	0x3
 1426 0124 0D01     		.2byte	0x10d
 1427 0126 30010000 		.4byte	0x130
 1428 012a 05       		.uleb128 0x5
 1429 012b 03       		.byte	0x3
 1430 012c 00000000 		.4byte	cy_metadata
 1431 0130 07       		.uleb128 0x7
 1432 0131 0E010000 		.4byte	0x10e
 1433 0135 00       		.byte	0
 1434              		.section	.debug_abbrev,"",%progbits
 1435              	.Ldebug_abbrev0:
 1436 0000 01       		.uleb128 0x1
 1437 0001 11       		.uleb128 0x11
 1438 0002 01       		.byte	0x1
 1439 0003 25       		.uleb128 0x25
 1440 0004 0E       		.uleb128 0xe
 1441 0005 13       		.uleb128 0x13
 1442 0006 0B       		.uleb128 0xb
 1443 0007 03       		.uleb128 0x3
 1444 0008 0E       		.uleb128 0xe
 1445 0009 1B       		.uleb128 0x1b
 1446 000a 0E       		.uleb128 0xe
 1447 000b 10       		.uleb128 0x10
 1448 000c 17       		.uleb128 0x17
 1449 000d 00       		.byte	0
 1450 000e 00       		.byte	0
 1451 000f 02       		.uleb128 0x2
 1452 0010 24       		.uleb128 0x24
 1453 0011 00       		.byte	0
 1454 0012 0B       		.uleb128 0xb
 1455 0013 0B       		.uleb128 0xb
 1456 0014 3E       		.uleb128 0x3e
 1457 0015 0B       		.uleb128 0xb
 1458 0016 03       		.uleb128 0x3
 1459 0017 0E       		.uleb128 0xe
 1460 0018 00       		.byte	0
 1461 0019 00       		.byte	0
 1462 001a 03       		.uleb128 0x3
 1463 001b 16       		.uleb128 0x16
 1464 001c 00       		.byte	0
 1465 001d 03       		.uleb128 0x3
 1466 001e 0E       		.uleb128 0xe
 1467 001f 3A       		.uleb128 0x3a
 1468 0020 0B       		.uleb128 0xb
 1469 0021 3B       		.uleb128 0x3b
 1470 0022 0B       		.uleb128 0xb
 1471 0023 49       		.uleb128 0x49
 1472 0024 13       		.uleb128 0x13
 1473 0025 00       		.byte	0
 1474 0026 00       		.byte	0
 1475 0027 04       		.uleb128 0x4
 1476 0028 24       		.uleb128 0x24
 1477 0029 00       		.byte	0
 1478 002a 0B       		.uleb128 0xb
ARM GAS  C:\Users\zakis\AppData\Local\Temp\cciQkH7x.s 			page 27


 1479 002b 0B       		.uleb128 0xb
 1480 002c 3E       		.uleb128 0x3e
 1481 002d 0B       		.uleb128 0xb
 1482 002e 03       		.uleb128 0x3
 1483 002f 08       		.uleb128 0x8
 1484 0030 00       		.byte	0
 1485 0031 00       		.byte	0
 1486 0032 05       		.uleb128 0x5
 1487 0033 01       		.uleb128 0x1
 1488 0034 01       		.byte	0x1
 1489 0035 49       		.uleb128 0x49
 1490 0036 13       		.uleb128 0x13
 1491 0037 01       		.uleb128 0x1
 1492 0038 13       		.uleb128 0x13
 1493 0039 00       		.byte	0
 1494 003a 00       		.byte	0
 1495 003b 06       		.uleb128 0x6
 1496 003c 21       		.uleb128 0x21
 1497 003d 00       		.byte	0
 1498 003e 49       		.uleb128 0x49
 1499 003f 13       		.uleb128 0x13
 1500 0040 2F       		.uleb128 0x2f
 1501 0041 05       		.uleb128 0x5
 1502 0042 00       		.byte	0
 1503 0043 00       		.byte	0
 1504 0044 07       		.uleb128 0x7
 1505 0045 26       		.uleb128 0x26
 1506 0046 00       		.byte	0
 1507 0047 49       		.uleb128 0x49
 1508 0048 13       		.uleb128 0x13
 1509 0049 00       		.byte	0
 1510 004a 00       		.byte	0
 1511 004b 08       		.uleb128 0x8
 1512 004c 34       		.uleb128 0x34
 1513 004d 00       		.byte	0
 1514 004e 03       		.uleb128 0x3
 1515 004f 0E       		.uleb128 0xe
 1516 0050 3A       		.uleb128 0x3a
 1517 0051 0B       		.uleb128 0xb
 1518 0052 3B       		.uleb128 0x3b
 1519 0053 0B       		.uleb128 0xb
 1520 0054 49       		.uleb128 0x49
 1521 0055 13       		.uleb128 0x13
 1522 0056 3F       		.uleb128 0x3f
 1523 0057 19       		.uleb128 0x19
 1524 0058 02       		.uleb128 0x2
 1525 0059 18       		.uleb128 0x18
 1526 005a 00       		.byte	0
 1527 005b 00       		.byte	0
 1528 005c 09       		.uleb128 0x9
 1529 005d 21       		.uleb128 0x21
 1530 005e 00       		.byte	0
 1531 005f 49       		.uleb128 0x49
 1532 0060 13       		.uleb128 0x13
 1533 0061 2F       		.uleb128 0x2f
 1534 0062 0B       		.uleb128 0xb
 1535 0063 00       		.byte	0
ARM GAS  C:\Users\zakis\AppData\Local\Temp\cciQkH7x.s 			page 28


 1536 0064 00       		.byte	0
 1537 0065 0A       		.uleb128 0xa
 1538 0066 34       		.uleb128 0x34
 1539 0067 00       		.byte	0
 1540 0068 03       		.uleb128 0x3
 1541 0069 0E       		.uleb128 0xe
 1542 006a 3A       		.uleb128 0x3a
 1543 006b 0B       		.uleb128 0xb
 1544 006c 3B       		.uleb128 0x3b
 1545 006d 05       		.uleb128 0x5
 1546 006e 49       		.uleb128 0x49
 1547 006f 13       		.uleb128 0x13
 1548 0070 3F       		.uleb128 0x3f
 1549 0071 19       		.uleb128 0x19
 1550 0072 02       		.uleb128 0x2
 1551 0073 18       		.uleb128 0x18
 1552 0074 00       		.byte	0
 1553 0075 00       		.byte	0
 1554 0076 00       		.byte	0
 1555              		.section	.debug_aranges,"",%progbits
 1556 0000 14000000 		.4byte	0x14
 1557 0004 0200     		.2byte	0x2
 1558 0006 00000000 		.4byte	.Ldebug_info0
 1559 000a 04       		.byte	0x4
 1560 000b 00       		.byte	0
 1561 000c 0000     		.2byte	0
 1562 000e 0000     		.2byte	0
 1563 0010 00000000 		.4byte	0
 1564 0014 00000000 		.4byte	0
 1565              		.section	.debug_line,"",%progbits
 1566              	.Ldebug_line0:
 1567 0000 3D010000 		.section	.debug_str,"MS",%progbits,1
 1567      02003701 
 1567      00000201 
 1567      FB0E0D00 
 1567      01010101 
 1568              	.LASF9:
 1569 0000 5F5F7569 		.ascii	"__uint8_t\000"
 1569      6E74385F 
 1569      7400
 1570              	.LASF16:
 1571 000a 63795F6D 		.ascii	"cy_metadata\000"
 1571      65746164 
 1571      61746100 
 1572              	.LASF1:
 1573 0016 756E7369 		.ascii	"unsigned char\000"
 1573      676E6564 
 1573      20636861 
 1573      7200
 1574              	.LASF17:
 1575 0024 474E5520 		.ascii	"GNU C11 5.4.1 20160609 (release) [ARM/embedded-5-br"
 1575      43313120 
 1575      352E342E 
 1575      31203230 
 1575      31363036 
 1576 0057 616E6368 		.ascii	"anch revision 237715] -mcpu=cortex-m3 -mthumb -g -O"
 1576      20726576 
ARM GAS  C:\Users\zakis\AppData\Local\Temp\cciQkH7x.s 			page 29


 1576      6973696F 
 1576      6E203233 
 1576      37373135 
 1577 008a 67202D66 		.ascii	"g -ffunction-sections -ffat-lto-objects\000"
 1577      66756E63 
 1577      74696F6E 
 1577      2D736563 
 1577      74696F6E 
 1578              	.LASF5:
 1579 00b2 6C6F6E67 		.ascii	"long unsigned int\000"
 1579      20756E73 
 1579      69676E65 
 1579      6420696E 
 1579      7400
 1580              	.LASF3:
 1581 00c4 73686F72 		.ascii	"short unsigned int\000"
 1581      7420756E 
 1581      7369676E 
 1581      65642069 
 1581      6E7400
 1582              	.LASF13:
 1583 00d7 63795F6D 		.ascii	"cy_meta_custnvl\000"
 1583      6574615F 
 1583      63757374 
 1583      6E766C00 
 1584              	.LASF12:
 1585 00e7 63795F6D 		.ascii	"cy_meta_configecc\000"
 1585      6574615F 
 1585      636F6E66 
 1585      69676563 
 1585      6300
 1586              	.LASF8:
 1587 00f9 756E7369 		.ascii	"unsigned int\000"
 1587      676E6564 
 1587      20696E74 
 1587      00
 1588              	.LASF7:
 1589 0106 6C6F6E67 		.ascii	"long long unsigned int\000"
 1589      206C6F6E 
 1589      6720756E 
 1589      7369676E 
 1589      65642069 
 1590              	.LASF10:
 1591 011d 75696E74 		.ascii	"uint8_t\000"
 1591      385F7400 
 1592              	.LASF15:
 1593 0125 63795F6D 		.ascii	"cy_meta_flashprotect\000"
 1593      6574615F 
 1593      666C6173 
 1593      6870726F 
 1593      74656374 
 1594              	.LASF14:
 1595 013a 63795F6D 		.ascii	"cy_meta_wonvl\000"
 1595      6574615F 
 1595      776F6E76 
 1595      6C00
 1596              	.LASF11:
ARM GAS  C:\Users\zakis\AppData\Local\Temp\cciQkH7x.s 			page 30


 1597 0148 73697A65 		.ascii	"sizetype\000"
 1597      74797065 
 1597      00
 1598              	.LASF6:
 1599 0151 6C6F6E67 		.ascii	"long long int\000"
 1599      206C6F6E 
 1599      6720696E 
 1599      7400
 1600              	.LASF2:
 1601 015f 73686F72 		.ascii	"short int\000"
 1601      7420696E 
 1601      7400
 1602              	.LASF19:
 1603 0169 433A5C55 		.ascii	"C:\\Users\\zakis\\Documents\\SDHD_LAB\\MovementDete"
 1603      73657273 
 1603      5C7A616B 
 1603      69735C44 
 1603      6F63756D 
 1604 0197 63746F72 		.ascii	"ctor\\40_Implementation\\20_SW\\10_work\\MovementDe"
 1604      5C34305F 
 1604      496D706C 
 1604      656D656E 
 1604      74617469 
 1605 01c6 74656374 		.ascii	"tector\\RADAR_Movement_Detector.cydsn\000"
 1605      6F725C52 
 1605      41444152 
 1605      5F4D6F76 
 1605      656D656E 
 1606              	.LASF4:
 1607 01eb 6C6F6E67 		.ascii	"long int\000"
 1607      20696E74 
 1607      00
 1608              	.LASF0:
 1609 01f4 7369676E 		.ascii	"signed char\000"
 1609      65642063 
 1609      68617200 
 1610              	.LASF18:
 1611 0200 47656E65 		.ascii	"Generated_Source\\PSoC5\\cymetadata.c\000"
 1611      72617465 
 1611      645F536F 
 1611      75726365 
 1611      5C50536F 
 1612              		.ident	"GCC: (GNU Tools for ARM Embedded Processors) 5.4.1 20160609 (release) [ARM/embedded-5-bran
