ARM GAS  C:\Users\zakis\AppData\Local\Temp\ccwBxJsh.s 			page 1


   1              		.syntax unified
   2              		.cpu cortex-m3
   3              		.fpu softvfp
   4              		.eabi_attribute 20, 1
   5              		.eabi_attribute 21, 1
   6              		.eabi_attribute 23, 3
   7              		.eabi_attribute 24, 1
   8              		.eabi_attribute 25, 1
   9              		.eabi_attribute 26, 1
  10              		.eabi_attribute 30, 1
  11              		.eabi_attribute 34, 1
  12              		.eabi_attribute 18, 4
  13              		.thumb
  14              		.syntax unified
  15              		.file	"detector.c"
  16              		.text
  17              	.Ltext0:
  18              		.cfi_sections	.debug_frame
  19              		.section	.text.DETECTOR_initDrivers,"ax",%progbits
  20              		.align	2
  21              		.global	DETECTOR_initDrivers
  22              		.thumb
  23              		.thumb_func
  24              		.type	DETECTOR_initDrivers, %function
  25              	DETECTOR_initDrivers:
  26              	.LFB110:
  27              		.file 1 "source\\asw\\detector.c"
   1:source\asw/detector.c **** /**
   2:source\asw/detector.c **** * \brief Implements the Reaction Game logic
   3:source\asw/detector.c **** *
   4:source\asw/detector.c **** * \copyright Copyright ©2016
   5:source\asw/detector.c **** * Department of electrical engineering and information technology, Hochschule Darmstadt - Universit
   6:source\asw/detector.c **** * Permission to use, copy, modify, and distribute this software and its documentation for education
   7:source\asw/detector.c **** * (unless permitted by h_da) and official h_da projects, is hereby granted for enrolled students of
   8:source\asw/detector.c **** * this paragraph and the following paragraph appear in all copies, modifications, and distributions
   9:source\asw/detector.c **** * Contact Prof.Dr.-Ing. Peter Fromm, peter.fromm@h-da.de, Birkenweg 8 64295 Darmstadt - GERMANY for
  10:source\asw/detector.c **** *
  11:source\asw/detector.c **** * \warning This software is a PROTOTYPE version and is not designed or intended for use in producti
  12:source\asw/detector.c **** * The user represents and warrants that it will NOT use or redistribute the Software for such purpo
  13:source\asw/detector.c **** * This prototype is for research purposes only. This software is provided "AS IS," without a warran
  14:source\asw/detector.c **** */
  15:source\asw/detector.c **** 
  16:source\asw/detector.c **** /*****************************************************************************/
  17:source\asw/detector.c **** /* Include files                                                             */
  18:source\asw/detector.c **** /*****************************************************************************/
  19:source\asw/detector.c **** 
  20:source\asw/detector.c **** 
  21:source\asw/detector.c **** #include "project.h"
  22:source\asw/detector.c **** #include "detector.h"
  23:source\asw/detector.c **** #include "uart.h"
  24:source\asw/detector.c **** #include "dma.h"
  25:source\asw/detector.c **** #include "dac_adc.h"
  26:source\asw/detector.c **** #include "led.h"
  27:source\asw/detector.c **** 
  28:source\asw/detector.c **** /*****************************************************************************/
  29:source\asw/detector.c **** /* Local pre-processor symbols/macros ('#define')                            */
  30:source\asw/detector.c **** /*****************************************************************************/
ARM GAS  C:\Users\zakis\AppData\Local\Temp\ccwBxJsh.s 			page 2


  31:source\asw/detector.c **** 
  32:source\asw/detector.c **** /*****************************************************************************/
  33:source\asw/detector.c **** /* Global variable definitions (declared in header file with 'extern')       */
  34:source\asw/detector.c **** /*****************************************************************************/
  35:source\asw/detector.c **** 
  36:source\asw/detector.c **** /*****************************************************************************/
  37:source\asw/detector.c **** /* Local type definitions ('typedef')                                        */
  38:source\asw/detector.c **** /*****************************************************************************/
  39:source\asw/detector.c **** 
  40:source\asw/detector.c **** /*****************************************************************************/
  41:source\asw/detector.c **** /* Local variable definitions ('static')                                     */
  42:source\asw/detector.c **** /*****************************************************************************/
  43:source\asw/detector.c **** 
  44:source\asw/detector.c **** /**
  45:source\asw/detector.c ****  * @brief Variable representing the clock frequency for the reaction game module.
  46:source\asw/detector.c ****  */
  47:source\asw/detector.c **** 
  48:source\asw/detector.c **** 
  49:source\asw/detector.c **** /*****************************************************************************/
  50:source\asw/detector.c **** /* Local function prototypes ('static')                                      */
  51:source\asw/detector.c **** /*****************************************************************************/
  52:source\asw/detector.c **** 
  53:source\asw/detector.c **** 
  54:source\asw/detector.c **** /*****************************************************************************/
  55:source\asw/detector.c **** /* Function implementation - global ('extern') and local ('static')          */
  56:source\asw/detector.c **** /*****************************************************************************/
  57:source\asw/detector.c **** 
  58:source\asw/detector.c **** // INIT all low level drivers
  59:source\asw/detector.c **** RC_t DETECTOR_initDrivers(){
  28              		.loc 1 59 0
  29              		.cfi_startproc
  30              		@ args = 0, pretend = 0, frame = 0
  31              		@ frame_needed = 0, uses_anonymous_args = 0
  32 0000 08B5     		push	{r3, lr}
  33              		.cfi_def_cfa_offset 8
  34              		.cfi_offset 3, -8
  35              		.cfi_offset 14, -4
  60:source\asw/detector.c ****     UART_init();
  36              		.loc 1 60 0
  37 0002 FFF7FEFF 		bl	UART_init
  38              	.LVL0:
  61:source\asw/detector.c ****     DMA_Init();
  39              		.loc 1 61 0
  40 0006 FFF7FEFF 		bl	DMA_Init
  41              	.LVL1:
  62:source\asw/detector.c ****     ADC_Init();
  42              		.loc 1 62 0
  43 000a FFF7FEFF 		bl	ADC_Init
  44              	.LVL2:
  63:source\asw/detector.c ****     DAC_Init();
  45              		.loc 1 63 0
  46 000e FFF7FEFF 		bl	DAC_Init
  47              	.LVL3:
  64:source\asw/detector.c ****     
  65:source\asw/detector.c ****     return RC_SUCCESS;
  66:source\asw/detector.c **** }
  48              		.loc 1 66 0
ARM GAS  C:\Users\zakis\AppData\Local\Temp\ccwBxJsh.s 			page 3


  49 0012 0020     		movs	r0, #0
  50 0014 08BD     		pop	{r3, pc}
  51              		.cfi_endproc
  52              	.LFE110:
  53              		.size	DETECTOR_initDrivers, .-DETECTOR_initDrivers
  54 0016 00BF     		.section	.text.DETECTOR_setLedState,"ax",%progbits
  55              		.align	2
  56              		.global	DETECTOR_setLedState
  57              		.thumb
  58              		.thumb_func
  59              		.type	DETECTOR_setLedState, %function
  60              	DETECTOR_setLedState:
  61              	.LFB112:
  67:source\asw/detector.c **** 
  68:source\asw/detector.c **** // Init Detector object attributes and drivers used by the object
  69:source\asw/detector.c **** RC_t DETECTOR_init(Detector_t* detector){
  70:source\asw/detector.c ****     DETECTOR_initDrivers();
  71:source\asw/detector.c ****     
  72:source\asw/detector.c ****     detector->detectorState = IDLE;
  73:source\asw/detector.c ****     DETECTOR_setLedState(IDLE);
  74:source\asw/detector.c ****     
  75:source\asw/detector.c ****     detector->numberOfTransfers = 0;
  76:source\asw/detector.c ****     detector->samplingFinished = FALSE;
  77:source\asw/detector.c ****     detector->readyToSend = FALSE;
  78:source\asw/detector.c ****     detector->memoryToUARTFinished = FALSE;
  79:source\asw/detector.c ****     
  80:source\asw/detector.c ****     return RC_SUCCESS;    
  81:source\asw/detector.c **** }
  82:source\asw/detector.c **** 
  83:source\asw/detector.c **** RC_t DETECTOR_setLedState(States_t state){
  62              		.loc 1 83 0
  63              		.cfi_startproc
  64              		@ args = 0, pretend = 0, frame = 0
  65              		@ frame_needed = 0, uses_anonymous_args = 0
  66              	.LVL4:
  67 0000 08B5     		push	{r3, lr}
  68              		.cfi_def_cfa_offset 8
  69              		.cfi_offset 3, -8
  70              		.cfi_offset 14, -4
  84:source\asw/detector.c ****     switch (state){
  71              		.loc 1 84 0
  72 0002 0128     		cmp	r0, #1
  73 0004 0CD0     		beq	.L5
  74 0006 10B1     		cbz	r0, .L6
  75 0008 0228     		cmp	r0, #2
  76 000a 12D0     		beq	.L7
  77 000c 19E0     		b	.L4
  78              	.L6:
  85:source\asw/detector.c ****         case (IDLE): {
  86:source\asw/detector.c ****             LED_Set(LED_ALL, LED_OFF);
  79              		.loc 1 86 0
  80 000e 0021     		movs	r1, #0
  81 0010 0320     		movs	r0, #3
  82              	.LVL5:
  83 0012 FFF7FEFF 		bl	LED_Set
  84              	.LVL6:
  87:source\asw/detector.c ****             LED_Set(LED_RED, LED_ON);
ARM GAS  C:\Users\zakis\AppData\Local\Temp\ccwBxJsh.s 			page 4


  85              		.loc 1 87 0
  86 0016 0121     		movs	r1, #1
  87 0018 0020     		movs	r0, #0
  88 001a FFF7FEFF 		bl	LED_Set
  89              	.LVL7:
  88:source\asw/detector.c ****         }
  89:source\asw/detector.c ****         break;
  90              		.loc 1 89 0
  91 001e 10E0     		b	.L4
  92              	.LVL8:
  93              	.L5:
  90:source\asw/detector.c ****         
  91:source\asw/detector.c ****         case (SAMPLING): {
  92:source\asw/detector.c ****             LED_Set(LED_ALL, LED_OFF);
  94              		.loc 1 92 0
  95 0020 0021     		movs	r1, #0
  96 0022 0320     		movs	r0, #3
  97              	.LVL9:
  98 0024 FFF7FEFF 		bl	LED_Set
  99              	.LVL10:
  93:source\asw/detector.c ****             LED_Set(LED_GREEN, LED_ON);
 100              		.loc 1 93 0
 101 0028 0121     		movs	r1, #1
 102 002a 0220     		movs	r0, #2
 103 002c FFF7FEFF 		bl	LED_Set
 104              	.LVL11:
  94:source\asw/detector.c ****         }
  95:source\asw/detector.c ****         break;
 105              		.loc 1 95 0
 106 0030 07E0     		b	.L4
 107              	.LVL12:
 108              	.L7:
  96:source\asw/detector.c ****         
  97:source\asw/detector.c ****         case (UART_TRANSFER): {
  98:source\asw/detector.c ****             LED_Set(LED_ALL, LED_OFF);
 109              		.loc 1 98 0
 110 0032 0021     		movs	r1, #0
 111 0034 0320     		movs	r0, #3
 112              	.LVL13:
 113 0036 FFF7FEFF 		bl	LED_Set
 114              	.LVL14:
  99:source\asw/detector.c ****             LED_Set(LED_ORANGE, LED_ON);
 115              		.loc 1 99 0
 116 003a 0121     		movs	r1, #1
 117 003c 0846     		mov	r0, r1
 118 003e FFF7FEFF 		bl	LED_Set
 119              	.LVL15:
 120              	.L4:
 100:source\asw/detector.c ****         }
 101:source\asw/detector.c ****         break;
 102:source\asw/detector.c ****     }
 103:source\asw/detector.c ****     
 104:source\asw/detector.c ****     return RC_SUCCESS;
 105:source\asw/detector.c **** }
 121              		.loc 1 105 0
 122 0042 0020     		movs	r0, #0
 123 0044 08BD     		pop	{r3, pc}
ARM GAS  C:\Users\zakis\AppData\Local\Temp\ccwBxJsh.s 			page 5


 124              		.cfi_endproc
 125              	.LFE112:
 126              		.size	DETECTOR_setLedState, .-DETECTOR_setLedState
 127 0046 00BF     		.section	.text.DETECTOR_init,"ax",%progbits
 128              		.align	2
 129              		.global	DETECTOR_init
 130              		.thumb
 131              		.thumb_func
 132              		.type	DETECTOR_init, %function
 133              	DETECTOR_init:
 134              	.LFB111:
  69:source\asw/detector.c ****     DETECTOR_initDrivers();
 135              		.loc 1 69 0
 136              		.cfi_startproc
 137              		@ args = 0, pretend = 0, frame = 0
 138              		@ frame_needed = 0, uses_anonymous_args = 0
 139              	.LVL16:
 140 0000 38B5     		push	{r3, r4, r5, lr}
 141              		.cfi_def_cfa_offset 16
 142              		.cfi_offset 3, -16
 143              		.cfi_offset 4, -12
 144              		.cfi_offset 5, -8
 145              		.cfi_offset 14, -4
 146 0002 0546     		mov	r5, r0
  70:source\asw/detector.c ****     
 147              		.loc 1 70 0
 148 0004 FFF7FEFF 		bl	DETECTOR_initDrivers
 149              	.LVL17:
  72:source\asw/detector.c ****     DETECTOR_setLedState(IDLE);
 150              		.loc 1 72 0
 151 0008 0024     		movs	r4, #0
 152 000a 2C70     		strb	r4, [r5]
  73:source\asw/detector.c ****     
 153              		.loc 1 73 0
 154 000c 2046     		mov	r0, r4
 155 000e FFF7FEFF 		bl	DETECTOR_setLedState
 156              	.LVL18:
  75:source\asw/detector.c ****     detector->samplingFinished = FALSE;
 157              		.loc 1 75 0
 158 0012 6C70     		strb	r4, [r5, #1]
  76:source\asw/detector.c ****     detector->readyToSend = FALSE;
 159              		.loc 1 76 0
 160 0014 AC70     		strb	r4, [r5, #2]
  77:source\asw/detector.c ****     detector->memoryToUARTFinished = FALSE;
 161              		.loc 1 77 0
 162 0016 EC70     		strb	r4, [r5, #3]
  78:source\asw/detector.c ****     
 163              		.loc 1 78 0
 164 0018 2C71     		strb	r4, [r5, #4]
  81:source\asw/detector.c **** 
 165              		.loc 1 81 0
 166 001a 2046     		mov	r0, r4
 167 001c 38BD     		pop	{r3, r4, r5, pc}
 168              		.cfi_endproc
 169              	.LFE111:
 170              		.size	DETECTOR_init, .-DETECTOR_init
 171 001e 00BF     		.section	.text.DETECTOR_processEvents,"ax",%progbits
ARM GAS  C:\Users\zakis\AppData\Local\Temp\ccwBxJsh.s 			page 6


 172              		.align	2
 173              		.global	DETECTOR_processEvents
 174              		.thumb
 175              		.thumb_func
 176              		.type	DETECTOR_processEvents, %function
 177              	DETECTOR_processEvents:
 178              	.LFB113:
 106:source\asw/detector.c **** 
 107:source\asw/detector.c **** // Process events as they get triggered based on a State Machine Architecture
 108:source\asw/detector.c **** RC_t DETECTOR_processEvents(Detector_t* detector, EventMaskType ev){
 179              		.loc 1 108 0
 180              		.cfi_startproc
 181              		@ args = 0, pretend = 0, frame = 0
 182              		@ frame_needed = 0, uses_anonymous_args = 0
 183              	.LVL19:
 184 0000 70B5     		push	{r4, r5, r6, lr}
 185              		.cfi_def_cfa_offset 16
 186              		.cfi_offset 4, -16
 187              		.cfi_offset 5, -12
 188              		.cfi_offset 6, -8
 189              		.cfi_offset 14, -4
 190 0002 0446     		mov	r4, r0
 191 0004 0D46     		mov	r5, r1
 109:source\asw/detector.c ****     
 110:source\asw/detector.c ****             switch (detector -> detectorState){
 192              		.loc 1 110 0
 193 0006 0378     		ldrb	r3, [r0]	@ zero_extendqisi2
 194 0008 012B     		cmp	r3, #1
 195 000a 15D0     		beq	.L13
 196 000c 13B1     		cbz	r3, .L14
 197 000e 022B     		cmp	r3, #2
 198 0010 59D0     		beq	.L15
 199 0012 79E0     		b	.L12
 200              	.L14:
 111:source\asw/detector.c ****             /*  IDLE states waits for the button to get pushed.
 112:source\asw/detector.c ****             *   
 113:source\asw/detector.c ****             *   ev_pushButton:          Triggered when button is pressed. The event turns ON the
 114:source\asw/detector.c ****             *                               ADC, DAC, and DMA modules and sampling is started and d
 115:source\asw/detector.c ****             *                               transferred from ADC output to a memory location with t
 116:source\asw/detector.c ****             *                               DMA module. State changes from IDLE to SAMPLING
 117:source\asw/detector.c ****             */
 118:source\asw/detector.c ****             case (IDLE):
 119:source\asw/detector.c ****             {   
 120:source\asw/detector.c ****                 if (ev & ev_pushButton){
 201              		.loc 1 120 0
 202 0014 11F0010F 		tst	r1, #1
 203 0018 76D0     		beq	.L12
 121:source\asw/detector.c ****   
 122:source\asw/detector.c ****                     DMA_Set(DMA_ADC_TO_MEMORY, DMA_ON);
 204              		.loc 1 122 0
 205 001a 0121     		movs	r1, #1
 206              	.LVL20:
 207 001c 0020     		movs	r0, #0
 208              	.LVL21:
 209 001e FFF7FEFF 		bl	DMA_Set
 210              	.LVL22:
 123:source\asw/detector.c ****                     DAC_Set(DAC_ON);
ARM GAS  C:\Users\zakis\AppData\Local\Temp\ccwBxJsh.s 			page 7


 211              		.loc 1 123 0
 212 0022 0120     		movs	r0, #1
 213 0024 FFF7FEFF 		bl	DAC_Set
 214              	.LVL23:
 124:source\asw/detector.c ****                     ADC_Set(ADC_ON);
 215              		.loc 1 124 0
 216 0028 0120     		movs	r0, #1
 217 002a FFF7FEFF 		bl	ADC_Set
 218              	.LVL24:
 125:source\asw/detector.c ****                     
 126:source\asw/detector.c ****                     detector -> detectorState = SAMPLING;
 219              		.loc 1 126 0
 220 002e 0120     		movs	r0, #1
 221 0030 2070     		strb	r0, [r4]
 127:source\asw/detector.c ****                     DETECTOR_setLedState(SAMPLING);
 222              		.loc 1 127 0
 223 0032 FFF7FEFF 		bl	DETECTOR_setLedState
 224              	.LVL25:
 225 0036 67E0     		b	.L12
 226              	.LVL26:
 227              	.L13:
 128:source\asw/detector.c ****                 }
 129:source\asw/detector.c ****             }
 130:source\asw/detector.c ****             break;
 131:source\asw/detector.c ****             
 132:source\asw/detector.c ****             /*  SAMPLING state waits continously samples the data and waits for a trigger character
 133:source\asw/detector.c ****             *   ev_sReceived:           Triggered when UART receives an 's'. Enables a flag to indi
 134:source\asw/detector.c ****             *                               can be sent 
 135:source\asw/detector.c ****             *   ev_samplingFinished:    Triggered when ADC finishes sampling. If external system is
 136:source\asw/detector.c ****             *                               existing data is discarded and another event is trigger
 137:source\asw/detector.c ****             *   ev_reSample:            Triggered when sampling needs to be restarted.
 138:source\asw/detector.c ****             *   ev_send:                Triggered when sampling is finished and external system is 
 139:source\asw/detector.c ****             *                               from SAMPLING to UART_TRANSFER 
 140:source\asw/detector.c ****             */
 141:source\asw/detector.c ****             case (SAMPLING):
 142:source\asw/detector.c ****             {
 143:source\asw/detector.c ****                 
 144:source\asw/detector.c ****                 if (ev & ev_sReceived){
 228              		.loc 1 144 0
 229 0038 11F0020F 		tst	r1, #2
 230 003c 01D0     		beq	.L16
 145:source\asw/detector.c ****                     detector -> readyToSend = TRUE;
 231              		.loc 1 145 0
 232 003e 0123     		movs	r3, #1
 233 0040 C370     		strb	r3, [r0, #3]
 234              	.L16:
 146:source\asw/detector.c ****                 }
 147:source\asw/detector.c ****                 if (ev & ev_samplingFinished){
 235              		.loc 1 147 0
 236 0042 15F0040F 		tst	r5, #4
 237 0046 22D0     		beq	.L17
 148:source\asw/detector.c ****                     if (detector -> readyToSend == FALSE){
 238              		.loc 1 148 0
 239 0048 E378     		ldrb	r3, [r4, #3]	@ zero_extendqisi2
 240 004a 6BB9     		cbnz	r3, .L18
 149:source\asw/detector.c **** 
 150:source\asw/detector.c ****                         DMA_Set(DMA_ADC_TO_MEMORY, DMA_OFF);
ARM GAS  C:\Users\zakis\AppData\Local\Temp\ccwBxJsh.s 			page 8


 241              		.loc 1 150 0
 242 004c 0021     		movs	r1, #0
 243              	.LVL27:
 244 004e 0846     		mov	r0, r1
 245              	.LVL28:
 246 0050 FFF7FEFF 		bl	DMA_Set
 247              	.LVL29:
 151:source\asw/detector.c ****                         DAC_Set(DAC_OFF);
 248              		.loc 1 151 0
 249 0054 0020     		movs	r0, #0
 250 0056 FFF7FEFF 		bl	DAC_Set
 251              	.LVL30:
 152:source\asw/detector.c ****                         ADC_Set(ADC_OFF);
 252              		.loc 1 152 0
 253 005a 0020     		movs	r0, #0
 254 005c FFF7FEFF 		bl	ADC_Set
 255              	.LVL31:
 153:source\asw/detector.c **** 
 154:source\asw/detector.c ****                         SetEvent(tsk_control, ev_reSample);
 256              		.loc 1 154 0
 257 0060 2021     		movs	r1, #32
 258 0062 0220     		movs	r0, #2
 259 0064 FFF7FEFF 		bl	EE_oo_SetEvent
 260              	.LVL32:
 261              	.L18:
 155:source\asw/detector.c ****                     }
 156:source\asw/detector.c ****                     if (detector ->readyToSend == TRUE){
 262              		.loc 1 156 0
 263 0068 E378     		ldrb	r3, [r4, #3]	@ zero_extendqisi2
 264 006a 012B     		cmp	r3, #1
 265 006c 0FD1     		bne	.L17
 157:source\asw/detector.c ****                             detector -> readyToSend = FALSE;
 266              		.loc 1 157 0
 267 006e 0026     		movs	r6, #0
 268 0070 E670     		strb	r6, [r4, #3]
 158:source\asw/detector.c ****                         
 159:source\asw/detector.c ****                             DMA_Set(DMA_ADC_TO_MEMORY, DMA_OFF);
 269              		.loc 1 159 0
 270 0072 3146     		mov	r1, r6
 271 0074 3046     		mov	r0, r6
 272 0076 FFF7FEFF 		bl	DMA_Set
 273              	.LVL33:
 160:source\asw/detector.c ****                             DAC_Set(DAC_OFF);
 274              		.loc 1 160 0
 275 007a 3046     		mov	r0, r6
 276 007c FFF7FEFF 		bl	DAC_Set
 277              	.LVL34:
 161:source\asw/detector.c ****                             ADC_Set(ADC_OFF);
 278              		.loc 1 161 0
 279 0080 3046     		mov	r0, r6
 280 0082 FFF7FEFF 		bl	ADC_Set
 281              	.LVL35:
 162:source\asw/detector.c ****                             
 163:source\asw/detector.c ****                             SetEvent(tsk_control, ev_send);
 282              		.loc 1 163 0
 283 0086 0821     		movs	r1, #8
 284 0088 0220     		movs	r0, #2
ARM GAS  C:\Users\zakis\AppData\Local\Temp\ccwBxJsh.s 			page 9


 285 008a FFF7FEFF 		bl	EE_oo_SetEvent
 286              	.LVL36:
 287              	.L17:
 164:source\asw/detector.c ****                         }
 165:source\asw/detector.c ****                 } 
 166:source\asw/detector.c ****                 if (ev & ev_reSample){
 288              		.loc 1 166 0
 289 008e 15F0200F 		tst	r5, #32
 290 0092 09D0     		beq	.L19
 167:source\asw/detector.c **** 
 168:source\asw/detector.c ****                     DMA_Set(DMA_ADC_TO_MEMORY, DMA_ON);
 291              		.loc 1 168 0
 292 0094 0121     		movs	r1, #1
 293 0096 0020     		movs	r0, #0
 294 0098 FFF7FEFF 		bl	DMA_Set
 295              	.LVL37:
 169:source\asw/detector.c ****                     DAC_Set(DAC_ON);
 296              		.loc 1 169 0
 297 009c 0120     		movs	r0, #1
 298 009e FFF7FEFF 		bl	DAC_Set
 299              	.LVL38:
 170:source\asw/detector.c ****                     ADC_Set(ADC_ON);
 300              		.loc 1 170 0
 301 00a2 0120     		movs	r0, #1
 302 00a4 FFF7FEFF 		bl	ADC_Set
 303              	.LVL39:
 304              	.L19:
 171:source\asw/detector.c ****                 }
 172:source\asw/detector.c ****                 if (ev & ev_send){
 305              		.loc 1 172 0
 306 00a8 15F0080F 		tst	r5, #8
 307 00ac 0BD0     		beq	.L15
 173:source\asw/detector.c ****                     
 174:source\asw/detector.c ****                     DMA_Set(DMA_ADC_TO_MEMORY, DMA_OFF);
 308              		.loc 1 174 0
 309 00ae 0021     		movs	r1, #0
 310 00b0 0846     		mov	r0, r1
 311 00b2 FFF7FEFF 		bl	DMA_Set
 312              	.LVL40:
 175:source\asw/detector.c ****                     DMA_Set(DMA_MEMORY_TO_UART, DMA_ON);
 313              		.loc 1 175 0
 314 00b6 0121     		movs	r1, #1
 315 00b8 0846     		mov	r0, r1
 316 00ba FFF7FEFF 		bl	DMA_Set
 317              	.LVL41:
 176:source\asw/detector.c ****                     detector -> detectorState = UART_TRANSFER;
 318              		.loc 1 176 0
 319 00be 0220     		movs	r0, #2
 320 00c0 2070     		strb	r0, [r4]
 177:source\asw/detector.c ****                     DETECTOR_setLedState(UART_TRANSFER);
 321              		.loc 1 177 0
 322 00c2 FFF7FEFF 		bl	DETECTOR_setLedState
 323              	.LVL42:
 324              	.L15:
 178:source\asw/detector.c ****                 }
 179:source\asw/detector.c ****             }
 180:source\asw/detector.c **** 
ARM GAS  C:\Users\zakis\AppData\Local\Temp\ccwBxJsh.s 			page 10


 181:source\asw/detector.c ****             /*  UART_TRANSFER state transfers the sampled data over UART and waits for a feedback
 182:source\asw/detector.c ****             *   ev_noSReceived:         Trigered when sampling needs to be started again
 183:source\asw/detector.c ****             *   ev_UARTOver:            Triggered when UART receives an 'o'. Marks end of transfer.
 184:source\asw/detector.c ****             *                               transfers < 10. Sampling starts again. If number of tra
 185:source\asw/detector.c ****             *                               is considered complete, and system waits for a button p
 186:source\asw/detector.c ****             *                               from UART_TRANSFER to IDLE.
 187:source\asw/detector.c ****             *    
 188:source\asw/detector.c **** 
 189:source\asw/detector.c ****             */
 190:source\asw/detector.c ****             case (UART_TRANSFER):
 191:source\asw/detector.c ****             {
 192:source\asw/detector.c ****                 if (ev & ev_oReceived){
 325              		.loc 1 192 0
 326 00c6 15F0100F 		tst	r5, #16
 327 00ca 1DD0     		beq	.L12
 193:source\asw/detector.c ****                     
 194:source\asw/detector.c ****                     DMA_Set(DMA_MEMORY_TO_UART, DMA_OFF);
 328              		.loc 1 194 0
 329 00cc 0021     		movs	r1, #0
 330 00ce 0120     		movs	r0, #1
 331 00d0 FFF7FEFF 		bl	DMA_Set
 332              	.LVL43:
 195:source\asw/detector.c ****                     
 196:source\asw/detector.c ****                     detector -> numberOfTransfers += 1;
 333              		.loc 1 196 0
 334 00d4 6378     		ldrb	r3, [r4, #1]	@ zero_extendqisi2
 335 00d6 0133     		adds	r3, r3, #1
 336 00d8 DBB2     		uxtb	r3, r3
 337 00da 6370     		strb	r3, [r4, #1]
 197:source\asw/detector.c ****                     if (detector -> numberOfTransfers < 10){
 338              		.loc 1 197 0
 339 00dc 092B     		cmp	r3, #9
 340 00de 08D8     		bhi	.L20
 198:source\asw/detector.c ****                         detector -> detectorState = SAMPLING;
 341              		.loc 1 198 0
 342 00e0 0120     		movs	r0, #1
 343 00e2 2070     		strb	r0, [r4]
 199:source\asw/detector.c ****                         DETECTOR_setLedState(SAMPLING);
 344              		.loc 1 199 0
 345 00e4 FFF7FEFF 		bl	DETECTOR_setLedState
 346              	.LVL44:
 200:source\asw/detector.c ****                         SetEvent(tsk_control, ev_reSample);
 347              		.loc 1 200 0
 348 00e8 2021     		movs	r1, #32
 349 00ea 0220     		movs	r0, #2
 350 00ec FFF7FEFF 		bl	EE_oo_SetEvent
 351              	.LVL45:
 352 00f0 0AE0     		b	.L12
 353              	.L20:
 201:source\asw/detector.c ****                     }
 202:source\asw/detector.c ****                     else if (detector -> numberOfTransfers == 10){
 354              		.loc 1 202 0
 355 00f2 0A2B     		cmp	r3, #10
 356 00f4 08D1     		bne	.L12
 203:source\asw/detector.c ****                         
 204:source\asw/detector.c ****                         detector -> detectorState = IDLE;
 357              		.loc 1 204 0
ARM GAS  C:\Users\zakis\AppData\Local\Temp\ccwBxJsh.s 			page 11


 358 00f6 0025     		movs	r5, #0
 359              	.LVL46:
 360 00f8 2570     		strb	r5, [r4]
 205:source\asw/detector.c ****                         DETECTOR_setLedState(IDLE);
 361              		.loc 1 205 0
 362 00fa 2846     		mov	r0, r5
 363 00fc FFF7FEFF 		bl	DETECTOR_setLedState
 364              	.LVL47:
 206:source\asw/detector.c ****                         detector -> numberOfTransfers = 0;
 365              		.loc 1 206 0
 366 0100 6570     		strb	r5, [r4, #1]
 207:source\asw/detector.c ****                         detector -> samplingFinished = FALSE;
 367              		.loc 1 207 0
 368 0102 A570     		strb	r5, [r4, #2]
 208:source\asw/detector.c ****                         detector ->readyToSend = FALSE;
 369              		.loc 1 208 0
 370 0104 E570     		strb	r5, [r4, #3]
 209:source\asw/detector.c ****                         detector ->memoryToUARTFinished = FALSE;
 371              		.loc 1 209 0
 372 0106 2571     		strb	r5, [r4, #4]
 373              	.L12:
 210:source\asw/detector.c ****                     }
 211:source\asw/detector.c ****                 }
 212:source\asw/detector.c ****             }
 213:source\asw/detector.c ****             break;
 214:source\asw/detector.c ****         
 215:source\asw/detector.c ****         }
 216:source\asw/detector.c ****     return RC_SUCCESS;
 217:source\asw/detector.c **** }...
 374              		.loc 1 217 0
 375 0108 0020     		movs	r0, #0
 376 010a 70BD     		pop	{r4, r5, r6, pc}
 377              		.cfi_endproc
 378              	.LFE113:
 379              		.size	DETECTOR_processEvents, .-DETECTOR_processEvents
 380              		.comm	DMA_MEM_UART_TD,1,4
 381              		.comm	DMA_MEM_UART_Chan,1,1
 382              		.comm	DMA_ADC_MEM_TD,1,4
 383              		.comm	DMA_ADC_MEM_Chan,1,1
 384              		.text
 385              	.Letext0:
 386              		.file 2 "c:\\program files (x86)\\cypress\\psoc creator\\4.4\\psoc creator\\import\\gnu\\arm\\5.4.
 387              		.file 3 "c:\\program files (x86)\\cypress\\psoc creator\\4.4\\psoc creator\\import\\gnu\\arm\\5.4.
 388              		.file 4 "Generated_Source\\PSoC5/ErikaOS_common_ee_types.inc"
 389              		.file 5 "Generated_Source\\PSoC5/ErikaOS_cortex_mx_ee_cpu.inc"
 390              		.file 6 "Generated_Source\\PSoC5/ErikaOS_ee_oo_common.inc"
 391              		.file 7 ".\\source\\bsw/global.h"
 392              		.file 8 ".\\source\\bsw/led.h"
 393              		.file 9 ".\\source\\bsw/dac_adc.h"
 394              		.file 10 "source\\asw\\detector.h"
 395              		.file 11 ".\\source\\bsw/dma.h"
 396              		.file 12 "Generated_Source\\PSoC5/ErikaOS_ee_oo_intfunc.inc"
 397              		.file 13 "Generated_Source\\PSoC5/ErikaOS_cortex_mx_ee_context.inc"
 398              		.file 14 "Generated_Source\\PSoC5/ErikaOS_common_ee_primitives.inc"
 399              		.file 15 "Generated_Source\\PSoC5/core_cm3.h"
 400              		.file 16 ".\\source\\bsw/uart.h"
 401              		.file 17 "Generated_Source\\PSoC5/ErikaOS_ee_oo_kernel.inc"
ARM GAS  C:\Users\zakis\AppData\Local\Temp\ccwBxJsh.s 			page 12


 402              		.section	.debug_info,"",%progbits
 403              	.Ldebug_info0:
 404 0000 3A070000 		.4byte	0x73a
 405 0004 0400     		.2byte	0x4
 406 0006 00000000 		.4byte	.Ldebug_abbrev0
 407 000a 04       		.byte	0x4
 408 000b 01       		.uleb128 0x1
 409 000c CA030000 		.4byte	.LASF106
 410 0010 0C       		.byte	0xc
 411 0011 B1020000 		.4byte	.LASF107
 412 0015 B0050000 		.4byte	.LASF108
 413 0019 00000000 		.4byte	.Ldebug_ranges0+0
 414 001d 00000000 		.4byte	0
 415 0021 00000000 		.4byte	.Ldebug_line0
 416 0025 02       		.uleb128 0x2
 417 0026 01       		.byte	0x1
 418 0027 06       		.byte	0x6
 419 0028 94010000 		.4byte	.LASF0
 420 002c 03       		.uleb128 0x3
 421 002d 8B060000 		.4byte	.LASF4
 422 0031 02       		.byte	0x2
 423 0032 1D       		.byte	0x1d
 424 0033 37000000 		.4byte	0x37
 425 0037 02       		.uleb128 0x2
 426 0038 01       		.byte	0x1
 427 0039 08       		.byte	0x8
 428 003a EC020000 		.4byte	.LASF1
 429 003e 02       		.uleb128 0x2
 430 003f 02       		.byte	0x2
 431 0040 05       		.byte	0x5
 432 0041 68000000 		.4byte	.LASF2
 433 0045 02       		.uleb128 0x2
 434 0046 02       		.byte	0x2
 435 0047 07       		.byte	0x7
 436 0048 A2030000 		.4byte	.LASF3
 437 004c 03       		.uleb128 0x3
 438 004d 43050000 		.4byte	.LASF5
 439 0051 02       		.byte	0x2
 440 0052 3F       		.byte	0x3f
 441 0053 57000000 		.4byte	0x57
 442 0057 02       		.uleb128 0x2
 443 0058 04       		.byte	0x4
 444 0059 05       		.byte	0x5
 445 005a 1B020000 		.4byte	.LASF6
 446 005e 02       		.uleb128 0x2
 447 005f 04       		.byte	0x4
 448 0060 07       		.byte	0x7
 449 0061 E2040000 		.4byte	.LASF7
 450 0065 02       		.uleb128 0x2
 451 0066 08       		.byte	0x8
 452 0067 05       		.byte	0x5
 453 0068 D8010000 		.4byte	.LASF8
 454 006c 02       		.uleb128 0x2
 455 006d 08       		.byte	0x8
 456 006e 07       		.byte	0x7
 457 006f 11030000 		.4byte	.LASF9
 458 0073 04       		.uleb128 0x4
ARM GAS  C:\Users\zakis\AppData\Local\Temp\ccwBxJsh.s 			page 13


 459 0074 04       		.byte	0x4
 460 0075 05       		.byte	0x5
 461 0076 696E7400 		.ascii	"int\000"
 462 007a 02       		.uleb128 0x2
 463 007b 04       		.byte	0x4
 464 007c 07       		.byte	0x7
 465 007d 2F030000 		.4byte	.LASF10
 466 0081 03       		.uleb128 0x3
 467 0082 27010000 		.4byte	.LASF11
 468 0086 03       		.byte	0x3
 469 0087 18       		.byte	0x18
 470 0088 2C000000 		.4byte	0x2c
 471 008c 03       		.uleb128 0x3
 472 008d 8E040000 		.4byte	.LASF12
 473 0091 03       		.byte	0x3
 474 0092 2C       		.byte	0x2c
 475 0093 4C000000 		.4byte	0x4c
 476 0097 02       		.uleb128 0x2
 477 0098 04       		.byte	0x4
 478 0099 04       		.byte	0x4
 479 009a A0010000 		.4byte	.LASF13
 480 009e 02       		.uleb128 0x2
 481 009f 08       		.byte	0x8
 482 00a0 04       		.byte	0x4
 483 00a1 F4040000 		.4byte	.LASF14
 484 00a5 02       		.uleb128 0x2
 485 00a6 01       		.byte	0x1
 486 00a7 08       		.byte	0x8
 487 00a8 58040000 		.4byte	.LASF15
 488 00ac 02       		.uleb128 0x2
 489 00ad 08       		.byte	0x8
 490 00ae 04       		.byte	0x4
 491 00af E0020000 		.4byte	.LASF16
 492 00b3 03       		.uleb128 0x3
 493 00b4 89030000 		.4byte	.LASF17
 494 00b8 04       		.byte	0x4
 495 00b9 53       		.byte	0x53
 496 00ba 73000000 		.4byte	0x73
 497 00be 03       		.uleb128 0x3
 498 00bf F9000000 		.4byte	.LASF18
 499 00c3 04       		.byte	0x4
 500 00c4 54       		.byte	0x54
 501 00c5 7A000000 		.4byte	0x7a
 502 00c9 03       		.uleb128 0x3
 503 00ca 16050000 		.4byte	.LASF19
 504 00ce 05       		.byte	0x5
 505 00cf 4D       		.byte	0x4d
 506 00d0 BE000000 		.4byte	0xbe
 507 00d4 03       		.uleb128 0x3
 508 00d5 DD000000 		.4byte	.LASF20
 509 00d9 05       		.byte	0x5
 510 00da 4F       		.byte	0x4f
 511 00db BE000000 		.4byte	0xbe
 512 00df 03       		.uleb128 0x3
 513 00e0 03010000 		.4byte	.LASF21
 514 00e4 05       		.byte	0x5
 515 00e5 78       		.byte	0x78
ARM GAS  C:\Users\zakis\AppData\Local\Temp\ccwBxJsh.s 			page 14


 516 00e6 B3000000 		.4byte	0xb3
 517 00ea 05       		.uleb128 0x5
 518 00eb 08000000 		.4byte	.LASF22
 519 00ef 06       		.byte	0x6
 520 00f0 2C02     		.2byte	0x22c
 521 00f2 C9000000 		.4byte	0xc9
 522 00f6 02       		.uleb128 0x2
 523 00f7 04       		.byte	0x4
 524 00f8 07       		.byte	0x7
 525 00f9 85050000 		.4byte	.LASF23
 526 00fd 03       		.uleb128 0x3
 527 00fe A7020000 		.4byte	.LASF24
 528 0102 07       		.byte	0x7
 529 0103 9C       		.byte	0x9c
 530 0104 37000000 		.4byte	0x37
 531 0108 06       		.uleb128 0x6
 532 0109 01       		.byte	0x1
 533 010a 25000000 		.4byte	0x25
 534 010e 07       		.byte	0x7
 535 010f CF       		.byte	0xcf
 536 0110 B1010000 		.4byte	0x1b1
 537 0114 07       		.uleb128 0x7
 538 0115 29000000 		.4byte	.LASF25
 539 0119 00       		.byte	0
 540 011a 08       		.uleb128 0x8
 541 011b 4E060000 		.4byte	.LASF26
 542 011f 7F       		.sleb128 -1
 543 0120 08       		.uleb128 0x8
 544 0121 65030000 		.4byte	.LASF27
 545 0125 7E       		.sleb128 -2
 546 0126 08       		.uleb128 0x8
 547 0127 CF000000 		.4byte	.LASF28
 548 012b 7D       		.sleb128 -3
 549 012c 08       		.uleb128 0x8
 550 012d 69040000 		.4byte	.LASF29
 551 0131 7C       		.sleb128 -4
 552 0132 08       		.uleb128 0x8
 553 0133 26050000 		.4byte	.LASF30
 554 0137 7B       		.sleb128 -5
 555 0138 08       		.uleb128 0x8
 556 0139 72000000 		.4byte	.LASF31
 557 013d 7A       		.sleb128 -6
 558 013e 08       		.uleb128 0x8
 559 013f 24020000 		.4byte	.LASF32
 560 0143 79       		.sleb128 -7
 561 0144 08       		.uleb128 0x8
 562 0145 79040000 		.4byte	.LASF33
 563 0149 78       		.sleb128 -8
 564 014a 08       		.uleb128 0x8
 565 014b 73030000 		.4byte	.LASF34
 566 014f 77       		.sleb128 -9
 567 0150 08       		.uleb128 0x8
 568 0151 54020000 		.4byte	.LASF35
 569 0155 76       		.sleb128 -10
 570 0156 08       		.uleb128 0x8
 571 0157 AA060000 		.4byte	.LASF36
 572 015b 75       		.sleb128 -11
ARM GAS  C:\Users\zakis\AppData\Local\Temp\ccwBxJsh.s 			page 15


 573 015c 08       		.uleb128 0x8
 574 015d 3C030000 		.4byte	.LASF37
 575 0161 74       		.sleb128 -12
 576 0162 08       		.uleb128 0x8
 577 0163 04050000 		.4byte	.LASF38
 578 0167 73       		.sleb128 -13
 579 0168 08       		.uleb128 0x8
 580 0169 16000000 		.4byte	.LASF39
 581 016d 72       		.sleb128 -14
 582 016e 08       		.uleb128 0x8
 583 016f 54000000 		.4byte	.LASF40
 584 0173 71       		.sleb128 -15
 585 0174 08       		.uleb128 0x8
 586 0175 79020000 		.4byte	.LASF41
 587 0179 70       		.sleb128 -16
 588 017a 08       		.uleb128 0x8
 589 017b E5000000 		.4byte	.LASF42
 590 017f 6F       		.sleb128 -17
 591 0180 08       		.uleb128 0x8
 592 0181 83000000 		.4byte	.LASF43
 593 0185 6E       		.sleb128 -18
 594 0186 08       		.uleb128 0x8
 595 0187 F7010000 		.4byte	.LASF44
 596 018b 6D       		.sleb128 -19
 597 018c 08       		.uleb128 0x8
 598 018d A8040000 		.4byte	.LASF45
 599 0191 6C       		.sleb128 -20
 600 0192 08       		.uleb128 0x8
 601 0193 95020000 		.4byte	.LASF46
 602 0197 6B       		.sleb128 -21
 603 0198 08       		.uleb128 0x8
 604 0199 8E050000 		.4byte	.LASF47
 605 019d 6A       		.sleb128 -22
 606 019e 08       		.uleb128 0x8
 607 019f 2F010000 		.4byte	.LASF48
 608 01a3 69       		.sleb128 -23
 609 01a4 08       		.uleb128 0x8
 610 01a5 0A020000 		.4byte	.LASF49
 611 01a9 68       		.sleb128 -24
 612 01aa 08       		.uleb128 0x8
 613 01ab BF010000 		.4byte	.LASF50
 614 01af 67       		.sleb128 -25
 615 01b0 00       		.byte	0
 616 01b1 03       		.uleb128 0x3
 617 01b2 01030000 		.4byte	.LASF51
 618 01b6 07       		.byte	0x7
 619 01b7 EA       		.byte	0xea
 620 01b8 08010000 		.4byte	0x108
 621 01bc 09       		.uleb128 0x9
 622 01bd E6010000 		.4byte	.LASF56
 623 01c1 01       		.byte	0x1
 624 01c2 37000000 		.4byte	0x37
 625 01c6 08       		.byte	0x8
 626 01c7 5A       		.byte	0x5a
 627 01c8 E5010000 		.4byte	0x1e5
 628 01cc 07       		.uleb128 0x7
 629 01cd 57060000 		.4byte	.LASF52
ARM GAS  C:\Users\zakis\AppData\Local\Temp\ccwBxJsh.s 			page 16


 630 01d1 00       		.byte	0
 631 01d2 07       		.uleb128 0x7
 632 01d3 8A020000 		.4byte	.LASF53
 633 01d7 01       		.byte	0x1
 634 01d8 07       		.uleb128 0x7
 635 01d9 BB040000 		.4byte	.LASF54
 636 01dd 02       		.byte	0x2
 637 01de 07       		.uleb128 0x7
 638 01df 1E050000 		.4byte	.LASF55
 639 01e3 03       		.byte	0x3
 640 01e4 00       		.byte	0
 641 01e5 09       		.uleb128 0x9
 642 01e6 1C010000 		.4byte	.LASF57
 643 01ea 01       		.byte	0x1
 644 01eb 37000000 		.4byte	0x37
 645 01ef 08       		.byte	0x8
 646 01f0 62       		.byte	0x62
 647 01f1 02020000 		.4byte	0x202
 648 01f5 07       		.uleb128 0x7
 649 01f6 52030000 		.4byte	.LASF58
 650 01fa 00       		.byte	0
 651 01fb 07       		.uleb128 0x7
 652 01fc 28030000 		.4byte	.LASF59
 653 0200 01       		.byte	0x1
 654 0201 00       		.byte	0
 655 0202 09       		.uleb128 0x9
 656 0203 06030000 		.4byte	.LASF60
 657 0207 01       		.byte	0x1
 658 0208 37000000 		.4byte	0x37
 659 020c 09       		.byte	0x9
 660 020d 50       		.byte	0x50
 661 020e 1F020000 		.4byte	0x21f
 662 0212 07       		.uleb128 0x7
 663 0213 A8050000 		.4byte	.LASF61
 664 0217 00       		.byte	0
 665 0218 07       		.uleb128 0x7
 666 0219 7E050000 		.4byte	.LASF62
 667 021d 01       		.byte	0x1
 668 021e 00       		.byte	0
 669 021f 09       		.uleb128 0x9
 670 0220 80060000 		.4byte	.LASF63
 671 0224 01       		.byte	0x1
 672 0225 37000000 		.4byte	0x37
 673 0229 09       		.byte	0x9
 674 022a 56       		.byte	0x56
 675 022b 3C020000 		.4byte	0x23c
 676 022f 07       		.uleb128 0x7
 677 0230 59010000 		.4byte	.LASF64
 678 0234 00       		.byte	0
 679 0235 07       		.uleb128 0x7
 680 0236 FA020000 		.4byte	.LASF65
 681 023a 01       		.byte	0x1
 682 023b 00       		.byte	0
 683 023c 06       		.uleb128 0x6
 684 023d 01       		.byte	0x1
 685 023e 37000000 		.4byte	0x37
 686 0242 0A       		.byte	0xa
ARM GAS  C:\Users\zakis\AppData\Local\Temp\ccwBxJsh.s 			page 17


 687 0243 3A       		.byte	0x3a
 688 0244 5B020000 		.4byte	0x25b
 689 0248 07       		.uleb128 0x7
 690 0249 76010000 		.4byte	.LASF66
 691 024d 00       		.byte	0
 692 024e 07       		.uleb128 0x7
 693 024f EE010000 		.4byte	.LASF67
 694 0253 01       		.byte	0x1
 695 0254 07       		.uleb128 0x7
 696 0255 67050000 		.4byte	.LASF68
 697 0259 02       		.byte	0x2
 698 025a 00       		.byte	0
 699 025b 03       		.uleb128 0x3
 700 025c 4D050000 		.4byte	.LASF69
 701 0260 0A       		.byte	0xa
 702 0261 3E       		.byte	0x3e
 703 0262 3C020000 		.4byte	0x23c
 704 0266 0A       		.uleb128 0xa
 705 0267 46010000 		.4byte	.LASF75
 706 026b 05       		.byte	0x5
 707 026c 0A       		.byte	0xa
 708 026d 43       		.byte	0x43
 709 026e AF020000 		.4byte	0x2af
 710 0272 0B       		.uleb128 0xb
 711 0273 35050000 		.4byte	.LASF70
 712 0277 0A       		.byte	0xa
 713 0278 44       		.byte	0x44
 714 0279 5B020000 		.4byte	0x25b
 715 027d 00       		.byte	0
 716 027e 0B       		.uleb128 0xb
 717 027f 96040000 		.4byte	.LASF71
 718 0283 0A       		.byte	0xa
 719 0284 45       		.byte	0x45
 720 0285 81000000 		.4byte	0x81
 721 0289 01       		.byte	0x1
 722 028a 0B       		.uleb128 0xb
 723 028b 56050000 		.4byte	.LASF72
 724 028f 0A       		.byte	0xa
 725 0290 47       		.byte	0x47
 726 0291 FD000000 		.4byte	0xfd
 727 0295 02       		.byte	0x2
 728 0296 0B       		.uleb128 0xb
 729 0297 5D040000 		.4byte	.LASF73
 730 029b 0A       		.byte	0xa
 731 029c 48       		.byte	0x48
 732 029d FD000000 		.4byte	0xfd
 733 02a1 03       		.byte	0x3
 734 02a2 0B       		.uleb128 0xb
 735 02a3 95060000 		.4byte	.LASF74
 736 02a7 0A       		.byte	0xa
 737 02a8 49       		.byte	0x49
 738 02a9 FD000000 		.4byte	0xfd
 739 02ad 04       		.byte	0x4
 740 02ae 00       		.byte	0
 741 02af 03       		.uleb128 0x3
 742 02b0 46010000 		.4byte	.LASF75
 743 02b4 0A       		.byte	0xa
ARM GAS  C:\Users\zakis\AppData\Local\Temp\ccwBxJsh.s 			page 18


 744 02b5 4A       		.byte	0x4a
 745 02b6 66020000 		.4byte	0x266
 746 02ba 09       		.uleb128 0x9
 747 02bb A7000000 		.4byte	.LASF76
 748 02bf 01       		.byte	0x1
 749 02c0 37000000 		.4byte	0x37
 750 02c4 0B       		.byte	0xb
 751 02c5 52       		.byte	0x52
 752 02c6 D7020000 		.4byte	0x2d7
 753 02ca 07       		.uleb128 0x7
 754 02cb AF000000 		.4byte	.LASF77
 755 02cf 00       		.byte	0
 756 02d0 07       		.uleb128 0x7
 757 02d1 CD020000 		.4byte	.LASF78
 758 02d5 01       		.byte	0x1
 759 02d6 00       		.byte	0
 760 02d7 09       		.uleb128 0x9
 761 02d8 5A030000 		.4byte	.LASF79
 762 02dc 01       		.byte	0x1
 763 02dd 37000000 		.4byte	0x37
 764 02e1 0B       		.byte	0xb
 765 02e2 58       		.byte	0x58
 766 02e3 F4020000 		.4byte	0x2f4
 767 02e7 07       		.uleb128 0x7
 768 02e8 9F000000 		.4byte	.LASF80
 769 02ec 00       		.byte	0
 770 02ed 07       		.uleb128 0x7
 771 02ee 98000000 		.4byte	.LASF81
 772 02f2 01       		.byte	0x1
 773 02f3 00       		.byte	0
 774 02f4 0C       		.uleb128 0xc
 775 02f5 B5030000 		.4byte	.LASF109
 776 02f9 01       		.byte	0x1
 777 02fa 3B       		.byte	0x3b
 778 02fb B1010000 		.4byte	0x1b1
 779 02ff 00000000 		.4byte	.LFB110
 780 0303 16000000 		.4byte	.LFE110-.LFB110
 781 0307 01       		.uleb128 0x1
 782 0308 9C       		.byte	0x9c
 783 0309 32030000 		.4byte	0x332
 784 030d 0D       		.uleb128 0xd
 785 030e 06000000 		.4byte	.LVL0
 786 0312 D9060000 		.4byte	0x6d9
 787 0316 0D       		.uleb128 0xd
 788 0317 0A000000 		.4byte	.LVL1
 789 031b E4060000 		.4byte	0x6e4
 790 031f 0D       		.uleb128 0xd
 791 0320 0E000000 		.4byte	.LVL2
 792 0324 EF060000 		.4byte	0x6ef
 793 0328 0D       		.uleb128 0xd
 794 0329 12000000 		.4byte	.LVL3
 795 032d FA060000 		.4byte	0x6fa
 796 0331 00       		.byte	0
 797 0332 0E       		.uleb128 0xe
 798 0333 36020000 		.4byte	.LASF82
 799 0337 01       		.byte	0x1
 800 0338 53       		.byte	0x53
ARM GAS  C:\Users\zakis\AppData\Local\Temp\ccwBxJsh.s 			page 19


 801 0339 B1010000 		.4byte	0x1b1
 802 033d 00000000 		.4byte	.LFB112
 803 0341 46000000 		.4byte	.LFE112-.LFB112
 804 0345 01       		.uleb128 0x1
 805 0346 9C       		.byte	0x9c
 806 0347 E7030000 		.4byte	0x3e7
 807 034b 0F       		.uleb128 0xf
 808 034c C7020000 		.4byte	.LASF84
 809 0350 01       		.byte	0x1
 810 0351 53       		.byte	0x53
 811 0352 5B020000 		.4byte	0x25b
 812 0356 00000000 		.4byte	.LLST0
 813 035a 10       		.uleb128 0x10
 814 035b 16000000 		.4byte	.LVL6
 815 035f 05070000 		.4byte	0x705
 816 0363 72030000 		.4byte	0x372
 817 0367 11       		.uleb128 0x11
 818 0368 01       		.uleb128 0x1
 819 0369 50       		.byte	0x50
 820 036a 01       		.uleb128 0x1
 821 036b 33       		.byte	0x33
 822 036c 11       		.uleb128 0x11
 823 036d 01       		.uleb128 0x1
 824 036e 51       		.byte	0x51
 825 036f 01       		.uleb128 0x1
 826 0370 30       		.byte	0x30
 827 0371 00       		.byte	0
 828 0372 10       		.uleb128 0x10
 829 0373 1E000000 		.4byte	.LVL7
 830 0377 05070000 		.4byte	0x705
 831 037b 8A030000 		.4byte	0x38a
 832 037f 11       		.uleb128 0x11
 833 0380 01       		.uleb128 0x1
 834 0381 50       		.byte	0x50
 835 0382 01       		.uleb128 0x1
 836 0383 30       		.byte	0x30
 837 0384 11       		.uleb128 0x11
 838 0385 01       		.uleb128 0x1
 839 0386 51       		.byte	0x51
 840 0387 01       		.uleb128 0x1
 841 0388 31       		.byte	0x31
 842 0389 00       		.byte	0
 843 038a 10       		.uleb128 0x10
 844 038b 28000000 		.4byte	.LVL10
 845 038f 05070000 		.4byte	0x705
 846 0393 A2030000 		.4byte	0x3a2
 847 0397 11       		.uleb128 0x11
 848 0398 01       		.uleb128 0x1
 849 0399 50       		.byte	0x50
 850 039a 01       		.uleb128 0x1
 851 039b 33       		.byte	0x33
 852 039c 11       		.uleb128 0x11
 853 039d 01       		.uleb128 0x1
 854 039e 51       		.byte	0x51
 855 039f 01       		.uleb128 0x1
 856 03a0 30       		.byte	0x30
 857 03a1 00       		.byte	0
ARM GAS  C:\Users\zakis\AppData\Local\Temp\ccwBxJsh.s 			page 20


 858 03a2 10       		.uleb128 0x10
 859 03a3 30000000 		.4byte	.LVL11
 860 03a7 05070000 		.4byte	0x705
 861 03ab BA030000 		.4byte	0x3ba
 862 03af 11       		.uleb128 0x11
 863 03b0 01       		.uleb128 0x1
 864 03b1 50       		.byte	0x50
 865 03b2 01       		.uleb128 0x1
 866 03b3 32       		.byte	0x32
 867 03b4 11       		.uleb128 0x11
 868 03b5 01       		.uleb128 0x1
 869 03b6 51       		.byte	0x51
 870 03b7 01       		.uleb128 0x1
 871 03b8 31       		.byte	0x31
 872 03b9 00       		.byte	0
 873 03ba 10       		.uleb128 0x10
 874 03bb 3A000000 		.4byte	.LVL14
 875 03bf 05070000 		.4byte	0x705
 876 03c3 D2030000 		.4byte	0x3d2
 877 03c7 11       		.uleb128 0x11
 878 03c8 01       		.uleb128 0x1
 879 03c9 50       		.byte	0x50
 880 03ca 01       		.uleb128 0x1
 881 03cb 33       		.byte	0x33
 882 03cc 11       		.uleb128 0x11
 883 03cd 01       		.uleb128 0x1
 884 03ce 51       		.byte	0x51
 885 03cf 01       		.uleb128 0x1
 886 03d0 30       		.byte	0x30
 887 03d1 00       		.byte	0
 888 03d2 12       		.uleb128 0x12
 889 03d3 42000000 		.4byte	.LVL15
 890 03d7 05070000 		.4byte	0x705
 891 03db 11       		.uleb128 0x11
 892 03dc 01       		.uleb128 0x1
 893 03dd 50       		.byte	0x50
 894 03de 01       		.uleb128 0x1
 895 03df 31       		.byte	0x31
 896 03e0 11       		.uleb128 0x11
 897 03e1 01       		.uleb128 0x1
 898 03e2 51       		.byte	0x51
 899 03e3 01       		.uleb128 0x1
 900 03e4 31       		.byte	0x31
 901 03e5 00       		.byte	0
 902 03e6 00       		.byte	0
 903 03e7 0E       		.uleb128 0xe
 904 03e8 C1000000 		.4byte	.LASF83
 905 03ec 01       		.byte	0x1
 906 03ed 45       		.byte	0x45
 907 03ee B1010000 		.4byte	0x1b1
 908 03f2 00000000 		.4byte	.LFB111
 909 03f6 1E000000 		.4byte	.LFE111-.LFB111
 910 03fa 01       		.uleb128 0x1
 911 03fb 9C       		.byte	0x9c
 912 03fc 29040000 		.4byte	0x429
 913 0400 0F       		.uleb128 0xf
 914 0401 FB040000 		.4byte	.LASF85
ARM GAS  C:\Users\zakis\AppData\Local\Temp\ccwBxJsh.s 			page 21


 915 0405 01       		.byte	0x1
 916 0406 45       		.byte	0x45
 917 0407 29040000 		.4byte	0x429
 918 040b 53000000 		.4byte	.LLST1
 919 040f 0D       		.uleb128 0xd
 920 0410 08000000 		.4byte	.LVL17
 921 0414 F4020000 		.4byte	0x2f4
 922 0418 12       		.uleb128 0x12
 923 0419 12000000 		.4byte	.LVL18
 924 041d 32030000 		.4byte	0x332
 925 0421 11       		.uleb128 0x11
 926 0422 01       		.uleb128 0x1
 927 0423 50       		.byte	0x50
 928 0424 02       		.uleb128 0x2
 929 0425 74       		.byte	0x74
 930 0426 00       		.sleb128 0
 931 0427 00       		.byte	0
 932 0428 00       		.byte	0
 933 0429 13       		.uleb128 0x13
 934 042a 04       		.byte	0x4
 935 042b AF020000 		.4byte	0x2af
 936 042f 0E       		.uleb128 0xe
 937 0430 62020000 		.4byte	.LASF86
 938 0434 01       		.byte	0x1
 939 0435 6C       		.byte	0x6c
 940 0436 B1010000 		.4byte	0x1b1
 941 043a 00000000 		.4byte	.LFB113
 942 043e 0C010000 		.4byte	.LFE113-.LFB113
 943 0442 01       		.uleb128 0x1
 944 0443 9C       		.byte	0x9c
 945 0444 3D060000 		.4byte	0x63d
 946 0448 0F       		.uleb128 0xf
 947 0449 FB040000 		.4byte	.LASF85
 948 044d 01       		.byte	0x1
 949 044e 6C       		.byte	0x6c
 950 044f 29040000 		.4byte	0x429
 951 0453 71000000 		.4byte	.LLST2
 952 0457 14       		.uleb128 0x14
 953 0458 657600   		.ascii	"ev\000"
 954 045b 01       		.byte	0x1
 955 045c 6C       		.byte	0x6c
 956 045d EA000000 		.4byte	0xea
 957 0461 A5000000 		.4byte	.LLST3
 958 0465 10       		.uleb128 0x10
 959 0466 22000000 		.4byte	.LVL22
 960 046a 10070000 		.4byte	0x710
 961 046e 7D040000 		.4byte	0x47d
 962 0472 11       		.uleb128 0x11
 963 0473 01       		.uleb128 0x1
 964 0474 50       		.byte	0x50
 965 0475 01       		.uleb128 0x1
 966 0476 30       		.byte	0x30
 967 0477 11       		.uleb128 0x11
 968 0478 01       		.uleb128 0x1
 969 0479 51       		.byte	0x51
 970 047a 01       		.uleb128 0x1
 971 047b 31       		.byte	0x31
ARM GAS  C:\Users\zakis\AppData\Local\Temp\ccwBxJsh.s 			page 22


 972 047c 00       		.byte	0
 973 047d 10       		.uleb128 0x10
 974 047e 28000000 		.4byte	.LVL23
 975 0482 1B070000 		.4byte	0x71b
 976 0486 90040000 		.4byte	0x490
 977 048a 11       		.uleb128 0x11
 978 048b 01       		.uleb128 0x1
 979 048c 50       		.byte	0x50
 980 048d 01       		.uleb128 0x1
 981 048e 31       		.byte	0x31
 982 048f 00       		.byte	0
 983 0490 10       		.uleb128 0x10
 984 0491 2E000000 		.4byte	.LVL24
 985 0495 26070000 		.4byte	0x726
 986 0499 A3040000 		.4byte	0x4a3
 987 049d 11       		.uleb128 0x11
 988 049e 01       		.uleb128 0x1
 989 049f 50       		.byte	0x50
 990 04a0 01       		.uleb128 0x1
 991 04a1 31       		.byte	0x31
 992 04a2 00       		.byte	0
 993 04a3 10       		.uleb128 0x10
 994 04a4 36000000 		.4byte	.LVL25
 995 04a8 32030000 		.4byte	0x332
 996 04ac B6040000 		.4byte	0x4b6
 997 04b0 11       		.uleb128 0x11
 998 04b1 01       		.uleb128 0x1
 999 04b2 50       		.byte	0x50
 1000 04b3 01       		.uleb128 0x1
 1001 04b4 31       		.byte	0x31
 1002 04b5 00       		.byte	0
 1003 04b6 10       		.uleb128 0x10
 1004 04b7 54000000 		.4byte	.LVL29
 1005 04bb 10070000 		.4byte	0x710
 1006 04bf CE040000 		.4byte	0x4ce
 1007 04c3 11       		.uleb128 0x11
 1008 04c4 01       		.uleb128 0x1
 1009 04c5 50       		.byte	0x50
 1010 04c6 01       		.uleb128 0x1
 1011 04c7 30       		.byte	0x30
 1012 04c8 11       		.uleb128 0x11
 1013 04c9 01       		.uleb128 0x1
 1014 04ca 51       		.byte	0x51
 1015 04cb 01       		.uleb128 0x1
 1016 04cc 30       		.byte	0x30
 1017 04cd 00       		.byte	0
 1018 04ce 10       		.uleb128 0x10
 1019 04cf 5A000000 		.4byte	.LVL30
 1020 04d3 1B070000 		.4byte	0x71b
 1021 04d7 E1040000 		.4byte	0x4e1
 1022 04db 11       		.uleb128 0x11
 1023 04dc 01       		.uleb128 0x1
 1024 04dd 50       		.byte	0x50
 1025 04de 01       		.uleb128 0x1
 1026 04df 30       		.byte	0x30
 1027 04e0 00       		.byte	0
 1028 04e1 10       		.uleb128 0x10
ARM GAS  C:\Users\zakis\AppData\Local\Temp\ccwBxJsh.s 			page 23


 1029 04e2 60000000 		.4byte	.LVL31
 1030 04e6 26070000 		.4byte	0x726
 1031 04ea F4040000 		.4byte	0x4f4
 1032 04ee 11       		.uleb128 0x11
 1033 04ef 01       		.uleb128 0x1
 1034 04f0 50       		.byte	0x50
 1035 04f1 01       		.uleb128 0x1
 1036 04f2 30       		.byte	0x30
 1037 04f3 00       		.byte	0
 1038 04f4 10       		.uleb128 0x10
 1039 04f5 68000000 		.4byte	.LVL32
 1040 04f9 31070000 		.4byte	0x731
 1041 04fd 0D050000 		.4byte	0x50d
 1042 0501 11       		.uleb128 0x11
 1043 0502 01       		.uleb128 0x1
 1044 0503 50       		.byte	0x50
 1045 0504 01       		.uleb128 0x1
 1046 0505 32       		.byte	0x32
 1047 0506 11       		.uleb128 0x11
 1048 0507 01       		.uleb128 0x1
 1049 0508 51       		.byte	0x51
 1050 0509 02       		.uleb128 0x2
 1051 050a 08       		.byte	0x8
 1052 050b 20       		.byte	0x20
 1053 050c 00       		.byte	0
 1054 050d 10       		.uleb128 0x10
 1055 050e 7A000000 		.4byte	.LVL33
 1056 0512 10070000 		.4byte	0x710
 1057 0516 27050000 		.4byte	0x527
 1058 051a 11       		.uleb128 0x11
 1059 051b 01       		.uleb128 0x1
 1060 051c 50       		.byte	0x50
 1061 051d 02       		.uleb128 0x2
 1062 051e 76       		.byte	0x76
 1063 051f 00       		.sleb128 0
 1064 0520 11       		.uleb128 0x11
 1065 0521 01       		.uleb128 0x1
 1066 0522 51       		.byte	0x51
 1067 0523 02       		.uleb128 0x2
 1068 0524 76       		.byte	0x76
 1069 0525 00       		.sleb128 0
 1070 0526 00       		.byte	0
 1071 0527 10       		.uleb128 0x10
 1072 0528 80000000 		.4byte	.LVL34
 1073 052c 1B070000 		.4byte	0x71b
 1074 0530 3B050000 		.4byte	0x53b
 1075 0534 11       		.uleb128 0x11
 1076 0535 01       		.uleb128 0x1
 1077 0536 50       		.byte	0x50
 1078 0537 02       		.uleb128 0x2
 1079 0538 76       		.byte	0x76
 1080 0539 00       		.sleb128 0
 1081 053a 00       		.byte	0
 1082 053b 10       		.uleb128 0x10
 1083 053c 86000000 		.4byte	.LVL35
 1084 0540 26070000 		.4byte	0x726
 1085 0544 4F050000 		.4byte	0x54f
ARM GAS  C:\Users\zakis\AppData\Local\Temp\ccwBxJsh.s 			page 24


 1086 0548 11       		.uleb128 0x11
 1087 0549 01       		.uleb128 0x1
 1088 054a 50       		.byte	0x50
 1089 054b 02       		.uleb128 0x2
 1090 054c 76       		.byte	0x76
 1091 054d 00       		.sleb128 0
 1092 054e 00       		.byte	0
 1093 054f 10       		.uleb128 0x10
 1094 0550 8E000000 		.4byte	.LVL36
 1095 0554 31070000 		.4byte	0x731
 1096 0558 67050000 		.4byte	0x567
 1097 055c 11       		.uleb128 0x11
 1098 055d 01       		.uleb128 0x1
 1099 055e 50       		.byte	0x50
 1100 055f 01       		.uleb128 0x1
 1101 0560 32       		.byte	0x32
 1102 0561 11       		.uleb128 0x11
 1103 0562 01       		.uleb128 0x1
 1104 0563 51       		.byte	0x51
 1105 0564 01       		.uleb128 0x1
 1106 0565 38       		.byte	0x38
 1107 0566 00       		.byte	0
 1108 0567 10       		.uleb128 0x10
 1109 0568 9C000000 		.4byte	.LVL37
 1110 056c 10070000 		.4byte	0x710
 1111 0570 7F050000 		.4byte	0x57f
 1112 0574 11       		.uleb128 0x11
 1113 0575 01       		.uleb128 0x1
 1114 0576 50       		.byte	0x50
 1115 0577 01       		.uleb128 0x1
 1116 0578 30       		.byte	0x30
 1117 0579 11       		.uleb128 0x11
 1118 057a 01       		.uleb128 0x1
 1119 057b 51       		.byte	0x51
 1120 057c 01       		.uleb128 0x1
 1121 057d 31       		.byte	0x31
 1122 057e 00       		.byte	0
 1123 057f 10       		.uleb128 0x10
 1124 0580 A2000000 		.4byte	.LVL38
 1125 0584 1B070000 		.4byte	0x71b
 1126 0588 92050000 		.4byte	0x592
 1127 058c 11       		.uleb128 0x11
 1128 058d 01       		.uleb128 0x1
 1129 058e 50       		.byte	0x50
 1130 058f 01       		.uleb128 0x1
 1131 0590 31       		.byte	0x31
 1132 0591 00       		.byte	0
 1133 0592 10       		.uleb128 0x10
 1134 0593 A8000000 		.4byte	.LVL39
 1135 0597 26070000 		.4byte	0x726
 1136 059b A5050000 		.4byte	0x5a5
 1137 059f 11       		.uleb128 0x11
 1138 05a0 01       		.uleb128 0x1
 1139 05a1 50       		.byte	0x50
 1140 05a2 01       		.uleb128 0x1
 1141 05a3 31       		.byte	0x31
 1142 05a4 00       		.byte	0
ARM GAS  C:\Users\zakis\AppData\Local\Temp\ccwBxJsh.s 			page 25


 1143 05a5 10       		.uleb128 0x10
 1144 05a6 B6000000 		.4byte	.LVL40
 1145 05aa 10070000 		.4byte	0x710
 1146 05ae BD050000 		.4byte	0x5bd
 1147 05b2 11       		.uleb128 0x11
 1148 05b3 01       		.uleb128 0x1
 1149 05b4 50       		.byte	0x50
 1150 05b5 01       		.uleb128 0x1
 1151 05b6 30       		.byte	0x30
 1152 05b7 11       		.uleb128 0x11
 1153 05b8 01       		.uleb128 0x1
 1154 05b9 51       		.byte	0x51
 1155 05ba 01       		.uleb128 0x1
 1156 05bb 30       		.byte	0x30
 1157 05bc 00       		.byte	0
 1158 05bd 10       		.uleb128 0x10
 1159 05be BE000000 		.4byte	.LVL41
 1160 05c2 10070000 		.4byte	0x710
 1161 05c6 D5050000 		.4byte	0x5d5
 1162 05ca 11       		.uleb128 0x11
 1163 05cb 01       		.uleb128 0x1
 1164 05cc 50       		.byte	0x50
 1165 05cd 01       		.uleb128 0x1
 1166 05ce 31       		.byte	0x31
 1167 05cf 11       		.uleb128 0x11
 1168 05d0 01       		.uleb128 0x1
 1169 05d1 51       		.byte	0x51
 1170 05d2 01       		.uleb128 0x1
 1171 05d3 31       		.byte	0x31
 1172 05d4 00       		.byte	0
 1173 05d5 10       		.uleb128 0x10
 1174 05d6 C6000000 		.4byte	.LVL42
 1175 05da 32030000 		.4byte	0x332
 1176 05de E8050000 		.4byte	0x5e8
 1177 05e2 11       		.uleb128 0x11
 1178 05e3 01       		.uleb128 0x1
 1179 05e4 50       		.byte	0x50
 1180 05e5 01       		.uleb128 0x1
 1181 05e6 32       		.byte	0x32
 1182 05e7 00       		.byte	0
 1183 05e8 10       		.uleb128 0x10
 1184 05e9 D4000000 		.4byte	.LVL43
 1185 05ed 10070000 		.4byte	0x710
 1186 05f1 00060000 		.4byte	0x600
 1187 05f5 11       		.uleb128 0x11
 1188 05f6 01       		.uleb128 0x1
 1189 05f7 50       		.byte	0x50
 1190 05f8 01       		.uleb128 0x1
 1191 05f9 31       		.byte	0x31
 1192 05fa 11       		.uleb128 0x11
 1193 05fb 01       		.uleb128 0x1
 1194 05fc 51       		.byte	0x51
 1195 05fd 01       		.uleb128 0x1
 1196 05fe 30       		.byte	0x30
 1197 05ff 00       		.byte	0
 1198 0600 10       		.uleb128 0x10
 1199 0601 E8000000 		.4byte	.LVL44
ARM GAS  C:\Users\zakis\AppData\Local\Temp\ccwBxJsh.s 			page 26


 1200 0605 32030000 		.4byte	0x332
 1201 0609 13060000 		.4byte	0x613
 1202 060d 11       		.uleb128 0x11
 1203 060e 01       		.uleb128 0x1
 1204 060f 50       		.byte	0x50
 1205 0610 01       		.uleb128 0x1
 1206 0611 31       		.byte	0x31
 1207 0612 00       		.byte	0
 1208 0613 10       		.uleb128 0x10
 1209 0614 F0000000 		.4byte	.LVL45
 1210 0618 31070000 		.4byte	0x731
 1211 061c 2C060000 		.4byte	0x62c
 1212 0620 11       		.uleb128 0x11
 1213 0621 01       		.uleb128 0x1
 1214 0622 50       		.byte	0x50
 1215 0623 01       		.uleb128 0x1
 1216 0624 32       		.byte	0x32
 1217 0625 11       		.uleb128 0x11
 1218 0626 01       		.uleb128 0x1
 1219 0627 51       		.byte	0x51
 1220 0628 02       		.uleb128 0x2
 1221 0629 08       		.byte	0x8
 1222 062a 20       		.byte	0x20
 1223 062b 00       		.byte	0
 1224 062c 12       		.uleb128 0x12
 1225 062d 00010000 		.4byte	.LVL47
 1226 0631 32030000 		.4byte	0x332
 1227 0635 11       		.uleb128 0x11
 1228 0636 01       		.uleb128 0x1
 1229 0637 50       		.byte	0x50
 1230 0638 02       		.uleb128 0x2
 1231 0639 75       		.byte	0x75
 1232 063a 00       		.sleb128 0
 1233 063b 00       		.byte	0
 1234 063c 00       		.byte	0
 1235 063d 15       		.uleb128 0x15
 1236 063e 68060000 		.4byte	.LASF87
 1237 0642 0C       		.byte	0xc
 1238 0643 40       		.byte	0x40
 1239 0644 C9000000 		.4byte	0xc9
 1240 0648 15       		.uleb128 0x15
 1241 0649 A6010000 		.4byte	.LASF88
 1242 064d 0C       		.byte	0xc
 1243 064e 47       		.byte	0x47
 1244 064f D4000000 		.4byte	0xd4
 1245 0653 15       		.uleb128 0x15
 1246 0654 CF040000 		.4byte	.LASF89
 1247 0658 0C       		.byte	0xc
 1248 0659 4A       		.byte	0x4a
 1249 065a C9000000 		.4byte	0xc9
 1250 065e 15       		.uleb128 0x15
 1251 065f 7B010000 		.4byte	.LASF90
 1252 0663 0D       		.byte	0xd
 1253 0664 48       		.byte	0x48
 1254 0665 DF000000 		.4byte	0xdf
 1255 0669 15       		.uleb128 0x15
 1256 066a 61010000 		.4byte	.LASF91
ARM GAS  C:\Users\zakis\AppData\Local\Temp\ccwBxJsh.s 			page 27


 1257 066e 0E       		.byte	0xe
 1258 066f 44       		.byte	0x44
 1259 0670 C9000000 		.4byte	0xc9
 1260 0674 16       		.uleb128 0x16
 1261 0675 41060000 		.4byte	.LASF92
 1262 0679 0F       		.byte	0xf
 1263 067a 1207     		.2byte	0x712
 1264 067c 80060000 		.4byte	0x680
 1265 0680 17       		.uleb128 0x17
 1266 0681 8C000000 		.4byte	0x8c
 1267 0685 18       		.uleb128 0x18
 1268 0686 43000000 		.4byte	.LASF93
 1269 068a 0B       		.byte	0xb
 1270 068b 66       		.byte	0x66
 1271 068c 81000000 		.4byte	0x81
 1272 0690 05       		.uleb128 0x5
 1273 0691 03       		.byte	0x3
 1274 0692 00000000 		.4byte	DMA_ADC_MEM_Chan
 1275 0696 19       		.uleb128 0x19
 1276 0697 81000000 		.4byte	0x81
 1277 069b A6060000 		.4byte	0x6a6
 1278 069f 1A       		.uleb128 0x1a
 1279 06a0 F6000000 		.4byte	0xf6
 1280 06a4 00       		.byte	0
 1281 06a5 00       		.byte	0
 1282 06a6 18       		.uleb128 0x18
 1283 06a7 34000000 		.4byte	.LASF94
 1284 06ab 0B       		.byte	0xb
 1285 06ac 67       		.byte	0x67
 1286 06ad 96060000 		.4byte	0x696
 1287 06b1 05       		.uleb128 0x5
 1288 06b2 03       		.byte	0x3
 1289 06b3 00000000 		.4byte	DMA_ADC_MEM_TD
 1290 06b7 18       		.uleb128 0x18
 1291 06b8 0A010000 		.4byte	.LASF95
 1292 06bc 0B       		.byte	0xb
 1293 06bd 72       		.byte	0x72
 1294 06be 81000000 		.4byte	0x81
 1295 06c2 05       		.uleb128 0x5
 1296 06c3 03       		.byte	0x3
 1297 06c4 00000000 		.4byte	DMA_MEM_UART_Chan
 1298 06c8 18       		.uleb128 0x18
 1299 06c9 92030000 		.4byte	.LASF96
 1300 06cd 0B       		.byte	0xb
 1301 06ce 73       		.byte	0x73
 1302 06cf 96060000 		.4byte	0x696
 1303 06d3 05       		.uleb128 0x5
 1304 06d4 03       		.byte	0x3
 1305 06d5 00000000 		.4byte	DMA_MEM_UART_TD
 1306 06d9 1B       		.uleb128 0x1b
 1307 06da C5040000 		.4byte	.LASF97
 1308 06de C5040000 		.4byte	.LASF97
 1309 06e2 10       		.byte	0x10
 1310 06e3 40       		.byte	0x40
 1311 06e4 1B       		.uleb128 0x1b
 1312 06e5 4B020000 		.4byte	.LASF98
 1313 06e9 4B020000 		.4byte	.LASF98
ARM GAS  C:\Users\zakis\AppData\Local\Temp\ccwBxJsh.s 			page 28


 1314 06ed 0B       		.byte	0xb
 1315 06ee 85       		.byte	0x85
 1316 06ef 1B       		.uleb128 0x1b
 1317 06f0 5F060000 		.4byte	.LASF99
 1318 06f4 5F060000 		.4byte	.LASF99
 1319 06f8 09       		.byte	0x9
 1320 06f9 6D       		.byte	0x6d
 1321 06fa 1B       		.uleb128 0x1b
 1322 06fb 75050000 		.4byte	.LASF100
 1323 06ff 75050000 		.4byte	.LASF100
 1324 0703 09       		.byte	0x9
 1325 0704 70       		.byte	0x70
 1326 0705 1B       		.uleb128 0x1b
 1327 0706 4A030000 		.4byte	.LASF101
 1328 070a 4A030000 		.4byte	.LASF101
 1329 070e 08       		.byte	0x8
 1330 070f 95       		.byte	0x95
 1331 0710 1B       		.uleb128 0x1b
 1332 0711 00000000 		.4byte	.LASF102
 1333 0715 00000000 		.4byte	.LASF102
 1334 0719 0B       		.byte	0xb
 1335 071a 88       		.byte	0x88
 1336 071b 1B       		.uleb128 0x1b
 1337 071c A0050000 		.4byte	.LASF103
 1338 0720 A0050000 		.4byte	.LASF103
 1339 0724 09       		.byte	0x9
 1340 0725 73       		.byte	0x73
 1341 0726 1B       		.uleb128 0x1b
 1342 0727 51010000 		.4byte	.LASF104
 1343 072b 51010000 		.4byte	.LASF104
 1344 072f 09       		.byte	0x9
 1345 0730 76       		.byte	0x76
 1346 0731 1C       		.uleb128 0x1c
 1347 0732 32060000 		.4byte	.LASF105
 1348 0736 32060000 		.4byte	.LASF105
 1349 073a 11       		.byte	0x11
 1350 073b 4A01     		.2byte	0x14a
 1351 073d 00       		.byte	0
 1352              		.section	.debug_abbrev,"",%progbits
 1353              	.Ldebug_abbrev0:
 1354 0000 01       		.uleb128 0x1
 1355 0001 11       		.uleb128 0x11
 1356 0002 01       		.byte	0x1
 1357 0003 25       		.uleb128 0x25
 1358 0004 0E       		.uleb128 0xe
 1359 0005 13       		.uleb128 0x13
 1360 0006 0B       		.uleb128 0xb
 1361 0007 03       		.uleb128 0x3
 1362 0008 0E       		.uleb128 0xe
 1363 0009 1B       		.uleb128 0x1b
 1364 000a 0E       		.uleb128 0xe
 1365 000b 55       		.uleb128 0x55
 1366 000c 17       		.uleb128 0x17
 1367 000d 11       		.uleb128 0x11
 1368 000e 01       		.uleb128 0x1
 1369 000f 10       		.uleb128 0x10
 1370 0010 17       		.uleb128 0x17
ARM GAS  C:\Users\zakis\AppData\Local\Temp\ccwBxJsh.s 			page 29


 1371 0011 00       		.byte	0
 1372 0012 00       		.byte	0
 1373 0013 02       		.uleb128 0x2
 1374 0014 24       		.uleb128 0x24
 1375 0015 00       		.byte	0
 1376 0016 0B       		.uleb128 0xb
 1377 0017 0B       		.uleb128 0xb
 1378 0018 3E       		.uleb128 0x3e
 1379 0019 0B       		.uleb128 0xb
 1380 001a 03       		.uleb128 0x3
 1381 001b 0E       		.uleb128 0xe
 1382 001c 00       		.byte	0
 1383 001d 00       		.byte	0
 1384 001e 03       		.uleb128 0x3
 1385 001f 16       		.uleb128 0x16
 1386 0020 00       		.byte	0
 1387 0021 03       		.uleb128 0x3
 1388 0022 0E       		.uleb128 0xe
 1389 0023 3A       		.uleb128 0x3a
 1390 0024 0B       		.uleb128 0xb
 1391 0025 3B       		.uleb128 0x3b
 1392 0026 0B       		.uleb128 0xb
 1393 0027 49       		.uleb128 0x49
 1394 0028 13       		.uleb128 0x13
 1395 0029 00       		.byte	0
 1396 002a 00       		.byte	0
 1397 002b 04       		.uleb128 0x4
 1398 002c 24       		.uleb128 0x24
 1399 002d 00       		.byte	0
 1400 002e 0B       		.uleb128 0xb
 1401 002f 0B       		.uleb128 0xb
 1402 0030 3E       		.uleb128 0x3e
 1403 0031 0B       		.uleb128 0xb
 1404 0032 03       		.uleb128 0x3
 1405 0033 08       		.uleb128 0x8
 1406 0034 00       		.byte	0
 1407 0035 00       		.byte	0
 1408 0036 05       		.uleb128 0x5
 1409 0037 16       		.uleb128 0x16
 1410 0038 00       		.byte	0
 1411 0039 03       		.uleb128 0x3
 1412 003a 0E       		.uleb128 0xe
 1413 003b 3A       		.uleb128 0x3a
 1414 003c 0B       		.uleb128 0xb
 1415 003d 3B       		.uleb128 0x3b
 1416 003e 05       		.uleb128 0x5
 1417 003f 49       		.uleb128 0x49
 1418 0040 13       		.uleb128 0x13
 1419 0041 00       		.byte	0
 1420 0042 00       		.byte	0
 1421 0043 06       		.uleb128 0x6
 1422 0044 04       		.uleb128 0x4
 1423 0045 01       		.byte	0x1
 1424 0046 0B       		.uleb128 0xb
 1425 0047 0B       		.uleb128 0xb
 1426 0048 49       		.uleb128 0x49
 1427 0049 13       		.uleb128 0x13
ARM GAS  C:\Users\zakis\AppData\Local\Temp\ccwBxJsh.s 			page 30


 1428 004a 3A       		.uleb128 0x3a
 1429 004b 0B       		.uleb128 0xb
 1430 004c 3B       		.uleb128 0x3b
 1431 004d 0B       		.uleb128 0xb
 1432 004e 01       		.uleb128 0x1
 1433 004f 13       		.uleb128 0x13
 1434 0050 00       		.byte	0
 1435 0051 00       		.byte	0
 1436 0052 07       		.uleb128 0x7
 1437 0053 28       		.uleb128 0x28
 1438 0054 00       		.byte	0
 1439 0055 03       		.uleb128 0x3
 1440 0056 0E       		.uleb128 0xe
 1441 0057 1C       		.uleb128 0x1c
 1442 0058 0B       		.uleb128 0xb
 1443 0059 00       		.byte	0
 1444 005a 00       		.byte	0
 1445 005b 08       		.uleb128 0x8
 1446 005c 28       		.uleb128 0x28
 1447 005d 00       		.byte	0
 1448 005e 03       		.uleb128 0x3
 1449 005f 0E       		.uleb128 0xe
 1450 0060 1C       		.uleb128 0x1c
 1451 0061 0D       		.uleb128 0xd
 1452 0062 00       		.byte	0
 1453 0063 00       		.byte	0
 1454 0064 09       		.uleb128 0x9
 1455 0065 04       		.uleb128 0x4
 1456 0066 01       		.byte	0x1
 1457 0067 03       		.uleb128 0x3
 1458 0068 0E       		.uleb128 0xe
 1459 0069 0B       		.uleb128 0xb
 1460 006a 0B       		.uleb128 0xb
 1461 006b 49       		.uleb128 0x49
 1462 006c 13       		.uleb128 0x13
 1463 006d 3A       		.uleb128 0x3a
 1464 006e 0B       		.uleb128 0xb
 1465 006f 3B       		.uleb128 0x3b
 1466 0070 0B       		.uleb128 0xb
 1467 0071 01       		.uleb128 0x1
 1468 0072 13       		.uleb128 0x13
 1469 0073 00       		.byte	0
 1470 0074 00       		.byte	0
 1471 0075 0A       		.uleb128 0xa
 1472 0076 13       		.uleb128 0x13
 1473 0077 01       		.byte	0x1
 1474 0078 03       		.uleb128 0x3
 1475 0079 0E       		.uleb128 0xe
 1476 007a 0B       		.uleb128 0xb
 1477 007b 0B       		.uleb128 0xb
 1478 007c 3A       		.uleb128 0x3a
 1479 007d 0B       		.uleb128 0xb
 1480 007e 3B       		.uleb128 0x3b
 1481 007f 0B       		.uleb128 0xb
 1482 0080 01       		.uleb128 0x1
 1483 0081 13       		.uleb128 0x13
 1484 0082 00       		.byte	0
ARM GAS  C:\Users\zakis\AppData\Local\Temp\ccwBxJsh.s 			page 31


 1485 0083 00       		.byte	0
 1486 0084 0B       		.uleb128 0xb
 1487 0085 0D       		.uleb128 0xd
 1488 0086 00       		.byte	0
 1489 0087 03       		.uleb128 0x3
 1490 0088 0E       		.uleb128 0xe
 1491 0089 3A       		.uleb128 0x3a
 1492 008a 0B       		.uleb128 0xb
 1493 008b 3B       		.uleb128 0x3b
 1494 008c 0B       		.uleb128 0xb
 1495 008d 49       		.uleb128 0x49
 1496 008e 13       		.uleb128 0x13
 1497 008f 38       		.uleb128 0x38
 1498 0090 0B       		.uleb128 0xb
 1499 0091 00       		.byte	0
 1500 0092 00       		.byte	0
 1501 0093 0C       		.uleb128 0xc
 1502 0094 2E       		.uleb128 0x2e
 1503 0095 01       		.byte	0x1
 1504 0096 3F       		.uleb128 0x3f
 1505 0097 19       		.uleb128 0x19
 1506 0098 03       		.uleb128 0x3
 1507 0099 0E       		.uleb128 0xe
 1508 009a 3A       		.uleb128 0x3a
 1509 009b 0B       		.uleb128 0xb
 1510 009c 3B       		.uleb128 0x3b
 1511 009d 0B       		.uleb128 0xb
 1512 009e 49       		.uleb128 0x49
 1513 009f 13       		.uleb128 0x13
 1514 00a0 11       		.uleb128 0x11
 1515 00a1 01       		.uleb128 0x1
 1516 00a2 12       		.uleb128 0x12
 1517 00a3 06       		.uleb128 0x6
 1518 00a4 40       		.uleb128 0x40
 1519 00a5 18       		.uleb128 0x18
 1520 00a6 9742     		.uleb128 0x2117
 1521 00a8 19       		.uleb128 0x19
 1522 00a9 01       		.uleb128 0x1
 1523 00aa 13       		.uleb128 0x13
 1524 00ab 00       		.byte	0
 1525 00ac 00       		.byte	0
 1526 00ad 0D       		.uleb128 0xd
 1527 00ae 898201   		.uleb128 0x4109
 1528 00b1 00       		.byte	0
 1529 00b2 11       		.uleb128 0x11
 1530 00b3 01       		.uleb128 0x1
 1531 00b4 31       		.uleb128 0x31
 1532 00b5 13       		.uleb128 0x13
 1533 00b6 00       		.byte	0
 1534 00b7 00       		.byte	0
 1535 00b8 0E       		.uleb128 0xe
 1536 00b9 2E       		.uleb128 0x2e
 1537 00ba 01       		.byte	0x1
 1538 00bb 3F       		.uleb128 0x3f
 1539 00bc 19       		.uleb128 0x19
 1540 00bd 03       		.uleb128 0x3
 1541 00be 0E       		.uleb128 0xe
ARM GAS  C:\Users\zakis\AppData\Local\Temp\ccwBxJsh.s 			page 32


 1542 00bf 3A       		.uleb128 0x3a
 1543 00c0 0B       		.uleb128 0xb
 1544 00c1 3B       		.uleb128 0x3b
 1545 00c2 0B       		.uleb128 0xb
 1546 00c3 27       		.uleb128 0x27
 1547 00c4 19       		.uleb128 0x19
 1548 00c5 49       		.uleb128 0x49
 1549 00c6 13       		.uleb128 0x13
 1550 00c7 11       		.uleb128 0x11
 1551 00c8 01       		.uleb128 0x1
 1552 00c9 12       		.uleb128 0x12
 1553 00ca 06       		.uleb128 0x6
 1554 00cb 40       		.uleb128 0x40
 1555 00cc 18       		.uleb128 0x18
 1556 00cd 9742     		.uleb128 0x2117
 1557 00cf 19       		.uleb128 0x19
 1558 00d0 01       		.uleb128 0x1
 1559 00d1 13       		.uleb128 0x13
 1560 00d2 00       		.byte	0
 1561 00d3 00       		.byte	0
 1562 00d4 0F       		.uleb128 0xf
 1563 00d5 05       		.uleb128 0x5
 1564 00d6 00       		.byte	0
 1565 00d7 03       		.uleb128 0x3
 1566 00d8 0E       		.uleb128 0xe
 1567 00d9 3A       		.uleb128 0x3a
 1568 00da 0B       		.uleb128 0xb
 1569 00db 3B       		.uleb128 0x3b
 1570 00dc 0B       		.uleb128 0xb
 1571 00dd 49       		.uleb128 0x49
 1572 00de 13       		.uleb128 0x13
 1573 00df 02       		.uleb128 0x2
 1574 00e0 17       		.uleb128 0x17
 1575 00e1 00       		.byte	0
 1576 00e2 00       		.byte	0
 1577 00e3 10       		.uleb128 0x10
 1578 00e4 898201   		.uleb128 0x4109
 1579 00e7 01       		.byte	0x1
 1580 00e8 11       		.uleb128 0x11
 1581 00e9 01       		.uleb128 0x1
 1582 00ea 31       		.uleb128 0x31
 1583 00eb 13       		.uleb128 0x13
 1584 00ec 01       		.uleb128 0x1
 1585 00ed 13       		.uleb128 0x13
 1586 00ee 00       		.byte	0
 1587 00ef 00       		.byte	0
 1588 00f0 11       		.uleb128 0x11
 1589 00f1 8A8201   		.uleb128 0x410a
 1590 00f4 00       		.byte	0
 1591 00f5 02       		.uleb128 0x2
 1592 00f6 18       		.uleb128 0x18
 1593 00f7 9142     		.uleb128 0x2111
 1594 00f9 18       		.uleb128 0x18
 1595 00fa 00       		.byte	0
 1596 00fb 00       		.byte	0
 1597 00fc 12       		.uleb128 0x12
 1598 00fd 898201   		.uleb128 0x4109
ARM GAS  C:\Users\zakis\AppData\Local\Temp\ccwBxJsh.s 			page 33


 1599 0100 01       		.byte	0x1
 1600 0101 11       		.uleb128 0x11
 1601 0102 01       		.uleb128 0x1
 1602 0103 31       		.uleb128 0x31
 1603 0104 13       		.uleb128 0x13
 1604 0105 00       		.byte	0
 1605 0106 00       		.byte	0
 1606 0107 13       		.uleb128 0x13
 1607 0108 0F       		.uleb128 0xf
 1608 0109 00       		.byte	0
 1609 010a 0B       		.uleb128 0xb
 1610 010b 0B       		.uleb128 0xb
 1611 010c 49       		.uleb128 0x49
 1612 010d 13       		.uleb128 0x13
 1613 010e 00       		.byte	0
 1614 010f 00       		.byte	0
 1615 0110 14       		.uleb128 0x14
 1616 0111 05       		.uleb128 0x5
 1617 0112 00       		.byte	0
 1618 0113 03       		.uleb128 0x3
 1619 0114 08       		.uleb128 0x8
 1620 0115 3A       		.uleb128 0x3a
 1621 0116 0B       		.uleb128 0xb
 1622 0117 3B       		.uleb128 0x3b
 1623 0118 0B       		.uleb128 0xb
 1624 0119 49       		.uleb128 0x49
 1625 011a 13       		.uleb128 0x13
 1626 011b 02       		.uleb128 0x2
 1627 011c 17       		.uleb128 0x17
 1628 011d 00       		.byte	0
 1629 011e 00       		.byte	0
 1630 011f 15       		.uleb128 0x15
 1631 0120 34       		.uleb128 0x34
 1632 0121 00       		.byte	0
 1633 0122 03       		.uleb128 0x3
 1634 0123 0E       		.uleb128 0xe
 1635 0124 3A       		.uleb128 0x3a
 1636 0125 0B       		.uleb128 0xb
 1637 0126 3B       		.uleb128 0x3b
 1638 0127 0B       		.uleb128 0xb
 1639 0128 49       		.uleb128 0x49
 1640 0129 13       		.uleb128 0x13
 1641 012a 3F       		.uleb128 0x3f
 1642 012b 19       		.uleb128 0x19
 1643 012c 3C       		.uleb128 0x3c
 1644 012d 19       		.uleb128 0x19
 1645 012e 00       		.byte	0
 1646 012f 00       		.byte	0
 1647 0130 16       		.uleb128 0x16
 1648 0131 34       		.uleb128 0x34
 1649 0132 00       		.byte	0
 1650 0133 03       		.uleb128 0x3
 1651 0134 0E       		.uleb128 0xe
 1652 0135 3A       		.uleb128 0x3a
 1653 0136 0B       		.uleb128 0xb
 1654 0137 3B       		.uleb128 0x3b
 1655 0138 05       		.uleb128 0x5
ARM GAS  C:\Users\zakis\AppData\Local\Temp\ccwBxJsh.s 			page 34


 1656 0139 49       		.uleb128 0x49
 1657 013a 13       		.uleb128 0x13
 1658 013b 3F       		.uleb128 0x3f
 1659 013c 19       		.uleb128 0x19
 1660 013d 3C       		.uleb128 0x3c
 1661 013e 19       		.uleb128 0x19
 1662 013f 00       		.byte	0
 1663 0140 00       		.byte	0
 1664 0141 17       		.uleb128 0x17
 1665 0142 35       		.uleb128 0x35
 1666 0143 00       		.byte	0
 1667 0144 49       		.uleb128 0x49
 1668 0145 13       		.uleb128 0x13
 1669 0146 00       		.byte	0
 1670 0147 00       		.byte	0
 1671 0148 18       		.uleb128 0x18
 1672 0149 34       		.uleb128 0x34
 1673 014a 00       		.byte	0
 1674 014b 03       		.uleb128 0x3
 1675 014c 0E       		.uleb128 0xe
 1676 014d 3A       		.uleb128 0x3a
 1677 014e 0B       		.uleb128 0xb
 1678 014f 3B       		.uleb128 0x3b
 1679 0150 0B       		.uleb128 0xb
 1680 0151 49       		.uleb128 0x49
 1681 0152 13       		.uleb128 0x13
 1682 0153 3F       		.uleb128 0x3f
 1683 0154 19       		.uleb128 0x19
 1684 0155 02       		.uleb128 0x2
 1685 0156 18       		.uleb128 0x18
 1686 0157 00       		.byte	0
 1687 0158 00       		.byte	0
 1688 0159 19       		.uleb128 0x19
 1689 015a 01       		.uleb128 0x1
 1690 015b 01       		.byte	0x1
 1691 015c 49       		.uleb128 0x49
 1692 015d 13       		.uleb128 0x13
 1693 015e 01       		.uleb128 0x1
 1694 015f 13       		.uleb128 0x13
 1695 0160 00       		.byte	0
 1696 0161 00       		.byte	0
 1697 0162 1A       		.uleb128 0x1a
 1698 0163 21       		.uleb128 0x21
 1699 0164 00       		.byte	0
 1700 0165 49       		.uleb128 0x49
 1701 0166 13       		.uleb128 0x13
 1702 0167 2F       		.uleb128 0x2f
 1703 0168 0B       		.uleb128 0xb
 1704 0169 00       		.byte	0
 1705 016a 00       		.byte	0
 1706 016b 1B       		.uleb128 0x1b
 1707 016c 2E       		.uleb128 0x2e
 1708 016d 00       		.byte	0
 1709 016e 3F       		.uleb128 0x3f
 1710 016f 19       		.uleb128 0x19
 1711 0170 3C       		.uleb128 0x3c
 1712 0171 19       		.uleb128 0x19
ARM GAS  C:\Users\zakis\AppData\Local\Temp\ccwBxJsh.s 			page 35


 1713 0172 6E       		.uleb128 0x6e
 1714 0173 0E       		.uleb128 0xe
 1715 0174 03       		.uleb128 0x3
 1716 0175 0E       		.uleb128 0xe
 1717 0176 3A       		.uleb128 0x3a
 1718 0177 0B       		.uleb128 0xb
 1719 0178 3B       		.uleb128 0x3b
 1720 0179 0B       		.uleb128 0xb
 1721 017a 00       		.byte	0
 1722 017b 00       		.byte	0
 1723 017c 1C       		.uleb128 0x1c
 1724 017d 2E       		.uleb128 0x2e
 1725 017e 00       		.byte	0
 1726 017f 3F       		.uleb128 0x3f
 1727 0180 19       		.uleb128 0x19
 1728 0181 3C       		.uleb128 0x3c
 1729 0182 19       		.uleb128 0x19
 1730 0183 6E       		.uleb128 0x6e
 1731 0184 0E       		.uleb128 0xe
 1732 0185 03       		.uleb128 0x3
 1733 0186 0E       		.uleb128 0xe
 1734 0187 3A       		.uleb128 0x3a
 1735 0188 0B       		.uleb128 0xb
 1736 0189 3B       		.uleb128 0x3b
 1737 018a 05       		.uleb128 0x5
 1738 018b 00       		.byte	0
 1739 018c 00       		.byte	0
 1740 018d 00       		.byte	0
 1741              		.section	.debug_loc,"",%progbits
 1742              	.Ldebug_loc0:
 1743              	.LLST0:
 1744 0000 00000000 		.4byte	.LVL4
 1745 0004 12000000 		.4byte	.LVL5
 1746 0008 0100     		.2byte	0x1
 1747 000a 50       		.byte	0x50
 1748 000b 12000000 		.4byte	.LVL5
 1749 000f 20000000 		.4byte	.LVL8
 1750 0013 0400     		.2byte	0x4
 1751 0015 F3       		.byte	0xf3
 1752 0016 01       		.uleb128 0x1
 1753 0017 50       		.byte	0x50
 1754 0018 9F       		.byte	0x9f
 1755 0019 20000000 		.4byte	.LVL8
 1756 001d 24000000 		.4byte	.LVL9
 1757 0021 0100     		.2byte	0x1
 1758 0023 50       		.byte	0x50
 1759 0024 24000000 		.4byte	.LVL9
 1760 0028 32000000 		.4byte	.LVL12
 1761 002c 0400     		.2byte	0x4
 1762 002e F3       		.byte	0xf3
 1763 002f 01       		.uleb128 0x1
 1764 0030 50       		.byte	0x50
 1765 0031 9F       		.byte	0x9f
 1766 0032 32000000 		.4byte	.LVL12
 1767 0036 36000000 		.4byte	.LVL13
 1768 003a 0100     		.2byte	0x1
 1769 003c 50       		.byte	0x50
ARM GAS  C:\Users\zakis\AppData\Local\Temp\ccwBxJsh.s 			page 36


 1770 003d 36000000 		.4byte	.LVL13
 1771 0041 46000000 		.4byte	.LFE112
 1772 0045 0400     		.2byte	0x4
 1773 0047 F3       		.byte	0xf3
 1774 0048 01       		.uleb128 0x1
 1775 0049 50       		.byte	0x50
 1776 004a 9F       		.byte	0x9f
 1777 004b 00000000 		.4byte	0
 1778 004f 00000000 		.4byte	0
 1779              	.LLST1:
 1780 0053 00000000 		.4byte	.LVL16
 1781 0057 07000000 		.4byte	.LVL17-1
 1782 005b 0100     		.2byte	0x1
 1783 005d 50       		.byte	0x50
 1784 005e 07000000 		.4byte	.LVL17-1
 1785 0062 1E000000 		.4byte	.LFE111
 1786 0066 0100     		.2byte	0x1
 1787 0068 55       		.byte	0x55
 1788 0069 00000000 		.4byte	0
 1789 006d 00000000 		.4byte	0
 1790              	.LLST2:
 1791 0071 00000000 		.4byte	.LVL19
 1792 0075 1E000000 		.4byte	.LVL21
 1793 0079 0100     		.2byte	0x1
 1794 007b 50       		.byte	0x50
 1795 007c 1E000000 		.4byte	.LVL21
 1796 0080 38000000 		.4byte	.LVL26
 1797 0084 0100     		.2byte	0x1
 1798 0086 54       		.byte	0x54
 1799 0087 38000000 		.4byte	.LVL26
 1800 008b 50000000 		.4byte	.LVL28
 1801 008f 0100     		.2byte	0x1
 1802 0091 50       		.byte	0x50
 1803 0092 50000000 		.4byte	.LVL28
 1804 0096 0C010000 		.4byte	.LFE113
 1805 009a 0100     		.2byte	0x1
 1806 009c 54       		.byte	0x54
 1807 009d 00000000 		.4byte	0
 1808 00a1 00000000 		.4byte	0
 1809              	.LLST3:
 1810 00a5 00000000 		.4byte	.LVL19
 1811 00a9 1C000000 		.4byte	.LVL20
 1812 00ad 0100     		.2byte	0x1
 1813 00af 51       		.byte	0x51
 1814 00b0 1C000000 		.4byte	.LVL20
 1815 00b4 38000000 		.4byte	.LVL26
 1816 00b8 0100     		.2byte	0x1
 1817 00ba 55       		.byte	0x55
 1818 00bb 38000000 		.4byte	.LVL26
 1819 00bf 4E000000 		.4byte	.LVL27
 1820 00c3 0100     		.2byte	0x1
 1821 00c5 51       		.byte	0x51
 1822 00c6 4E000000 		.4byte	.LVL27
 1823 00ca F8000000 		.4byte	.LVL46
 1824 00ce 0100     		.2byte	0x1
 1825 00d0 55       		.byte	0x55
 1826 00d1 F8000000 		.4byte	.LVL46
ARM GAS  C:\Users\zakis\AppData\Local\Temp\ccwBxJsh.s 			page 37


 1827 00d5 0C010000 		.4byte	.LFE113
 1828 00d9 0400     		.2byte	0x4
 1829 00db F3       		.byte	0xf3
 1830 00dc 01       		.uleb128 0x1
 1831 00dd 51       		.byte	0x51
 1832 00de 9F       		.byte	0x9f
 1833 00df 00000000 		.4byte	0
 1834 00e3 00000000 		.4byte	0
 1835              		.section	.debug_aranges,"",%progbits
 1836 0000 34000000 		.4byte	0x34
 1837 0004 0200     		.2byte	0x2
 1838 0006 00000000 		.4byte	.Ldebug_info0
 1839 000a 04       		.byte	0x4
 1840 000b 00       		.byte	0
 1841 000c 0000     		.2byte	0
 1842 000e 0000     		.2byte	0
 1843 0010 00000000 		.4byte	.LFB110
 1844 0014 16000000 		.4byte	.LFE110-.LFB110
 1845 0018 00000000 		.4byte	.LFB112
 1846 001c 46000000 		.4byte	.LFE112-.LFB112
 1847 0020 00000000 		.4byte	.LFB111
 1848 0024 1E000000 		.4byte	.LFE111-.LFB111
 1849 0028 00000000 		.4byte	.LFB113
 1850 002c 0C010000 		.4byte	.LFE113-.LFB113
 1851 0030 00000000 		.4byte	0
 1852 0034 00000000 		.4byte	0
 1853              		.section	.debug_ranges,"",%progbits
 1854              	.Ldebug_ranges0:
 1855 0000 00000000 		.4byte	.LFB110
 1856 0004 16000000 		.4byte	.LFE110
 1857 0008 00000000 		.4byte	.LFB112
 1858 000c 46000000 		.4byte	.LFE112
 1859 0010 00000000 		.4byte	.LFB111
 1860 0014 1E000000 		.4byte	.LFE111
 1861 0018 00000000 		.4byte	.LFB113
 1862 001c 0C010000 		.4byte	.LFE113
 1863 0020 00000000 		.4byte	0
 1864 0024 00000000 		.4byte	0
 1865              		.section	.debug_line,"",%progbits
 1866              	.Ldebug_line0:
 1867 0000 09030000 		.section	.debug_str,"MS",%progbits,1
 1867      02007A02 
 1867      00000201 
 1867      FB0E0D00 
 1867      01010101 
 1868              	.LASF102:
 1869 0000 444D415F 		.ascii	"DMA_Set\000"
 1869      53657400 
 1870              	.LASF22:
 1871 0008 4576656E 		.ascii	"EventMaskType\000"
 1871      744D6173 
 1871      6B547970 
 1871      6500
 1872              	.LASF39:
 1873 0016 52435F45 		.ascii	"RC_ERROR_READ_ONLY\000"
 1873      52524F52 
 1873      5F524541 
ARM GAS  C:\Users\zakis\AppData\Local\Temp\ccwBxJsh.s 			page 38


 1873      445F4F4E 
 1873      4C5900
 1874              	.LASF25:
 1875 0029 52435F53 		.ascii	"RC_SUCCESS\000"
 1875      55434345 
 1875      535300
 1876              	.LASF94:
 1877 0034 444D415F 		.ascii	"DMA_ADC_MEM_TD\000"
 1877      4144435F 
 1877      4D454D5F 
 1877      544400
 1878              	.LASF93:
 1879 0043 444D415F 		.ascii	"DMA_ADC_MEM_Chan\000"
 1879      4144435F 
 1879      4D454D5F 
 1879      4368616E 
 1879      00
 1880              	.LASF40:
 1881 0054 52435F45 		.ascii	"RC_ERROR_WRITE_ONLY\000"
 1881      52524F52 
 1881      5F575249 
 1881      54455F4F 
 1881      4E4C5900 
 1882              	.LASF2:
 1883 0068 73686F72 		.ascii	"short int\000"
 1883      7420696E 
 1883      7400
 1884              	.LASF31:
 1885 0072 52435F45 		.ascii	"RC_ERROR_OVERRUN\000"
 1885      52524F52 
 1885      5F4F5645 
 1885      5252554E 
 1885      00
 1886              	.LASF43:
 1887 0083 52435F45 		.ascii	"RC_ERROR_WRITE_FAILS\000"
 1887      52524F52 
 1887      5F575249 
 1887      54455F46 
 1887      41494C53 
 1888              	.LASF81:
 1889 0098 444D415F 		.ascii	"DMA_ON\000"
 1889      4F4E00
 1890              	.LASF80:
 1891 009f 444D415F 		.ascii	"DMA_OFF\000"
 1891      4F464600 
 1892              	.LASF76:
 1893 00a7 65444D41 		.ascii	"eDMA_id\000"
 1893      5F696400 
 1894              	.LASF77:
 1895 00af 444D415F 		.ascii	"DMA_ADC_TO_MEMORY\000"
 1895      4144435F 
 1895      544F5F4D 
 1895      454D4F52 
 1895      5900
 1896              	.LASF83:
 1897 00c1 44455445 		.ascii	"DETECTOR_init\000"
 1897      43544F52 
ARM GAS  C:\Users\zakis\AppData\Local\Temp\ccwBxJsh.s 			page 39


 1897      5F696E69 
 1897      7400
 1898              	.LASF28:
 1899 00cf 52435F45 		.ascii	"RC_ERROR_ZERO\000"
 1899      52524F52 
 1899      5F5A4552 
 1899      4F00
 1900              	.LASF20:
 1901 00dd 45455F46 		.ascii	"EE_FREG\000"
 1901      52454700 
 1902              	.LASF42:
 1903 00e5 52435F45 		.ascii	"RC_ERROR_READ_FAILS\000"
 1903      52524F52 
 1903      5F524541 
 1903      445F4641 
 1903      494C5300 
 1904              	.LASF18:
 1905 00f9 45455F55 		.ascii	"EE_UINT32\000"
 1905      494E5433 
 1905      3200
 1906              	.LASF21:
 1907 0103 45455F54 		.ascii	"EE_TID\000"
 1907      494400
 1908              	.LASF95:
 1909 010a 444D415F 		.ascii	"DMA_MEM_UART_Chan\000"
 1909      4D454D5F 
 1909      55415254 
 1909      5F436861 
 1909      6E00
 1910              	.LASF57:
 1911 011c 654C4544 		.ascii	"eLED_ONOFF\000"
 1911      5F4F4E4F 
 1911      464600
 1912              	.LASF11:
 1913 0127 75696E74 		.ascii	"uint8_t\000"
 1913      385F7400 
 1914              	.LASF48:
 1915 012f 52435F45 		.ascii	"RC_ERROR_INVALID_STATE\000"
 1915      52524F52 
 1915      5F494E56 
 1915      414C4944 
 1915      5F535441 
 1916              	.LASF75:
 1917 0146 44657465 		.ascii	"Detector_t\000"
 1917      63746F72 
 1917      5F7400
 1918              	.LASF104:
 1919 0151 4144435F 		.ascii	"ADC_Set\000"
 1919      53657400 
 1920              	.LASF64:
 1921 0159 4144435F 		.ascii	"ADC_OFF\000"
 1921      4F464600 
 1922              	.LASF91:
 1923 0161 45455F49 		.ascii	"EE_IRQ_nesting_level\000"
 1923      52515F6E 
 1923      65737469 
 1923      6E675F6C 
ARM GAS  C:\Users\zakis\AppData\Local\Temp\ccwBxJsh.s 			page 40


 1923      6576656C 
 1924              	.LASF66:
 1925 0176 49444C45 		.ascii	"IDLE\000"
 1925      00
 1926              	.LASF90:
 1927 017b 45455F73 		.ascii	"EE_std_endcycle_next_tid\000"
 1927      74645F65 
 1927      6E646379 
 1927      636C655F 
 1927      6E657874 
 1928              	.LASF0:
 1929 0194 7369676E 		.ascii	"signed char\000"
 1929      65642063 
 1929      68617200 
 1930              	.LASF13:
 1931 01a0 666C6F61 		.ascii	"float\000"
 1931      7400
 1932              	.LASF88:
 1933 01a6 45455F6F 		.ascii	"EE_oo_IRQ_suspend_status\000"
 1933      6F5F4952 
 1933      515F7375 
 1933      7370656E 
 1933      645F7374 
 1934              	.LASF50:
 1935 01bf 52435F45 		.ascii	"RC_ERROR_NOT_IMPLEMENTED\000"
 1935      52524F52 
 1935      5F4E4F54 
 1935      5F494D50 
 1935      4C454D45 
 1936              	.LASF8:
 1937 01d8 6C6F6E67 		.ascii	"long long int\000"
 1937      206C6F6E 
 1937      6720696E 
 1937      7400
 1938              	.LASF56:
 1939 01e6 654C4544 		.ascii	"eLED_id\000"
 1939      5F696400 
 1940              	.LASF67:
 1941 01ee 53414D50 		.ascii	"SAMPLING\000"
 1941      4C494E47 
 1941      00
 1942              	.LASF44:
 1943 01f7 52435F45 		.ascii	"RC_ERROR_NOT_MATCH\000"
 1943      52524F52 
 1943      5F4E4F54 
 1943      5F4D4154 
 1943      434800
 1944              	.LASF49:
 1945 020a 52435F45 		.ascii	"RC_ERROR_UNKNOWN\000"
 1945      52524F52 
 1945      5F554E4B 
 1945      4E4F574E 
 1945      00
 1946              	.LASF6:
 1947 021b 6C6F6E67 		.ascii	"long int\000"
 1947      20696E74 
 1947      00
ARM GAS  C:\Users\zakis\AppData\Local\Temp\ccwBxJsh.s 			page 41


 1948              	.LASF32:
 1949 0224 52435F45 		.ascii	"RC_ERROR_UNDERRUN\000"
 1949      52524F52 
 1949      5F554E44 
 1949      45525255 
 1949      4E00
 1950              	.LASF82:
 1951 0236 44455445 		.ascii	"DETECTOR_setLedState\000"
 1951      43544F52 
 1951      5F736574 
 1951      4C656453 
 1951      74617465 
 1952              	.LASF98:
 1953 024b 444D415F 		.ascii	"DMA_Init\000"
 1953      496E6974 
 1953      00
 1954              	.LASF35:
 1955 0254 52435F45 		.ascii	"RC_ERROR_BUSY\000"
 1955      52524F52 
 1955      5F425553 
 1955      5900
 1956              	.LASF86:
 1957 0262 44455445 		.ascii	"DETECTOR_processEvents\000"
 1957      43544F52 
 1957      5F70726F 
 1957      63657373 
 1957      4576656E 
 1958              	.LASF41:
 1959 0279 52435F45 		.ascii	"RC_ERROR_INVALID\000"
 1959      52524F52 
 1959      5F494E56 
 1959      414C4944 
 1959      00
 1960              	.LASF53:
 1961 028a 4C45445F 		.ascii	"LED_ORANGE\000"
 1961      4F52414E 
 1961      474500
 1962              	.LASF46:
 1963 0295 52435F45 		.ascii	"RC_ERROR_BAD_DATA\000"
 1963      52524F52 
 1963      5F424144 
 1963      5F444154 
 1963      4100
 1964              	.LASF24:
 1965 02a7 626F6F6C 		.ascii	"boolean_t\000"
 1965      65616E5F 
 1965      7400
 1966              	.LASF107:
 1967 02b1 736F7572 		.ascii	"source\\asw\\detector.c\000"
 1967      63655C61 
 1967      73775C64 
 1967      65746563 
 1967      746F722E 
 1968              	.LASF84:
 1969 02c7 73746174 		.ascii	"state\000"
 1969      6500
 1970              	.LASF78:
ARM GAS  C:\Users\zakis\AppData\Local\Temp\ccwBxJsh.s 			page 42


 1971 02cd 444D415F 		.ascii	"DMA_MEMORY_TO_UART\000"
 1971      4D454D4F 
 1971      52595F54 
 1971      4F5F5541 
 1971      525400
 1972              	.LASF16:
 1973 02e0 6C6F6E67 		.ascii	"long double\000"
 1973      20646F75 
 1973      626C6500 
 1974              	.LASF1:
 1975 02ec 756E7369 		.ascii	"unsigned char\000"
 1975      676E6564 
 1975      20636861 
 1975      7200
 1976              	.LASF65:
 1977 02fa 4144435F 		.ascii	"ADC_ON\000"
 1977      4F4E00
 1978              	.LASF51:
 1979 0301 52435F74 		.ascii	"RC_t\000"
 1979      00
 1980              	.LASF60:
 1981 0306 65444143 		.ascii	"eDAC_ONOFF\000"
 1981      5F4F4E4F 
 1981      464600
 1982              	.LASF9:
 1983 0311 6C6F6E67 		.ascii	"long long unsigned int\000"
 1983      206C6F6E 
 1983      6720756E 
 1983      7369676E 
 1983      65642069 
 1984              	.LASF59:
 1985 0328 4C45445F 		.ascii	"LED_ON\000"
 1985      4F4E00
 1986              	.LASF10:
 1987 032f 756E7369 		.ascii	"unsigned int\000"
 1987      676E6564 
 1987      20696E74 
 1987      00
 1988              	.LASF37:
 1989 033c 52435F45 		.ascii	"RC_ERROR_OPEN\000"
 1989      52524F52 
 1989      5F4F5045 
 1989      4E00
 1990              	.LASF101:
 1991 034a 4C45445F 		.ascii	"LED_Set\000"
 1991      53657400 
 1992              	.LASF58:
 1993 0352 4C45445F 		.ascii	"LED_OFF\000"
 1993      4F464600 
 1994              	.LASF79:
 1995 035a 65444D41 		.ascii	"eDMA_ONOFF\000"
 1995      5F4F4E4F 
 1995      464600
 1996              	.LASF27:
 1997 0365 52435F45 		.ascii	"RC_ERROR_NULL\000"
 1997      52524F52 
 1997      5F4E554C 
ARM GAS  C:\Users\zakis\AppData\Local\Temp\ccwBxJsh.s 			page 43


 1997      4C00
 1998              	.LASF34:
 1999 0373 52435F45 		.ascii	"RC_ERROR_BUFFER_EMTPY\000"
 1999      52524F52 
 1999      5F425546 
 1999      4645525F 
 1999      454D5450 
 2000              	.LASF17:
 2001 0389 45455F49 		.ascii	"EE_INT32\000"
 2001      4E543332 
 2001      00
 2002              	.LASF96:
 2003 0392 444D415F 		.ascii	"DMA_MEM_UART_TD\000"
 2003      4D454D5F 
 2003      55415254 
 2003      5F544400 
 2004              	.LASF3:
 2005 03a2 73686F72 		.ascii	"short unsigned int\000"
 2005      7420756E 
 2005      7369676E 
 2005      65642069 
 2005      6E7400
 2006              	.LASF109:
 2007 03b5 44455445 		.ascii	"DETECTOR_initDrivers\000"
 2007      43544F52 
 2007      5F696E69 
 2007      74447269 
 2007      76657273 
 2008              	.LASF106:
 2009 03ca 474E5520 		.ascii	"GNU C11 5.4.1 20160609 (release) [ARM/embedded-5-br"
 2009      43313120 
 2009      352E342E 
 2009      31203230 
 2009      31363036 
 2010 03fd 616E6368 		.ascii	"anch revision 237715] -mcpu=cortex-m3 -mthumb -g -O"
 2010      20726576 
 2010      6973696F 
 2010      6E203233 
 2010      37373135 
 2011 0430 67202D66 		.ascii	"g -ffunction-sections -ffat-lto-objects\000"
 2011      66756E63 
 2011      74696F6E 
 2011      2D736563 
 2011      74696F6E 
 2012              	.LASF15:
 2013 0458 63686172 		.ascii	"char\000"
 2013      00
 2014              	.LASF73:
 2015 045d 72656164 		.ascii	"readyToSend\000"
 2015      79546F53 
 2015      656E6400 
 2016              	.LASF29:
 2017 0469 52435F45 		.ascii	"RC_ERROR_MEMORY\000"
 2017      52524F52 
 2017      5F4D454D 
 2017      4F525900 
 2018              	.LASF33:
ARM GAS  C:\Users\zakis\AppData\Local\Temp\ccwBxJsh.s 			page 44


 2019 0479 52435F45 		.ascii	"RC_ERROR_BUFFER_FULL\000"
 2019      52524F52 
 2019      5F425546 
 2019      4645525F 
 2019      46554C4C 
 2020              	.LASF12:
 2021 048e 696E7433 		.ascii	"int32_t\000"
 2021      325F7400 
 2022              	.LASF71:
 2023 0496 6E756D62 		.ascii	"numberOfTransfers\000"
 2023      65724F66 
 2023      5472616E 
 2023      73666572 
 2023      7300
 2024              	.LASF45:
 2025 04a8 52435F45 		.ascii	"RC_ERROR_BAD_PARAM\000"
 2025      52524F52 
 2025      5F424144 
 2025      5F504152 
 2025      414D00
 2026              	.LASF54:
 2027 04bb 4C45445F 		.ascii	"LED_GREEN\000"
 2027      47524545 
 2027      4E00
 2028              	.LASF97:
 2029 04c5 55415254 		.ascii	"UART_init\000"
 2029      5F696E69 
 2029      7400
 2030              	.LASF89:
 2031 04cf 45455F41 		.ascii	"EE_ApplicationMode\000"
 2031      70706C69 
 2031      63617469 
 2031      6F6E4D6F 
 2031      646500
 2032              	.LASF7:
 2033 04e2 6C6F6E67 		.ascii	"long unsigned int\000"
 2033      20756E73 
 2033      69676E65 
 2033      6420696E 
 2033      7400
 2034              	.LASF14:
 2035 04f4 646F7562 		.ascii	"double\000"
 2035      6C6500
 2036              	.LASF85:
 2037 04fb 64657465 		.ascii	"detector\000"
 2037      63746F72 
 2037      00
 2038              	.LASF38:
 2039 0504 52435F45 		.ascii	"RC_ERROR_CHECKSUM\000"
 2039      52524F52 
 2039      5F434845 
 2039      434B5355 
 2039      4D00
 2040              	.LASF19:
 2041 0516 45455F55 		.ascii	"EE_UREG\000"
 2041      52454700 
 2042              	.LASF55:
ARM GAS  C:\Users\zakis\AppData\Local\Temp\ccwBxJsh.s 			page 45


 2043 051e 4C45445F 		.ascii	"LED_ALL\000"
 2043      414C4C00 
 2044              	.LASF30:
 2045 0526 52435F45 		.ascii	"RC_ERROR_RANGE\000"
 2045      52524F52 
 2045      5F52414E 
 2045      474500
 2046              	.LASF70:
 2047 0535 64657465 		.ascii	"detectorState\000"
 2047      63746F72 
 2047      53746174 
 2047      6500
 2048              	.LASF5:
 2049 0543 5F5F696E 		.ascii	"__int32_t\000"
 2049      7433325F 
 2049      7400
 2050              	.LASF69:
 2051 054d 53746174 		.ascii	"States_t\000"
 2051      65735F74 
 2051      00
 2052              	.LASF72:
 2053 0556 73616D70 		.ascii	"samplingFinished\000"
 2053      6C696E67 
 2053      46696E69 
 2053      73686564 
 2053      00
 2054              	.LASF68:
 2055 0567 55415254 		.ascii	"UART_TRANSFER\000"
 2055      5F545241 
 2055      4E534645 
 2055      5200
 2056              	.LASF100:
 2057 0575 4441435F 		.ascii	"DAC_Init\000"
 2057      496E6974 
 2057      00
 2058              	.LASF62:
 2059 057e 4441435F 		.ascii	"DAC_ON\000"
 2059      4F4E00
 2060              	.LASF23:
 2061 0585 73697A65 		.ascii	"sizetype\000"
 2061      74797065 
 2061      00
 2062              	.LASF47:
 2063 058e 52435F45 		.ascii	"RC_ERROR_CANCELED\000"
 2063      52524F52 
 2063      5F43414E 
 2063      43454C45 
 2063      4400
 2064              	.LASF103:
 2065 05a0 4441435F 		.ascii	"DAC_Set\000"
 2065      53657400 
 2066              	.LASF61:
 2067 05a8 4441435F 		.ascii	"DAC_OFF\000"
 2067      4F464600 
 2068              	.LASF108:
 2069 05b0 433A5C55 		.ascii	"C:\\Users\\zakis\\Documents\\SDHD_LAB\\MovementDete"
 2069      73657273 
ARM GAS  C:\Users\zakis\AppData\Local\Temp\ccwBxJsh.s 			page 46


 2069      5C7A616B 
 2069      69735C44 
 2069      6F63756D 
 2070 05de 63746F72 		.ascii	"ctor\\40_Implementation\\20_SW\\10_work\\MovementDe"
 2070      5C34305F 
 2070      496D706C 
 2070      656D656E 
 2070      74617469 
 2071 060d 74656374 		.ascii	"tector\\RADAR_Movement_Detector.cydsn\000"
 2071      6F725C52 
 2071      41444152 
 2071      5F4D6F76 
 2071      656D656E 
 2072              	.LASF105:
 2073 0632 45455F6F 		.ascii	"EE_oo_SetEvent\000"
 2073      6F5F5365 
 2073      74457665 
 2073      6E7400
 2074              	.LASF92:
 2075 0641 49544D5F 		.ascii	"ITM_RxBuffer\000"
 2075      52784275 
 2075      66666572 
 2075      00
 2076              	.LASF26:
 2077 064e 52435F45 		.ascii	"RC_ERROR\000"
 2077      52524F52 
 2077      00
 2078              	.LASF52:
 2079 0657 4C45445F 		.ascii	"LED_RED\000"
 2079      52454400 
 2080              	.LASF99:
 2081 065f 4144435F 		.ascii	"ADC_Init\000"
 2081      496E6974 
 2081      00
 2082              	.LASF87:
 2083 0668 45455F6F 		.ascii	"EE_oo_IRQ_disable_count\000"
 2083      6F5F4952 
 2083      515F6469 
 2083      7361626C 
 2083      655F636F 
 2084              	.LASF63:
 2085 0680 65414443 		.ascii	"eADC_ONOFF\000"
 2085      5F4F4E4F 
 2085      464600
 2086              	.LASF4:
 2087 068b 5F5F7569 		.ascii	"__uint8_t\000"
 2087      6E74385F 
 2087      7400
 2088              	.LASF74:
 2089 0695 6D656D6F 		.ascii	"memoryToUARTFinished\000"
 2089      7279546F 
 2089      55415254 
 2089      46696E69 
 2089      73686564 
 2090              	.LASF36:
 2091 06aa 52435F45 		.ascii	"RC_ERROR_TIME_OUT\000"
 2091      52524F52 
ARM GAS  C:\Users\zakis\AppData\Local\Temp\ccwBxJsh.s 			page 47


 2091      5F54494D 
 2091      455F4F55 
 2091      5400
 2092              		.ident	"GCC: (GNU Tools for ARM Embedded Processors) 5.4.1 20160609 (release) [ARM/embedded-5-bran
