ARM GAS  C:\Users\zakis\AppData\Local\Temp\ccQNaEoy.s 			page 1


   1              		.syntax unified
   2              		.cpu cortex-m3
   3              		.fpu softvfp
   4              		.eabi_attribute 20, 1
   5              		.eabi_attribute 21, 1
   6              		.eabi_attribute 23, 3
   7              		.eabi_attribute 24, 1
   8              		.eabi_attribute 25, 1
   9              		.eabi_attribute 26, 1
  10              		.eabi_attribute 30, 1
  11              		.eabi_attribute 34, 1
  12              		.eabi_attribute 18, 4
  13              		.thumb
  14              		.syntax unified
  15              		.file	"ErikaOS_eecfg.c"
  16              		.text
  17              	.Ltext0:
  18              		.cfi_sections	.debug_frame
  19              		.global	EE_oo_autostart_task_data
  20              		.comm	EE_ApplicationMode,4,4
  21              		.global	EE_oo_action_ROM
  22              		.comm	EE_oo_counter_object_RAM,16,4
  23              		.global	EE_oo_counter_object_ROM
  24              		.global	EE_ALARM_ID
  25              		.global	EE_ALARM_NAME
  26              		.global	EE_alarm_ROM
  27              		.global	EE_counter_RAM
  28              		.global	EE_counter_ROM
  29              		.global	EE_th_is_extended
  30              		.global	EE_th_waswaiting
  31              		.global	EE_th_event_waitmask
  32              		.global	EE_th_event_active
  33              		.global	EE_th_terminate_nextask
  34              		.global	EE_rq_free
  35              		.comm	EE_rq_pairs_tid,12,4
  36              		.global	EE_rq_pairs_next
  37              		.global	EE_rq_link
  38              		.global	EE_th_rnact_max
  39              		.global	EE_th_rnact
  40              		.global	EE_rq_bitmask
  41              		.global	EE_rq_queues_tail
  42              		.global	EE_rq_queues_head
  43              		.global	EE_sys_ceiling
  44              		.global	EE_stkfirst
  45              		.global	EE_th_next
  46              		.global	EE_th_status
  47              		.global	EE_th_dispatch_prio
  48              		.global	EE_EVENT_ID
  49              		.global	EE_EVENT_NAME
  50              		.global	EE_TASK_NAME
  51              		.global	EE_th_ready_prio
  52              		.global	EE_terminate_real_th_body
  53              		.comm	EE_terminate_data,12,4
  54              		.global	EE_hal_thread_body
  55              		.global	EE_cortex_mx_IRQ_tos
  56              		.global	EE_cortex_mx_active_tos
  57              		.global	EE_cortex_mx_system_tos
ARM GAS  C:\Users\zakis\AppData\Local\Temp\ccQNaEoy.s 			page 2


  58              		.global	EE_std_thread_tos
  59              		.comm	EE_cortex_mx_stack_9,512,4
  60              		.comm	EE_cortex_mx_stack_3,1000,4
  61              		.comm	EE_cortex_mx_stack_2,500,4
  62              		.section	.rodata
  63              		.align	2
  64              		.type	EE_oo_autostart_task_data, %object
  65              		.size	EE_oo_autostart_task_data, 8
  66              	EE_oo_autostart_task_data:
  67 0000 01000000 		.word	1
  68 0004 08000000 		.word	EE_oo_autostart_task_mode_OSDEFAULTAPPMODE
  69              		.type	EE_oo_autostart_task_mode_OSDEFAULTAPPMODE, %object
  70              		.size	EE_oo_autostart_task_mode_OSDEFAULTAPPMODE, 4
  71              	EE_oo_autostart_task_mode_OSDEFAULTAPPMODE:
  72 0008 00000000 		.space	4
  73              		.type	EE_oo_action_ROM, %object
  74              		.size	EE_oo_action_ROM, 20
  75              	EE_oo_action_ROM:
  76 000c 00       		.byte	0
  77 000d 000000   		.space	3
  78 0010 02000000 		.word	2
  79 0014 00000000 		.word	0
  80 0018 00000000 		.word	0
  81 001c FFFFFFFF 		.word	-1
  82              		.type	EE_oo_counter_object_ROM, %object
  83              		.size	EE_oo_counter_object_ROM, 12
  84              	EE_oo_counter_object_ROM:
  85 0020 00000000 		.space	12
  85      00000000 
  85      00000000 
  86              		.type	EE_ALARM_ID, %object
  87              		.size	EE_ALARM_ID, 4
  88              	EE_ALARM_ID:
  89 002c 00000000 		.space	4
  90              		.type	EE_alarm_ROM, %object
  91              		.size	EE_alarm_ROM, 4
  92              	EE_alarm_ROM:
  93 0030 00000000 		.space	4
  94              		.type	EE_counter_ROM, %object
  95              		.size	EE_counter_ROM, 12
  96              	EE_counter_ROM:
  97 0034 10270000 		.word	10000
  98 0038 01000000 		.word	1
  99 003c 00000000 		.word	0
 100              		.type	EE_th_is_extended, %object
 101              		.size	EE_th_is_extended, 12
 102              	EE_th_is_extended:
 103 0040 00000000 		.word	0
 104 0044 00000000 		.word	0
 105 0048 01000000 		.word	1
 106              		.type	EE_th_rnact_max, %object
 107              		.size	EE_th_rnact_max, 12
 108              	EE_th_rnact_max:
 109 004c 01000000 		.word	1
 110 0050 01000000 		.word	1
 111 0054 01000000 		.word	1
 112              		.type	EE_th_dispatch_prio, %object
ARM GAS  C:\Users\zakis\AppData\Local\Temp\ccQNaEoy.s 			page 3


 113              		.size	EE_th_dispatch_prio, 12
 114              	EE_th_dispatch_prio:
 115 0058 80000000 		.word	128
 116 005c 02000000 		.word	2
 117 0060 04000000 		.word	4
 118              		.type	EE_EVENT_ID, %object
 119              		.size	EE_EVENT_ID, 24
 120              	EE_EVENT_ID:
 121 0064 01000000 		.word	1
 122 0068 02000000 		.word	2
 123 006c 04000000 		.word	4
 124 0070 08000000 		.word	8
 125 0074 10000000 		.word	16
 126 0078 20000000 		.word	32
 127              		.type	EE_th_ready_prio, %object
 128              		.size	EE_th_ready_prio, 12
 129              	EE_th_ready_prio:
 130 007c 01000000 		.word	1
 131 0080 02000000 		.word	2
 132 0084 04000000 		.word	4
 133              		.type	EE_terminate_real_th_body, %object
 134              		.size	EE_terminate_real_th_body, 12
 135              	EE_terminate_real_th_body:
 136 0088 00000000 		.word	Functsk_init
 137 008c 00000000 		.word	Functsk_background
 138 0090 00000000 		.word	Functsk_control
 139              		.type	EE_hal_thread_body, %object
 140              		.size	EE_hal_thread_body, 12
 141              	EE_hal_thread_body:
 142 0094 00000000 		.word	EE_oo_thread_stub
 143 0098 00000000 		.word	EE_oo_thread_stub
 144 009c 00000000 		.word	EE_oo_thread_stub
 145              		.type	EE_std_thread_tos, %object
 146              		.size	EE_std_thread_tos, 16
 147              	EE_std_thread_tos:
 148 00a0 00000000 		.word	0
 149 00a4 00000000 		.word	0
 150 00a8 01000000 		.word	1
 151 00ac 02000000 		.word	2
 152              		.data
 153              		.align	2
 154              		.type	EE_ALARM_NAME, %object
 155              		.size	EE_ALARM_NAME, 4
 156              	EE_ALARM_NAME:
 157 0000 00000000 		.word	.LC0
 158              		.type	EE_counter_RAM, %object
 159              		.size	EE_counter_RAM, 8
 160              	EE_counter_RAM:
 161 0004 00000000 		.word	0
 162 0008 FFFFFFFF 		.word	-1
 163              		.type	EE_th_terminate_nextask, %object
 164              		.size	EE_th_terminate_nextask, 12
 165              	EE_th_terminate_nextask:
 166 000c FFFFFFFF 		.word	-1
 167 0010 FFFFFFFF 		.word	-1
 168 0014 FFFFFFFF 		.word	-1
 169              		.type	EE_rq_pairs_next, %object
ARM GAS  C:\Users\zakis\AppData\Local\Temp\ccQNaEoy.s 			page 4


 170              		.size	EE_rq_pairs_next, 12
 171              	EE_rq_pairs_next:
 172 0018 01000000 		.word	1
 173 001c 02000000 		.word	2
 174 0020 FFFFFFFF 		.word	-1
 175              		.type	EE_rq_link, %object
 176              		.size	EE_rq_link, 12
 177              	EE_rq_link:
 178 0024 00000000 		.word	0
 179 0028 01000000 		.word	1
 180 002c 02000000 		.word	2
 181              		.type	EE_th_rnact, %object
 182              		.size	EE_th_rnact, 12
 183              	EE_th_rnact:
 184 0030 01000000 		.word	1
 185 0034 01000000 		.word	1
 186 0038 01000000 		.word	1
 187              		.type	EE_rq_queues_tail, %object
 188              		.size	EE_rq_queues_tail, 64
 189              	EE_rq_queues_tail:
 190 003c FFFFFFFF 		.word	-1
 191 0040 FFFFFFFF 		.word	-1
 192 0044 FFFFFFFF 		.word	-1
 193 0048 FFFFFFFF 		.word	-1
 194 004c FFFFFFFF 		.word	-1
 195 0050 FFFFFFFF 		.word	-1
 196 0054 FFFFFFFF 		.word	-1
 197 0058 FFFFFFFF 		.word	-1
 198 005c FFFFFFFF 		.word	-1
 199 0060 FFFFFFFF 		.word	-1
 200 0064 FFFFFFFF 		.word	-1
 201 0068 FFFFFFFF 		.word	-1
 202 006c FFFFFFFF 		.word	-1
 203 0070 FFFFFFFF 		.word	-1
 204 0074 FFFFFFFF 		.word	-1
 205 0078 FFFFFFFF 		.word	-1
 206              		.type	EE_rq_queues_head, %object
 207              		.size	EE_rq_queues_head, 64
 208              	EE_rq_queues_head:
 209 007c FFFFFFFF 		.word	-1
 210 0080 FFFFFFFF 		.word	-1
 211 0084 FFFFFFFF 		.word	-1
 212 0088 FFFFFFFF 		.word	-1
 213 008c FFFFFFFF 		.word	-1
 214 0090 FFFFFFFF 		.word	-1
 215 0094 FFFFFFFF 		.word	-1
 216 0098 FFFFFFFF 		.word	-1
 217 009c FFFFFFFF 		.word	-1
 218 00a0 FFFFFFFF 		.word	-1
 219 00a4 FFFFFFFF 		.word	-1
 220 00a8 FFFFFFFF 		.word	-1
 221 00ac FFFFFFFF 		.word	-1
 222 00b0 FFFFFFFF 		.word	-1
 223 00b4 FFFFFFFF 		.word	-1
 224 00b8 FFFFFFFF 		.word	-1
 225              		.type	EE_stkfirst, %object
 226              		.size	EE_stkfirst, 4
ARM GAS  C:\Users\zakis\AppData\Local\Temp\ccQNaEoy.s 			page 5


 227              	EE_stkfirst:
 228 00bc FFFFFFFF 		.word	-1
 229              		.type	EE_th_next, %object
 230              		.size	EE_th_next, 12
 231              	EE_th_next:
 232 00c0 FFFFFFFF 		.word	-1
 233 00c4 FFFFFFFF 		.word	-1
 234 00c8 FFFFFFFF 		.word	-1
 235              		.type	EE_th_status, %object
 236              		.size	EE_th_status, 12
 237              	EE_th_status:
 238 00cc 03000000 		.word	3
 239 00d0 03000000 		.word	3
 240 00d4 03000000 		.word	3
 241              		.type	EE_EVENT_NAME, %object
 242              		.size	EE_EVENT_NAME, 24
 243              	EE_EVENT_NAME:
 244 00d8 0C000000 		.word	.LC1
 245 00dc 1C000000 		.word	.LC2
 246 00e0 2C000000 		.word	.LC3
 247 00e4 3C000000 		.word	.LC4
 248 00e8 50000000 		.word	.LC5
 249 00ec 58000000 		.word	.LC6
 250              		.type	EE_TASK_NAME, %object
 251              		.size	EE_TASK_NAME, 12
 252              	EE_TASK_NAME:
 253 00f0 68000000 		.word	.LC7
 254 00f4 74000000 		.word	.LC8
 255 00f8 84000000 		.word	.LC9
 256              		.type	EE_cortex_mx_IRQ_tos, %object
 257              		.size	EE_cortex_mx_IRQ_tos, 4
 258              	EE_cortex_mx_IRQ_tos:
 259 00fc 00020000 		.word	EE_cortex_mx_stack_9+512
 260              		.type	EE_cortex_mx_system_tos, %object
 261              		.size	EE_cortex_mx_system_tos, 12
 262              	EE_cortex_mx_system_tos:
 263 0100 00000000 		.word	0
 264 0104 CC010000 		.word	EE_cortex_mx_stack_2+460
 265 0108 C0030000 		.word	EE_cortex_mx_stack_3+960
 266              		.section	.rodata.str1.4,"aMS",%progbits,1
 267              		.align	2
 268              	.LC0:
 269 0000 616C726D 		.ascii	"alrm_main\000"
 269      5F6D6169 
 269      6E00
 270 000a 0000     		.space	2
 271              	.LC1:
 272 000c 65765F70 		.ascii	"ev_pushButton\000"
 272      75736842 
 272      7574746F 
 272      6E00
 273 001a 0000     		.space	2
 274              	.LC2:
 275 001c 65765F6E 		.ascii	"ev_noSReceived\000"
 275      6F535265 
 275      63656976 
 275      656400
ARM GAS  C:\Users\zakis\AppData\Local\Temp\ccQNaEoy.s 			page 6


 276 002b 00       		.space	1
 277              	.LC3:
 278 002c 65765F73 		.ascii	"ev_sReceived\000"
 278      52656365 
 278      69766564 
 278      00
 279 0039 000000   		.space	3
 280              	.LC4:
 281 003c 65765F73 		.ascii	"ev_samplingFinished\000"
 281      616D706C 
 281      696E6746 
 281      696E6973 
 281      68656400 
 282              	.LC5:
 283 0050 65765F73 		.ascii	"ev_send\000"
 283      656E6400 
 284              	.LC6:
 285 0058 65765F6F 		.ascii	"ev_oReceived\000"
 285      52656365 
 285      69766564 
 285      00
 286 0065 000000   		.space	3
 287              	.LC7:
 288 0068 74736B5F 		.ascii	"tsk_init\000"
 288      696E6974 
 288      00
 289 0071 000000   		.space	3
 290              	.LC8:
 291 0074 74736B5F 		.ascii	"tsk_background\000"
 291      6261636B 
 291      67726F75 
 291      6E6400
 292 0083 00       		.space	1
 293              	.LC9:
 294 0084 74736B5F 		.ascii	"tsk_control\000"
 294      636F6E74 
 294      726F6C00 
 295              		.bss
 296              		.align	2
 297              		.type	EE_th_waswaiting, %object
 298              		.size	EE_th_waswaiting, 12
 299              	EE_th_waswaiting:
 300 0000 00000000 		.space	12
 300      00000000 
 300      00000000 
 301              		.type	EE_th_event_waitmask, %object
 302              		.size	EE_th_event_waitmask, 12
 303              	EE_th_event_waitmask:
 304 000c 00000000 		.space	12
 304      00000000 
 304      00000000 
 305              		.type	EE_th_event_active, %object
 306              		.size	EE_th_event_active, 12
 307              	EE_th_event_active:
 308 0018 00000000 		.space	12
 308      00000000 
 308      00000000 
ARM GAS  C:\Users\zakis\AppData\Local\Temp\ccQNaEoy.s 			page 7


 309              		.type	EE_rq_free, %object
 310              		.size	EE_rq_free, 4
 311              	EE_rq_free:
 312 0024 00000000 		.space	4
 313              		.type	EE_rq_bitmask, %object
 314              		.size	EE_rq_bitmask, 2
 315              	EE_rq_bitmask:
 316 0028 0000     		.space	2
 317 002a 0000     		.space	2
 318              		.type	EE_sys_ceiling, %object
 319              		.size	EE_sys_ceiling, 4
 320              	EE_sys_ceiling:
 321 002c 00000000 		.space	4
 322              		.type	EE_cortex_mx_active_tos, %object
 323              		.size	EE_cortex_mx_active_tos, 4
 324              	EE_cortex_mx_active_tos:
 325 0030 00000000 		.space	4
 326              		.text
 327              	.Letext0:
 328              		.file 1 "Generated_Source\\PSoC5\\ErikaOS_common_ee_types.inc"
 329              		.file 2 "Generated_Source\\PSoC5\\ErikaOS_cortex_mx_ee_cpu.inc"
 330              		.file 3 "Generated_Source\\PSoC5\\ErikaOS_ee_oo_common.inc"
 331              		.file 4 "Generated_Source\\PSoC5\\ErikaOS_common_ee_hal_structs.inc"
 332              		.file 5 "Generated_Source\\PSoC5\\ErikaOS_eecfg.c"
 333              		.file 6 "Generated_Source\\PSoC5\\ErikaOS_ee_oo_intfunc.inc"
 334              		.file 7 "Generated_Source\\PSoC5\\ErikaOS_cortex_mx_ee_context.inc"
 335              		.file 8 "Generated_Source\\PSoC5\\ErikaOS_common_ee_primitives.inc"
 336              		.section	.debug_info,"",%progbits
 337              	.Ldebug_info0:
 338 0000 D3080000 		.4byte	0x8d3
 339 0004 0400     		.2byte	0x4
 340 0006 00000000 		.4byte	.Ldebug_abbrev0
 341 000a 04       		.byte	0x4
 342 000b 01       		.uleb128 0x1
 343 000c 11050000 		.4byte	.LASF113
 344 0010 0C       		.byte	0xc
 345 0011 7B000000 		.4byte	.LASF114
 346 0015 EB060000 		.4byte	.LASF115
 347 0019 00000000 		.4byte	.Ldebug_line0
 348 001d 02       		.uleb128 0x2
 349 001e 01       		.byte	0x1
 350 001f 06       		.byte	0x6
 351 0020 36010000 		.4byte	.LASF0
 352 0024 02       		.uleb128 0x2
 353 0025 01       		.byte	0x1
 354 0026 08       		.byte	0x8
 355 0027 74040000 		.4byte	.LASF1
 356 002b 02       		.uleb128 0x2
 357 002c 02       		.byte	0x2
 358 002d 05       		.byte	0x5
 359 002e B9040000 		.4byte	.LASF2
 360 0032 02       		.uleb128 0x2
 361 0033 02       		.byte	0x2
 362 0034 07       		.byte	0x7
 363 0035 9A020000 		.4byte	.LASF3
 364 0039 02       		.uleb128 0x2
 365 003a 04       		.byte	0x4
ARM GAS  C:\Users\zakis\AppData\Local\Temp\ccQNaEoy.s 			page 8


 366 003b 05       		.byte	0x5
 367 003c BD010000 		.4byte	.LASF4
 368 0040 02       		.uleb128 0x2
 369 0041 04       		.byte	0x4
 370 0042 07       		.byte	0x7
 371 0043 58020000 		.4byte	.LASF5
 372 0047 02       		.uleb128 0x2
 373 0048 08       		.byte	0x8
 374 0049 05       		.byte	0x5
 375 004a 28010000 		.4byte	.LASF6
 376 004e 02       		.uleb128 0x2
 377 004f 08       		.byte	0x8
 378 0050 07       		.byte	0x7
 379 0051 5E000000 		.4byte	.LASF7
 380 0055 03       		.uleb128 0x3
 381 0056 04       		.byte	0x4
 382 0057 05       		.byte	0x5
 383 0058 696E7400 		.ascii	"int\000"
 384 005c 02       		.uleb128 0x2
 385 005d 04       		.byte	0x4
 386 005e 07       		.byte	0x7
 387 005f 20020000 		.4byte	.LASF8
 388 0063 02       		.uleb128 0x2
 389 0064 08       		.byte	0x8
 390 0065 04       		.byte	0x4
 391 0066 C2030000 		.4byte	.LASF9
 392 006a 04       		.uleb128 0x4
 393 006b 41040000 		.4byte	.LASF10
 394 006f 01       		.byte	0x1
 395 0070 52       		.byte	0x52
 396 0071 32000000 		.4byte	0x32
 397 0075 04       		.uleb128 0x4
 398 0076 5D070000 		.4byte	.LASF11
 399 007a 01       		.byte	0x1
 400 007b 53       		.byte	0x53
 401 007c 55000000 		.4byte	0x55
 402 0080 04       		.uleb128 0x4
 403 0081 53070000 		.4byte	.LASF12
 404 0085 01       		.byte	0x1
 405 0086 54       		.byte	0x54
 406 0087 5C000000 		.4byte	0x5c
 407 008b 04       		.uleb128 0x4
 408 008c A8070000 		.4byte	.LASF13
 409 0090 01       		.byte	0x1
 410 0091 64       		.byte	0x64
 411 0092 96000000 		.4byte	0x96
 412 0096 05       		.uleb128 0x5
 413 0097 04       		.byte	0x4
 414 0098 06       		.uleb128 0x6
 415 0099 04       		.byte	0x4
 416 009a 9E000000 		.4byte	0x9e
 417 009e 07       		.uleb128 0x7
 418 009f 04       		.uleb128 0x4
 419 00a0 45030000 		.4byte	.LASF14
 420 00a4 01       		.byte	0x1
 421 00a5 70       		.byte	0x70
 422 00a6 98000000 		.4byte	0x98
ARM GAS  C:\Users\zakis\AppData\Local\Temp\ccQNaEoy.s 			page 9


 423 00aa 04       		.uleb128 0x4
 424 00ab AB050000 		.4byte	.LASF15
 425 00af 01       		.byte	0x1
 426 00b0 73       		.byte	0x73
 427 00b1 98000000 		.4byte	0x98
 428 00b5 04       		.uleb128 0x4
 429 00b6 2D020000 		.4byte	.LASF16
 430 00ba 02       		.byte	0x2
 431 00bb 4D       		.byte	0x4d
 432 00bc 80000000 		.4byte	0x80
 433 00c0 04       		.uleb128 0x4
 434 00c1 E4030000 		.4byte	.LASF17
 435 00c5 02       		.byte	0x2
 436 00c6 4E       		.byte	0x4e
 437 00c7 75000000 		.4byte	0x75
 438 00cb 04       		.uleb128 0x4
 439 00cc C2070000 		.4byte	.LASF18
 440 00d0 02       		.byte	0x2
 441 00d1 4F       		.byte	0x4f
 442 00d2 80000000 		.4byte	0x80
 443 00d6 04       		.uleb128 0x4
 444 00d7 3D000000 		.4byte	.LASF19
 445 00db 02       		.byte	0x2
 446 00dc 54       		.byte	0x54
 447 00dd B5000000 		.4byte	0xb5
 448 00e1 04       		.uleb128 0x4
 449 00e2 13020000 		.4byte	.LASF20
 450 00e6 02       		.byte	0x2
 451 00e7 78       		.byte	0x78
 452 00e8 75000000 		.4byte	0x75
 453 00ec 08       		.uleb128 0x8
 454 00ed DA000000 		.4byte	.LASF61
 455 00f1 04       		.byte	0x4
 456 00f2 04       		.byte	0x4
 457 00f3 4D       		.byte	0x4d
 458 00f4 05010000 		.4byte	0x105
 459 00f8 09       		.uleb128 0x9
 460 00f9 94070000 		.4byte	.LASF28
 461 00fd 04       		.byte	0x4
 462 00fe 4E       		.byte	0x4e
 463 00ff 8B000000 		.4byte	0x8b
 464 0103 00       		.byte	0
 465 0104 00       		.byte	0
 466 0105 0A       		.uleb128 0xa
 467 0106 A9030000 		.4byte	.LASF21
 468 010a 03       		.byte	0x3
 469 010b 1101     		.2byte	0x111
 470 010d 6A000000 		.4byte	0x6a
 471 0111 0A       		.uleb128 0xa
 472 0112 D1000000 		.4byte	.LASF22
 473 0116 03       		.byte	0x3
 474 0117 F701     		.2byte	0x1f7
 475 0119 E1000000 		.4byte	0xe1
 476 011d 0A       		.uleb128 0xa
 477 011e 59010000 		.4byte	.LASF23
 478 0122 03       		.byte	0x3
 479 0123 2C02     		.2byte	0x22c
ARM GAS  C:\Users\zakis\AppData\Local\Temp\ccQNaEoy.s 			page 10


 480 0125 B5000000 		.4byte	0xb5
 481 0129 0A       		.uleb128 0xa
 482 012a 1D000000 		.4byte	.LASF24
 483 012e 03       		.byte	0x3
 484 012f 3502     		.2byte	0x235
 485 0131 B5000000 		.4byte	0xb5
 486 0135 0A       		.uleb128 0xa
 487 0136 04060000 		.4byte	.LASF25
 488 013a 03       		.byte	0x3
 489 013b 5D02     		.2byte	0x25d
 490 013d B5000000 		.4byte	0xb5
 491 0141 0A       		.uleb128 0xa
 492 0142 32000000 		.4byte	.LASF26
 493 0146 03       		.byte	0x3
 494 0147 6302     		.2byte	0x263
 495 0149 B5000000 		.4byte	0xb5
 496 014d 0A       		.uleb128 0xa
 497 014e 56030000 		.4byte	.LASF27
 498 0152 03       		.byte	0x3
 499 0153 6C02     		.2byte	0x26c
 500 0155 B5000000 		.4byte	0xb5
 501 0159 0B       		.uleb128 0xb
 502 015a 0C       		.byte	0xc
 503 015b 03       		.byte	0x3
 504 015c 7202     		.2byte	0x272
 505 015e 8A010000 		.4byte	0x18a
 506 0162 0C       		.uleb128 0xc
 507 0163 E1000000 		.4byte	.LASF29
 508 0167 03       		.byte	0x3
 509 0168 7302     		.2byte	0x273
 510 016a 29010000 		.4byte	0x129
 511 016e 00       		.byte	0
 512 016f 0C       		.uleb128 0xc
 513 0170 EC030000 		.4byte	.LASF30
 514 0174 03       		.byte	0x3
 515 0175 7402     		.2byte	0x274
 516 0177 29010000 		.4byte	0x129
 517 017b 04       		.byte	0x4
 518 017c 0C       		.uleb128 0xc
 519 017d 0A020000 		.4byte	.LASF31
 520 0181 03       		.byte	0x3
 521 0182 7502     		.2byte	0x275
 522 0184 29010000 		.4byte	0x129
 523 0188 08       		.byte	0x8
 524 0189 00       		.byte	0
 525 018a 0A       		.uleb128 0xa
 526 018b FA040000 		.4byte	.LASF32
 527 018f 03       		.byte	0x3
 528 0190 7A02     		.2byte	0x27a
 529 0192 59010000 		.4byte	0x159
 530 0196 0B       		.uleb128 0xb
 531 0197 08       		.byte	0x8
 532 0198 03       		.byte	0x3
 533 0199 7D02     		.2byte	0x27d
 534 019b BA010000 		.4byte	0x1ba
 535 019f 0C       		.uleb128 0xc
 536 01a0 1A020000 		.4byte	.LASF33
ARM GAS  C:\Users\zakis\AppData\Local\Temp\ccQNaEoy.s 			page 11


 537 01a4 03       		.byte	0x3
 538 01a5 7E02     		.2byte	0x27e
 539 01a7 29010000 		.4byte	0x129
 540 01ab 00       		.byte	0
 541 01ac 0C       		.uleb128 0xc
 542 01ad FE050000 		.4byte	.LASF34
 543 01b1 03       		.byte	0x3
 544 01b2 7F02     		.2byte	0x27f
 545 01b4 35010000 		.4byte	0x135
 546 01b8 04       		.byte	0x4
 547 01b9 00       		.byte	0
 548 01ba 0A       		.uleb128 0xa
 549 01bb 9A010000 		.4byte	.LASF35
 550 01bf 03       		.byte	0x3
 551 01c0 8002     		.2byte	0x280
 552 01c2 96010000 		.4byte	0x196
 553 01c6 0D       		.uleb128 0xd
 554 01c7 01       		.byte	0x1
 555 01c8 24000000 		.4byte	0x24
 556 01cc 03       		.byte	0x3
 557 01cd 8A02     		.2byte	0x28a
 558 01cf E0010000 		.4byte	0x1e0
 559 01d3 0E       		.uleb128 0xe
 560 01d4 82040000 		.4byte	.LASF36
 561 01d8 00       		.byte	0
 562 01d9 0E       		.uleb128 0xe
 563 01da 4B040000 		.4byte	.LASF37
 564 01de 01       		.byte	0x1
 565 01df 00       		.byte	0
 566 01e0 0A       		.uleb128 0xa
 567 01e1 C5020000 		.4byte	.LASF38
 568 01e5 03       		.byte	0x3
 569 01e6 8D02     		.2byte	0x28d
 570 01e8 C6010000 		.4byte	0x1c6
 571 01ec 0A       		.uleb128 0xa
 572 01ed F1020000 		.4byte	.LASF39
 573 01f1 03       		.byte	0x3
 574 01f2 9002     		.2byte	0x290
 575 01f4 E0010000 		.4byte	0x1e0
 576 01f8 0B       		.uleb128 0xb
 577 01f9 0C       		.byte	0xc
 578 01fa 03       		.byte	0x3
 579 01fb 9402     		.2byte	0x294
 580 01fd 27020000 		.4byte	0x227
 581 0201 0F       		.uleb128 0xf
 582 0202 6300     		.ascii	"c\000"
 583 0204 03       		.byte	0x3
 584 0205 9602     		.2byte	0x296
 585 0207 4D010000 		.4byte	0x14d
 586 020b 00       		.byte	0
 587 020c 0C       		.uleb128 0xc
 588 020d 5B060000 		.4byte	.LASF40
 589 0211 03       		.byte	0x3
 590 0212 9802     		.2byte	0x298
 591 0214 35010000 		.4byte	0x135
 592 0218 04       		.byte	0x4
 593 0219 0C       		.uleb128 0xc
ARM GAS  C:\Users\zakis\AppData\Local\Temp\ccQNaEoy.s 			page 12


 594 021a 95020000 		.4byte	.LASF41
 595 021e 03       		.byte	0x3
 596 021f 9A02     		.2byte	0x29a
 597 0221 EC010000 		.4byte	0x1ec
 598 0225 08       		.byte	0x8
 599 0226 00       		.byte	0
 600 0227 0A       		.uleb128 0xa
 601 0228 A2000000 		.4byte	.LASF42
 602 022c 03       		.byte	0x3
 603 022d 9B02     		.2byte	0x29b
 604 022f F8010000 		.4byte	0x1f8
 605 0233 0B       		.uleb128 0xb
 606 0234 10       		.byte	0x10
 607 0235 03       		.byte	0x3
 608 0236 9F02     		.2byte	0x29f
 609 0238 71020000 		.4byte	0x271
 610 023c 0C       		.uleb128 0xc
 611 023d F9030000 		.4byte	.LASF43
 612 0241 03       		.byte	0x3
 613 0242 A002     		.2byte	0x2a0
 614 0244 D6000000 		.4byte	0xd6
 615 0248 00       		.byte	0
 616 0249 0C       		.uleb128 0xc
 617 024a 8B070000 		.4byte	.LASF44
 618 024e 03       		.byte	0x3
 619 024f A102     		.2byte	0x2a1
 620 0251 29010000 		.4byte	0x129
 621 0255 04       		.byte	0x4
 622 0256 0C       		.uleb128 0xc
 623 0257 75000000 		.4byte	.LASF45
 624 025b 03       		.byte	0x3
 625 025c A202     		.2byte	0x2a2
 626 025e 29010000 		.4byte	0x129
 627 0262 08       		.byte	0x8
 628 0263 0C       		.uleb128 0xc
 629 0264 00000000 		.4byte	.LASF46
 630 0268 03       		.byte	0x3
 631 0269 A302     		.2byte	0x2a3
 632 026b 35010000 		.4byte	0x135
 633 026f 0C       		.byte	0xc
 634 0270 00       		.byte	0
 635 0271 0A       		.uleb128 0xa
 636 0272 FE030000 		.4byte	.LASF47
 637 0276 03       		.byte	0x3
 638 0277 A402     		.2byte	0x2a4
 639 0279 33020000 		.4byte	0x233
 640 027d 0D       		.uleb128 0xd
 641 027e 01       		.byte	0x1
 642 027f 24000000 		.4byte	0x24
 643 0283 03       		.byte	0x3
 644 0284 A702     		.2byte	0x2a7
 645 0286 A3020000 		.4byte	0x2a3
 646 028a 0E       		.uleb128 0xe
 647 028b 1B060000 		.4byte	.LASF48
 648 028f 00       		.byte	0
 649 0290 0E       		.uleb128 0xe
 650 0291 63060000 		.4byte	.LASF49
ARM GAS  C:\Users\zakis\AppData\Local\Temp\ccQNaEoy.s 			page 13


 651 0295 01       		.byte	0x1
 652 0296 0E       		.uleb128 0xe
 653 0297 3A060000 		.4byte	.LASF50
 654 029b 02       		.byte	0x2
 655 029c 0E       		.uleb128 0xe
 656 029d DD050000 		.4byte	.LASF51
 657 02a1 03       		.byte	0x3
 658 02a2 00       		.byte	0
 659 02a3 0A       		.uleb128 0xa
 660 02a4 42010000 		.4byte	.LASF52
 661 02a8 03       		.byte	0x3
 662 02a9 AC02     		.2byte	0x2ac
 663 02ab 7D020000 		.4byte	0x27d
 664 02af 0A       		.uleb128 0xa
 665 02b0 BF060000 		.4byte	.LASF53
 666 02b4 03       		.byte	0x3
 667 02b5 AF02     		.2byte	0x2af
 668 02b7 A3020000 		.4byte	0x2a3
 669 02bb 0B       		.uleb128 0xb
 670 02bc 14       		.byte	0x14
 671 02bd 03       		.byte	0x3
 672 02be B202     		.2byte	0x2b2
 673 02c0 04030000 		.4byte	0x304
 674 02c4 0C       		.uleb128 0xc
 675 02c5 95060000 		.4byte	.LASF54
 676 02c9 03       		.byte	0x3
 677 02ca B302     		.2byte	0x2b3
 678 02cc AF020000 		.4byte	0x2af
 679 02d0 00       		.byte	0
 680 02d1 0C       		.uleb128 0xc
 681 02d2 9C070000 		.4byte	.LASF55
 682 02d6 03       		.byte	0x3
 683 02d7 B402     		.2byte	0x2b4
 684 02d9 11010000 		.4byte	0x111
 685 02dd 04       		.byte	0x4
 686 02de 0C       		.uleb128 0xc
 687 02df 9F050000 		.4byte	.LASF56
 688 02e3 03       		.byte	0x3
 689 02e4 B602     		.2byte	0x2b6
 690 02e6 1D010000 		.4byte	0x11d
 691 02ea 08       		.byte	0x8
 692 02eb 0F       		.uleb128 0xf
 693 02ec 6600     		.ascii	"f\000"
 694 02ee 03       		.byte	0x3
 695 02ef B802     		.2byte	0x2b8
 696 02f1 9F000000 		.4byte	0x9f
 697 02f5 0C       		.byte	0xc
 698 02f6 0C       		.uleb128 0xc
 699 02f7 B0040000 		.4byte	.LASF57
 700 02fb 03       		.byte	0x3
 701 02fc BA02     		.2byte	0x2ba
 702 02fe 4D010000 		.4byte	0x14d
 703 0302 10       		.byte	0x10
 704 0303 00       		.byte	0
 705 0304 0A       		.uleb128 0xa
 706 0305 2B040000 		.4byte	.LASF58
 707 0309 03       		.byte	0x3
ARM GAS  C:\Users\zakis\AppData\Local\Temp\ccQNaEoy.s 			page 14


 708 030a BB02     		.2byte	0x2bb
 709 030c BB020000 		.4byte	0x2bb
 710 0310 0B       		.uleb128 0xb
 711 0311 04       		.byte	0x4
 712 0312 03       		.byte	0x3
 713 0313 BD02     		.2byte	0x2bd
 714 0315 27030000 		.4byte	0x327
 715 0319 0C       		.uleb128 0xc
 716 031a 7B030000 		.4byte	.LASF59
 717 031e 03       		.byte	0x3
 718 031f BF02     		.2byte	0x2bf
 719 0321 41010000 		.4byte	0x141
 720 0325 00       		.byte	0
 721 0326 00       		.byte	0
 722 0327 0A       		.uleb128 0xa
 723 0328 35020000 		.4byte	.LASF60
 724 032c 03       		.byte	0x3
 725 032d C402     		.2byte	0x2c4
 726 032f 10030000 		.4byte	0x310
 727 0333 10       		.uleb128 0x10
 728 0334 7B020000 		.4byte	.LASF62
 729 0338 08       		.byte	0x8
 730 0339 03       		.byte	0x3
 731 033a 0E04     		.2byte	0x40e
 732 033c 5A030000 		.4byte	0x35a
 733 0340 0F       		.uleb128 0xf
 734 0341 6E7400   		.ascii	"nt\000"
 735 0344 03       		.byte	0x3
 736 0345 0F04     		.2byte	0x40f
 737 0347 B5000000 		.4byte	0xb5
 738 034b 00       		.byte	0
 739 034c 0C       		.uleb128 0xc
 740 034d A1060000 		.4byte	.LASF63
 741 0351 03       		.byte	0x3
 742 0352 1004     		.2byte	0x410
 743 0354 6A030000 		.4byte	0x36a
 744 0358 04       		.byte	0x4
 745 0359 00       		.byte	0
 746 035a 11       		.uleb128 0x11
 747 035b 65030000 		.4byte	0x365
 748 035f 65030000 		.4byte	0x365
 749 0363 12       		.uleb128 0x12
 750 0364 00       		.byte	0
 751 0365 13       		.uleb128 0x13
 752 0366 E1000000 		.4byte	0xe1
 753 036a 06       		.uleb128 0x6
 754 036b 04       		.byte	0x4
 755 036c 5A030000 		.4byte	0x35a
 756 0370 11       		.uleb128 0x11
 757 0371 65030000 		.4byte	0x365
 758 0375 80030000 		.4byte	0x380
 759 0379 14       		.uleb128 0x14
 760 037a 80030000 		.4byte	0x380
 761 037e 00       		.byte	0
 762 037f 00       		.byte	0
 763 0380 02       		.uleb128 0x2
 764 0381 04       		.byte	0x4
ARM GAS  C:\Users\zakis\AppData\Local\Temp\ccQNaEoy.s 			page 15


 765 0382 07       		.byte	0x7
 766 0383 B9030000 		.4byte	.LASF64
 767 0387 15       		.uleb128 0x15
 768 0388 F1000000 		.4byte	.LASF116
 769 038c 05       		.byte	0x5
 770 038d 6507     		.2byte	0x765
 771 038f 99030000 		.4byte	0x399
 772 0393 05       		.uleb128 0x5
 773 0394 03       		.byte	0x3
 774 0395 08000000 		.4byte	EE_oo_autostart_task_mode_OSDEFAULTAPPMODE
 775 0399 13       		.uleb128 0x13
 776 039a 70030000 		.4byte	0x370
 777 039e 11       		.uleb128 0x11
 778 039f AE030000 		.4byte	0x3ae
 779 03a3 AE030000 		.4byte	0x3ae
 780 03a7 14       		.uleb128 0x14
 781 03a8 80030000 		.4byte	0x380
 782 03ac 02       		.byte	0x2
 783 03ad 00       		.byte	0
 784 03ae 13       		.uleb128 0x13
 785 03af AA000000 		.4byte	0xaa
 786 03b3 16       		.uleb128 0x16
 787 03b4 73060000 		.4byte	.LASF65
 788 03b8 05       		.byte	0x5
 789 03b9 D2       		.byte	0xd2
 790 03ba C4030000 		.4byte	0x3c4
 791 03be 05       		.uleb128 0x5
 792 03bf 03       		.byte	0x3
 793 03c0 00000000 		.4byte	EE_hal_thread_body
 794 03c4 13       		.uleb128 0x13
 795 03c5 9E030000 		.4byte	0x39e
 796 03c9 11       		.uleb128 0x11
 797 03ca D9030000 		.4byte	0x3d9
 798 03ce D9030000 		.4byte	0x3d9
 799 03d2 14       		.uleb128 0x14
 800 03d3 80030000 		.4byte	0x380
 801 03d7 03       		.byte	0x3
 802 03d8 00       		.byte	0
 803 03d9 13       		.uleb128 0x13
 804 03da B5000000 		.4byte	0xb5
 805 03de 16       		.uleb128 0x16
 806 03df CB050000 		.4byte	.LASF66
 807 03e3 05       		.byte	0x5
 808 03e4 71       		.byte	0x71
 809 03e5 EF030000 		.4byte	0x3ef
 810 03e9 05       		.uleb128 0x5
 811 03ea 03       		.byte	0x3
 812 03eb 00000000 		.4byte	EE_std_thread_tos
 813 03ef 13       		.uleb128 0x13
 814 03f0 C9030000 		.4byte	0x3c9
 815 03f4 11       		.uleb128 0x11
 816 03f5 80000000 		.4byte	0x80
 817 03f9 04040000 		.4byte	0x404
 818 03fd 14       		.uleb128 0x14
 819 03fe 80030000 		.4byte	0x380
 820 0402 02       		.byte	0x2
 821 0403 00       		.byte	0
ARM GAS  C:\Users\zakis\AppData\Local\Temp\ccQNaEoy.s 			page 16


 822 0404 16       		.uleb128 0x16
 823 0405 66070000 		.4byte	.LASF67
 824 0409 05       		.byte	0x5
 825 040a ED       		.byte	0xed
 826 040b F4030000 		.4byte	0x3f4
 827 040f 05       		.uleb128 0x5
 828 0410 03       		.byte	0x3
 829 0411 00000000 		.4byte	EE_terminate_data
 830 0415 16       		.uleb128 0x16
 831 0416 96040000 		.4byte	.LASF68
 832 041a 05       		.byte	0x5
 833 041b F0       		.byte	0xf0
 834 041c 26040000 		.4byte	0x426
 835 0420 05       		.uleb128 0x5
 836 0421 03       		.byte	0x3
 837 0422 00000000 		.4byte	EE_terminate_real_th_body
 838 0426 13       		.uleb128 0x13
 839 0427 9E030000 		.4byte	0x39e
 840 042b 11       		.uleb128 0x11
 841 042c EC000000 		.4byte	0xec
 842 0430 3B040000 		.4byte	0x43b
 843 0434 14       		.uleb128 0x14
 844 0435 80030000 		.4byte	0x380
 845 0439 02       		.byte	0x2
 846 043a 00       		.byte	0
 847 043b 16       		.uleb128 0x16
 848 043c 5C040000 		.4byte	.LASF69
 849 0440 05       		.byte	0x5
 850 0441 8D       		.byte	0x8d
 851 0442 2B040000 		.4byte	0x42b
 852 0446 05       		.uleb128 0x5
 853 0447 03       		.byte	0x3
 854 0448 00000000 		.4byte	EE_cortex_mx_system_tos
 855 044c 16       		.uleb128 0x16
 856 044d 82010000 		.4byte	.LASF70
 857 0451 05       		.byte	0x5
 858 0452 A9       		.byte	0xa9
 859 0453 B5000000 		.4byte	0xb5
 860 0457 05       		.uleb128 0x5
 861 0458 03       		.byte	0x3
 862 0459 00000000 		.4byte	EE_cortex_mx_active_tos
 863 045d 11       		.uleb128 0x11
 864 045e D9030000 		.4byte	0x3d9
 865 0462 6D040000 		.4byte	0x46d
 866 0466 14       		.uleb128 0x14
 867 0467 80030000 		.4byte	0x380
 868 046b 02       		.byte	0x2
 869 046c 00       		.byte	0
 870 046d 17       		.uleb128 0x17
 871 046e 2A060000 		.4byte	.LASF71
 872 0472 05       		.byte	0x5
 873 0473 E202     		.2byte	0x2e2
 874 0475 7F040000 		.4byte	0x47f
 875 0479 05       		.uleb128 0x5
 876 047a 03       		.byte	0x3
 877 047b 00000000 		.4byte	EE_th_rnact_max
 878 047f 13       		.uleb128 0x13
ARM GAS  C:\Users\zakis\AppData\Local\Temp\ccQNaEoy.s 			page 17


 879 0480 5D040000 		.4byte	0x45d
 880 0484 17       		.uleb128 0x17
 881 0485 CE060000 		.4byte	.LASF72
 882 0489 05       		.byte	0x5
 883 048a 0C01     		.2byte	0x10c
 884 048c 96040000 		.4byte	0x496
 885 0490 05       		.uleb128 0x5
 886 0491 03       		.byte	0x3
 887 0492 00000000 		.4byte	EE_th_ready_prio
 888 0496 13       		.uleb128 0x13
 889 0497 5D040000 		.4byte	0x45d
 890 049b 17       		.uleb128 0x17
 891 049c 1C030000 		.4byte	.LASF73
 892 04a0 05       		.byte	0x5
 893 04a1 4502     		.2byte	0x245
 894 04a3 AD040000 		.4byte	0x4ad
 895 04a7 05       		.uleb128 0x5
 896 04a8 03       		.byte	0x3
 897 04a9 00000000 		.4byte	EE_th_dispatch_prio
 898 04ad 13       		.uleb128 0x13
 899 04ae 5D040000 		.4byte	0x45d
 900 04b2 11       		.uleb128 0x11
 901 04b3 C2040000 		.4byte	0x4c2
 902 04b7 C2040000 		.4byte	0x4c2
 903 04bb 14       		.uleb128 0x14
 904 04bc 80030000 		.4byte	0x380
 905 04c0 02       		.byte	0x2
 906 04c1 00       		.byte	0
 907 04c2 06       		.uleb128 0x6
 908 04c3 04       		.byte	0x4
 909 04c4 CF040000 		.4byte	0x4cf
 910 04c8 02       		.uleb128 0x2
 911 04c9 01       		.byte	0x1
 912 04ca 08       		.byte	0x8
 913 04cb 16060000 		.4byte	.LASF74
 914 04cf 13       		.uleb128 0x13
 915 04d0 C8040000 		.4byte	0x4c8
 916 04d4 17       		.uleb128 0x17
 917 04d5 ED040000 		.4byte	.LASF75
 918 04d9 05       		.byte	0x5
 919 04da 2801     		.2byte	0x128
 920 04dc B2040000 		.4byte	0x4b2
 921 04e0 05       		.uleb128 0x5
 922 04e1 03       		.byte	0x3
 923 04e2 00000000 		.4byte	EE_TASK_NAME
 924 04e6 11       		.uleb128 0x11
 925 04e7 C2040000 		.4byte	0x4c2
 926 04eb F6040000 		.4byte	0x4f6
 927 04ef 14       		.uleb128 0x14
 928 04f0 80030000 		.4byte	0x380
 929 04f4 05       		.byte	0x5
 930 04f5 00       		.byte	0
 931 04f6 17       		.uleb128 0x17
 932 04f7 67010000 		.4byte	.LASF76
 933 04fb 05       		.byte	0x5
 934 04fc 8101     		.2byte	0x181
 935 04fe E6040000 		.4byte	0x4e6
ARM GAS  C:\Users\zakis\AppData\Local\Temp\ccQNaEoy.s 			page 18


 936 0502 05       		.uleb128 0x5
 937 0503 03       		.byte	0x3
 938 0504 00000000 		.4byte	EE_EVENT_NAME
 939 0508 11       		.uleb128 0x11
 940 0509 C2040000 		.4byte	0x4c2
 941 050d 18050000 		.4byte	0x518
 942 0511 14       		.uleb128 0x14
 943 0512 80030000 		.4byte	0x380
 944 0516 00       		.byte	0
 945 0517 00       		.byte	0
 946 0518 17       		.uleb128 0x17
 947 0519 4A020000 		.4byte	.LASF77
 948 051d 05       		.byte	0x5
 949 051e 3D06     		.2byte	0x63d
 950 0520 08050000 		.4byte	0x508
 951 0524 05       		.uleb128 0x5
 952 0525 03       		.byte	0x3
 953 0526 00000000 		.4byte	EE_ALARM_NAME
 954 052a 11       		.uleb128 0x11
 955 052b 3A050000 		.4byte	0x53a
 956 052f 3A050000 		.4byte	0x53a
 957 0533 14       		.uleb128 0x14
 958 0534 80030000 		.4byte	0x380
 959 0538 05       		.byte	0x5
 960 0539 00       		.byte	0
 961 053a 13       		.uleb128 0x13
 962 053b 40000000 		.4byte	0x40
 963 053f 17       		.uleb128 0x17
 964 0540 B1010000 		.4byte	.LASF78
 965 0544 05       		.byte	0x5
 966 0545 E201     		.2byte	0x1e2
 967 0547 51050000 		.4byte	0x551
 968 054b 05       		.uleb128 0x5
 969 054c 03       		.byte	0x3
 970 054d 00000000 		.4byte	EE_EVENT_ID
 971 0551 13       		.uleb128 0x13
 972 0552 2A050000 		.4byte	0x52a
 973 0556 11       		.uleb128 0x11
 974 0557 3A050000 		.4byte	0x53a
 975 055b 66050000 		.4byte	0x566
 976 055f 14       		.uleb128 0x14
 977 0560 80030000 		.4byte	0x380
 978 0564 00       		.byte	0
 979 0565 00       		.byte	0
 980 0566 17       		.uleb128 0x17
 981 0567 1C010000 		.4byte	.LASF79
 982 056b 05       		.byte	0x5
 983 056c 5906     		.2byte	0x659
 984 056e 78050000 		.4byte	0x578
 985 0572 05       		.uleb128 0x5
 986 0573 03       		.byte	0x3
 987 0574 00000000 		.4byte	EE_ALARM_ID
 988 0578 13       		.uleb128 0x13
 989 0579 56050000 		.4byte	0x556
 990 057d 11       		.uleb128 0x11
 991 057e B5000000 		.4byte	0xb5
 992 0582 8D050000 		.4byte	0x58d
ARM GAS  C:\Users\zakis\AppData\Local\Temp\ccQNaEoy.s 			page 19


 993 0586 14       		.uleb128 0x14
 994 0587 80030000 		.4byte	0x380
 995 058b 02       		.byte	0x2
 996 058c 00       		.byte	0
 997 058d 17       		.uleb128 0x17
 998 058e E4020000 		.4byte	.LASF80
 999 0592 05       		.byte	0x5
 1000 0593 8102     		.2byte	0x281
 1001 0595 7D050000 		.4byte	0x57d
 1002 0599 05       		.uleb128 0x5
 1003 059a 03       		.byte	0x3
 1004 059b 00000000 		.4byte	EE_th_status
 1005 059f 11       		.uleb128 0x11
 1006 05a0 E1000000 		.4byte	0xe1
 1007 05a4 AF050000 		.4byte	0x5af
 1008 05a8 14       		.uleb128 0x14
 1009 05a9 80030000 		.4byte	0x380
 1010 05ad 02       		.byte	0x2
 1011 05ae 00       		.byte	0
 1012 05af 17       		.uleb128 0x17
 1013 05b0 8B040000 		.4byte	.LASF81
 1014 05b4 05       		.byte	0x5
 1015 05b5 9D02     		.2byte	0x29d
 1016 05b7 9F050000 		.4byte	0x59f
 1017 05bb 05       		.uleb128 0x5
 1018 05bc 03       		.byte	0x3
 1019 05bd 00000000 		.4byte	EE_th_next
 1020 05c1 17       		.uleb128 0x17
 1021 05c2 DF060000 		.4byte	.LASF82
 1022 05c6 05       		.byte	0x5
 1023 05c7 C702     		.2byte	0x2c7
 1024 05c9 7D050000 		.4byte	0x57d
 1025 05cd 05       		.uleb128 0x5
 1026 05ce 03       		.byte	0x3
 1027 05cf 00000000 		.4byte	EE_th_rnact
 1028 05d3 17       		.uleb128 0x17
 1029 05d4 05000000 		.4byte	.LASF83
 1030 05d8 05       		.byte	0x5
 1031 05d9 7703     		.2byte	0x377
 1032 05db 9F050000 		.4byte	0x59f
 1033 05df 05       		.uleb128 0x5
 1034 05e0 03       		.byte	0x3
 1035 05e1 00000000 		.4byte	EE_th_terminate_nextask
 1036 05e5 17       		.uleb128 0x17
 1037 05e6 26000000 		.4byte	.LASF84
 1038 05ea 05       		.byte	0x5
 1039 05eb B902     		.2byte	0x2b9
 1040 05ed E1000000 		.4byte	0xe1
 1041 05f1 05       		.uleb128 0x5
 1042 05f2 03       		.byte	0x3
 1043 05f3 00000000 		.4byte	EE_stkfirst
 1044 05f7 17       		.uleb128 0x17
 1045 05f8 86060000 		.4byte	.LASF85
 1046 05fc 05       		.byte	0x5
 1047 05fd BC02     		.2byte	0x2bc
 1048 05ff B5000000 		.4byte	0xb5
 1049 0603 05       		.uleb128 0x5
ARM GAS  C:\Users\zakis\AppData\Local\Temp\ccQNaEoy.s 			page 20


 1050 0604 03       		.byte	0x3
 1051 0605 00000000 		.4byte	EE_sys_ceiling
 1052 0609 17       		.uleb128 0x17
 1053 060a D9030000 		.4byte	.LASF86
 1054 060e 05       		.byte	0x5
 1055 060f FD02     		.2byte	0x2fd
 1056 0611 7D050000 		.4byte	0x57d
 1057 0615 05       		.uleb128 0x5
 1058 0616 03       		.byte	0x3
 1059 0617 00000000 		.4byte	EE_rq_link
 1060 061b 11       		.uleb128 0x11
 1061 061c C0000000 		.4byte	0xc0
 1062 0620 2B060000 		.4byte	0x62b
 1063 0624 14       		.uleb128 0x14
 1064 0625 80030000 		.4byte	0x380
 1065 0629 0F       		.byte	0xf
 1066 062a 00       		.byte	0
 1067 062b 17       		.uleb128 0x17
 1068 062c C6010000 		.4byte	.LASF87
 1069 0630 05       		.byte	0x5
 1070 0631 BF02     		.2byte	0x2bf
 1071 0633 1B060000 		.4byte	0x61b
 1072 0637 05       		.uleb128 0x5
 1073 0638 03       		.byte	0x3
 1074 0639 00000000 		.4byte	EE_rq_queues_head
 1075 063d 17       		.uleb128 0x17
 1076 063e B9050000 		.4byte	.LASF88
 1077 0642 05       		.byte	0x5
 1078 0643 C102     		.2byte	0x2c1
 1079 0645 1B060000 		.4byte	0x61b
 1080 0649 05       		.uleb128 0x5
 1081 064a 03       		.byte	0x3
 1082 064b 00000000 		.4byte	EE_rq_queues_tail
 1083 064f 11       		.uleb128 0x11
 1084 0650 C0000000 		.4byte	0xc0
 1085 0654 5F060000 		.4byte	0x65f
 1086 0658 14       		.uleb128 0x14
 1087 0659 80030000 		.4byte	0x380
 1088 065d 02       		.byte	0x2
 1089 065e 00       		.byte	0
 1090 065f 17       		.uleb128 0x17
 1091 0660 C0000000 		.4byte	.LASF89
 1092 0664 05       		.byte	0x5
 1093 0665 1B03     		.2byte	0x31b
 1094 0667 4F060000 		.4byte	0x64f
 1095 066b 05       		.uleb128 0x5
 1096 066c 03       		.byte	0x3
 1097 066d 00000000 		.4byte	EE_rq_pairs_next
 1098 0671 17       		.uleb128 0x17
 1099 0672 2E070000 		.4byte	.LASF90
 1100 0676 05       		.byte	0x5
 1101 0677 7003     		.2byte	0x370
 1102 0679 9F050000 		.4byte	0x59f
 1103 067d 05       		.uleb128 0x5
 1104 067e 03       		.byte	0x3
 1105 067f 00000000 		.4byte	EE_rq_pairs_tid
 1106 0683 17       		.uleb128 0x17
ARM GAS  C:\Users\zakis\AppData\Local\Temp\ccQNaEoy.s 			page 21


 1107 0684 F0050000 		.4byte	.LASF91
 1108 0688 05       		.byte	0x5
 1109 0689 C402     		.2byte	0x2c4
 1110 068b 05010000 		.4byte	0x105
 1111 068f 05       		.uleb128 0x5
 1112 0690 03       		.byte	0x3
 1113 0691 00000000 		.4byte	EE_rq_bitmask
 1114 0695 17       		.uleb128 0x17
 1115 0696 CE030000 		.4byte	.LASF92
 1116 069a 05       		.byte	0x5
 1117 069b 7303     		.2byte	0x373
 1118 069d C0000000 		.4byte	0xc0
 1119 06a1 05       		.uleb128 0x5
 1120 06a2 03       		.byte	0x3
 1121 06a3 00000000 		.4byte	EE_rq_free
 1122 06a7 17       		.uleb128 0x17
 1123 06a8 78070000 		.4byte	.LASF93
 1124 06ac 05       		.byte	0x5
 1125 06ad 9A03     		.2byte	0x39a
 1126 06af 7D050000 		.4byte	0x57d
 1127 06b3 05       		.uleb128 0x5
 1128 06b4 03       		.byte	0x3
 1129 06b5 00000000 		.4byte	EE_th_event_active
 1130 06b9 17       		.uleb128 0x17
 1131 06ba C3040000 		.4byte	.LASF94
 1132 06be 05       		.byte	0x5
 1133 06bf B603     		.2byte	0x3b6
 1134 06c1 7D050000 		.4byte	0x57d
 1135 06c5 05       		.uleb128 0x5
 1136 06c6 03       		.byte	0x3
 1137 06c7 00000000 		.4byte	EE_th_event_waitmask
 1138 06cb 11       		.uleb128 0x11
 1139 06cc D6000000 		.4byte	0xd6
 1140 06d0 DB060000 		.4byte	0x6db
 1141 06d4 14       		.uleb128 0x14
 1142 06d5 80030000 		.4byte	0x380
 1143 06d9 02       		.byte	0x2
 1144 06da 00       		.byte	0
 1145 06db 17       		.uleb128 0x17
 1146 06dc 6A020000 		.4byte	.LASF95
 1147 06e0 05       		.byte	0x5
 1148 06e1 D203     		.2byte	0x3d2
 1149 06e3 CB060000 		.4byte	0x6cb
 1150 06e7 05       		.uleb128 0x5
 1151 06e8 03       		.byte	0x3
 1152 06e9 00000000 		.4byte	EE_th_waswaiting
 1153 06ed 17       		.uleb128 0x17
 1154 06ee B0070000 		.4byte	.LASF96
 1155 06f2 05       		.byte	0x5
 1156 06f3 EE03     		.2byte	0x3ee
 1157 06f5 FF060000 		.4byte	0x6ff
 1158 06f9 05       		.uleb128 0x5
 1159 06fa 03       		.byte	0x3
 1160 06fb 00000000 		.4byte	EE_th_is_extended
 1161 06ff 13       		.uleb128 0x13
 1162 0700 5D040000 		.4byte	0x45d
 1163 0704 11       		.uleb128 0x11
ARM GAS  C:\Users\zakis\AppData\Local\Temp\ccQNaEoy.s 			page 22


 1164 0705 14070000 		.4byte	0x714
 1165 0709 14070000 		.4byte	0x714
 1166 070d 14       		.uleb128 0x14
 1167 070e 80030000 		.4byte	0x380
 1168 0712 00       		.byte	0
 1169 0713 00       		.byte	0
 1170 0714 13       		.uleb128 0x13
 1171 0715 8A010000 		.4byte	0x18a
 1172 0719 17       		.uleb128 0x17
 1173 071a 1C040000 		.4byte	.LASF97
 1174 071e 05       		.byte	0x5
 1175 071f FF05     		.2byte	0x5ff
 1176 0721 2B070000 		.4byte	0x72b
 1177 0725 05       		.uleb128 0x5
 1178 0726 03       		.byte	0x3
 1179 0727 00000000 		.4byte	EE_counter_ROM
 1180 072b 13       		.uleb128 0x13
 1181 072c 04070000 		.4byte	0x704
 1182 0730 11       		.uleb128 0x11
 1183 0731 40070000 		.4byte	0x740
 1184 0735 40070000 		.4byte	0x740
 1185 0739 14       		.uleb128 0x14
 1186 073a 80030000 		.4byte	0x380
 1187 073e 00       		.byte	0
 1188 073f 00       		.byte	0
 1189 0740 13       		.uleb128 0x13
 1190 0741 27020000 		.4byte	0x227
 1191 0745 17       		.uleb128 0x17
 1192 0746 62030000 		.4byte	.LASF98
 1193 074a 05       		.byte	0x5
 1194 074b 9606     		.2byte	0x696
 1195 074d 57070000 		.4byte	0x757
 1196 0751 05       		.uleb128 0x5
 1197 0752 03       		.byte	0x3
 1198 0753 00000000 		.4byte	EE_oo_counter_object_ROM
 1199 0757 13       		.uleb128 0x13
 1200 0758 30070000 		.4byte	0x730
 1201 075c 11       		.uleb128 0x11
 1202 075d 6C070000 		.4byte	0x76c
 1203 0761 6C070000 		.4byte	0x76c
 1204 0765 14       		.uleb128 0x14
 1205 0766 80030000 		.4byte	0x380
 1206 076a 00       		.byte	0
 1207 076b 00       		.byte	0
 1208 076c 13       		.uleb128 0x13
 1209 076d 04030000 		.4byte	0x304
 1210 0771 17       		.uleb128 0x17
 1211 0772 98030000 		.4byte	.LASF99
 1212 0776 05       		.byte	0x5
 1213 0777 BA06     		.2byte	0x6ba
 1214 0779 83070000 		.4byte	0x783
 1215 077d 05       		.uleb128 0x5
 1216 077e 03       		.byte	0x3
 1217 077f 00000000 		.4byte	EE_oo_action_ROM
 1218 0783 13       		.uleb128 0x13
 1219 0784 5C070000 		.4byte	0x75c
 1220 0788 11       		.uleb128 0x11
ARM GAS  C:\Users\zakis\AppData\Local\Temp\ccQNaEoy.s 			page 23


 1221 0789 98070000 		.4byte	0x798
 1222 078d 98070000 		.4byte	0x798
 1223 0791 14       		.uleb128 0x14
 1224 0792 80030000 		.4byte	0x380
 1225 0796 00       		.byte	0
 1226 0797 00       		.byte	0
 1227 0798 13       		.uleb128 0x13
 1228 0799 27030000 		.4byte	0x327
 1229 079d 17       		.uleb128 0x17
 1230 079e 75010000 		.4byte	.LASF100
 1231 07a2 05       		.byte	0x5
 1232 07a3 2006     		.2byte	0x620
 1233 07a5 AF070000 		.4byte	0x7af
 1234 07a9 05       		.uleb128 0x5
 1235 07aa 03       		.byte	0x3
 1236 07ab 00000000 		.4byte	EE_alarm_ROM
 1237 07af 13       		.uleb128 0x13
 1238 07b0 88070000 		.4byte	0x788
 1239 07b4 11       		.uleb128 0x11
 1240 07b5 BA010000 		.4byte	0x1ba
 1241 07b9 C4070000 		.4byte	0x7c4
 1242 07bd 14       		.uleb128 0x14
 1243 07be 80030000 		.4byte	0x380
 1244 07c2 00       		.byte	0
 1245 07c3 00       		.byte	0
 1246 07c4 17       		.uleb128 0x17
 1247 07c5 4C060000 		.4byte	.LASF101
 1248 07c9 05       		.byte	0x5
 1249 07ca 0C06     		.2byte	0x60c
 1250 07cc B4070000 		.4byte	0x7b4
 1251 07d0 05       		.uleb128 0x5
 1252 07d1 03       		.byte	0x3
 1253 07d2 00000000 		.4byte	EE_counter_RAM
 1254 07d6 11       		.uleb128 0x11
 1255 07d7 71020000 		.4byte	0x271
 1256 07db E6070000 		.4byte	0x7e6
 1257 07df 14       		.uleb128 0x14
 1258 07e0 80030000 		.4byte	0x380
 1259 07e4 00       		.byte	0
 1260 07e5 00       		.byte	0
 1261 07e6 17       		.uleb128 0x17
 1262 07e7 A6060000 		.4byte	.LASF102
 1263 07eb 05       		.byte	0x5
 1264 07ec B106     		.2byte	0x6b1
 1265 07ee D6070000 		.4byte	0x7d6
 1266 07f2 05       		.uleb128 0x5
 1267 07f3 03       		.byte	0x3
 1268 07f4 00000000 		.4byte	EE_oo_counter_object_RAM
 1269 07f8 11       		.uleb128 0x11
 1270 07f9 08080000 		.4byte	0x808
 1271 07fd 08080000 		.4byte	0x808
 1272 0801 14       		.uleb128 0x14
 1273 0802 80030000 		.4byte	0x380
 1274 0806 00       		.byte	0
 1275 0807 00       		.byte	0
 1276 0808 13       		.uleb128 0x13
 1277 0809 33030000 		.4byte	0x333
ARM GAS  C:\Users\zakis\AppData\Local\Temp\ccQNaEoy.s 			page 24


 1278 080d 17       		.uleb128 0x17
 1279 080e CA070000 		.4byte	.LASF103
 1280 0812 05       		.byte	0x5
 1281 0813 9607     		.2byte	0x796
 1282 0815 1F080000 		.4byte	0x81f
 1283 0819 05       		.uleb128 0x5
 1284 081a 03       		.byte	0x3
 1285 081b 00000000 		.4byte	EE_oo_autostart_task_data
 1286 081f 13       		.uleb128 0x13
 1287 0820 F8070000 		.4byte	0x7f8
 1288 0824 18       		.uleb128 0x18
 1289 0825 AD020000 		.4byte	.LASF104
 1290 0829 06       		.byte	0x6
 1291 082a 40       		.byte	0x40
 1292 082b B5000000 		.4byte	0xb5
 1293 082f 18       		.uleb128 0x18
 1294 0830 D8010000 		.4byte	.LASF105
 1295 0834 06       		.byte	0x6
 1296 0835 47       		.byte	0x47
 1297 0836 CB000000 		.4byte	0xcb
 1298 083a 17       		.uleb128 0x17
 1299 083b 85030000 		.4byte	.LASF106
 1300 083f 05       		.byte	0x5
 1301 0840 5C07     		.2byte	0x75c
 1302 0842 B5000000 		.4byte	0xb5
 1303 0846 05       		.uleb128 0x5
 1304 0847 03       		.byte	0x3
 1305 0848 00000000 		.4byte	EE_ApplicationMode
 1306 084c 18       		.uleb128 0x18
 1307 084d F1010000 		.4byte	.LASF107
 1308 0851 07       		.byte	0x7
 1309 0852 48       		.byte	0x48
 1310 0853 E1000000 		.4byte	0xe1
 1311 0857 18       		.uleb128 0x18
 1312 0858 3E070000 		.4byte	.LASF108
 1313 085c 08       		.byte	0x8
 1314 085d 44       		.byte	0x44
 1315 085e B5000000 		.4byte	0xb5
 1316 0862 16       		.uleb128 0x16
 1317 0863 49000000 		.4byte	.LASF109
 1318 0867 05       		.byte	0x5
 1319 0868 AD       		.byte	0xad
 1320 0869 EC000000 		.4byte	0xec
 1321 086d 05       		.uleb128 0x5
 1322 086e 03       		.byte	0x3
 1323 086f 00000000 		.4byte	EE_cortex_mx_IRQ_tos
 1324 0873 11       		.uleb128 0x11
 1325 0874 55000000 		.4byte	0x55
 1326 0878 83080000 		.4byte	0x883
 1327 087c 14       		.uleb128 0x14
 1328 087d 80030000 		.4byte	0x380
 1329 0881 7C       		.byte	0x7c
 1330 0882 00       		.byte	0
 1331 0883 16       		.uleb128 0x16
 1332 0884 07030000 		.4byte	.LASF110
 1333 0888 05       		.byte	0x5
 1334 0889 15       		.byte	0x15
ARM GAS  C:\Users\zakis\AppData\Local\Temp\ccQNaEoy.s 			page 25


 1335 088a 73080000 		.4byte	0x873
 1336 088e 05       		.uleb128 0x5
 1337 088f 03       		.byte	0x3
 1338 0890 00000000 		.4byte	EE_cortex_mx_stack_2
 1339 0894 11       		.uleb128 0x11
 1340 0895 55000000 		.4byte	0x55
 1341 0899 A4080000 		.4byte	0x8a4
 1342 089d 14       		.uleb128 0x14
 1343 089e 80030000 		.4byte	0x380
 1344 08a2 F9       		.byte	0xf9
 1345 08a3 00       		.byte	0
 1346 08a4 16       		.uleb128 0x16
 1347 08a5 D8040000 		.4byte	.LASF111
 1348 08a9 05       		.byte	0x5
 1349 08aa 19       		.byte	0x19
 1350 08ab 94080000 		.4byte	0x894
 1351 08af 05       		.uleb128 0x5
 1352 08b0 03       		.byte	0x3
 1353 08b1 00000000 		.4byte	EE_cortex_mx_stack_3
 1354 08b5 11       		.uleb128 0x11
 1355 08b6 55000000 		.4byte	0x55
 1356 08ba C5080000 		.4byte	0x8c5
 1357 08be 14       		.uleb128 0x14
 1358 08bf 80030000 		.4byte	0x380
 1359 08c3 7F       		.byte	0x7f
 1360 08c4 00       		.byte	0
 1361 08c5 16       		.uleb128 0x16
 1362 08c6 30030000 		.4byte	.LASF112
 1363 08ca 05       		.byte	0x5
 1364 08cb 32       		.byte	0x32
 1365 08cc B5080000 		.4byte	0x8b5
 1366 08d0 05       		.uleb128 0x5
 1367 08d1 03       		.byte	0x3
 1368 08d2 00000000 		.4byte	EE_cortex_mx_stack_9
 1369 08d6 00       		.byte	0
 1370              		.section	.debug_abbrev,"",%progbits
 1371              	.Ldebug_abbrev0:
 1372 0000 01       		.uleb128 0x1
 1373 0001 11       		.uleb128 0x11
 1374 0002 01       		.byte	0x1
 1375 0003 25       		.uleb128 0x25
 1376 0004 0E       		.uleb128 0xe
 1377 0005 13       		.uleb128 0x13
 1378 0006 0B       		.uleb128 0xb
 1379 0007 03       		.uleb128 0x3
 1380 0008 0E       		.uleb128 0xe
 1381 0009 1B       		.uleb128 0x1b
 1382 000a 0E       		.uleb128 0xe
 1383 000b 10       		.uleb128 0x10
 1384 000c 17       		.uleb128 0x17
 1385 000d 00       		.byte	0
 1386 000e 00       		.byte	0
 1387 000f 02       		.uleb128 0x2
 1388 0010 24       		.uleb128 0x24
 1389 0011 00       		.byte	0
 1390 0012 0B       		.uleb128 0xb
 1391 0013 0B       		.uleb128 0xb
ARM GAS  C:\Users\zakis\AppData\Local\Temp\ccQNaEoy.s 			page 26


 1392 0014 3E       		.uleb128 0x3e
 1393 0015 0B       		.uleb128 0xb
 1394 0016 03       		.uleb128 0x3
 1395 0017 0E       		.uleb128 0xe
 1396 0018 00       		.byte	0
 1397 0019 00       		.byte	0
 1398 001a 03       		.uleb128 0x3
 1399 001b 24       		.uleb128 0x24
 1400 001c 00       		.byte	0
 1401 001d 0B       		.uleb128 0xb
 1402 001e 0B       		.uleb128 0xb
 1403 001f 3E       		.uleb128 0x3e
 1404 0020 0B       		.uleb128 0xb
 1405 0021 03       		.uleb128 0x3
 1406 0022 08       		.uleb128 0x8
 1407 0023 00       		.byte	0
 1408 0024 00       		.byte	0
 1409 0025 04       		.uleb128 0x4
 1410 0026 16       		.uleb128 0x16
 1411 0027 00       		.byte	0
 1412 0028 03       		.uleb128 0x3
 1413 0029 0E       		.uleb128 0xe
 1414 002a 3A       		.uleb128 0x3a
 1415 002b 0B       		.uleb128 0xb
 1416 002c 3B       		.uleb128 0x3b
 1417 002d 0B       		.uleb128 0xb
 1418 002e 49       		.uleb128 0x49
 1419 002f 13       		.uleb128 0x13
 1420 0030 00       		.byte	0
 1421 0031 00       		.byte	0
 1422 0032 05       		.uleb128 0x5
 1423 0033 0F       		.uleb128 0xf
 1424 0034 00       		.byte	0
 1425 0035 0B       		.uleb128 0xb
 1426 0036 0B       		.uleb128 0xb
 1427 0037 00       		.byte	0
 1428 0038 00       		.byte	0
 1429 0039 06       		.uleb128 0x6
 1430 003a 0F       		.uleb128 0xf
 1431 003b 00       		.byte	0
 1432 003c 0B       		.uleb128 0xb
 1433 003d 0B       		.uleb128 0xb
 1434 003e 49       		.uleb128 0x49
 1435 003f 13       		.uleb128 0x13
 1436 0040 00       		.byte	0
 1437 0041 00       		.byte	0
 1438 0042 07       		.uleb128 0x7
 1439 0043 15       		.uleb128 0x15
 1440 0044 00       		.byte	0
 1441 0045 27       		.uleb128 0x27
 1442 0046 19       		.uleb128 0x19
 1443 0047 00       		.byte	0
 1444 0048 00       		.byte	0
 1445 0049 08       		.uleb128 0x8
 1446 004a 13       		.uleb128 0x13
 1447 004b 01       		.byte	0x1
 1448 004c 03       		.uleb128 0x3
ARM GAS  C:\Users\zakis\AppData\Local\Temp\ccQNaEoy.s 			page 27


 1449 004d 0E       		.uleb128 0xe
 1450 004e 0B       		.uleb128 0xb
 1451 004f 0B       		.uleb128 0xb
 1452 0050 3A       		.uleb128 0x3a
 1453 0051 0B       		.uleb128 0xb
 1454 0052 3B       		.uleb128 0x3b
 1455 0053 0B       		.uleb128 0xb
 1456 0054 01       		.uleb128 0x1
 1457 0055 13       		.uleb128 0x13
 1458 0056 00       		.byte	0
 1459 0057 00       		.byte	0
 1460 0058 09       		.uleb128 0x9
 1461 0059 0D       		.uleb128 0xd
 1462 005a 00       		.byte	0
 1463 005b 03       		.uleb128 0x3
 1464 005c 0E       		.uleb128 0xe
 1465 005d 3A       		.uleb128 0x3a
 1466 005e 0B       		.uleb128 0xb
 1467 005f 3B       		.uleb128 0x3b
 1468 0060 0B       		.uleb128 0xb
 1469 0061 49       		.uleb128 0x49
 1470 0062 13       		.uleb128 0x13
 1471 0063 38       		.uleb128 0x38
 1472 0064 0B       		.uleb128 0xb
 1473 0065 00       		.byte	0
 1474 0066 00       		.byte	0
 1475 0067 0A       		.uleb128 0xa
 1476 0068 16       		.uleb128 0x16
 1477 0069 00       		.byte	0
 1478 006a 03       		.uleb128 0x3
 1479 006b 0E       		.uleb128 0xe
 1480 006c 3A       		.uleb128 0x3a
 1481 006d 0B       		.uleb128 0xb
 1482 006e 3B       		.uleb128 0x3b
 1483 006f 05       		.uleb128 0x5
 1484 0070 49       		.uleb128 0x49
 1485 0071 13       		.uleb128 0x13
 1486 0072 00       		.byte	0
 1487 0073 00       		.byte	0
 1488 0074 0B       		.uleb128 0xb
 1489 0075 13       		.uleb128 0x13
 1490 0076 01       		.byte	0x1
 1491 0077 0B       		.uleb128 0xb
 1492 0078 0B       		.uleb128 0xb
 1493 0079 3A       		.uleb128 0x3a
 1494 007a 0B       		.uleb128 0xb
 1495 007b 3B       		.uleb128 0x3b
 1496 007c 05       		.uleb128 0x5
 1497 007d 01       		.uleb128 0x1
 1498 007e 13       		.uleb128 0x13
 1499 007f 00       		.byte	0
 1500 0080 00       		.byte	0
 1501 0081 0C       		.uleb128 0xc
 1502 0082 0D       		.uleb128 0xd
 1503 0083 00       		.byte	0
 1504 0084 03       		.uleb128 0x3
 1505 0085 0E       		.uleb128 0xe
ARM GAS  C:\Users\zakis\AppData\Local\Temp\ccQNaEoy.s 			page 28


 1506 0086 3A       		.uleb128 0x3a
 1507 0087 0B       		.uleb128 0xb
 1508 0088 3B       		.uleb128 0x3b
 1509 0089 05       		.uleb128 0x5
 1510 008a 49       		.uleb128 0x49
 1511 008b 13       		.uleb128 0x13
 1512 008c 38       		.uleb128 0x38
 1513 008d 0B       		.uleb128 0xb
 1514 008e 00       		.byte	0
 1515 008f 00       		.byte	0
 1516 0090 0D       		.uleb128 0xd
 1517 0091 04       		.uleb128 0x4
 1518 0092 01       		.byte	0x1
 1519 0093 0B       		.uleb128 0xb
 1520 0094 0B       		.uleb128 0xb
 1521 0095 49       		.uleb128 0x49
 1522 0096 13       		.uleb128 0x13
 1523 0097 3A       		.uleb128 0x3a
 1524 0098 0B       		.uleb128 0xb
 1525 0099 3B       		.uleb128 0x3b
 1526 009a 05       		.uleb128 0x5
 1527 009b 01       		.uleb128 0x1
 1528 009c 13       		.uleb128 0x13
 1529 009d 00       		.byte	0
 1530 009e 00       		.byte	0
 1531 009f 0E       		.uleb128 0xe
 1532 00a0 28       		.uleb128 0x28
 1533 00a1 00       		.byte	0
 1534 00a2 03       		.uleb128 0x3
 1535 00a3 0E       		.uleb128 0xe
 1536 00a4 1C       		.uleb128 0x1c
 1537 00a5 0B       		.uleb128 0xb
 1538 00a6 00       		.byte	0
 1539 00a7 00       		.byte	0
 1540 00a8 0F       		.uleb128 0xf
 1541 00a9 0D       		.uleb128 0xd
 1542 00aa 00       		.byte	0
 1543 00ab 03       		.uleb128 0x3
 1544 00ac 08       		.uleb128 0x8
 1545 00ad 3A       		.uleb128 0x3a
 1546 00ae 0B       		.uleb128 0xb
 1547 00af 3B       		.uleb128 0x3b
 1548 00b0 05       		.uleb128 0x5
 1549 00b1 49       		.uleb128 0x49
 1550 00b2 13       		.uleb128 0x13
 1551 00b3 38       		.uleb128 0x38
 1552 00b4 0B       		.uleb128 0xb
 1553 00b5 00       		.byte	0
 1554 00b6 00       		.byte	0
 1555 00b7 10       		.uleb128 0x10
 1556 00b8 13       		.uleb128 0x13
 1557 00b9 01       		.byte	0x1
 1558 00ba 03       		.uleb128 0x3
 1559 00bb 0E       		.uleb128 0xe
 1560 00bc 0B       		.uleb128 0xb
 1561 00bd 0B       		.uleb128 0xb
 1562 00be 3A       		.uleb128 0x3a
ARM GAS  C:\Users\zakis\AppData\Local\Temp\ccQNaEoy.s 			page 29


 1563 00bf 0B       		.uleb128 0xb
 1564 00c0 3B       		.uleb128 0x3b
 1565 00c1 05       		.uleb128 0x5
 1566 00c2 01       		.uleb128 0x1
 1567 00c3 13       		.uleb128 0x13
 1568 00c4 00       		.byte	0
 1569 00c5 00       		.byte	0
 1570 00c6 11       		.uleb128 0x11
 1571 00c7 01       		.uleb128 0x1
 1572 00c8 01       		.byte	0x1
 1573 00c9 49       		.uleb128 0x49
 1574 00ca 13       		.uleb128 0x13
 1575 00cb 01       		.uleb128 0x1
 1576 00cc 13       		.uleb128 0x13
 1577 00cd 00       		.byte	0
 1578 00ce 00       		.byte	0
 1579 00cf 12       		.uleb128 0x12
 1580 00d0 21       		.uleb128 0x21
 1581 00d1 00       		.byte	0
 1582 00d2 00       		.byte	0
 1583 00d3 00       		.byte	0
 1584 00d4 13       		.uleb128 0x13
 1585 00d5 26       		.uleb128 0x26
 1586 00d6 00       		.byte	0
 1587 00d7 49       		.uleb128 0x49
 1588 00d8 13       		.uleb128 0x13
 1589 00d9 00       		.byte	0
 1590 00da 00       		.byte	0
 1591 00db 14       		.uleb128 0x14
 1592 00dc 21       		.uleb128 0x21
 1593 00dd 00       		.byte	0
 1594 00de 49       		.uleb128 0x49
 1595 00df 13       		.uleb128 0x13
 1596 00e0 2F       		.uleb128 0x2f
 1597 00e1 0B       		.uleb128 0xb
 1598 00e2 00       		.byte	0
 1599 00e3 00       		.byte	0
 1600 00e4 15       		.uleb128 0x15
 1601 00e5 34       		.uleb128 0x34
 1602 00e6 00       		.byte	0
 1603 00e7 03       		.uleb128 0x3
 1604 00e8 0E       		.uleb128 0xe
 1605 00e9 3A       		.uleb128 0x3a
 1606 00ea 0B       		.uleb128 0xb
 1607 00eb 3B       		.uleb128 0x3b
 1608 00ec 05       		.uleb128 0x5
 1609 00ed 49       		.uleb128 0x49
 1610 00ee 13       		.uleb128 0x13
 1611 00ef 02       		.uleb128 0x2
 1612 00f0 18       		.uleb128 0x18
 1613 00f1 00       		.byte	0
 1614 00f2 00       		.byte	0
 1615 00f3 16       		.uleb128 0x16
 1616 00f4 34       		.uleb128 0x34
 1617 00f5 00       		.byte	0
 1618 00f6 03       		.uleb128 0x3
 1619 00f7 0E       		.uleb128 0xe
ARM GAS  C:\Users\zakis\AppData\Local\Temp\ccQNaEoy.s 			page 30


 1620 00f8 3A       		.uleb128 0x3a
 1621 00f9 0B       		.uleb128 0xb
 1622 00fa 3B       		.uleb128 0x3b
 1623 00fb 0B       		.uleb128 0xb
 1624 00fc 49       		.uleb128 0x49
 1625 00fd 13       		.uleb128 0x13
 1626 00fe 3F       		.uleb128 0x3f
 1627 00ff 19       		.uleb128 0x19
 1628 0100 02       		.uleb128 0x2
 1629 0101 18       		.uleb128 0x18
 1630 0102 00       		.byte	0
 1631 0103 00       		.byte	0
 1632 0104 17       		.uleb128 0x17
 1633 0105 34       		.uleb128 0x34
 1634 0106 00       		.byte	0
 1635 0107 03       		.uleb128 0x3
 1636 0108 0E       		.uleb128 0xe
 1637 0109 3A       		.uleb128 0x3a
 1638 010a 0B       		.uleb128 0xb
 1639 010b 3B       		.uleb128 0x3b
 1640 010c 05       		.uleb128 0x5
 1641 010d 49       		.uleb128 0x49
 1642 010e 13       		.uleb128 0x13
 1643 010f 3F       		.uleb128 0x3f
 1644 0110 19       		.uleb128 0x19
 1645 0111 02       		.uleb128 0x2
 1646 0112 18       		.uleb128 0x18
 1647 0113 00       		.byte	0
 1648 0114 00       		.byte	0
 1649 0115 18       		.uleb128 0x18
 1650 0116 34       		.uleb128 0x34
 1651 0117 00       		.byte	0
 1652 0118 03       		.uleb128 0x3
 1653 0119 0E       		.uleb128 0xe
 1654 011a 3A       		.uleb128 0x3a
 1655 011b 0B       		.uleb128 0xb
 1656 011c 3B       		.uleb128 0x3b
 1657 011d 0B       		.uleb128 0xb
 1658 011e 49       		.uleb128 0x49
 1659 011f 13       		.uleb128 0x13
 1660 0120 3F       		.uleb128 0x3f
 1661 0121 19       		.uleb128 0x19
 1662 0122 3C       		.uleb128 0x3c
 1663 0123 19       		.uleb128 0x19
 1664 0124 00       		.byte	0
 1665 0125 00       		.byte	0
 1666 0126 00       		.byte	0
 1667              		.section	.debug_aranges,"",%progbits
 1668 0000 14000000 		.4byte	0x14
 1669 0004 0200     		.2byte	0x2
 1670 0006 00000000 		.4byte	.Ldebug_info0
 1671 000a 04       		.byte	0x4
 1672 000b 00       		.byte	0
 1673 000c 0000     		.2byte	0
 1674 000e 0000     		.2byte	0
 1675 0010 00000000 		.4byte	0
 1676 0014 00000000 		.4byte	0
ARM GAS  C:\Users\zakis\AppData\Local\Temp\ccQNaEoy.s 			page 31


 1677              		.section	.debug_line,"",%progbits
 1678              	.Ldebug_line0:
 1679 0000 28010000 		.section	.debug_str,"MS",%progbits,1
 1679      02002201 
 1679      00000201 
 1679      FB0E0D00 
 1679      01010101 
 1680              	.LASF46:
 1681 0000 6E657874 		.ascii	"next\000"
 1681      00
 1682              	.LASF83:
 1683 0005 45455F74 		.ascii	"EE_th_terminate_nextask\000"
 1683      685F7465 
 1683      726D696E 
 1683      6174655F 
 1683      6E657874 
 1684              	.LASF24:
 1685 001d 5469636B 		.ascii	"TickType\000"
 1685      54797065 
 1685      00
 1686              	.LASF84:
 1687 0026 45455F73 		.ascii	"EE_stkfirst\000"
 1687      746B6669 
 1687      72737400 
 1688              	.LASF26:
 1689 0032 41637469 		.ascii	"ActionType\000"
 1689      6F6E5479 
 1689      706500
 1690              	.LASF19:
 1691 003d 45455F54 		.ascii	"EE_TYPEBOOL\000"
 1691      59504542 
 1691      4F4F4C00 
 1692              	.LASF109:
 1693 0049 45455F63 		.ascii	"EE_cortex_mx_IRQ_tos\000"
 1693      6F727465 
 1693      785F6D78 
 1693      5F495251 
 1693      5F746F73 
 1694              	.LASF7:
 1695 005e 6C6F6E67 		.ascii	"long long unsigned int\000"
 1695      206C6F6E 
 1695      6720756E 
 1695      7369676E 
 1695      65642069 
 1696              	.LASF45:
 1697 0075 64656C74 		.ascii	"delta\000"
 1697      6100
 1698              	.LASF114:
 1699 007b 47656E65 		.ascii	"Generated_Source\\PSoC5\\ErikaOS_eecfg.c\000"
 1699      72617465 
 1699      645F536F 
 1699      75726365 
 1699      5C50536F 
 1700              	.LASF42:
 1701 00a2 45455F6F 		.ascii	"EE_oo_counter_object_ROM_type\000"
 1701      6F5F636F 
 1701      756E7465 
ARM GAS  C:\Users\zakis\AppData\Local\Temp\ccQNaEoy.s 			page 32


 1701      725F6F62 
 1701      6A656374 
 1702              	.LASF89:
 1703 00c0 45455F72 		.ascii	"EE_rq_pairs_next\000"
 1703      715F7061 
 1703      6972735F 
 1703      6E657874 
 1703      00
 1704              	.LASF22:
 1705 00d1 5461736B 		.ascii	"TaskType\000"
 1705      54797065 
 1705      00
 1706              	.LASF61:
 1707 00da 45455F54 		.ascii	"EE_TOS\000"
 1707      4F5300
 1708              	.LASF29:
 1709 00e1 6D617861 		.ascii	"maxallowedvalue\000"
 1709      6C6C6F77 
 1709      65647661 
 1709      6C756500 
 1710              	.LASF116:
 1711 00f1 45455F6F 		.ascii	"EE_oo_autostart_task_mode_OSDEFAULTAPPMODE\000"
 1711      6F5F6175 
 1711      746F7374 
 1711      6172745F 
 1711      7461736B 
 1712              	.LASF79:
 1713 011c 45455F41 		.ascii	"EE_ALARM_ID\000"
 1713      4C41524D 
 1713      5F494400 
 1714              	.LASF6:
 1715 0128 6C6F6E67 		.ascii	"long long int\000"
 1715      206C6F6E 
 1715      6720696E 
 1715      7400
 1716              	.LASF0:
 1717 0136 7369676E 		.ascii	"signed char\000"
 1717      65642063 
 1717      68617200 
 1718              	.LASF52:
 1719 0142 45455F6F 		.ascii	"EE_oo_action_kind_type\000"
 1719      6F5F6163 
 1719      74696F6E 
 1719      5F6B696E 
 1719      645F7479 
 1720              	.LASF23:
 1721 0159 4576656E 		.ascii	"EventMaskType\000"
 1721      744D6173 
 1721      6B547970 
 1721      6500
 1722              	.LASF76:
 1723 0167 45455F45 		.ascii	"EE_EVENT_NAME\000"
 1723      56454E54 
 1723      5F4E414D 
 1723      4500
 1724              	.LASF100:
 1725 0175 45455F61 		.ascii	"EE_alarm_ROM\000"
ARM GAS  C:\Users\zakis\AppData\Local\Temp\ccQNaEoy.s 			page 33


 1725      6C61726D 
 1725      5F524F4D 
 1725      00
 1726              	.LASF70:
 1727 0182 45455F63 		.ascii	"EE_cortex_mx_active_tos\000"
 1727      6F727465 
 1727      785F6D78 
 1727      5F616374 
 1727      6976655F 
 1728              	.LASF35:
 1729 019a 45455F6F 		.ascii	"EE_oo_counter_RAM_type\000"
 1729      6F5F636F 
 1729      756E7465 
 1729      725F5241 
 1729      4D5F7479 
 1730              	.LASF78:
 1731 01b1 45455F45 		.ascii	"EE_EVENT_ID\000"
 1731      56454E54 
 1731      5F494400 
 1732              	.LASF4:
 1733 01bd 6C6F6E67 		.ascii	"long int\000"
 1733      20696E74 
 1733      00
 1734              	.LASF87:
 1735 01c6 45455F72 		.ascii	"EE_rq_queues_head\000"
 1735      715F7175 
 1735      65756573 
 1735      5F686561 
 1735      6400
 1736              	.LASF105:
 1737 01d8 45455F6F 		.ascii	"EE_oo_IRQ_suspend_status\000"
 1737      6F5F4952 
 1737      515F7375 
 1737      7370656E 
 1737      645F7374 
 1738              	.LASF107:
 1739 01f1 45455F73 		.ascii	"EE_std_endcycle_next_tid\000"
 1739      74645F65 
 1739      6E646379 
 1739      636C655F 
 1739      6E657874 
 1740              	.LASF31:
 1741 020a 6D696E63 		.ascii	"mincycle\000"
 1741      79636C65 
 1741      00
 1742              	.LASF20:
 1743 0213 45455F54 		.ascii	"EE_TID\000"
 1743      494400
 1744              	.LASF33:
 1745 021a 76616C75 		.ascii	"value\000"
 1745      6500
 1746              	.LASF8:
 1747 0220 756E7369 		.ascii	"unsigned int\000"
 1747      676E6564 
 1747      20696E74 
 1747      00
 1748              	.LASF16:
ARM GAS  C:\Users\zakis\AppData\Local\Temp\ccQNaEoy.s 			page 34


 1749 022d 45455F55 		.ascii	"EE_UREG\000"
 1749      52454700 
 1750              	.LASF60:
 1751 0235 45455F6F 		.ascii	"EE_oo_alarm_ROM_type\000"
 1751      6F5F616C 
 1751      61726D5F 
 1751      524F4D5F 
 1751      74797065 
 1752              	.LASF77:
 1753 024a 45455F41 		.ascii	"EE_ALARM_NAME\000"
 1753      4C41524D 
 1753      5F4E414D 
 1753      4500
 1754              	.LASF5:
 1755 0258 6C6F6E67 		.ascii	"long unsigned int\000"
 1755      20756E73 
 1755      69676E65 
 1755      6420696E 
 1755      7400
 1756              	.LASF95:
 1757 026a 45455F74 		.ascii	"EE_th_waswaiting\000"
 1757      685F7761 
 1757      73776169 
 1757      74696E67 
 1757      00
 1758              	.LASF62:
 1759 027b 45455F6F 		.ascii	"EE_oo_autostart_task_type\000"
 1759      6F5F6175 
 1759      746F7374 
 1759      6172745F 
 1759      7461736B 
 1760              	.LASF41:
 1761 0295 6B696E64 		.ascii	"kind\000"
 1761      00
 1762              	.LASF3:
 1763 029a 73686F72 		.ascii	"short unsigned int\000"
 1763      7420756E 
 1763      7369676E 
 1763      65642069 
 1763      6E7400
 1764              	.LASF104:
 1765 02ad 45455F6F 		.ascii	"EE_oo_IRQ_disable_count\000"
 1765      6F5F4952 
 1765      515F6469 
 1765      7361626C 
 1765      655F636F 
 1766              	.LASF38:
 1767 02c5 45455F6F 		.ascii	"EE_oo_counter_object_kind_type\000"
 1767      6F5F636F 
 1767      756E7465 
 1767      725F6F62 
 1767      6A656374 
 1768              	.LASF80:
 1769 02e4 45455F74 		.ascii	"EE_th_status\000"
 1769      685F7374 
 1769      61747573 
 1769      00
ARM GAS  C:\Users\zakis\AppData\Local\Temp\ccQNaEoy.s 			page 35


 1770              	.LASF39:
 1771 02f1 436F756E 		.ascii	"CounterObjectKindType\000"
 1771      7465724F 
 1771      626A6563 
 1771      744B696E 
 1771      64547970 
 1772              	.LASF110:
 1773 0307 45455F63 		.ascii	"EE_cortex_mx_stack_2\000"
 1773      6F727465 
 1773      785F6D78 
 1773      5F737461 
 1773      636B5F32 
 1774              	.LASF73:
 1775 031c 45455F74 		.ascii	"EE_th_dispatch_prio\000"
 1775      685F6469 
 1775      73706174 
 1775      63685F70 
 1775      72696F00 
 1776              	.LASF112:
 1777 0330 45455F63 		.ascii	"EE_cortex_mx_stack_9\000"
 1777      6F727465 
 1777      785F6D78 
 1777      5F737461 
 1777      636B5F39 
 1778              	.LASF14:
 1779 0345 45455F56 		.ascii	"EE_VOID_CALLBACK\000"
 1779      4F49445F 
 1779      43414C4C 
 1779      4241434B 
 1779      00
 1780              	.LASF27:
 1781 0356 436F756E 		.ascii	"CounterType\000"
 1781      74657254 
 1781      79706500 
 1782              	.LASF98:
 1783 0362 45455F6F 		.ascii	"EE_oo_counter_object_ROM\000"
 1783      6F5F636F 
 1783      756E7465 
 1783      725F6F62 
 1783      6A656374 
 1784              	.LASF59:
 1785 037b 61637469 		.ascii	"action_id\000"
 1785      6F6E5F69 
 1785      6400
 1786              	.LASF106:
 1787 0385 45455F41 		.ascii	"EE_ApplicationMode\000"
 1787      70706C69 
 1787      63617469 
 1787      6F6E4D6F 
 1787      646500
 1788              	.LASF99:
 1789 0398 45455F6F 		.ascii	"EE_oo_action_ROM\000"
 1789      6F5F6163 
 1789      74696F6E 
 1789      5F524F4D 
 1789      00
 1790              	.LASF21:
ARM GAS  C:\Users\zakis\AppData\Local\Temp\ccQNaEoy.s 			page 36


 1791 03a9 45455F54 		.ascii	"EE_TYPE_RQ_MASK\000"
 1791      5950455F 
 1791      52515F4D 
 1791      41534B00 
 1792              	.LASF64:
 1793 03b9 73697A65 		.ascii	"sizetype\000"
 1793      74797065 
 1793      00
 1794              	.LASF9:
 1795 03c2 6C6F6E67 		.ascii	"long double\000"
 1795      20646F75 
 1795      626C6500 
 1796              	.LASF92:
 1797 03ce 45455F72 		.ascii	"EE_rq_free\000"
 1797      715F6672 
 1797      656500
 1798              	.LASF86:
 1799 03d9 45455F72 		.ascii	"EE_rq_link\000"
 1799      715F6C69 
 1799      6E6B00
 1800              	.LASF17:
 1801 03e4 45455F53 		.ascii	"EE_SREG\000"
 1801      52454700 
 1802              	.LASF30:
 1803 03ec 7469636B 		.ascii	"ticksperbase\000"
 1803      73706572 
 1803      62617365 
 1803      00
 1804              	.LASF43:
 1805 03f9 75736564 		.ascii	"used\000"
 1805      00
 1806              	.LASF47:
 1807 03fe 45455F6F 		.ascii	"EE_oo_counter_object_RAM_type\000"
 1807      6F5F636F 
 1807      756E7465 
 1807      725F6F62 
 1807      6A656374 
 1808              	.LASF97:
 1809 041c 45455F63 		.ascii	"EE_counter_ROM\000"
 1809      6F756E74 
 1809      65725F52 
 1809      4F4D00
 1810              	.LASF58:
 1811 042b 45455F6F 		.ascii	"EE_oo_action_ROM_type\000"
 1811      6F5F6163 
 1811      74696F6E 
 1811      5F524F4D 
 1811      5F747970 
 1812              	.LASF10:
 1813 0441 45455F55 		.ascii	"EE_UINT16\000"
 1813      494E5431 
 1813      3600
 1814              	.LASF37:
 1815 044b 45455F53 		.ascii	"EE_SCHEDULETABLE\000"
 1815      43484544 
 1815      554C4554 
 1815      41424C45 
ARM GAS  C:\Users\zakis\AppData\Local\Temp\ccQNaEoy.s 			page 37


 1815      00
 1816              	.LASF69:
 1817 045c 45455F63 		.ascii	"EE_cortex_mx_system_tos\000"
 1817      6F727465 
 1817      785F6D78 
 1817      5F737973 
 1817      74656D5F 
 1818              	.LASF1:
 1819 0474 756E7369 		.ascii	"unsigned char\000"
 1819      676E6564 
 1819      20636861 
 1819      7200
 1820              	.LASF36:
 1821 0482 45455F41 		.ascii	"EE_ALARM\000"
 1821      4C41524D 
 1821      00
 1822              	.LASF81:
 1823 048b 45455F74 		.ascii	"EE_th_next\000"
 1823      685F6E65 
 1823      787400
 1824              	.LASF68:
 1825 0496 45455F74 		.ascii	"EE_terminate_real_th_body\000"
 1825      65726D69 
 1825      6E617465 
 1825      5F726561 
 1825      6C5F7468 
 1826              	.LASF57:
 1827 04b0 696E6363 		.ascii	"inccount\000"
 1827      6F756E74 
 1827      00
 1828              	.LASF2:
 1829 04b9 73686F72 		.ascii	"short int\000"
 1829      7420696E 
 1829      7400
 1830              	.LASF94:
 1831 04c3 45455F74 		.ascii	"EE_th_event_waitmask\000"
 1831      685F6576 
 1831      656E745F 
 1831      77616974 
 1831      6D61736B 
 1832              	.LASF111:
 1833 04d8 45455F63 		.ascii	"EE_cortex_mx_stack_3\000"
 1833      6F727465 
 1833      785F6D78 
 1833      5F737461 
 1833      636B5F33 
 1834              	.LASF75:
 1835 04ed 45455F54 		.ascii	"EE_TASK_NAME\000"
 1835      41534B5F 
 1835      4E414D45 
 1835      00
 1836              	.LASF32:
 1837 04fa 45455F6F 		.ascii	"EE_oo_counter_ROM_type\000"
 1837      6F5F636F 
 1837      756E7465 
 1837      725F524F 
 1837      4D5F7479 
ARM GAS  C:\Users\zakis\AppData\Local\Temp\ccQNaEoy.s 			page 38


 1838              	.LASF113:
 1839 0511 474E5520 		.ascii	"GNU C11 5.4.1 20160609 (release) [ARM/embedded-5-br"
 1839      43313120 
 1839      352E342E 
 1839      31203230 
 1839      31363036 
 1840 0544 616E6368 		.ascii	"anch revision 237715] -mcpu=cortex-m3 -mthumb -g -O"
 1840      20726576 
 1840      6973696F 
 1840      6E203233 
 1840      37373135 
 1841 0577 67202D66 		.ascii	"g -ffunction-sections -ffat-lto-objects\000"
 1841      66756E63 
 1841      74696F6E 
 1841      2D736563 
 1841      74696F6E 
 1842              	.LASF56:
 1843 059f 61637469 		.ascii	"action_mask\000"
 1843      6F6E5F6D 
 1843      61736B00 
 1844              	.LASF15:
 1845 05ab 45455F54 		.ascii	"EE_THREAD_PTR\000"
 1845      48524541 
 1845      445F5054 
 1845      5200
 1846              	.LASF88:
 1847 05b9 45455F72 		.ascii	"EE_rq_queues_tail\000"
 1847      715F7175 
 1847      65756573 
 1847      5F746169 
 1847      6C00
 1848              	.LASF66:
 1849 05cb 45455F73 		.ascii	"EE_std_thread_tos\000"
 1849      74645F74 
 1849      68726561 
 1849      645F746F 
 1849      7300
 1850              	.LASF51:
 1851 05dd 45455F41 		.ascii	"EE_ACTION_CALLBACK\000"
 1851      4354494F 
 1851      4E5F4341 
 1851      4C4C4241 
 1851      434B00
 1852              	.LASF91:
 1853 05f0 45455F72 		.ascii	"EE_rq_bitmask\000"
 1853      715F6269 
 1853      746D6173 
 1853      6B00
 1854              	.LASF34:
 1855 05fe 66697273 		.ascii	"first\000"
 1855      7400
 1856              	.LASF25:
 1857 0604 436F756E 		.ascii	"CounterObjectType\000"
 1857      7465724F 
 1857      626A6563 
 1857      74547970 
 1857      6500
ARM GAS  C:\Users\zakis\AppData\Local\Temp\ccQNaEoy.s 			page 39


 1858              	.LASF74:
 1859 0616 63686172 		.ascii	"char\000"
 1859      00
 1860              	.LASF48:
 1861 061b 45455F41 		.ascii	"EE_ACTION_TASK\000"
 1861      4354494F 
 1861      4E5F5441 
 1861      534B00
 1862              	.LASF71:
 1863 062a 45455F74 		.ascii	"EE_th_rnact_max\000"
 1863      685F726E 
 1863      6163745F 
 1863      6D617800 
 1864              	.LASF50:
 1865 063a 45455F41 		.ascii	"EE_ACTION_COUNTER\000"
 1865      4354494F 
 1865      4E5F434F 
 1865      554E5445 
 1865      5200
 1866              	.LASF101:
 1867 064c 45455F63 		.ascii	"EE_counter_RAM\000"
 1867      6F756E74 
 1867      65725F52 
 1867      414D00
 1868              	.LASF40:
 1869 065b 73706563 		.ascii	"spec_id\000"
 1869      5F696400 
 1870              	.LASF49:
 1871 0663 45455F41 		.ascii	"EE_ACTION_EVENT\000"
 1871      4354494F 
 1871      4E5F4556 
 1871      454E5400 
 1872              	.LASF65:
 1873 0673 45455F68 		.ascii	"EE_hal_thread_body\000"
 1873      616C5F74 
 1873      68726561 
 1873      645F626F 
 1873      647900
 1874              	.LASF85:
 1875 0686 45455F73 		.ascii	"EE_sys_ceiling\000"
 1875      79735F63 
 1875      65696C69 
 1875      6E6700
 1876              	.LASF54:
 1877 0695 61637469 		.ascii	"action_kind\000"
 1877      6F6E5F6B 
 1877      696E6400 
 1878              	.LASF63:
 1879 06a1 7461736B 		.ascii	"task\000"
 1879      00
 1880              	.LASF102:
 1881 06a6 45455F6F 		.ascii	"EE_oo_counter_object_RAM\000"
 1881      6F5F636F 
 1881      756E7465 
 1881      725F6F62 
 1881      6A656374 
 1882              	.LASF53:
ARM GAS  C:\Users\zakis\AppData\Local\Temp\ccQNaEoy.s 			page 40


 1883 06bf 41637469 		.ascii	"ActionKindType\000"
 1883      6F6E4B69 
 1883      6E645479 
 1883      706500
 1884              	.LASF72:
 1885 06ce 45455F74 		.ascii	"EE_th_ready_prio\000"
 1885      685F7265 
 1885      6164795F 
 1885      7072696F 
 1885      00
 1886              	.LASF82:
 1887 06df 45455F74 		.ascii	"EE_th_rnact\000"
 1887      685F726E 
 1887      61637400 
 1888              	.LASF115:
 1889 06eb 433A5C55 		.ascii	"C:\\Users\\zakis\\Documents\\SDHD\\Review\\RADAR_Mo"
 1889      73657273 
 1889      5C7A616B 
 1889      69735C44 
 1889      6F63756D 
 1890 0718 76656D65 		.ascii	"vement_Detector.cydsn\000"
 1890      6E745F44 
 1890      65746563 
 1890      746F722E 
 1890      63796473 
 1891              	.LASF90:
 1892 072e 45455F72 		.ascii	"EE_rq_pairs_tid\000"
 1892      715F7061 
 1892      6972735F 
 1892      74696400 
 1893              	.LASF108:
 1894 073e 45455F49 		.ascii	"EE_IRQ_nesting_level\000"
 1894      52515F6E 
 1894      65737469 
 1894      6E675F6C 
 1894      6576656C 
 1895              	.LASF12:
 1896 0753 45455F55 		.ascii	"EE_UINT32\000"
 1896      494E5433 
 1896      3200
 1897              	.LASF11:
 1898 075d 45455F49 		.ascii	"EE_INT32\000"
 1898      4E543332 
 1898      00
 1899              	.LASF67:
 1900 0766 45455F74 		.ascii	"EE_terminate_data\000"
 1900      65726D69 
 1900      6E617465 
 1900      5F646174 
 1900      6100
 1901              	.LASF93:
 1902 0778 45455F74 		.ascii	"EE_th_event_active\000"
 1902      685F6576 
 1902      656E745F 
 1902      61637469 
 1902      766500
 1903              	.LASF44:
ARM GAS  C:\Users\zakis\AppData\Local\Temp\ccQNaEoy.s 			page 41


 1904 078b 636E7463 		.ascii	"cntcycle\000"
 1904      79636C65 
 1904      00
 1905              	.LASF28:
 1906 0794 5359535F 		.ascii	"SYS_tos\000"
 1906      746F7300 
 1907              	.LASF55:
 1908 079c 61637469 		.ascii	"action_task\000"
 1908      6F6E5F74 
 1908      61736B00 
 1909              	.LASF13:
 1910 07a8 45455F41 		.ascii	"EE_ADDR\000"
 1910      44445200 
 1911              	.LASF96:
 1912 07b0 45455F74 		.ascii	"EE_th_is_extended\000"
 1912      685F6973 
 1912      5F657874 
 1912      656E6465 
 1912      6400
 1913              	.LASF18:
 1914 07c2 45455F46 		.ascii	"EE_FREG\000"
 1914      52454700 
 1915              	.LASF103:
 1916 07ca 45455F6F 		.ascii	"EE_oo_autostart_task_data\000"
 1916      6F5F6175 
 1916      746F7374 
 1916      6172745F 
 1916      7461736B 
 1917              		.ident	"GCC: (GNU Tools for ARM Embedded Processors) 5.4.1 20160609 (release) [ARM/embedded-5-bran
