ARM GAS  C:\Users\zakis\AppData\Local\Temp\cc0opto8.s 			page 1


   1              		.syntax unified
   2              		.cpu cortex-m3
   3              		.fpu softvfp
   4              		.eabi_attribute 20, 1
   5              		.eabi_attribute 21, 1
   6              		.eabi_attribute 23, 3
   7              		.eabi_attribute 24, 1
   8              		.eabi_attribute 25, 1
   9              		.eabi_attribute 26, 1
  10              		.eabi_attribute 30, 1
  11              		.eabi_attribute 34, 1
  12              		.eabi_attribute 18, 4
  13              		.thumb
  14              		.syntax unified
  15              		.file	"ErikaOS_cortex_mx_ee_utils.c"
  16              		.text
  17              	.Ltext0:
  18              		.cfi_sections	.debug_frame
  19              		.section	.text.EE_system_init,"ax",%progbits
  20              		.align	2
  21              		.global	EE_system_init
  22              		.thumb
  23              		.thumb_func
  24              		.type	EE_system_init, %function
  25              	EE_system_init:
  26              	.LFB76:
  27              		.file 1 "Generated_Source\\PSoC5\\ErikaOS_cortex_mx_ee_utils.c"
   1:Generated_Source\PSoC5/ErikaOS_cortex_mx_ee_utils.c **** /* ###*B*###
   2:Generated_Source\PSoC5/ErikaOS_cortex_mx_ee_utils.c ****  * ERIKA Enterprise - a tiny RTOS for small microcontrollers
   3:Generated_Source\PSoC5/ErikaOS_cortex_mx_ee_utils.c ****  *
   4:Generated_Source\PSoC5/ErikaOS_cortex_mx_ee_utils.c ****  * Copyright (C) 2002-2011  Evidence Srl
   5:Generated_Source\PSoC5/ErikaOS_cortex_mx_ee_utils.c ****  *
   6:Generated_Source\PSoC5/ErikaOS_cortex_mx_ee_utils.c ****  * This file is part of ERIKA Enterprise.
   7:Generated_Source\PSoC5/ErikaOS_cortex_mx_ee_utils.c ****  *
   8:Generated_Source\PSoC5/ErikaOS_cortex_mx_ee_utils.c ****  * ERIKA Enterprise is free software; you can redistribute it
   9:Generated_Source\PSoC5/ErikaOS_cortex_mx_ee_utils.c ****  * and/or modify it under the terms of the GNU General Public License
  10:Generated_Source\PSoC5/ErikaOS_cortex_mx_ee_utils.c ****  * version 2 as published by the Free Software Foundation, 
  11:Generated_Source\PSoC5/ErikaOS_cortex_mx_ee_utils.c ****  * (with a special exception described below).
  12:Generated_Source\PSoC5/ErikaOS_cortex_mx_ee_utils.c ****  *
  13:Generated_Source\PSoC5/ErikaOS_cortex_mx_ee_utils.c ****  * Linking this code statically or dynamically with other modules is
  14:Generated_Source\PSoC5/ErikaOS_cortex_mx_ee_utils.c ****  * making a combined work based on this code.  Thus, the terms and
  15:Generated_Source\PSoC5/ErikaOS_cortex_mx_ee_utils.c ****  * conditions of the GNU General Public License cover the whole
  16:Generated_Source\PSoC5/ErikaOS_cortex_mx_ee_utils.c ****  * combination.
  17:Generated_Source\PSoC5/ErikaOS_cortex_mx_ee_utils.c ****  *
  18:Generated_Source\PSoC5/ErikaOS_cortex_mx_ee_utils.c ****  * As a special exception, the copyright holders of this library give you
  19:Generated_Source\PSoC5/ErikaOS_cortex_mx_ee_utils.c ****  * permission to link this code with independent modules to produce an
  20:Generated_Source\PSoC5/ErikaOS_cortex_mx_ee_utils.c ****  * executable, regardless of the license terms of these independent
  21:Generated_Source\PSoC5/ErikaOS_cortex_mx_ee_utils.c ****  * modules, and to copy and distribute the resulting executable under
  22:Generated_Source\PSoC5/ErikaOS_cortex_mx_ee_utils.c ****  * terms of your choice, provided that you also meet, for each linked
  23:Generated_Source\PSoC5/ErikaOS_cortex_mx_ee_utils.c ****  * independent module, the terms and conditions of the license of that
  24:Generated_Source\PSoC5/ErikaOS_cortex_mx_ee_utils.c ****  * module.  An independent module is a module which is not derived from
  25:Generated_Source\PSoC5/ErikaOS_cortex_mx_ee_utils.c ****  * or based on this library.  If you modify this code, you may extend
  26:Generated_Source\PSoC5/ErikaOS_cortex_mx_ee_utils.c ****  * this exception to your version of the code, but you are not
  27:Generated_Source\PSoC5/ErikaOS_cortex_mx_ee_utils.c ****  * obligated to do so.  If you do not wish to do so, delete this
  28:Generated_Source\PSoC5/ErikaOS_cortex_mx_ee_utils.c ****  * exception statement from your version.
  29:Generated_Source\PSoC5/ErikaOS_cortex_mx_ee_utils.c ****  *
  30:Generated_Source\PSoC5/ErikaOS_cortex_mx_ee_utils.c ****  * ERIKA Enterprise is distributed in the hope that it will be
ARM GAS  C:\Users\zakis\AppData\Local\Temp\cc0opto8.s 			page 2


  31:Generated_Source\PSoC5/ErikaOS_cortex_mx_ee_utils.c ****  * useful, but WITHOUT ANY WARRANTY; without even the implied warranty
  32:Generated_Source\PSoC5/ErikaOS_cortex_mx_ee_utils.c ****  * of MERCHANTABILITY or FITNESS FOR A PARTICULAR PURPOSE.  See the
  33:Generated_Source\PSoC5/ErikaOS_cortex_mx_ee_utils.c ****  * GNU General Public License version 2 for more details.
  34:Generated_Source\PSoC5/ErikaOS_cortex_mx_ee_utils.c ****  *
  35:Generated_Source\PSoC5/ErikaOS_cortex_mx_ee_utils.c ****  * You should have received a copy of the GNU General Public License
  36:Generated_Source\PSoC5/ErikaOS_cortex_mx_ee_utils.c ****  * version 2 along with ERIKA Enterprise; if not, write to the
  37:Generated_Source\PSoC5/ErikaOS_cortex_mx_ee_utils.c ****  * Free Software Foundation, Inc., 51 Franklin Street, Fifth Floor,
  38:Generated_Source\PSoC5/ErikaOS_cortex_mx_ee_utils.c ****  * Boston, MA 02110-1301 USA.
  39:Generated_Source\PSoC5/ErikaOS_cortex_mx_ee_utils.c ****  * ###*E*### */
  40:Generated_Source\PSoC5/ErikaOS_cortex_mx_ee_utils.c **** 
  41:Generated_Source\PSoC5/ErikaOS_cortex_mx_ee_utils.c **** /** 
  42:Generated_Source\PSoC5/ErikaOS_cortex_mx_ee_utils.c **** 	@file ee_utils.c
  43:Generated_Source\PSoC5/ErikaOS_cortex_mx_ee_utils.c **** 	@brief Functions to initialize the RTOS services
  44:Generated_Source\PSoC5/ErikaOS_cortex_mx_ee_utils.c **** 	@author Gianluca Franchino
  45:Generated_Source\PSoC5/ErikaOS_cortex_mx_ee_utils.c **** 	@author Giuseppe Serano
  46:Generated_Source\PSoC5/ErikaOS_cortex_mx_ee_utils.c **** 	@date 2011
  47:Generated_Source\PSoC5/ErikaOS_cortex_mx_ee_utils.c **** */ 
  48:Generated_Source\PSoC5/ErikaOS_cortex_mx_ee_utils.c ****     
  49:Generated_Source\PSoC5/ErikaOS_cortex_mx_ee_utils.c **** /*
  50:Generated_Source\PSoC5/ErikaOS_cortex_mx_ee_utils.c ****  * PSoC Port and API Generation
  51:Generated_Source\PSoC5/ErikaOS_cortex_mx_ee_utils.c ****  * Carlos Fernando Meier Martinez
  52:Generated_Source\PSoC5/ErikaOS_cortex_mx_ee_utils.c ****  * P. Fromm 2020
  53:Generated_Source\PSoC5/ErikaOS_cortex_mx_ee_utils.c ****  * Hochschule Darmstadt, Germany. 2017.
  54:Generated_Source\PSoC5/ErikaOS_cortex_mx_ee_utils.c ****  */
  55:Generated_Source\PSoC5/ErikaOS_cortex_mx_ee_utils.c **** 
  56:Generated_Source\PSoC5/ErikaOS_cortex_mx_ee_utils.c **** #include "ErikaOS_ee_internal.inc"
  57:Generated_Source\PSoC5/ErikaOS_cortex_mx_ee_utils.c **** #include "ErikaOS_ee_irq.inc"
  58:Generated_Source\PSoC5/ErikaOS_cortex_mx_ee_utils.c **** //~ #include "ErikaOS_cortex_mx_ee_nvic.inc"
  59:Generated_Source\PSoC5/ErikaOS_cortex_mx_ee_utils.c **** #include "cyfitter.h"
  60:Generated_Source\PSoC5/ErikaOS_cortex_mx_ee_utils.c **** #include "cylib.h"
  61:Generated_Source\PSoC5/ErikaOS_cortex_mx_ee_utils.c **** 
  62:Generated_Source\PSoC5/ErikaOS_cortex_mx_ee_utils.c **** //PF v2.5.3
  63:Generated_Source\PSoC5/ErikaOS_cortex_mx_ee_utils.c **** //We have to translate the Erika Priorities from 1..16 to 0..7
  64:Generated_Source\PSoC5/ErikaOS_cortex_mx_ee_utils.c **** //We probably should not set the priority to 0 (highest), as this might interfear with the systick 
  65:Generated_Source\PSoC5/ErikaOS_cortex_mx_ee_utils.c **** //#define ISR_SCALE(prio) ((prio-1)>>1)
  66:Generated_Source\PSoC5/ErikaOS_cortex_mx_ee_utils.c **** 
  67:Generated_Source\PSoC5/ErikaOS_cortex_mx_ee_utils.c **** //Update for Release v2.5.3 - The GUI has been modified, only allowing values between 1..7
  68:Generated_Source\PSoC5/ErikaOS_cortex_mx_ee_utils.c **** //i.e. the value can be takes as it is
  69:Generated_Source\PSoC5/ErikaOS_cortex_mx_ee_utils.c **** #define ISR_SCALE(prio) (prio)
  70:Generated_Source\PSoC5/ErikaOS_cortex_mx_ee_utils.c **** 
  71:Generated_Source\PSoC5/ErikaOS_cortex_mx_ee_utils.c **** #define Number_of_ISRs  4
  72:Generated_Source\PSoC5/ErikaOS_cortex_mx_ee_utils.c **** 
  73:Generated_Source\PSoC5/ErikaOS_cortex_mx_ee_utils.c **** extern void EE_set_switch_context_pri(void);
  74:Generated_Source\PSoC5/ErikaOS_cortex_mx_ee_utils.c **** 
  75:Generated_Source\PSoC5/ErikaOS_cortex_mx_ee_utils.c **** /* Function used to calculate the initialize the system */
  76:Generated_Source\PSoC5/ErikaOS_cortex_mx_ee_utils.c **** void EE_system_init(void)
  77:Generated_Source\PSoC5/ErikaOS_cortex_mx_ee_utils.c **** {
  28              		.loc 1 77 0
  29              		.cfi_startproc
  30              		@ args = 0, pretend = 0, frame = 0
  31              		@ frame_needed = 0, uses_anonymous_args = 0
  32 0000 70B5     		push	{r4, r5, r6, lr}
  33              		.cfi_def_cfa_offset 16
  34              		.cfi_offset 4, -16
  35              		.cfi_offset 5, -12
  36              		.cfi_offset 6, -8
  37              		.cfi_offset 14, -4
ARM GAS  C:\Users\zakis\AppData\Local\Temp\cc0opto8.s 			page 3


  78:Generated_Source\PSoC5/ErikaOS_cortex_mx_ee_utils.c **** #if (Number_of_ISRs > 0)
  79:Generated_Source\PSoC5/ErikaOS_cortex_mx_ee_utils.c ****   cyisraddress *ramVectorTable = *CY_INT_VECT_TABLE;
  38              		.loc 1 79 0
  39 0002 1C4B     		ldr	r3, .L3
  40 0004 1D68     		ldr	r5, [r3]
  41              	.LVL0:
  42              	.LBB14:
  43              	.LBB15:
  44              	.LBB16:
  45              		.file 2 "Generated_Source\\PSoC5\\ErikaOS_cortex_mx_ee_cpu.inc"
   1:Generated_Source\PSoC5/ErikaOS_cortex_mx_ee_cpu.inc **** /* ###*B*###
   2:Generated_Source\PSoC5/ErikaOS_cortex_mx_ee_cpu.inc ****  * ERIKA Enterprise - a tiny RTOS for small microcontrollers
   3:Generated_Source\PSoC5/ErikaOS_cortex_mx_ee_cpu.inc ****  *
   4:Generated_Source\PSoC5/ErikaOS_cortex_mx_ee_cpu.inc ****  * Copyright (C) 2002-2011  Evidence Srl
   5:Generated_Source\PSoC5/ErikaOS_cortex_mx_ee_cpu.inc ****  *
   6:Generated_Source\PSoC5/ErikaOS_cortex_mx_ee_cpu.inc ****  * This file is part of ERIKA Enterprise.
   7:Generated_Source\PSoC5/ErikaOS_cortex_mx_ee_cpu.inc ****  *
   8:Generated_Source\PSoC5/ErikaOS_cortex_mx_ee_cpu.inc ****  * ERIKA Enterprise is free software; you can redistribute it
   9:Generated_Source\PSoC5/ErikaOS_cortex_mx_ee_cpu.inc ****  * and/or modify it under the terms of the GNU General Public License
  10:Generated_Source\PSoC5/ErikaOS_cortex_mx_ee_cpu.inc ****  * version 2 as published by the Free Software Foundation, 
  11:Generated_Source\PSoC5/ErikaOS_cortex_mx_ee_cpu.inc ****  * (with a special exception described below).
  12:Generated_Source\PSoC5/ErikaOS_cortex_mx_ee_cpu.inc ****  *
  13:Generated_Source\PSoC5/ErikaOS_cortex_mx_ee_cpu.inc ****  * Linking this code statically or dynamically with other modules is
  14:Generated_Source\PSoC5/ErikaOS_cortex_mx_ee_cpu.inc ****  * making a combined work based on this code.  Thus, the terms and
  15:Generated_Source\PSoC5/ErikaOS_cortex_mx_ee_cpu.inc ****  * conditions of the GNU General Public License cover the whole
  16:Generated_Source\PSoC5/ErikaOS_cortex_mx_ee_cpu.inc ****  * combination.
  17:Generated_Source\PSoC5/ErikaOS_cortex_mx_ee_cpu.inc ****  *
  18:Generated_Source\PSoC5/ErikaOS_cortex_mx_ee_cpu.inc ****  * As a special exception, the copyright holders of this library give you
  19:Generated_Source\PSoC5/ErikaOS_cortex_mx_ee_cpu.inc ****  * permission to link this code with independent modules to produce an
  20:Generated_Source\PSoC5/ErikaOS_cortex_mx_ee_cpu.inc ****  * executable, regardless of the license terms of these independent
  21:Generated_Source\PSoC5/ErikaOS_cortex_mx_ee_cpu.inc ****  * modules, and to copy and distribute the resulting executable under
  22:Generated_Source\PSoC5/ErikaOS_cortex_mx_ee_cpu.inc ****  * terms of your choice, provided that you also meet, for each linked
  23:Generated_Source\PSoC5/ErikaOS_cortex_mx_ee_cpu.inc ****  * independent module, the terms and conditions of the license of that
  24:Generated_Source\PSoC5/ErikaOS_cortex_mx_ee_cpu.inc ****  * module.  An independent module is a module which is not derived from
  25:Generated_Source\PSoC5/ErikaOS_cortex_mx_ee_cpu.inc ****  * or based on this library.  If you modify this code, you may extend
  26:Generated_Source\PSoC5/ErikaOS_cortex_mx_ee_cpu.inc ****  * this exception to your version of the code, but you are not
  27:Generated_Source\PSoC5/ErikaOS_cortex_mx_ee_cpu.inc ****  * obligated to do so.  If you do not wish to do so, delete this
  28:Generated_Source\PSoC5/ErikaOS_cortex_mx_ee_cpu.inc ****  * exception statement from your version.
  29:Generated_Source\PSoC5/ErikaOS_cortex_mx_ee_cpu.inc ****  *
  30:Generated_Source\PSoC5/ErikaOS_cortex_mx_ee_cpu.inc ****  * ERIKA Enterprise is distributed in the hope that it will be
  31:Generated_Source\PSoC5/ErikaOS_cortex_mx_ee_cpu.inc ****  * useful, but WITHOUT ANY WARRANTY; without even the implied warranty
  32:Generated_Source\PSoC5/ErikaOS_cortex_mx_ee_cpu.inc ****  * of MERCHANTABILITY or FITNESS FOR A PARTICULAR PURPOSE.  See the
  33:Generated_Source\PSoC5/ErikaOS_cortex_mx_ee_cpu.inc ****  * GNU General Public License version 2 for more details.
  34:Generated_Source\PSoC5/ErikaOS_cortex_mx_ee_cpu.inc ****  *
  35:Generated_Source\PSoC5/ErikaOS_cortex_mx_ee_cpu.inc ****  * You should have received a copy of the GNU General Public License
  36:Generated_Source\PSoC5/ErikaOS_cortex_mx_ee_cpu.inc ****  * version 2 along with ERIKA Enterprise; if not, write to the
  37:Generated_Source\PSoC5/ErikaOS_cortex_mx_ee_cpu.inc ****  * Free Software Foundation, Inc., 51 Franklin Street, Fifth Floor,
  38:Generated_Source\PSoC5/ErikaOS_cortex_mx_ee_cpu.inc ****  * Boston, MA 02110-1301 USA.
  39:Generated_Source\PSoC5/ErikaOS_cortex_mx_ee_cpu.inc ****  * ###*E*### */
  40:Generated_Source\PSoC5/ErikaOS_cortex_mx_ee_cpu.inc **** 
  41:Generated_Source\PSoC5/ErikaOS_cortex_mx_ee_cpu.inc **** /** 
  42:Generated_Source\PSoC5/ErikaOS_cortex_mx_ee_cpu.inc **** 	@file ee_cpu.h
  43:Generated_Source\PSoC5/ErikaOS_cortex_mx_ee_cpu.inc **** 	@brief CPU-dependent part of HAL. Derived from pkg/cpu/pic30/inc/ee_cpu.h
  44:Generated_Source\PSoC5/ErikaOS_cortex_mx_ee_cpu.inc **** 	@author Gianluca Franchino
  45:Generated_Source\PSoC5/ErikaOS_cortex_mx_ee_cpu.inc **** 	@author Giuseppe Serano
  46:Generated_Source\PSoC5/ErikaOS_cortex_mx_ee_cpu.inc **** 	@date 2011
  47:Generated_Source\PSoC5/ErikaOS_cortex_mx_ee_cpu.inc **** */ 
ARM GAS  C:\Users\zakis\AppData\Local\Temp\cc0opto8.s 			page 4


  48:Generated_Source\PSoC5/ErikaOS_cortex_mx_ee_cpu.inc ****     
  49:Generated_Source\PSoC5/ErikaOS_cortex_mx_ee_cpu.inc **** /*
  50:Generated_Source\PSoC5/ErikaOS_cortex_mx_ee_cpu.inc ****  * PSoC Port and API Generation
  51:Generated_Source\PSoC5/ErikaOS_cortex_mx_ee_cpu.inc ****  * Carlos Fernando Meier Martinez
  52:Generated_Source\PSoC5/ErikaOS_cortex_mx_ee_cpu.inc ****  * Hochschule Darmstadt, Germany. 2017.
  53:Generated_Source\PSoC5/ErikaOS_cortex_mx_ee_cpu.inc ****  */
  54:Generated_Source\PSoC5/ErikaOS_cortex_mx_ee_cpu.inc **** 
  55:Generated_Source\PSoC5/ErikaOS_cortex_mx_ee_cpu.inc **** #ifndef __INCLUDE_CORTEX_MX_EE_CPU_H__
  56:Generated_Source\PSoC5/ErikaOS_cortex_mx_ee_cpu.inc **** #define __INCLUDE_CORTEX_MX_EE_CPU_H__
  57:Generated_Source\PSoC5/ErikaOS_cortex_mx_ee_cpu.inc **** 
  58:Generated_Source\PSoC5/ErikaOS_cortex_mx_ee_cpu.inc **** #include "ErikaOS_eecfg.inc"
  59:Generated_Source\PSoC5/ErikaOS_cortex_mx_ee_cpu.inc **** 
  60:Generated_Source\PSoC5/ErikaOS_cortex_mx_ee_cpu.inc **** 
  61:Generated_Source\PSoC5/ErikaOS_cortex_mx_ee_cpu.inc **** #ifdef __GNU__
  62:Generated_Source\PSoC5/ErikaOS_cortex_mx_ee_cpu.inc **** #include "ErikaOS_common_ee_compiler_gcc.inc"
  63:Generated_Source\PSoC5/ErikaOS_cortex_mx_ee_cpu.inc **** #endif
  64:Generated_Source\PSoC5/ErikaOS_cortex_mx_ee_cpu.inc **** 
  65:Generated_Source\PSoC5/ErikaOS_cortex_mx_ee_cpu.inc **** /* Initial stack offset (in words): Used in multistack. */
  66:Generated_Source\PSoC5/ErikaOS_cortex_mx_ee_cpu.inc **** #ifndef CORTEX_MX_INIT_TOS_OFFSET
  67:Generated_Source\PSoC5/ErikaOS_cortex_mx_ee_cpu.inc **** #define CORTEX_MX_INIT_TOS_OFFSET 10
  68:Generated_Source\PSoC5/ErikaOS_cortex_mx_ee_cpu.inc **** #endif
  69:Generated_Source\PSoC5/ErikaOS_cortex_mx_ee_cpu.inc **** 
  70:Generated_Source\PSoC5/ErikaOS_cortex_mx_ee_cpu.inc **** /*************************************************************************
  71:Generated_Source\PSoC5/ErikaOS_cortex_mx_ee_cpu.inc ****  HAL Types and structures
  72:Generated_Source\PSoC5/ErikaOS_cortex_mx_ee_cpu.inc ****  *************************************************************************/
  73:Generated_Source\PSoC5/ErikaOS_cortex_mx_ee_cpu.inc **** 
  74:Generated_Source\PSoC5/ErikaOS_cortex_mx_ee_cpu.inc **** /* Primitive data types */
  75:Generated_Source\PSoC5/ErikaOS_cortex_mx_ee_cpu.inc **** #include "ErikaOS_common_ee_types.inc"
  76:Generated_Source\PSoC5/ErikaOS_cortex_mx_ee_cpu.inc **** 
  77:Generated_Source\PSoC5/ErikaOS_cortex_mx_ee_cpu.inc **** typedef EE_UINT32 EE_UREG;
  78:Generated_Source\PSoC5/ErikaOS_cortex_mx_ee_cpu.inc **** typedef EE_INT32  EE_SREG;
  79:Generated_Source\PSoC5/ErikaOS_cortex_mx_ee_cpu.inc **** typedef EE_UINT32 EE_FREG;
  80:Generated_Source\PSoC5/ErikaOS_cortex_mx_ee_cpu.inc **** #define EE_UREG_SIZE 4
  81:Generated_Source\PSoC5/ErikaOS_cortex_mx_ee_cpu.inc **** 
  82:Generated_Source\PSoC5/ErikaOS_cortex_mx_ee_cpu.inc **** /* boolean type */
  83:Generated_Source\PSoC5/ErikaOS_cortex_mx_ee_cpu.inc **** #ifndef EE_TYPEBOOL
  84:Generated_Source\PSoC5/ErikaOS_cortex_mx_ee_cpu.inc **** typedef EE_UREG EE_TYPEBOOL;
  85:Generated_Source\PSoC5/ErikaOS_cortex_mx_ee_cpu.inc **** #endif
  86:Generated_Source\PSoC5/ErikaOS_cortex_mx_ee_cpu.inc **** 
  87:Generated_Source\PSoC5/ErikaOS_cortex_mx_ee_cpu.inc **** /* boolean true define */
  88:Generated_Source\PSoC5/ErikaOS_cortex_mx_ee_cpu.inc **** #ifndef EE_TRUE
  89:Generated_Source\PSoC5/ErikaOS_cortex_mx_ee_cpu.inc **** #define EE_TRUE ((EE_TYPEBOOL)1U)
  90:Generated_Source\PSoC5/ErikaOS_cortex_mx_ee_cpu.inc **** #endif
  91:Generated_Source\PSoC5/ErikaOS_cortex_mx_ee_cpu.inc **** 
  92:Generated_Source\PSoC5/ErikaOS_cortex_mx_ee_cpu.inc **** /* boolean false define */
  93:Generated_Source\PSoC5/ErikaOS_cortex_mx_ee_cpu.inc **** #ifndef EE_FALSE
  94:Generated_Source\PSoC5/ErikaOS_cortex_mx_ee_cpu.inc **** #define EE_FALSE ((EE_TYPEBOOL)0U)
  95:Generated_Source\PSoC5/ErikaOS_cortex_mx_ee_cpu.inc **** #endif
  96:Generated_Source\PSoC5/ErikaOS_cortex_mx_ee_cpu.inc **** 
  97:Generated_Source\PSoC5/ErikaOS_cortex_mx_ee_cpu.inc **** #define	EE_HWREG_PTR		volatile EE_UREG *
  98:Generated_Source\PSoC5/ErikaOS_cortex_mx_ee_cpu.inc **** #define	EE_HWREG_ADDR(x)	((EE_HWREG_PTR)(x))
  99:Generated_Source\PSoC5/ErikaOS_cortex_mx_ee_cpu.inc **** #define	EE_HWREG(x)		(*EE_HWREG_ADDR(x))
 100:Generated_Source\PSoC5/ErikaOS_cortex_mx_ee_cpu.inc **** 
 101:Generated_Source\PSoC5/ErikaOS_cortex_mx_ee_cpu.inc **** #ifdef __GNU__
 102:Generated_Source\PSoC5/ErikaOS_cortex_mx_ee_cpu.inc **** 
 103:Generated_Source\PSoC5/ErikaOS_cortex_mx_ee_cpu.inc **** /* Get current SP */
 104:Generated_Source\PSoC5/ErikaOS_cortex_mx_ee_cpu.inc **** __INLINE__ EE_UINT32  __current_sp(void)
ARM GAS  C:\Users\zakis\AppData\Local\Temp\cc0opto8.s 			page 5


 105:Generated_Source\PSoC5/ErikaOS_cortex_mx_ee_cpu.inc **** {
 106:Generated_Source\PSoC5/ErikaOS_cortex_mx_ee_cpu.inc **** EE_UINT32 temp;
 107:Generated_Source\PSoC5/ErikaOS_cortex_mx_ee_cpu.inc **** __ASM ("mov %0, sp" : "=r" (temp) : );
 108:Generated_Source\PSoC5/ErikaOS_cortex_mx_ee_cpu.inc **** return temp;
 109:Generated_Source\PSoC5/ErikaOS_cortex_mx_ee_cpu.inc **** }
 110:Generated_Source\PSoC5/ErikaOS_cortex_mx_ee_cpu.inc **** 
 111:Generated_Source\PSoC5/ErikaOS_cortex_mx_ee_cpu.inc **** /* Set a breakpoint */
 112:Generated_Source\PSoC5/ErikaOS_cortex_mx_ee_cpu.inc **** #define __breakpoint(value)	__ASM ("bkpt "#value)
 113:Generated_Source\PSoC5/ErikaOS_cortex_mx_ee_cpu.inc **** 
 114:Generated_Source\PSoC5/ErikaOS_cortex_mx_ee_cpu.inc **** #endif
 115:Generated_Source\PSoC5/ErikaOS_cortex_mx_ee_cpu.inc **** 
 116:Generated_Source\PSoC5/ErikaOS_cortex_mx_ee_cpu.inc **** /* ISR Priority representation type */
 117:Generated_Source\PSoC5/ErikaOS_cortex_mx_ee_cpu.inc **** typedef EE_UREG EE_TYPEISR2PRIO;
 118:Generated_Source\PSoC5/ErikaOS_cortex_mx_ee_cpu.inc **** 
 119:Generated_Source\PSoC5/ErikaOS_cortex_mx_ee_cpu.inc **** /* Thread IDs */
 120:Generated_Source\PSoC5/ErikaOS_cortex_mx_ee_cpu.inc **** typedef EE_INT32 EE_TID;
 121:Generated_Source\PSoC5/ErikaOS_cortex_mx_ee_cpu.inc **** 
 122:Generated_Source\PSoC5/ErikaOS_cortex_mx_ee_cpu.inc **** /* Thread IDs - unsigned version*/
 123:Generated_Source\PSoC5/ErikaOS_cortex_mx_ee_cpu.inc **** typedef EE_UINT32 EE_UTID;
 124:Generated_Source\PSoC5/ErikaOS_cortex_mx_ee_cpu.inc **** 
 125:Generated_Source\PSoC5/ErikaOS_cortex_mx_ee_cpu.inc **** /* Used by the common layer to decide whether to start a new thread */
 126:Generated_Source\PSoC5/ErikaOS_cortex_mx_ee_cpu.inc **** #define TID_IS_STACKED_MARK 0x80000000
 127:Generated_Source\PSoC5/ErikaOS_cortex_mx_ee_cpu.inc **** 
 128:Generated_Source\PSoC5/ErikaOS_cortex_mx_ee_cpu.inc **** /* EE_TYPEIRQ is currently unused */
 129:Generated_Source\PSoC5/ErikaOS_cortex_mx_ee_cpu.inc **** 
 130:Generated_Source\PSoC5/ErikaOS_cortex_mx_ee_cpu.inc **** /* XXX: define EE_TIME? */
 131:Generated_Source\PSoC5/ErikaOS_cortex_mx_ee_cpu.inc **** 
 132:Generated_Source\PSoC5/ErikaOS_cortex_mx_ee_cpu.inc **** /* Use the "standard" implementation */
 133:Generated_Source\PSoC5/ErikaOS_cortex_mx_ee_cpu.inc **** #include "ErikaOS_common_ee_hal_structs.inc"
 134:Generated_Source\PSoC5/ErikaOS_cortex_mx_ee_cpu.inc **** 
 135:Generated_Source\PSoC5/ErikaOS_cortex_mx_ee_cpu.inc **** /******************************************************************************
 136:Generated_Source\PSoC5/ErikaOS_cortex_mx_ee_cpu.inc ****  Application dependent data types
 137:Generated_Source\PSoC5/ErikaOS_cortex_mx_ee_cpu.inc ****  ******************************************************************************/
 138:Generated_Source\PSoC5/ErikaOS_cortex_mx_ee_cpu.inc **** 
 139:Generated_Source\PSoC5/ErikaOS_cortex_mx_ee_cpu.inc **** #ifdef	__HAS_TYPES_H__
 140:Generated_Source\PSoC5/ErikaOS_cortex_mx_ee_cpu.inc **** #include	"types.h"
 141:Generated_Source\PSoC5/ErikaOS_cortex_mx_ee_cpu.inc **** #endif
 142:Generated_Source\PSoC5/ErikaOS_cortex_mx_ee_cpu.inc **** 
 143:Generated_Source\PSoC5/ErikaOS_cortex_mx_ee_cpu.inc **** /******************************************************************************
 144:Generated_Source\PSoC5/ErikaOS_cortex_mx_ee_cpu.inc ****  CPU Peripherals
 145:Generated_Source\PSoC5/ErikaOS_cortex_mx_ee_cpu.inc ****  ******************************************************************************/
 146:Generated_Source\PSoC5/ErikaOS_cortex_mx_ee_cpu.inc **** 
 147:Generated_Source\PSoC5/ErikaOS_cortex_mx_ee_cpu.inc **** #ifdef __CORTEX_MX__
 148:Generated_Source\PSoC5/ErikaOS_cortex_mx_ee_cpu.inc **** #include "ErikaOS_cortex_mx_ee_nvic.inc"
 149:Generated_Source\PSoC5/ErikaOS_cortex_mx_ee_cpu.inc **** #include "ErikaOS_cortex_mx_ee_systick.inc"
 150:Generated_Source\PSoC5/ErikaOS_cortex_mx_ee_cpu.inc **** #endif
 151:Generated_Source\PSoC5/ErikaOS_cortex_mx_ee_cpu.inc **** 
 152:Generated_Source\PSoC5/ErikaOS_cortex_mx_ee_cpu.inc **** /******************************************************************************
 153:Generated_Source\PSoC5/ErikaOS_cortex_mx_ee_cpu.inc ****  HAL Variables
 154:Generated_Source\PSoC5/ErikaOS_cortex_mx_ee_cpu.inc ****  ******************************************************************************/
 155:Generated_Source\PSoC5/ErikaOS_cortex_mx_ee_cpu.inc **** 
 156:Generated_Source\PSoC5/ErikaOS_cortex_mx_ee_cpu.inc **** #ifdef __MULTI__
 157:Generated_Source\PSoC5/ErikaOS_cortex_mx_ee_cpu.inc **** 
 158:Generated_Source\PSoC5/ErikaOS_cortex_mx_ee_cpu.inc **** /* Top-of-stack of each private stack */
 159:Generated_Source\PSoC5/ErikaOS_cortex_mx_ee_cpu.inc **** extern struct EE_TOS EE_cortex_mx_system_tos[];
 160:Generated_Source\PSoC5/ErikaOS_cortex_mx_ee_cpu.inc **** //#define	EE_std_system_tos EE_cortex_mx_system_tos
 161:Generated_Source\PSoC5/ErikaOS_cortex_mx_ee_cpu.inc **** 
ARM GAS  C:\Users\zakis\AppData\Local\Temp\cc0opto8.s 			page 6


 162:Generated_Source\PSoC5/ErikaOS_cortex_mx_ee_cpu.inc **** /* Index of the current stack */
 163:Generated_Source\PSoC5/ErikaOS_cortex_mx_ee_cpu.inc **** extern EE_UREG EE_cortex_mx_active_tos;
 164:Generated_Source\PSoC5/ErikaOS_cortex_mx_ee_cpu.inc **** #define	EE_hal_active_tos EE_cortex_mx_active_tos
 165:Generated_Source\PSoC5/ErikaOS_cortex_mx_ee_cpu.inc **** 
 166:Generated_Source\PSoC5/ErikaOS_cortex_mx_ee_cpu.inc **** /*extern	EE_UREG EE_pic30_thread_tos[];
 167:Generated_Source\PSoC5/ErikaOS_cortex_mx_ee_cpu.inc **** #define	EE_std_thread_tos EE_pic30_thread_tos */
 168:Generated_Source\PSoC5/ErikaOS_cortex_mx_ee_cpu.inc **** #endif /* __MULTI__ */
 169:Generated_Source\PSoC5/ErikaOS_cortex_mx_ee_cpu.inc **** 
 170:Generated_Source\PSoC5/ErikaOS_cortex_mx_ee_cpu.inc **** /*********************************************************************
 171:Generated_Source\PSoC5/ErikaOS_cortex_mx_ee_cpu.inc ****  Cortex M0 interrupt disabling/enabling
 172:Generated_Source\PSoC5/ErikaOS_cortex_mx_ee_cpu.inc ****  *********************************************************************/
 173:Generated_Source\PSoC5/ErikaOS_cortex_mx_ee_cpu.inc **** 
 174:Generated_Source\PSoC5/ErikaOS_cortex_mx_ee_cpu.inc **** /* Used to check the value returned by EE_cortex_mx_disableIRQ */
 175:Generated_Source\PSoC5/ErikaOS_cortex_mx_ee_cpu.inc **** #define EE_cortex_mx_are_IRQs_enabled(ie) ((ie) ^ 1)
 176:Generated_Source\PSoC5/ErikaOS_cortex_mx_ee_cpu.inc **** 
 177:Generated_Source\PSoC5/ErikaOS_cortex_mx_ee_cpu.inc **** /**
 178:Generated_Source\PSoC5/ErikaOS_cortex_mx_ee_cpu.inc ****  * Enable interrupts
 179:Generated_Source\PSoC5/ErikaOS_cortex_mx_ee_cpu.inc ****  */
 180:Generated_Source\PSoC5/ErikaOS_cortex_mx_ee_cpu.inc **** __INLINE__ void  EE_cortex_mx_enableIRQ(void)
 181:Generated_Source\PSoC5/ErikaOS_cortex_mx_ee_cpu.inc **** {
 182:Generated_Source\PSoC5/ErikaOS_cortex_mx_ee_cpu.inc **** #ifdef __IAR__
 183:Generated_Source\PSoC5/ErikaOS_cortex_mx_ee_cpu.inc **** 	__ASM ("cpsie i");
 184:Generated_Source\PSoC5/ErikaOS_cortex_mx_ee_cpu.inc **** #else	/* __IAR__ */
 185:Generated_Source\PSoC5/ErikaOS_cortex_mx_ee_cpu.inc **** #ifdef __CCS__
 186:Generated_Source\PSoC5/ErikaOS_cortex_mx_ee_cpu.inc **** 	__ASM ("    cpsie    i\n");
 187:Generated_Source\PSoC5/ErikaOS_cortex_mx_ee_cpu.inc **** #else	/* __CCS__ */
 188:Generated_Source\PSoC5/ErikaOS_cortex_mx_ee_cpu.inc **** #ifdef __KEIL__
 189:Generated_Source\PSoC5/ErikaOS_cortex_mx_ee_cpu.inc **** 	__enable_irq();
 190:Generated_Source\PSoC5/ErikaOS_cortex_mx_ee_cpu.inc **** #else	/* __KEIL__ */
 191:Generated_Source\PSoC5/ErikaOS_cortex_mx_ee_cpu.inc **** 	__ASM volatile("cpsie i");
 192:Generated_Source\PSoC5/ErikaOS_cortex_mx_ee_cpu.inc **** #endif	/* !__KEIL__ */
 193:Generated_Source\PSoC5/ErikaOS_cortex_mx_ee_cpu.inc **** #endif	/* !__CCS__ */
 194:Generated_Source\PSoC5/ErikaOS_cortex_mx_ee_cpu.inc **** #endif	/* !__IAR__ */
 195:Generated_Source\PSoC5/ErikaOS_cortex_mx_ee_cpu.inc **** }
 196:Generated_Source\PSoC5/ErikaOS_cortex_mx_ee_cpu.inc **** 
 197:Generated_Source\PSoC5/ErikaOS_cortex_mx_ee_cpu.inc **** /**
 198:Generated_Source\PSoC5/ErikaOS_cortex_mx_ee_cpu.inc ****  * Disable interrupts
 199:Generated_Source\PSoC5/ErikaOS_cortex_mx_ee_cpu.inc ****  */
 200:Generated_Source\PSoC5/ErikaOS_cortex_mx_ee_cpu.inc **** __INLINE__ void  EE_cortex_mx_disableIRQ(void)
 201:Generated_Source\PSoC5/ErikaOS_cortex_mx_ee_cpu.inc **** {
 202:Generated_Source\PSoC5/ErikaOS_cortex_mx_ee_cpu.inc **** #ifdef __IAR__
 203:Generated_Source\PSoC5/ErikaOS_cortex_mx_ee_cpu.inc **** 	__ASM ("cpsid i");
 204:Generated_Source\PSoC5/ErikaOS_cortex_mx_ee_cpu.inc **** #else	/* __IAR__ */
 205:Generated_Source\PSoC5/ErikaOS_cortex_mx_ee_cpu.inc **** #ifdef __CCS__
 206:Generated_Source\PSoC5/ErikaOS_cortex_mx_ee_cpu.inc **** 	__ASM ("    cpsid    i\n");
 207:Generated_Source\PSoC5/ErikaOS_cortex_mx_ee_cpu.inc **** #else	/* __CCS__ */
 208:Generated_Source\PSoC5/ErikaOS_cortex_mx_ee_cpu.inc **** #ifdef __KEIL__
 209:Generated_Source\PSoC5/ErikaOS_cortex_mx_ee_cpu.inc **** 	__disable_irq();
 210:Generated_Source\PSoC5/ErikaOS_cortex_mx_ee_cpu.inc **** #else	/* __KEIL__ */
 211:Generated_Source\PSoC5/ErikaOS_cortex_mx_ee_cpu.inc **** 	__ASM volatile("cpsid i");
 212:Generated_Source\PSoC5/ErikaOS_cortex_mx_ee_cpu.inc **** #endif	/* !__KEIL__ */
 213:Generated_Source\PSoC5/ErikaOS_cortex_mx_ee_cpu.inc **** #endif	/* !__CCS__ */
 214:Generated_Source\PSoC5/ErikaOS_cortex_mx_ee_cpu.inc **** #endif	/* !__IAR__ */
 215:Generated_Source\PSoC5/ErikaOS_cortex_mx_ee_cpu.inc **** }
 216:Generated_Source\PSoC5/ErikaOS_cortex_mx_ee_cpu.inc **** 
 217:Generated_Source\PSoC5/ErikaOS_cortex_mx_ee_cpu.inc **** /**
 218:Generated_Source\PSoC5/ErikaOS_cortex_mx_ee_cpu.inc ****  * Resume interrupts
ARM GAS  C:\Users\zakis\AppData\Local\Temp\cc0opto8.s 			page 7


 219:Generated_Source\PSoC5/ErikaOS_cortex_mx_ee_cpu.inc ****  */
 220:Generated_Source\PSoC5/ErikaOS_cortex_mx_ee_cpu.inc **** __INLINE__ void  EE_cortex_mx_resumeIRQ(EE_FREG f)
 221:Generated_Source\PSoC5/ErikaOS_cortex_mx_ee_cpu.inc **** {
 222:Generated_Source\PSoC5/ErikaOS_cortex_mx_ee_cpu.inc **** #ifdef __IAR__
 223:Generated_Source\PSoC5/ErikaOS_cortex_mx_ee_cpu.inc **** 	__set_PRIMASK(f);
 224:Generated_Source\PSoC5/ErikaOS_cortex_mx_ee_cpu.inc **** #else	/* __IAR__ */
 225:Generated_Source\PSoC5/ErikaOS_cortex_mx_ee_cpu.inc **** #ifdef __CCS__
 226:Generated_Source\PSoC5/ErikaOS_cortex_mx_ee_cpu.inc **** 	__ASM ("    msr    primask, r0\n");
 227:Generated_Source\PSoC5/ErikaOS_cortex_mx_ee_cpu.inc **** #else	/* __CCS__ */
 228:Generated_Source\PSoC5/ErikaOS_cortex_mx_ee_cpu.inc **** #ifdef __KEIL__
 229:Generated_Source\PSoC5/ErikaOS_cortex_mx_ee_cpu.inc **** 	register EE_FREG PRIMASK __ASM("primask");
 230:Generated_Source\PSoC5/ErikaOS_cortex_mx_ee_cpu.inc **** 	PRIMASK = f;
 231:Generated_Source\PSoC5/ErikaOS_cortex_mx_ee_cpu.inc **** #else	/* __KEIL__ */
 232:Generated_Source\PSoC5/ErikaOS_cortex_mx_ee_cpu.inc **** 	__ASM volatile("msr primask, %0" :: "r" (f));
 233:Generated_Source\PSoC5/ErikaOS_cortex_mx_ee_cpu.inc **** #endif	/* !__KEIL__ */
 234:Generated_Source\PSoC5/ErikaOS_cortex_mx_ee_cpu.inc **** #endif	/* !__CCS__ */
 235:Generated_Source\PSoC5/ErikaOS_cortex_mx_ee_cpu.inc **** #endif	/* !__IAR__ */
 236:Generated_Source\PSoC5/ErikaOS_cortex_mx_ee_cpu.inc **** }
 237:Generated_Source\PSoC5/ErikaOS_cortex_mx_ee_cpu.inc **** 
 238:Generated_Source\PSoC5/ErikaOS_cortex_mx_ee_cpu.inc **** /**
 239:Generated_Source\PSoC5/ErikaOS_cortex_mx_ee_cpu.inc ****  * Suspend interrupts
 240:Generated_Source\PSoC5/ErikaOS_cortex_mx_ee_cpu.inc ****  */
 241:Generated_Source\PSoC5/ErikaOS_cortex_mx_ee_cpu.inc **** __INLINE__ EE_FREG  EE_cortex_mx_suspendIRQ(void)
 242:Generated_Source\PSoC5/ErikaOS_cortex_mx_ee_cpu.inc **** {
 243:Generated_Source\PSoC5/ErikaOS_cortex_mx_ee_cpu.inc **** #ifndef __CCS__
 244:Generated_Source\PSoC5/ErikaOS_cortex_mx_ee_cpu.inc **** 	EE_FREG istat;
 245:Generated_Source\PSoC5/ErikaOS_cortex_mx_ee_cpu.inc **** #endif
 246:Generated_Source\PSoC5/ErikaOS_cortex_mx_ee_cpu.inc **** #ifdef __IAR__
 247:Generated_Source\PSoC5/ErikaOS_cortex_mx_ee_cpu.inc **** 	 istat = __get_PRIMASK();
 248:Generated_Source\PSoC5/ErikaOS_cortex_mx_ee_cpu.inc **** 	__ASM ("cpsid i");
 249:Generated_Source\PSoC5/ErikaOS_cortex_mx_ee_cpu.inc **** #else	/* __IAR__ */
 250:Generated_Source\PSoC5/ErikaOS_cortex_mx_ee_cpu.inc **** #ifdef __CCS__
 251:Generated_Source\PSoC5/ErikaOS_cortex_mx_ee_cpu.inc **** 	__ASM ("    mrs     r0, primask\n"
 252:Generated_Source\PSoC5/ErikaOS_cortex_mx_ee_cpu.inc **** 	       "    cpsid   i\n"
 253:Generated_Source\PSoC5/ErikaOS_cortex_mx_ee_cpu.inc **** 	       "    bx      lr\n");
 254:Generated_Source\PSoC5/ErikaOS_cortex_mx_ee_cpu.inc **** #else	/* __CCS__ */
 255:Generated_Source\PSoC5/ErikaOS_cortex_mx_ee_cpu.inc **** #ifdef __KEIL__
 256:Generated_Source\PSoC5/ErikaOS_cortex_mx_ee_cpu.inc **** 	register EE_FREG PRIMASK __ASM("primask");
 257:Generated_Source\PSoC5/ErikaOS_cortex_mx_ee_cpu.inc **** 	istat = PRIMASK;
 258:Generated_Source\PSoC5/ErikaOS_cortex_mx_ee_cpu.inc **** 	__disable_irq();
 259:Generated_Source\PSoC5/ErikaOS_cortex_mx_ee_cpu.inc **** #else	/* __KEIL__ */
 260:Generated_Source\PSoC5/ErikaOS_cortex_mx_ee_cpu.inc **** 	__ASM volatile ("mrs %0, primask" : "=r" (istat) );
  46              		.loc 2 260 0
  47              		.syntax unified
  48              	@ 260 "Generated_Source\PSoC5\ErikaOS_cortex_mx_ee_cpu.inc" 1
  49 0006 EFF31086 		mrs r6, primask
  50              	@ 0 "" 2
 261:Generated_Source\PSoC5/ErikaOS_cortex_mx_ee_cpu.inc **** 	__ASM volatile ("cpsid i");
  51              		.loc 2 261 0
  52              	@ 261 "Generated_Source\PSoC5\ErikaOS_cortex_mx_ee_cpu.inc" 1
  53 000a 72B6     		cpsid i
  54              	@ 0 "" 2
  55              		.thumb
  56              		.syntax unified
  57              	.LBE16:
  58              	.LBE15:
  59              	.LBE14:
ARM GAS  C:\Users\zakis\AppData\Local\Temp\cc0opto8.s 			page 8


  80:Generated_Source\PSoC5/ErikaOS_cortex_mx_ee_utils.c **** #endif
  81:Generated_Source\PSoC5/ErikaOS_cortex_mx_ee_utils.c ****   register EE_UREG flags;
  82:Generated_Source\PSoC5/ErikaOS_cortex_mx_ee_utils.c **** 
  83:Generated_Source\PSoC5/ErikaOS_cortex_mx_ee_utils.c ****   flags = EE_hal_suspendIRQ();
  84:Generated_Source\PSoC5/ErikaOS_cortex_mx_ee_utils.c **** 
  85:Generated_Source\PSoC5/ErikaOS_cortex_mx_ee_utils.c **** 	/* 
  86:Generated_Source\PSoC5/ErikaOS_cortex_mx_ee_utils.c **** 	 * Set the priority of PendSV to the minimum one
  87:Generated_Source\PSoC5/ErikaOS_cortex_mx_ee_utils.c **** 	 * PendSV is the software interrupt used for context switch
  88:Generated_Source\PSoC5/ErikaOS_cortex_mx_ee_utils.c **** 	 */
  89:Generated_Source\PSoC5/ErikaOS_cortex_mx_ee_utils.c **** 	EE_set_switch_context_pri();
  60              		.loc 1 89 0
  61 000c FFF7FEFF 		bl	EE_set_switch_context_pri
  62              	.LVL1:
  90:Generated_Source\PSoC5/ErikaOS_cortex_mx_ee_utils.c **** 
  91:Generated_Source\PSoC5/ErikaOS_cortex_mx_ee_utils.c **** #ifdef	__CORTEX_MX__
  92:Generated_Source\PSoC5/ErikaOS_cortex_mx_ee_utils.c **** 
  93:Generated_Source\PSoC5/ErikaOS_cortex_mx_ee_utils.c **** #ifdef	EE_CORTEX_MX_SYSTICK_ISR
  94:Generated_Source\PSoC5/ErikaOS_cortex_mx_ee_utils.c **** #ifdef	EE_CORTEX_MX_SYSTICK_ISR_PRI
  95:Generated_Source\PSoC5/ErikaOS_cortex_mx_ee_utils.c **** 	NVIC_SYS_PRI3_R |= (
  63              		.loc 1 95 0
  64 0010 194A     		ldr	r2, .L3+4
  65 0012 1368     		ldr	r3, [r2]
  66 0014 43F07F43 		orr	r3, r3, #-16777216
  67 0018 1360     		str	r3, [r2]
  96:Generated_Source\PSoC5/ErikaOS_cortex_mx_ee_utils.c **** 	  EE_CORTEX_MX_SYSTICK_ISR_PRI << NVIC_SYS_PRI3_TICK_S
  97:Generated_Source\PSoC5/ErikaOS_cortex_mx_ee_utils.c **** 	);
  98:Generated_Source\PSoC5/ErikaOS_cortex_mx_ee_utils.c **** #endif
  99:Generated_Source\PSoC5/ErikaOS_cortex_mx_ee_utils.c **** #endif
 100:Generated_Source\PSoC5/ErikaOS_cortex_mx_ee_utils.c **** 
 101:Generated_Source\PSoC5/ErikaOS_cortex_mx_ee_utils.c **** #define ISR_MIN_PRI 48
 102:Generated_Source\PSoC5/ErikaOS_cortex_mx_ee_utils.c **** 
 103:Generated_Source\PSoC5/ErikaOS_cortex_mx_ee_utils.c **** #if (Number_of_ISRs > 0) && defined isr_DMA_ADC_MEM__INTC_NUMBER
 104:Generated_Source\PSoC5/ErikaOS_cortex_mx_ee_utils.c ****     ramVectorTable[CY_INT_IRQ_BASE + (isr_DMA_ADC_MEM__INTC_NUMBER & CY_INT_NUMBER_MASK)] = isr_DMA
  68              		.loc 1 104 0
  69 001a 184B     		ldr	r3, .L3+8
  70 001c 2B64     		str	r3, [r5, #64]
 105:Generated_Source\PSoC5/ErikaOS_cortex_mx_ee_utils.c **** 	//PF v2.5.3
 106:Generated_Source\PSoC5/ErikaOS_cortex_mx_ee_utils.c ****     //NVIC_SET_PRI(isr_DMA_ADC_MEM__INTC_NUMBER, (ISR_MIN_PRI - 1));
 107:Generated_Source\PSoC5/ErikaOS_cortex_mx_ee_utils.c ****     CyIntSetPriority(isr_DMA_ADC_MEM__INTC_NUMBER, ISR_SCALE(1));
  71              		.loc 1 107 0
  72 001e 0121     		movs	r1, #1
  73 0020 0020     		movs	r0, #0
  74 0022 FFF7FEFF 		bl	CyIntSetPriority
  75              	.LVL2:
 108:Generated_Source\PSoC5/ErikaOS_cortex_mx_ee_utils.c ****     //\PF
 109:Generated_Source\PSoC5/ErikaOS_cortex_mx_ee_utils.c **** 	NVIC_INT_ENABLE(isr_DMA_ADC_MEM__INTC_NUMBER);
  76              		.loc 1 109 0
  77 0026 164C     		ldr	r4, .L3+12
  78 0028 2368     		ldr	r3, [r4]
  79 002a 43F00103 		orr	r3, r3, #1
  80 002e 2360     		str	r3, [r4]
 110:Generated_Source\PSoC5/ErikaOS_cortex_mx_ee_utils.c **** #elif Number_of_ISRs > 0
 111:Generated_Source\PSoC5/ErikaOS_cortex_mx_ee_utils.c **** #error  The Interrupt isr_DMA_ADC_MEM could not be found. Make sure the name in the OS config exact
 112:Generated_Source\PSoC5/ErikaOS_cortex_mx_ee_utils.c **** #endif	/* isr_DMA_ADC_MEM */
 113:Generated_Source\PSoC5/ErikaOS_cortex_mx_ee_utils.c **** 
 114:Generated_Source\PSoC5/ErikaOS_cortex_mx_ee_utils.c **** #if (Number_of_ISRs > 1) && defined isr_pushButton__INTC_NUMBER
 115:Generated_Source\PSoC5/ErikaOS_cortex_mx_ee_utils.c ****     ramVectorTable[CY_INT_IRQ_BASE + (isr_pushButton__INTC_NUMBER & CY_INT_NUMBER_MASK)] = isr_push
ARM GAS  C:\Users\zakis\AppData\Local\Temp\cc0opto8.s 			page 9


  81              		.loc 1 115 0
  82 0030 144B     		ldr	r3, .L3+16
  83 0032 2B65     		str	r3, [r5, #80]
 116:Generated_Source\PSoC5/ErikaOS_cortex_mx_ee_utils.c **** 	//PF v2.5.3
 117:Generated_Source\PSoC5/ErikaOS_cortex_mx_ee_utils.c ****     //NVIC_SET_PRI(isr_pushButton__INTC_NUMBER, (ISR_MIN_PRI - 1));
 118:Generated_Source\PSoC5/ErikaOS_cortex_mx_ee_utils.c ****     CyIntSetPriority(isr_pushButton__INTC_NUMBER, ISR_SCALE(1));
  84              		.loc 1 118 0
  85 0034 0121     		movs	r1, #1
  86 0036 0420     		movs	r0, #4
  87 0038 FFF7FEFF 		bl	CyIntSetPriority
  88              	.LVL3:
 119:Generated_Source\PSoC5/ErikaOS_cortex_mx_ee_utils.c ****     //\PF
 120:Generated_Source\PSoC5/ErikaOS_cortex_mx_ee_utils.c **** 	NVIC_INT_ENABLE(isr_pushButton__INTC_NUMBER);
  89              		.loc 1 120 0
  90 003c 2368     		ldr	r3, [r4]
  91 003e 43F01003 		orr	r3, r3, #16
  92 0042 2360     		str	r3, [r4]
 121:Generated_Source\PSoC5/ErikaOS_cortex_mx_ee_utils.c **** #elif Number_of_ISRs > 1
 122:Generated_Source\PSoC5/ErikaOS_cortex_mx_ee_utils.c **** #error  The Interrupt isr_pushButton could not be found. Make sure the name in the OS config exactl
 123:Generated_Source\PSoC5/ErikaOS_cortex_mx_ee_utils.c **** #endif	/* isr_pushButton */
 124:Generated_Source\PSoC5/ErikaOS_cortex_mx_ee_utils.c **** 
 125:Generated_Source\PSoC5/ErikaOS_cortex_mx_ee_utils.c **** #if (Number_of_ISRs > 2) && defined isr_UART_Rx__INTC_NUMBER
 126:Generated_Source\PSoC5/ErikaOS_cortex_mx_ee_utils.c ****     ramVectorTable[CY_INT_IRQ_BASE + (isr_UART_Rx__INTC_NUMBER & CY_INT_NUMBER_MASK)] = isr_UART_Rx
  93              		.loc 1 126 0
  94 0044 104B     		ldr	r3, .L3+20
  95 0046 EB64     		str	r3, [r5, #76]
 127:Generated_Source\PSoC5/ErikaOS_cortex_mx_ee_utils.c **** 	//PF v2.5.3
 128:Generated_Source\PSoC5/ErikaOS_cortex_mx_ee_utils.c ****     //NVIC_SET_PRI(isr_UART_Rx__INTC_NUMBER, (ISR_MIN_PRI - 1));
 129:Generated_Source\PSoC5/ErikaOS_cortex_mx_ee_utils.c ****     CyIntSetPriority(isr_UART_Rx__INTC_NUMBER, ISR_SCALE(1));
  96              		.loc 1 129 0
  97 0048 0121     		movs	r1, #1
  98 004a 0320     		movs	r0, #3
  99 004c FFF7FEFF 		bl	CyIntSetPriority
 100              	.LVL4:
 130:Generated_Source\PSoC5/ErikaOS_cortex_mx_ee_utils.c ****     //\PF
 131:Generated_Source\PSoC5/ErikaOS_cortex_mx_ee_utils.c **** 	NVIC_INT_ENABLE(isr_UART_Rx__INTC_NUMBER);
 101              		.loc 1 131 0
 102 0050 2368     		ldr	r3, [r4]
 103 0052 43F00803 		orr	r3, r3, #8
 104 0056 2360     		str	r3, [r4]
 132:Generated_Source\PSoC5/ErikaOS_cortex_mx_ee_utils.c **** #elif Number_of_ISRs > 2
 133:Generated_Source\PSoC5/ErikaOS_cortex_mx_ee_utils.c **** #error  The Interrupt isr_UART_Rx could not be found. Make sure the name in the OS config exactly m
 134:Generated_Source\PSoC5/ErikaOS_cortex_mx_ee_utils.c **** #endif	/* isr_UART_Rx */
 135:Generated_Source\PSoC5/ErikaOS_cortex_mx_ee_utils.c **** 
 136:Generated_Source\PSoC5/ErikaOS_cortex_mx_ee_utils.c **** #if (Number_of_ISRs > 3) && defined isr_DMA_FFT_UART__INTC_NUMBER
 137:Generated_Source\PSoC5/ErikaOS_cortex_mx_ee_utils.c ****     ramVectorTable[CY_INT_IRQ_BASE + (isr_DMA_FFT_UART__INTC_NUMBER & CY_INT_NUMBER_MASK)] = isr_DM
 105              		.loc 1 137 0
 106 0058 0C4B     		ldr	r3, .L3+24
 107 005a 6B64     		str	r3, [r5, #68]
 138:Generated_Source\PSoC5/ErikaOS_cortex_mx_ee_utils.c **** 	//PF v2.5.3
 139:Generated_Source\PSoC5/ErikaOS_cortex_mx_ee_utils.c ****     //NVIC_SET_PRI(isr_DMA_FFT_UART__INTC_NUMBER, (ISR_MIN_PRI - 1));
 140:Generated_Source\PSoC5/ErikaOS_cortex_mx_ee_utils.c ****     CyIntSetPriority(isr_DMA_FFT_UART__INTC_NUMBER, ISR_SCALE(1));
 108              		.loc 1 140 0
 109 005c 0121     		movs	r1, #1
 110 005e 0846     		mov	r0, r1
 111 0060 FFF7FEFF 		bl	CyIntSetPriority
 112              	.LVL5:
ARM GAS  C:\Users\zakis\AppData\Local\Temp\cc0opto8.s 			page 10


 141:Generated_Source\PSoC5/ErikaOS_cortex_mx_ee_utils.c ****     //\PF
 142:Generated_Source\PSoC5/ErikaOS_cortex_mx_ee_utils.c **** 	NVIC_INT_ENABLE(isr_DMA_FFT_UART__INTC_NUMBER);
 113              		.loc 1 142 0
 114 0064 2368     		ldr	r3, [r4]
 115 0066 43F00203 		orr	r3, r3, #2
 116 006a 2360     		str	r3, [r4]
 117              	.LBB17:
 118              	.LBB18:
 119              	.LBB19:
 232:Generated_Source\PSoC5/ErikaOS_cortex_mx_ee_cpu.inc **** #endif	/* !__KEIL__ */
 120              		.loc 2 232 0
 121              		.syntax unified
 122              	@ 232 "Generated_Source\PSoC5\ErikaOS_cortex_mx_ee_cpu.inc" 1
 123 006c 86F31088 		msr primask, r6
 124              	@ 0 "" 2
 125              		.thumb
 126              		.syntax unified
 127 0070 70BD     		pop	{r4, r5, r6, pc}
 128              	.LVL6:
 129              	.L4:
 130 0072 00BF     		.align	2
 131              	.L3:
 132 0074 08ED00E0 		.word	-536810232
 133 0078 20ED00E0 		.word	-536810208
 134 007c 00000000 		.word	isr_DMA_ADC_MEM
 135 0080 00E100E0 		.word	-536813312
 136 0084 00000000 		.word	isr_pushButton
 137 0088 00000000 		.word	isr_UART_Rx
 138 008c 00000000 		.word	isr_DMA_FFT_UART
 139              	.LBE19:
 140              	.LBE18:
 141              	.LBE17:
 142              		.cfi_endproc
 143              	.LFE76:
 144              		.size	EE_system_init, .-EE_system_init
 145              		.text
 146              	.Letext0:
 147              		.file 3 "Generated_Source\\PSoC5\\ErikaOS_common_ee_types.inc"
 148              		.file 4 "Generated_Source\\PSoC5\\ErikaOS_ee_oo_common.inc"
 149              		.file 5 "Generated_Source\\PSoC5\\cytypes.h"
 150              		.file 6 "Generated_Source\\PSoC5\\ErikaOS_common_ee_primitives.inc"
 151              		.file 7 "Generated_Source\\PSoC5\\ErikaOS_cortex_mx_ee_context.inc"
 152              		.file 8 "Generated_Source\\PSoC5\\ErikaOS_ee_oo_intfunc.inc"
 153              		.file 9 "Generated_Source\\PSoC5\\ErikaOS_ee_oo_internal.inc"
 154              		.file 10 "Generated_Source\\PSoC5\\cylib.h"
 155              		.section	.debug_info,"",%progbits
 156              	.Ldebug_info0:
 157 0000 57050000 		.4byte	0x557
 158 0004 0400     		.2byte	0x4
 159 0006 00000000 		.4byte	.Ldebug_abbrev0
 160 000a 04       		.byte	0x4
 161 000b 01       		.uleb128 0x1
 162 000c D1040000 		.4byte	.LASF72
 163 0010 0C       		.byte	0xc
 164 0011 D1030000 		.4byte	.LASF73
 165 0015 1F040000 		.4byte	.LASF74
 166 0019 00000000 		.4byte	.Ldebug_ranges0+0
ARM GAS  C:\Users\zakis\AppData\Local\Temp\cc0opto8.s 			page 11


 167 001d 00000000 		.4byte	0
 168 0021 00000000 		.4byte	.Ldebug_line0
 169 0025 02       		.uleb128 0x2
 170 0026 01       		.byte	0x1
 171 0027 06       		.byte	0x6
 172 0028 4E020000 		.4byte	.LASF0
 173 002c 02       		.uleb128 0x2
 174 002d 01       		.byte	0x1
 175 002e 08       		.byte	0x8
 176 002f 8B010000 		.4byte	.LASF1
 177 0033 02       		.uleb128 0x2
 178 0034 02       		.byte	0x2
 179 0035 05       		.byte	0x5
 180 0036 5B000000 		.4byte	.LASF2
 181 003a 02       		.uleb128 0x2
 182 003b 02       		.byte	0x2
 183 003c 07       		.byte	0x7
 184 003d 0D030000 		.4byte	.LASF3
 185 0041 02       		.uleb128 0x2
 186 0042 04       		.byte	0x4
 187 0043 05       		.byte	0x5
 188 0044 72010000 		.4byte	.LASF4
 189 0048 02       		.uleb128 0x2
 190 0049 04       		.byte	0x4
 191 004a 07       		.byte	0x7
 192 004b 86030000 		.4byte	.LASF5
 193 004f 02       		.uleb128 0x2
 194 0050 08       		.byte	0x8
 195 0051 05       		.byte	0x5
 196 0052 10010000 		.4byte	.LASF6
 197 0056 02       		.uleb128 0x2
 198 0057 08       		.byte	0x8
 199 0058 07       		.byte	0x7
 200 0059 60020000 		.4byte	.LASF7
 201 005d 03       		.uleb128 0x3
 202 005e 04       		.byte	0x4
 203 005f 05       		.byte	0x5
 204 0060 696E7400 		.ascii	"int\000"
 205 0064 02       		.uleb128 0x2
 206 0065 04       		.byte	0x4
 207 0066 07       		.byte	0x7
 208 0067 8E020000 		.4byte	.LASF8
 209 006b 02       		.uleb128 0x2
 210 006c 08       		.byte	0x8
 211 006d 04       		.byte	0x4
 212 006e F5010000 		.4byte	.LASF9
 213 0072 04       		.uleb128 0x4
 214 0073 6A010000 		.4byte	.LASF10
 215 0077 03       		.byte	0x3
 216 0078 3F       		.byte	0x3f
 217 0079 25000000 		.4byte	0x25
 218 007d 04       		.uleb128 0x4
 219 007e 43030000 		.4byte	.LASF11
 220 0082 03       		.byte	0x3
 221 0083 52       		.byte	0x52
 222 0084 3A000000 		.4byte	0x3a
 223 0088 04       		.uleb128 0x4
ARM GAS  C:\Users\zakis\AppData\Local\Temp\cc0opto8.s 			page 12


 224 0089 EC020000 		.4byte	.LASF12
 225 008d 03       		.byte	0x3
 226 008e 53       		.byte	0x53
 227 008f 5D000000 		.4byte	0x5d
 228 0093 04       		.uleb128 0x4
 229 0094 9A000000 		.4byte	.LASF13
 230 0098 03       		.byte	0x3
 231 0099 54       		.byte	0x54
 232 009a 64000000 		.4byte	0x64
 233 009e 05       		.uleb128 0x5
 234 009f 04       		.byte	0x4
 235 00a0 A4000000 		.4byte	0xa4
 236 00a4 06       		.uleb128 0x6
 237 00a5 04       		.uleb128 0x4
 238 00a6 13000000 		.4byte	.LASF14
 239 00aa 02       		.byte	0x2
 240 00ab 4D       		.byte	0x4d
 241 00ac 93000000 		.4byte	0x93
 242 00b0 04       		.uleb128 0x4
 243 00b1 7C000000 		.4byte	.LASF15
 244 00b5 02       		.byte	0x2
 245 00b6 4F       		.byte	0x4f
 246 00b7 93000000 		.4byte	0x93
 247 00bb 04       		.uleb128 0x4
 248 00bc 9F030000 		.4byte	.LASF16
 249 00c0 02       		.byte	0x2
 250 00c1 54       		.byte	0x54
 251 00c2 A5000000 		.4byte	0xa5
 252 00c6 04       		.uleb128 0x4
 253 00c7 B5000000 		.4byte	.LASF17
 254 00cb 02       		.byte	0x2
 255 00cc 78       		.byte	0x78
 256 00cd 88000000 		.4byte	0x88
 257 00d1 07       		.uleb128 0x7
 258 00d2 49010000 		.4byte	.LASF18
 259 00d6 04       		.byte	0x4
 260 00d7 1101     		.2byte	0x111
 261 00d9 7D000000 		.4byte	0x7d
 262 00dd 07       		.uleb128 0x7
 263 00de DD010000 		.4byte	.LASF19
 264 00e2 04       		.byte	0x4
 265 00e3 3502     		.2byte	0x235
 266 00e5 A5000000 		.4byte	0xa5
 267 00e9 07       		.uleb128 0x7
 268 00ea 1E010000 		.4byte	.LASF20
 269 00ee 04       		.byte	0x4
 270 00ef 5D02     		.2byte	0x25d
 271 00f1 A5000000 		.4byte	0xa5
 272 00f5 07       		.uleb128 0x7
 273 00f6 C5030000 		.4byte	.LASF21
 274 00fa 04       		.byte	0x4
 275 00fb 6C02     		.2byte	0x26c
 276 00fd A5000000 		.4byte	0xa5
 277 0101 08       		.uleb128 0x8
 278 0102 0C       		.byte	0xc
 279 0103 04       		.byte	0x4
 280 0104 7202     		.2byte	0x272
ARM GAS  C:\Users\zakis\AppData\Local\Temp\cc0opto8.s 			page 13


 281 0106 32010000 		.4byte	0x132
 282 010a 09       		.uleb128 0x9
 283 010b 7B010000 		.4byte	.LASF22
 284 010f 04       		.byte	0x4
 285 0110 7302     		.2byte	0x273
 286 0112 DD000000 		.4byte	0xdd
 287 0116 00       		.byte	0
 288 0117 09       		.uleb128 0x9
 289 0118 2A000000 		.4byte	.LASF23
 290 011c 04       		.byte	0x4
 291 011d 7402     		.2byte	0x274
 292 011f DD000000 		.4byte	0xdd
 293 0123 04       		.byte	0x4
 294 0124 09       		.uleb128 0x9
 295 0125 BC000000 		.4byte	.LASF24
 296 0129 04       		.byte	0x4
 297 012a 7502     		.2byte	0x275
 298 012c DD000000 		.4byte	0xdd
 299 0130 08       		.byte	0x8
 300 0131 00       		.byte	0
 301 0132 07       		.uleb128 0x7
 302 0133 C6010000 		.4byte	.LASF25
 303 0137 04       		.byte	0x4
 304 0138 7A02     		.2byte	0x27a
 305 013a 01010000 		.4byte	0x101
 306 013e 08       		.uleb128 0x8
 307 013f 08       		.byte	0x8
 308 0140 04       		.byte	0x4
 309 0141 7D02     		.2byte	0x27d
 310 0143 62010000 		.4byte	0x162
 311 0147 09       		.uleb128 0x9
 312 0148 C5000000 		.4byte	.LASF26
 313 014c 04       		.byte	0x4
 314 014d 7E02     		.2byte	0x27e
 315 014f DD000000 		.4byte	0xdd
 316 0153 00       		.byte	0
 317 0154 09       		.uleb128 0x9
 318 0155 92050000 		.4byte	.LASF27
 319 0159 04       		.byte	0x4
 320 015a 7F02     		.2byte	0x27f
 321 015c E9000000 		.4byte	0xe9
 322 0160 04       		.byte	0x4
 323 0161 00       		.byte	0
 324 0162 07       		.uleb128 0x7
 325 0163 77020000 		.4byte	.LASF28
 326 0167 04       		.byte	0x4
 327 0168 8002     		.2byte	0x280
 328 016a 3E010000 		.4byte	0x13e
 329 016e 0A       		.uleb128 0xa
 330 016f 01       		.byte	0x1
 331 0170 2C000000 		.4byte	0x2c
 332 0174 04       		.byte	0x4
 333 0175 8A02     		.2byte	0x28a
 334 0177 88010000 		.4byte	0x188
 335 017b 0B       		.uleb128 0xb
 336 017c B7030000 		.4byte	.LASF29
 337 0180 00       		.byte	0
ARM GAS  C:\Users\zakis\AppData\Local\Temp\cc0opto8.s 			page 14


 338 0181 0B       		.uleb128 0xb
 339 0182 59010000 		.4byte	.LASF30
 340 0186 01       		.byte	0x1
 341 0187 00       		.byte	0
 342 0188 07       		.uleb128 0x7
 343 0189 9B020000 		.4byte	.LASF31
 344 018d 04       		.byte	0x4
 345 018e 8D02     		.2byte	0x28d
 346 0190 6E010000 		.4byte	0x16e
 347 0194 07       		.uleb128 0x7
 348 0195 84000000 		.4byte	.LASF32
 349 0199 04       		.byte	0x4
 350 019a 9002     		.2byte	0x290
 351 019c 88010000 		.4byte	0x188
 352 01a0 08       		.uleb128 0x8
 353 01a1 0C       		.byte	0xc
 354 01a2 04       		.byte	0x4
 355 01a3 9402     		.2byte	0x294
 356 01a5 CF010000 		.4byte	0x1cf
 357 01a9 0C       		.uleb128 0xc
 358 01aa 6300     		.ascii	"c\000"
 359 01ac 04       		.byte	0x4
 360 01ad 9602     		.2byte	0x296
 361 01af F5000000 		.4byte	0xf5
 362 01b3 00       		.byte	0
 363 01b4 09       		.uleb128 0x9
 364 01b5 74000000 		.4byte	.LASF33
 365 01b9 04       		.byte	0x4
 366 01ba 9802     		.2byte	0x298
 367 01bc E9000000 		.4byte	0xe9
 368 01c0 04       		.byte	0x4
 369 01c1 09       		.uleb128 0x9
 370 01c2 00000000 		.4byte	.LASF34
 371 01c6 04       		.byte	0x4
 372 01c7 9A02     		.2byte	0x29a
 373 01c9 94010000 		.4byte	0x194
 374 01cd 08       		.byte	0x8
 375 01ce 00       		.byte	0
 376 01cf 07       		.uleb128 0x7
 377 01d0 20030000 		.4byte	.LASF35
 378 01d4 04       		.byte	0x4
 379 01d5 9B02     		.2byte	0x29b
 380 01d7 A0010000 		.4byte	0x1a0
 381 01db 08       		.uleb128 0x8
 382 01dc 10       		.byte	0x10
 383 01dd 04       		.byte	0x4
 384 01de 9F02     		.2byte	0x29f
 385 01e0 19020000 		.4byte	0x219
 386 01e4 09       		.uleb128 0x9
 387 01e5 C0030000 		.4byte	.LASF36
 388 01e9 04       		.byte	0x4
 389 01ea A002     		.2byte	0x2a0
 390 01ec BB000000 		.4byte	0xbb
 391 01f0 00       		.byte	0
 392 01f1 09       		.uleb128 0x9
 393 01f2 5F050000 		.4byte	.LASF37
 394 01f6 04       		.byte	0x4
ARM GAS  C:\Users\zakis\AppData\Local\Temp\cc0opto8.s 			page 15


 395 01f7 A102     		.2byte	0x2a1
 396 01f9 DD000000 		.4byte	0xdd
 397 01fd 04       		.byte	0x4
 398 01fe 09       		.uleb128 0x9
 399 01ff 6E000000 		.4byte	.LASF38
 400 0203 04       		.byte	0x4
 401 0204 A202     		.2byte	0x2a2
 402 0206 DD000000 		.4byte	0xdd
 403 020a 08       		.byte	0x8
 404 020b 09       		.uleb128 0x9
 405 020c 80050000 		.4byte	.LASF39
 406 0210 04       		.byte	0x4
 407 0211 A302     		.2byte	0x2a3
 408 0213 E9000000 		.4byte	0xe9
 409 0217 0C       		.byte	0xc
 410 0218 00       		.byte	0
 411 0219 07       		.uleb128 0x7
 412 021a 99010000 		.4byte	.LASF40
 413 021e 04       		.byte	0x4
 414 021f A402     		.2byte	0x2a4
 415 0221 DB010000 		.4byte	0x1db
 416 0225 02       		.uleb128 0x2
 417 0226 04       		.byte	0x4
 418 0227 07       		.byte	0x7
 419 0228 65000000 		.4byte	.LASF41
 420 022c 02       		.uleb128 0x2
 421 022d 01       		.byte	0x1
 422 022e 08       		.byte	0x8
 423 022f 3E030000 		.4byte	.LASF42
 424 0233 02       		.uleb128 0x2
 425 0234 04       		.byte	0x4
 426 0235 04       		.byte	0x4
 427 0236 0A010000 		.4byte	.LASF43
 428 023a 02       		.uleb128 0x2
 429 023b 08       		.byte	0x8
 430 023c 04       		.byte	0x4
 431 023d 98030000 		.4byte	.LASF44
 432 0241 07       		.uleb128 0x7
 433 0242 10020000 		.4byte	.LASF45
 434 0246 05       		.byte	0x5
 435 0247 A402     		.2byte	0x2a4
 436 0249 9E000000 		.4byte	0x9e
 437 024d 0D       		.uleb128 0xd
 438 024e 4D030000 		.4byte	.LASF46
 439 0252 02       		.byte	0x2
 440 0253 DC       		.byte	0xdc
 441 0254 03       		.byte	0x3
 442 0255 63020000 		.4byte	0x263
 443 0259 0E       		.uleb128 0xe
 444 025a 6600     		.ascii	"f\000"
 445 025c 02       		.byte	0x2
 446 025d DC       		.byte	0xdc
 447 025e B0000000 		.4byte	0xb0
 448 0262 00       		.byte	0
 449 0263 0F       		.uleb128 0xf
 450 0264 1D020000 		.4byte	.LASF75
 451 0268 02       		.byte	0x2
ARM GAS  C:\Users\zakis\AppData\Local\Temp\cc0opto8.s 			page 16


 452 0269 F1       		.byte	0xf1
 453 026a B0000000 		.4byte	0xb0
 454 026e 03       		.byte	0x3
 455 026f 7F020000 		.4byte	0x27f
 456 0273 10       		.uleb128 0x10
 457 0274 07030000 		.4byte	.LASF48
 458 0278 02       		.byte	0x2
 459 0279 F4       		.byte	0xf4
 460 027a B0000000 		.4byte	0xb0
 461 027e 00       		.byte	0
 462 027f 11       		.uleb128 0x11
 463 0280 B5040000 		.4byte	.LASF47
 464 0284 02       		.byte	0x2
 465 0285 A201     		.2byte	0x1a2
 466 0287 03       		.byte	0x3
 467 0288 97020000 		.4byte	0x297
 468 028c 12       		.uleb128 0x12
 469 028d 6600     		.ascii	"f\000"
 470 028f 02       		.byte	0x2
 471 0290 A201     		.2byte	0x1a2
 472 0292 B0000000 		.4byte	0xb0
 473 0296 00       		.byte	0
 474 0297 13       		.uleb128 0x13
 475 0298 F5020000 		.4byte	.LASF76
 476 029c 02       		.byte	0x2
 477 029d A801     		.2byte	0x1a8
 478 029f B0000000 		.4byte	0xb0
 479 02a3 03       		.byte	0x3
 480 02a4 14       		.uleb128 0x14
 481 02a5 1B000000 		.4byte	.LASF77
 482 02a9 01       		.byte	0x1
 483 02aa 4C       		.byte	0x4c
 484 02ab 00000000 		.4byte	.LFB76
 485 02af 90000000 		.4byte	.LFE76-.LFB76
 486 02b3 01       		.uleb128 0x1
 487 02b4 9C       		.byte	0x9c
 488 02b5 9D030000 		.4byte	0x39d
 489 02b9 15       		.uleb128 0x15
 490 02ba B7010000 		.4byte	.LASF78
 491 02be 01       		.byte	0x1
 492 02bf 4F       		.byte	0x4f
 493 02c0 9D030000 		.4byte	0x39d
 494 02c4 00000000 		.4byte	.LLST0
 495 02c8 10       		.uleb128 0x10
 496 02c9 5A020000 		.4byte	.LASF49
 497 02cd 01       		.byte	0x1
 498 02ce 51       		.byte	0x51
 499 02cf A5000000 		.4byte	0xa5
 500 02d3 16       		.uleb128 0x16
 501 02d4 97020000 		.4byte	0x297
 502 02d8 06000000 		.4byte	.LBB14
 503 02dc 06000000 		.4byte	.LBE14-.LBB14
 504 02e0 01       		.byte	0x1
 505 02e1 53       		.byte	0x53
 506 02e2 07030000 		.4byte	0x307
 507 02e6 17       		.uleb128 0x17
 508 02e7 63020000 		.4byte	0x263
ARM GAS  C:\Users\zakis\AppData\Local\Temp\cc0opto8.s 			page 17


 509 02eb 06000000 		.4byte	.LBB15
 510 02ef 06000000 		.4byte	.LBE15-.LBB15
 511 02f3 02       		.byte	0x2
 512 02f4 AA01     		.2byte	0x1aa
 513 02f6 18       		.uleb128 0x18
 514 02f7 06000000 		.4byte	.LBB16
 515 02fb 06000000 		.4byte	.LBE16-.LBB16
 516 02ff 19       		.uleb128 0x19
 517 0300 73020000 		.4byte	0x273
 518 0304 00       		.byte	0
 519 0305 00       		.byte	0
 520 0306 00       		.byte	0
 521 0307 1A       		.uleb128 0x1a
 522 0308 7F020000 		.4byte	0x27f
 523 030c 6C000000 		.4byte	.LBB17
 524 0310 24000000 		.4byte	.LBE17-.LBB17
 525 0314 01       		.byte	0x1
 526 0315 1901     		.2byte	0x119
 527 0317 37030000 		.4byte	0x337
 528 031b 1B       		.uleb128 0x1b
 529 031c 8C020000 		.4byte	0x28c
 530 0320 17       		.uleb128 0x17
 531 0321 4D020000 		.4byte	0x24d
 532 0325 6C000000 		.4byte	.LBB18
 533 0329 24000000 		.4byte	.LBE18-.LBB18
 534 032d 02       		.byte	0x2
 535 032e A401     		.2byte	0x1a4
 536 0330 1B       		.uleb128 0x1b
 537 0331 59020000 		.4byte	0x259
 538 0335 00       		.byte	0
 539 0336 00       		.byte	0
 540 0337 1C       		.uleb128 0x1c
 541 0338 10000000 		.4byte	.LVL1
 542 033c 44050000 		.4byte	0x544
 543 0340 1D       		.uleb128 0x1d
 544 0341 26000000 		.4byte	.LVL2
 545 0345 4F050000 		.4byte	0x54f
 546 0349 58030000 		.4byte	0x358
 547 034d 1E       		.uleb128 0x1e
 548 034e 01       		.uleb128 0x1
 549 034f 50       		.byte	0x50
 550 0350 01       		.uleb128 0x1
 551 0351 30       		.byte	0x30
 552 0352 1E       		.uleb128 0x1e
 553 0353 01       		.uleb128 0x1
 554 0354 51       		.byte	0x51
 555 0355 01       		.uleb128 0x1
 556 0356 31       		.byte	0x31
 557 0357 00       		.byte	0
 558 0358 1D       		.uleb128 0x1d
 559 0359 3C000000 		.4byte	.LVL3
 560 035d 4F050000 		.4byte	0x54f
 561 0361 70030000 		.4byte	0x370
 562 0365 1E       		.uleb128 0x1e
 563 0366 01       		.uleb128 0x1
 564 0367 50       		.byte	0x50
 565 0368 01       		.uleb128 0x1
ARM GAS  C:\Users\zakis\AppData\Local\Temp\cc0opto8.s 			page 18


 566 0369 34       		.byte	0x34
 567 036a 1E       		.uleb128 0x1e
 568 036b 01       		.uleb128 0x1
 569 036c 51       		.byte	0x51
 570 036d 01       		.uleb128 0x1
 571 036e 31       		.byte	0x31
 572 036f 00       		.byte	0
 573 0370 1D       		.uleb128 0x1d
 574 0371 50000000 		.4byte	.LVL4
 575 0375 4F050000 		.4byte	0x54f
 576 0379 88030000 		.4byte	0x388
 577 037d 1E       		.uleb128 0x1e
 578 037e 01       		.uleb128 0x1
 579 037f 50       		.byte	0x50
 580 0380 01       		.uleb128 0x1
 581 0381 33       		.byte	0x33
 582 0382 1E       		.uleb128 0x1e
 583 0383 01       		.uleb128 0x1
 584 0384 51       		.byte	0x51
 585 0385 01       		.uleb128 0x1
 586 0386 31       		.byte	0x31
 587 0387 00       		.byte	0
 588 0388 1F       		.uleb128 0x1f
 589 0389 64000000 		.4byte	.LVL5
 590 038d 4F050000 		.4byte	0x54f
 591 0391 1E       		.uleb128 0x1e
 592 0392 01       		.uleb128 0x1
 593 0393 50       		.byte	0x50
 594 0394 01       		.uleb128 0x1
 595 0395 31       		.byte	0x31
 596 0396 1E       		.uleb128 0x1e
 597 0397 01       		.uleb128 0x1
 598 0398 51       		.byte	0x51
 599 0399 01       		.uleb128 0x1
 600 039a 31       		.byte	0x31
 601 039b 00       		.byte	0
 602 039c 00       		.byte	0
 603 039d 05       		.uleb128 0x5
 604 039e 04       		.byte	0x4
 605 039f 41020000 		.4byte	0x241
 606 03a3 20       		.uleb128 0x20
 607 03a4 F5000000 		.4byte	.LASF50
 608 03a8 06       		.byte	0x6
 609 03a9 44       		.byte	0x44
 610 03aa A5000000 		.4byte	0xa5
 611 03ae 20       		.uleb128 0x20
 612 03af D3020000 		.4byte	.LASF51
 613 03b3 07       		.byte	0x7
 614 03b4 48       		.byte	0x48
 615 03b5 C6000000 		.4byte	0xc6
 616 03b9 21       		.uleb128 0x21
 617 03ba C9030000 		.4byte	0x3c9
 618 03be C9030000 		.4byte	0x3c9
 619 03c2 22       		.uleb128 0x22
 620 03c3 25020000 		.4byte	0x225
 621 03c7 02       		.byte	0x2
 622 03c8 00       		.byte	0
ARM GAS  C:\Users\zakis\AppData\Local\Temp\cc0opto8.s 			page 19


 623 03c9 23       		.uleb128 0x23
 624 03ca A5000000 		.4byte	0xa5
 625 03ce 20       		.uleb128 0x20
 626 03cf A4000000 		.4byte	.LASF52
 627 03d3 04       		.byte	0x4
 628 03d4 B2       		.byte	0xb2
 629 03d5 D9030000 		.4byte	0x3d9
 630 03d9 23       		.uleb128 0x23
 631 03da B9030000 		.4byte	0x3b9
 632 03de 20       		.uleb128 0x20
 633 03df A1040000 		.4byte	.LASF53
 634 03e3 04       		.byte	0x4
 635 03e4 B3       		.byte	0xb3
 636 03e5 E9030000 		.4byte	0x3e9
 637 03e9 23       		.uleb128 0x23
 638 03ea B9030000 		.4byte	0x3b9
 639 03ee 21       		.uleb128 0x21
 640 03ef A5000000 		.4byte	0xa5
 641 03f3 FE030000 		.4byte	0x3fe
 642 03f7 22       		.uleb128 0x22
 643 03f8 25020000 		.4byte	0x225
 644 03fc 02       		.byte	0x2
 645 03fd 00       		.byte	0
 646 03fe 20       		.uleb128 0x20
 647 03ff BA020000 		.4byte	.LASF54
 648 0403 04       		.byte	0x4
 649 0404 CA       		.byte	0xca
 650 0405 EE030000 		.4byte	0x3ee
 651 0409 21       		.uleb128 0x21
 652 040a C6000000 		.4byte	0xc6
 653 040e 19040000 		.4byte	0x419
 654 0412 22       		.uleb128 0x22
 655 0413 25020000 		.4byte	0x225
 656 0417 02       		.byte	0x2
 657 0418 00       		.byte	0
 658 0419 20       		.uleb128 0x20
 659 041a C6040000 		.4byte	.LASF55
 660 041e 04       		.byte	0x4
 661 041f D2       		.byte	0xd2
 662 0420 09040000 		.4byte	0x409
 663 0424 20       		.uleb128 0x20
 664 0425 C7020000 		.4byte	.LASF56
 665 0429 04       		.byte	0x4
 666 042a DA       		.byte	0xda
 667 042b EE030000 		.4byte	0x3ee
 668 042f 20       		.uleb128 0x20
 669 0430 AB030000 		.4byte	.LASF57
 670 0434 04       		.byte	0x4
 671 0435 E2       		.byte	0xe2
 672 0436 C6000000 		.4byte	0xc6
 673 043a 20       		.uleb128 0x20
 674 043b E6010000 		.4byte	.LASF58
 675 043f 04       		.byte	0x4
 676 0440 F7       		.byte	0xf7
 677 0441 A5000000 		.4byte	0xa5
 678 0445 24       		.uleb128 0x24
 679 0446 05000000 		.4byte	.LASF59
ARM GAS  C:\Users\zakis\AppData\Local\Temp\cc0opto8.s 			page 20


 680 044a 04       		.byte	0x4
 681 044b 3F01     		.2byte	0x13f
 682 044d D1000000 		.4byte	0xd1
 683 0451 24       		.uleb128 0x24
 684 0452 37000000 		.4byte	.LASF60
 685 0456 04       		.byte	0x4
 686 0457 5C01     		.2byte	0x15c
 687 0459 EE030000 		.4byte	0x3ee
 688 045d 21       		.uleb128 0x21
 689 045e BB000000 		.4byte	0xbb
 690 0462 6D040000 		.4byte	0x46d
 691 0466 22       		.uleb128 0x22
 692 0467 25020000 		.4byte	0x225
 693 046b 02       		.byte	0x2
 694 046c 00       		.byte	0
 695 046d 24       		.uleb128 0x24
 696 046e 4A000000 		.4byte	.LASF61
 697 0472 04       		.byte	0x4
 698 0473 6701     		.2byte	0x167
 699 0475 5D040000 		.4byte	0x45d
 700 0479 21       		.uleb128 0x21
 701 047a 89040000 		.4byte	0x489
 702 047e 89040000 		.4byte	0x489
 703 0482 22       		.uleb128 0x22
 704 0483 25020000 		.4byte	0x225
 705 0487 00       		.byte	0
 706 0488 00       		.byte	0
 707 0489 23       		.uleb128 0x23
 708 048a 32010000 		.4byte	0x132
 709 048e 24       		.uleb128 0x24
 710 048f 01020000 		.4byte	.LASF62
 711 0493 04       		.byte	0x4
 712 0494 CA02     		.2byte	0x2ca
 713 0496 9A040000 		.4byte	0x49a
 714 049a 23       		.uleb128 0x23
 715 049b 79040000 		.4byte	0x479
 716 049f 21       		.uleb128 0x21
 717 04a0 AF040000 		.4byte	0x4af
 718 04a4 AF040000 		.4byte	0x4af
 719 04a8 22       		.uleb128 0x22
 720 04a9 25020000 		.4byte	0x225
 721 04ad 00       		.byte	0
 722 04ae 00       		.byte	0
 723 04af 23       		.uleb128 0x23
 724 04b0 CF010000 		.4byte	0x1cf
 725 04b4 24       		.uleb128 0x24
 726 04b5 CB000000 		.4byte	.LASF63
 727 04b9 04       		.byte	0x4
 728 04ba DD02     		.2byte	0x2dd
 729 04bc C0040000 		.4byte	0x4c0
 730 04c0 23       		.uleb128 0x23
 731 04c1 9F040000 		.4byte	0x49f
 732 04c5 21       		.uleb128 0x21
 733 04c6 62010000 		.4byte	0x162
 734 04ca D5040000 		.4byte	0x4d5
 735 04ce 22       		.uleb128 0x22
 736 04cf 25020000 		.4byte	0x225
ARM GAS  C:\Users\zakis\AppData\Local\Temp\cc0opto8.s 			page 21


 737 04d3 00       		.byte	0
 738 04d4 00       		.byte	0
 739 04d5 24       		.uleb128 0x24
 740 04d6 64030000 		.4byte	.LASF64
 741 04da 04       		.byte	0x4
 742 04db FB02     		.2byte	0x2fb
 743 04dd C5040000 		.4byte	0x4c5
 744 04e1 21       		.uleb128 0x21
 745 04e2 19020000 		.4byte	0x219
 746 04e6 F1040000 		.4byte	0x4f1
 747 04ea 22       		.uleb128 0x22
 748 04eb 25020000 		.4byte	0x225
 749 04ef 00       		.byte	0
 750 04f0 00       		.byte	0
 751 04f1 24       		.uleb128 0x24
 752 04f2 35020000 		.4byte	.LASF65
 753 04f6 04       		.byte	0x4
 754 04f7 0403     		.2byte	0x304
 755 04f9 E1040000 		.4byte	0x4e1
 756 04fd 20       		.uleb128 0x20
 757 04fe 68050000 		.4byte	.LASF66
 758 0502 08       		.byte	0x8
 759 0503 40       		.byte	0x40
 760 0504 A5000000 		.4byte	0xa5
 761 0508 20       		.uleb128 0x20
 762 0509 30010000 		.4byte	.LASF67
 763 050d 08       		.byte	0x8
 764 050e 47       		.byte	0x47
 765 050f B0000000 		.4byte	0xb0
 766 0513 20       		.uleb128 0x20
 767 0514 73030000 		.4byte	.LASF68
 768 0518 08       		.byte	0x8
 769 0519 4A       		.byte	0x4a
 770 051a A5000000 		.4byte	0xa5
 771 051e 21       		.uleb128 0x21
 772 051f 2E050000 		.4byte	0x52e
 773 0523 2E050000 		.4byte	0x52e
 774 0527 22       		.uleb128 0x22
 775 0528 25020000 		.4byte	0x225
 776 052c FF       		.byte	0xff
 777 052d 00       		.byte	0
 778 052e 23       		.uleb128 0x23
 779 052f 72000000 		.4byte	0x72
 780 0533 24       		.uleb128 0x24
 781 0534 85050000 		.4byte	.LASF69
 782 0538 09       		.byte	0x9
 783 0539 AB01     		.2byte	0x1ab
 784 053b 3F050000 		.4byte	0x53f
 785 053f 23       		.uleb128 0x23
 786 0540 1E050000 		.4byte	0x51e
 787 0544 25       		.uleb128 0x25
 788 0545 05040000 		.4byte	.LASF70
 789 0549 05040000 		.4byte	.LASF70
 790 054d 01       		.byte	0x1
 791 054e 49       		.byte	0x49
 792 054f 25       		.uleb128 0x25
 793 0550 E4000000 		.4byte	.LASF71
ARM GAS  C:\Users\zakis\AppData\Local\Temp\cc0opto8.s 			page 22


 794 0554 E4000000 		.4byte	.LASF71
 795 0558 0A       		.byte	0xa
 796 0559 8B       		.byte	0x8b
 797 055a 00       		.byte	0
 798              		.section	.debug_abbrev,"",%progbits
 799              	.Ldebug_abbrev0:
 800 0000 01       		.uleb128 0x1
 801 0001 11       		.uleb128 0x11
 802 0002 01       		.byte	0x1
 803 0003 25       		.uleb128 0x25
 804 0004 0E       		.uleb128 0xe
 805 0005 13       		.uleb128 0x13
 806 0006 0B       		.uleb128 0xb
 807 0007 03       		.uleb128 0x3
 808 0008 0E       		.uleb128 0xe
 809 0009 1B       		.uleb128 0x1b
 810 000a 0E       		.uleb128 0xe
 811 000b 55       		.uleb128 0x55
 812 000c 17       		.uleb128 0x17
 813 000d 11       		.uleb128 0x11
 814 000e 01       		.uleb128 0x1
 815 000f 10       		.uleb128 0x10
 816 0010 17       		.uleb128 0x17
 817 0011 00       		.byte	0
 818 0012 00       		.byte	0
 819 0013 02       		.uleb128 0x2
 820 0014 24       		.uleb128 0x24
 821 0015 00       		.byte	0
 822 0016 0B       		.uleb128 0xb
 823 0017 0B       		.uleb128 0xb
 824 0018 3E       		.uleb128 0x3e
 825 0019 0B       		.uleb128 0xb
 826 001a 03       		.uleb128 0x3
 827 001b 0E       		.uleb128 0xe
 828 001c 00       		.byte	0
 829 001d 00       		.byte	0
 830 001e 03       		.uleb128 0x3
 831 001f 24       		.uleb128 0x24
 832 0020 00       		.byte	0
 833 0021 0B       		.uleb128 0xb
 834 0022 0B       		.uleb128 0xb
 835 0023 3E       		.uleb128 0x3e
 836 0024 0B       		.uleb128 0xb
 837 0025 03       		.uleb128 0x3
 838 0026 08       		.uleb128 0x8
 839 0027 00       		.byte	0
 840 0028 00       		.byte	0
 841 0029 04       		.uleb128 0x4
 842 002a 16       		.uleb128 0x16
 843 002b 00       		.byte	0
 844 002c 03       		.uleb128 0x3
 845 002d 0E       		.uleb128 0xe
 846 002e 3A       		.uleb128 0x3a
 847 002f 0B       		.uleb128 0xb
 848 0030 3B       		.uleb128 0x3b
 849 0031 0B       		.uleb128 0xb
 850 0032 49       		.uleb128 0x49
ARM GAS  C:\Users\zakis\AppData\Local\Temp\cc0opto8.s 			page 23


 851 0033 13       		.uleb128 0x13
 852 0034 00       		.byte	0
 853 0035 00       		.byte	0
 854 0036 05       		.uleb128 0x5
 855 0037 0F       		.uleb128 0xf
 856 0038 00       		.byte	0
 857 0039 0B       		.uleb128 0xb
 858 003a 0B       		.uleb128 0xb
 859 003b 49       		.uleb128 0x49
 860 003c 13       		.uleb128 0x13
 861 003d 00       		.byte	0
 862 003e 00       		.byte	0
 863 003f 06       		.uleb128 0x6
 864 0040 15       		.uleb128 0x15
 865 0041 00       		.byte	0
 866 0042 27       		.uleb128 0x27
 867 0043 19       		.uleb128 0x19
 868 0044 00       		.byte	0
 869 0045 00       		.byte	0
 870 0046 07       		.uleb128 0x7
 871 0047 16       		.uleb128 0x16
 872 0048 00       		.byte	0
 873 0049 03       		.uleb128 0x3
 874 004a 0E       		.uleb128 0xe
 875 004b 3A       		.uleb128 0x3a
 876 004c 0B       		.uleb128 0xb
 877 004d 3B       		.uleb128 0x3b
 878 004e 05       		.uleb128 0x5
 879 004f 49       		.uleb128 0x49
 880 0050 13       		.uleb128 0x13
 881 0051 00       		.byte	0
 882 0052 00       		.byte	0
 883 0053 08       		.uleb128 0x8
 884 0054 13       		.uleb128 0x13
 885 0055 01       		.byte	0x1
 886 0056 0B       		.uleb128 0xb
 887 0057 0B       		.uleb128 0xb
 888 0058 3A       		.uleb128 0x3a
 889 0059 0B       		.uleb128 0xb
 890 005a 3B       		.uleb128 0x3b
 891 005b 05       		.uleb128 0x5
 892 005c 01       		.uleb128 0x1
 893 005d 13       		.uleb128 0x13
 894 005e 00       		.byte	0
 895 005f 00       		.byte	0
 896 0060 09       		.uleb128 0x9
 897 0061 0D       		.uleb128 0xd
 898 0062 00       		.byte	0
 899 0063 03       		.uleb128 0x3
 900 0064 0E       		.uleb128 0xe
 901 0065 3A       		.uleb128 0x3a
 902 0066 0B       		.uleb128 0xb
 903 0067 3B       		.uleb128 0x3b
 904 0068 05       		.uleb128 0x5
 905 0069 49       		.uleb128 0x49
 906 006a 13       		.uleb128 0x13
 907 006b 38       		.uleb128 0x38
ARM GAS  C:\Users\zakis\AppData\Local\Temp\cc0opto8.s 			page 24


 908 006c 0B       		.uleb128 0xb
 909 006d 00       		.byte	0
 910 006e 00       		.byte	0
 911 006f 0A       		.uleb128 0xa
 912 0070 04       		.uleb128 0x4
 913 0071 01       		.byte	0x1
 914 0072 0B       		.uleb128 0xb
 915 0073 0B       		.uleb128 0xb
 916 0074 49       		.uleb128 0x49
 917 0075 13       		.uleb128 0x13
 918 0076 3A       		.uleb128 0x3a
 919 0077 0B       		.uleb128 0xb
 920 0078 3B       		.uleb128 0x3b
 921 0079 05       		.uleb128 0x5
 922 007a 01       		.uleb128 0x1
 923 007b 13       		.uleb128 0x13
 924 007c 00       		.byte	0
 925 007d 00       		.byte	0
 926 007e 0B       		.uleb128 0xb
 927 007f 28       		.uleb128 0x28
 928 0080 00       		.byte	0
 929 0081 03       		.uleb128 0x3
 930 0082 0E       		.uleb128 0xe
 931 0083 1C       		.uleb128 0x1c
 932 0084 0B       		.uleb128 0xb
 933 0085 00       		.byte	0
 934 0086 00       		.byte	0
 935 0087 0C       		.uleb128 0xc
 936 0088 0D       		.uleb128 0xd
 937 0089 00       		.byte	0
 938 008a 03       		.uleb128 0x3
 939 008b 08       		.uleb128 0x8
 940 008c 3A       		.uleb128 0x3a
 941 008d 0B       		.uleb128 0xb
 942 008e 3B       		.uleb128 0x3b
 943 008f 05       		.uleb128 0x5
 944 0090 49       		.uleb128 0x49
 945 0091 13       		.uleb128 0x13
 946 0092 38       		.uleb128 0x38
 947 0093 0B       		.uleb128 0xb
 948 0094 00       		.byte	0
 949 0095 00       		.byte	0
 950 0096 0D       		.uleb128 0xd
 951 0097 2E       		.uleb128 0x2e
 952 0098 01       		.byte	0x1
 953 0099 03       		.uleb128 0x3
 954 009a 0E       		.uleb128 0xe
 955 009b 3A       		.uleb128 0x3a
 956 009c 0B       		.uleb128 0xb
 957 009d 3B       		.uleb128 0x3b
 958 009e 0B       		.uleb128 0xb
 959 009f 27       		.uleb128 0x27
 960 00a0 19       		.uleb128 0x19
 961 00a1 20       		.uleb128 0x20
 962 00a2 0B       		.uleb128 0xb
 963 00a3 01       		.uleb128 0x1
 964 00a4 13       		.uleb128 0x13
ARM GAS  C:\Users\zakis\AppData\Local\Temp\cc0opto8.s 			page 25


 965 00a5 00       		.byte	0
 966 00a6 00       		.byte	0
 967 00a7 0E       		.uleb128 0xe
 968 00a8 05       		.uleb128 0x5
 969 00a9 00       		.byte	0
 970 00aa 03       		.uleb128 0x3
 971 00ab 08       		.uleb128 0x8
 972 00ac 3A       		.uleb128 0x3a
 973 00ad 0B       		.uleb128 0xb
 974 00ae 3B       		.uleb128 0x3b
 975 00af 0B       		.uleb128 0xb
 976 00b0 49       		.uleb128 0x49
 977 00b1 13       		.uleb128 0x13
 978 00b2 00       		.byte	0
 979 00b3 00       		.byte	0
 980 00b4 0F       		.uleb128 0xf
 981 00b5 2E       		.uleb128 0x2e
 982 00b6 01       		.byte	0x1
 983 00b7 03       		.uleb128 0x3
 984 00b8 0E       		.uleb128 0xe
 985 00b9 3A       		.uleb128 0x3a
 986 00ba 0B       		.uleb128 0xb
 987 00bb 3B       		.uleb128 0x3b
 988 00bc 0B       		.uleb128 0xb
 989 00bd 27       		.uleb128 0x27
 990 00be 19       		.uleb128 0x19
 991 00bf 49       		.uleb128 0x49
 992 00c0 13       		.uleb128 0x13
 993 00c1 20       		.uleb128 0x20
 994 00c2 0B       		.uleb128 0xb
 995 00c3 01       		.uleb128 0x1
 996 00c4 13       		.uleb128 0x13
 997 00c5 00       		.byte	0
 998 00c6 00       		.byte	0
 999 00c7 10       		.uleb128 0x10
 1000 00c8 34       		.uleb128 0x34
 1001 00c9 00       		.byte	0
 1002 00ca 03       		.uleb128 0x3
 1003 00cb 0E       		.uleb128 0xe
 1004 00cc 3A       		.uleb128 0x3a
 1005 00cd 0B       		.uleb128 0xb
 1006 00ce 3B       		.uleb128 0x3b
 1007 00cf 0B       		.uleb128 0xb
 1008 00d0 49       		.uleb128 0x49
 1009 00d1 13       		.uleb128 0x13
 1010 00d2 00       		.byte	0
 1011 00d3 00       		.byte	0
 1012 00d4 11       		.uleb128 0x11
 1013 00d5 2E       		.uleb128 0x2e
 1014 00d6 01       		.byte	0x1
 1015 00d7 03       		.uleb128 0x3
 1016 00d8 0E       		.uleb128 0xe
 1017 00d9 3A       		.uleb128 0x3a
 1018 00da 0B       		.uleb128 0xb
 1019 00db 3B       		.uleb128 0x3b
 1020 00dc 05       		.uleb128 0x5
 1021 00dd 27       		.uleb128 0x27
ARM GAS  C:\Users\zakis\AppData\Local\Temp\cc0opto8.s 			page 26


 1022 00de 19       		.uleb128 0x19
 1023 00df 20       		.uleb128 0x20
 1024 00e0 0B       		.uleb128 0xb
 1025 00e1 01       		.uleb128 0x1
 1026 00e2 13       		.uleb128 0x13
 1027 00e3 00       		.byte	0
 1028 00e4 00       		.byte	0
 1029 00e5 12       		.uleb128 0x12
 1030 00e6 05       		.uleb128 0x5
 1031 00e7 00       		.byte	0
 1032 00e8 03       		.uleb128 0x3
 1033 00e9 08       		.uleb128 0x8
 1034 00ea 3A       		.uleb128 0x3a
 1035 00eb 0B       		.uleb128 0xb
 1036 00ec 3B       		.uleb128 0x3b
 1037 00ed 05       		.uleb128 0x5
 1038 00ee 49       		.uleb128 0x49
 1039 00ef 13       		.uleb128 0x13
 1040 00f0 00       		.byte	0
 1041 00f1 00       		.byte	0
 1042 00f2 13       		.uleb128 0x13
 1043 00f3 2E       		.uleb128 0x2e
 1044 00f4 00       		.byte	0
 1045 00f5 03       		.uleb128 0x3
 1046 00f6 0E       		.uleb128 0xe
 1047 00f7 3A       		.uleb128 0x3a
 1048 00f8 0B       		.uleb128 0xb
 1049 00f9 3B       		.uleb128 0x3b
 1050 00fa 05       		.uleb128 0x5
 1051 00fb 27       		.uleb128 0x27
 1052 00fc 19       		.uleb128 0x19
 1053 00fd 49       		.uleb128 0x49
 1054 00fe 13       		.uleb128 0x13
 1055 00ff 20       		.uleb128 0x20
 1056 0100 0B       		.uleb128 0xb
 1057 0101 00       		.byte	0
 1058 0102 00       		.byte	0
 1059 0103 14       		.uleb128 0x14
 1060 0104 2E       		.uleb128 0x2e
 1061 0105 01       		.byte	0x1
 1062 0106 3F       		.uleb128 0x3f
 1063 0107 19       		.uleb128 0x19
 1064 0108 03       		.uleb128 0x3
 1065 0109 0E       		.uleb128 0xe
 1066 010a 3A       		.uleb128 0x3a
 1067 010b 0B       		.uleb128 0xb
 1068 010c 3B       		.uleb128 0x3b
 1069 010d 0B       		.uleb128 0xb
 1070 010e 27       		.uleb128 0x27
 1071 010f 19       		.uleb128 0x19
 1072 0110 11       		.uleb128 0x11
 1073 0111 01       		.uleb128 0x1
 1074 0112 12       		.uleb128 0x12
 1075 0113 06       		.uleb128 0x6
 1076 0114 40       		.uleb128 0x40
 1077 0115 18       		.uleb128 0x18
 1078 0116 9742     		.uleb128 0x2117
ARM GAS  C:\Users\zakis\AppData\Local\Temp\cc0opto8.s 			page 27


 1079 0118 19       		.uleb128 0x19
 1080 0119 01       		.uleb128 0x1
 1081 011a 13       		.uleb128 0x13
 1082 011b 00       		.byte	0
 1083 011c 00       		.byte	0
 1084 011d 15       		.uleb128 0x15
 1085 011e 34       		.uleb128 0x34
 1086 011f 00       		.byte	0
 1087 0120 03       		.uleb128 0x3
 1088 0121 0E       		.uleb128 0xe
 1089 0122 3A       		.uleb128 0x3a
 1090 0123 0B       		.uleb128 0xb
 1091 0124 3B       		.uleb128 0x3b
 1092 0125 0B       		.uleb128 0xb
 1093 0126 49       		.uleb128 0x49
 1094 0127 13       		.uleb128 0x13
 1095 0128 02       		.uleb128 0x2
 1096 0129 17       		.uleb128 0x17
 1097 012a 00       		.byte	0
 1098 012b 00       		.byte	0
 1099 012c 16       		.uleb128 0x16
 1100 012d 1D       		.uleb128 0x1d
 1101 012e 01       		.byte	0x1
 1102 012f 31       		.uleb128 0x31
 1103 0130 13       		.uleb128 0x13
 1104 0131 11       		.uleb128 0x11
 1105 0132 01       		.uleb128 0x1
 1106 0133 12       		.uleb128 0x12
 1107 0134 06       		.uleb128 0x6
 1108 0135 58       		.uleb128 0x58
 1109 0136 0B       		.uleb128 0xb
 1110 0137 59       		.uleb128 0x59
 1111 0138 0B       		.uleb128 0xb
 1112 0139 01       		.uleb128 0x1
 1113 013a 13       		.uleb128 0x13
 1114 013b 00       		.byte	0
 1115 013c 00       		.byte	0
 1116 013d 17       		.uleb128 0x17
 1117 013e 1D       		.uleb128 0x1d
 1118 013f 01       		.byte	0x1
 1119 0140 31       		.uleb128 0x31
 1120 0141 13       		.uleb128 0x13
 1121 0142 11       		.uleb128 0x11
 1122 0143 01       		.uleb128 0x1
 1123 0144 12       		.uleb128 0x12
 1124 0145 06       		.uleb128 0x6
 1125 0146 58       		.uleb128 0x58
 1126 0147 0B       		.uleb128 0xb
 1127 0148 59       		.uleb128 0x59
 1128 0149 05       		.uleb128 0x5
 1129 014a 00       		.byte	0
 1130 014b 00       		.byte	0
 1131 014c 18       		.uleb128 0x18
 1132 014d 0B       		.uleb128 0xb
 1133 014e 01       		.byte	0x1
 1134 014f 11       		.uleb128 0x11
 1135 0150 01       		.uleb128 0x1
ARM GAS  C:\Users\zakis\AppData\Local\Temp\cc0opto8.s 			page 28


 1136 0151 12       		.uleb128 0x12
 1137 0152 06       		.uleb128 0x6
 1138 0153 00       		.byte	0
 1139 0154 00       		.byte	0
 1140 0155 19       		.uleb128 0x19
 1141 0156 34       		.uleb128 0x34
 1142 0157 00       		.byte	0
 1143 0158 31       		.uleb128 0x31
 1144 0159 13       		.uleb128 0x13
 1145 015a 00       		.byte	0
 1146 015b 00       		.byte	0
 1147 015c 1A       		.uleb128 0x1a
 1148 015d 1D       		.uleb128 0x1d
 1149 015e 01       		.byte	0x1
 1150 015f 31       		.uleb128 0x31
 1151 0160 13       		.uleb128 0x13
 1152 0161 11       		.uleb128 0x11
 1153 0162 01       		.uleb128 0x1
 1154 0163 12       		.uleb128 0x12
 1155 0164 06       		.uleb128 0x6
 1156 0165 58       		.uleb128 0x58
 1157 0166 0B       		.uleb128 0xb
 1158 0167 59       		.uleb128 0x59
 1159 0168 05       		.uleb128 0x5
 1160 0169 01       		.uleb128 0x1
 1161 016a 13       		.uleb128 0x13
 1162 016b 00       		.byte	0
 1163 016c 00       		.byte	0
 1164 016d 1B       		.uleb128 0x1b
 1165 016e 05       		.uleb128 0x5
 1166 016f 00       		.byte	0
 1167 0170 31       		.uleb128 0x31
 1168 0171 13       		.uleb128 0x13
 1169 0172 00       		.byte	0
 1170 0173 00       		.byte	0
 1171 0174 1C       		.uleb128 0x1c
 1172 0175 898201   		.uleb128 0x4109
 1173 0178 00       		.byte	0
 1174 0179 11       		.uleb128 0x11
 1175 017a 01       		.uleb128 0x1
 1176 017b 31       		.uleb128 0x31
 1177 017c 13       		.uleb128 0x13
 1178 017d 00       		.byte	0
 1179 017e 00       		.byte	0
 1180 017f 1D       		.uleb128 0x1d
 1181 0180 898201   		.uleb128 0x4109
 1182 0183 01       		.byte	0x1
 1183 0184 11       		.uleb128 0x11
 1184 0185 01       		.uleb128 0x1
 1185 0186 31       		.uleb128 0x31
 1186 0187 13       		.uleb128 0x13
 1187 0188 01       		.uleb128 0x1
 1188 0189 13       		.uleb128 0x13
 1189 018a 00       		.byte	0
 1190 018b 00       		.byte	0
 1191 018c 1E       		.uleb128 0x1e
 1192 018d 8A8201   		.uleb128 0x410a
ARM GAS  C:\Users\zakis\AppData\Local\Temp\cc0opto8.s 			page 29


 1193 0190 00       		.byte	0
 1194 0191 02       		.uleb128 0x2
 1195 0192 18       		.uleb128 0x18
 1196 0193 9142     		.uleb128 0x2111
 1197 0195 18       		.uleb128 0x18
 1198 0196 00       		.byte	0
 1199 0197 00       		.byte	0
 1200 0198 1F       		.uleb128 0x1f
 1201 0199 898201   		.uleb128 0x4109
 1202 019c 01       		.byte	0x1
 1203 019d 11       		.uleb128 0x11
 1204 019e 01       		.uleb128 0x1
 1205 019f 31       		.uleb128 0x31
 1206 01a0 13       		.uleb128 0x13
 1207 01a1 00       		.byte	0
 1208 01a2 00       		.byte	0
 1209 01a3 20       		.uleb128 0x20
 1210 01a4 34       		.uleb128 0x34
 1211 01a5 00       		.byte	0
 1212 01a6 03       		.uleb128 0x3
 1213 01a7 0E       		.uleb128 0xe
 1214 01a8 3A       		.uleb128 0x3a
 1215 01a9 0B       		.uleb128 0xb
 1216 01aa 3B       		.uleb128 0x3b
 1217 01ab 0B       		.uleb128 0xb
 1218 01ac 49       		.uleb128 0x49
 1219 01ad 13       		.uleb128 0x13
 1220 01ae 3F       		.uleb128 0x3f
 1221 01af 19       		.uleb128 0x19
 1222 01b0 3C       		.uleb128 0x3c
 1223 01b1 19       		.uleb128 0x19
 1224 01b2 00       		.byte	0
 1225 01b3 00       		.byte	0
 1226 01b4 21       		.uleb128 0x21
 1227 01b5 01       		.uleb128 0x1
 1228 01b6 01       		.byte	0x1
 1229 01b7 49       		.uleb128 0x49
 1230 01b8 13       		.uleb128 0x13
 1231 01b9 01       		.uleb128 0x1
 1232 01ba 13       		.uleb128 0x13
 1233 01bb 00       		.byte	0
 1234 01bc 00       		.byte	0
 1235 01bd 22       		.uleb128 0x22
 1236 01be 21       		.uleb128 0x21
 1237 01bf 00       		.byte	0
 1238 01c0 49       		.uleb128 0x49
 1239 01c1 13       		.uleb128 0x13
 1240 01c2 2F       		.uleb128 0x2f
 1241 01c3 0B       		.uleb128 0xb
 1242 01c4 00       		.byte	0
 1243 01c5 00       		.byte	0
 1244 01c6 23       		.uleb128 0x23
 1245 01c7 26       		.uleb128 0x26
 1246 01c8 00       		.byte	0
 1247 01c9 49       		.uleb128 0x49
 1248 01ca 13       		.uleb128 0x13
 1249 01cb 00       		.byte	0
ARM GAS  C:\Users\zakis\AppData\Local\Temp\cc0opto8.s 			page 30


 1250 01cc 00       		.byte	0
 1251 01cd 24       		.uleb128 0x24
 1252 01ce 34       		.uleb128 0x34
 1253 01cf 00       		.byte	0
 1254 01d0 03       		.uleb128 0x3
 1255 01d1 0E       		.uleb128 0xe
 1256 01d2 3A       		.uleb128 0x3a
 1257 01d3 0B       		.uleb128 0xb
 1258 01d4 3B       		.uleb128 0x3b
 1259 01d5 05       		.uleb128 0x5
 1260 01d6 49       		.uleb128 0x49
 1261 01d7 13       		.uleb128 0x13
 1262 01d8 3F       		.uleb128 0x3f
 1263 01d9 19       		.uleb128 0x19
 1264 01da 3C       		.uleb128 0x3c
 1265 01db 19       		.uleb128 0x19
 1266 01dc 00       		.byte	0
 1267 01dd 00       		.byte	0
 1268 01de 25       		.uleb128 0x25
 1269 01df 2E       		.uleb128 0x2e
 1270 01e0 00       		.byte	0
 1271 01e1 3F       		.uleb128 0x3f
 1272 01e2 19       		.uleb128 0x19
 1273 01e3 3C       		.uleb128 0x3c
 1274 01e4 19       		.uleb128 0x19
 1275 01e5 6E       		.uleb128 0x6e
 1276 01e6 0E       		.uleb128 0xe
 1277 01e7 03       		.uleb128 0x3
 1278 01e8 0E       		.uleb128 0xe
 1279 01e9 3A       		.uleb128 0x3a
 1280 01ea 0B       		.uleb128 0xb
 1281 01eb 3B       		.uleb128 0x3b
 1282 01ec 0B       		.uleb128 0xb
 1283 01ed 00       		.byte	0
 1284 01ee 00       		.byte	0
 1285 01ef 00       		.byte	0
 1286              		.section	.debug_loc,"",%progbits
 1287              	.Ldebug_loc0:
 1288              	.LLST0:
 1289 0000 06000000 		.4byte	.LVL0
 1290 0004 72000000 		.4byte	.LVL6
 1291 0008 0100     		.2byte	0x1
 1292 000a 55       		.byte	0x55
 1293 000b 00000000 		.4byte	0
 1294 000f 00000000 		.4byte	0
 1295              		.section	.debug_aranges,"",%progbits
 1296 0000 1C000000 		.4byte	0x1c
 1297 0004 0200     		.2byte	0x2
 1298 0006 00000000 		.4byte	.Ldebug_info0
 1299 000a 04       		.byte	0x4
 1300 000b 00       		.byte	0
 1301 000c 0000     		.2byte	0
 1302 000e 0000     		.2byte	0
 1303 0010 00000000 		.4byte	.LFB76
 1304 0014 90000000 		.4byte	.LFE76-.LFB76
 1305 0018 00000000 		.4byte	0
 1306 001c 00000000 		.4byte	0
ARM GAS  C:\Users\zakis\AppData\Local\Temp\cc0opto8.s 			page 31


 1307              		.section	.debug_ranges,"",%progbits
 1308              	.Ldebug_ranges0:
 1309 0000 00000000 		.4byte	.LFB76
 1310 0004 90000000 		.4byte	.LFE76
 1311 0008 00000000 		.4byte	0
 1312 000c 00000000 		.4byte	0
 1313              		.section	.debug_line,"",%progbits
 1314              	.Ldebug_line0:
 1315 0000 79010000 		.section	.debug_str,"MS",%progbits,1
 1315      02004001 
 1315      00000201 
 1315      FB0E0D00 
 1315      01010101 
 1316              	.LASF34:
 1317 0000 6B696E64 		.ascii	"kind\000"
 1317      00
 1318              	.LASF59:
 1319 0005 45455F72 		.ascii	"EE_rq_bitmask\000"
 1319      715F6269 
 1319      746D6173 
 1319      6B00
 1320              	.LASF14:
 1321 0013 45455F55 		.ascii	"EE_UREG\000"
 1321      52454700 
 1322              	.LASF77:
 1323 001b 45455F73 		.ascii	"EE_system_init\000"
 1323      79737465 
 1323      6D5F696E 
 1323      697400
 1324              	.LASF23:
 1325 002a 7469636B 		.ascii	"ticksperbase\000"
 1325      73706572 
 1325      62617365 
 1325      00
 1326              	.LASF60:
 1327 0037 45455F74 		.ascii	"EE_th_event_active\000"
 1327      685F6576 
 1327      656E745F 
 1327      61637469 
 1327      766500
 1328              	.LASF61:
 1329 004a 45455F74 		.ascii	"EE_th_waswaiting\000"
 1329      685F7761 
 1329      73776169 
 1329      74696E67 
 1329      00
 1330              	.LASF2:
 1331 005b 73686F72 		.ascii	"short int\000"
 1331      7420696E 
 1331      7400
 1332              	.LASF41:
 1333 0065 73697A65 		.ascii	"sizetype\000"
 1333      74797065 
 1333      00
 1334              	.LASF38:
 1335 006e 64656C74 		.ascii	"delta\000"
 1335      6100
ARM GAS  C:\Users\zakis\AppData\Local\Temp\cc0opto8.s 			page 32


 1336              	.LASF33:
 1337 0074 73706563 		.ascii	"spec_id\000"
 1337      5F696400 
 1338              	.LASF15:
 1339 007c 45455F46 		.ascii	"EE_FREG\000"
 1339      52454700 
 1340              	.LASF32:
 1341 0084 436F756E 		.ascii	"CounterObjectKindType\000"
 1341      7465724F 
 1341      626A6563 
 1341      744B696E 
 1341      64547970 
 1342              	.LASF13:
 1343 009a 45455F55 		.ascii	"EE_UINT32\000"
 1343      494E5433 
 1343      3200
 1344              	.LASF52:
 1345 00a4 45455F74 		.ascii	"EE_th_ready_prio\000"
 1345      685F7265 
 1345      6164795F 
 1345      7072696F 
 1345      00
 1346              	.LASF17:
 1347 00b5 45455F54 		.ascii	"EE_TID\000"
 1347      494400
 1348              	.LASF24:
 1349 00bc 6D696E63 		.ascii	"mincycle\000"
 1349      79636C65 
 1349      00
 1350              	.LASF26:
 1351 00c5 76616C75 		.ascii	"value\000"
 1351      6500
 1352              	.LASF63:
 1353 00cb 45455F6F 		.ascii	"EE_oo_counter_object_ROM\000"
 1353      6F5F636F 
 1353      756E7465 
 1353      725F6F62 
 1353      6A656374 
 1354              	.LASF71:
 1355 00e4 4379496E 		.ascii	"CyIntSetPriority\000"
 1355      74536574 
 1355      5072696F 
 1355      72697479 
 1355      00
 1356              	.LASF50:
 1357 00f5 45455F49 		.ascii	"EE_IRQ_nesting_level\000"
 1357      52515F6E 
 1357      65737469 
 1357      6E675F6C 
 1357      6576656C 
 1358              	.LASF43:
 1359 010a 666C6F61 		.ascii	"float\000"
 1359      7400
 1360              	.LASF6:
 1361 0110 6C6F6E67 		.ascii	"long long int\000"
 1361      206C6F6E 
 1361      6720696E 
ARM GAS  C:\Users\zakis\AppData\Local\Temp\cc0opto8.s 			page 33


 1361      7400
 1362              	.LASF20:
 1363 011e 436F756E 		.ascii	"CounterObjectType\000"
 1363      7465724F 
 1363      626A6563 
 1363      74547970 
 1363      6500
 1364              	.LASF67:
 1365 0130 45455F6F 		.ascii	"EE_oo_IRQ_suspend_status\000"
 1365      6F5F4952 
 1365      515F7375 
 1365      7370656E 
 1365      645F7374 
 1366              	.LASF18:
 1367 0149 45455F54 		.ascii	"EE_TYPE_RQ_MASK\000"
 1367      5950455F 
 1367      52515F4D 
 1367      41534B00 
 1368              	.LASF30:
 1369 0159 45455F53 		.ascii	"EE_SCHEDULETABLE\000"
 1369      43484544 
 1369      554C4554 
 1369      41424C45 
 1369      00
 1370              	.LASF10:
 1371 016a 45455F49 		.ascii	"EE_INT8\000"
 1371      4E543800 
 1372              	.LASF4:
 1373 0172 6C6F6E67 		.ascii	"long int\000"
 1373      20696E74 
 1373      00
 1374              	.LASF22:
 1375 017b 6D617861 		.ascii	"maxallowedvalue\000"
 1375      6C6C6F77 
 1375      65647661 
 1375      6C756500 
 1376              	.LASF1:
 1377 018b 756E7369 		.ascii	"unsigned char\000"
 1377      676E6564 
 1377      20636861 
 1377      7200
 1378              	.LASF40:
 1379 0199 45455F6F 		.ascii	"EE_oo_counter_object_RAM_type\000"
 1379      6F5F636F 
 1379      756E7465 
 1379      725F6F62 
 1379      6A656374 
 1380              	.LASF78:
 1381 01b7 72616D56 		.ascii	"ramVectorTable\000"
 1381      6563746F 
 1381      72546162 
 1381      6C6500
 1382              	.LASF25:
 1383 01c6 45455F6F 		.ascii	"EE_oo_counter_ROM_type\000"
 1383      6F5F636F 
 1383      756E7465 
 1383      725F524F 
ARM GAS  C:\Users\zakis\AppData\Local\Temp\cc0opto8.s 			page 34


 1383      4D5F7479 
 1384              	.LASF19:
 1385 01dd 5469636B 		.ascii	"TickType\000"
 1385      54797065 
 1385      00
 1386              	.LASF58:
 1387 01e6 45455F73 		.ascii	"EE_sys_ceiling\000"
 1387      79735F63 
 1387      65696C69 
 1387      6E6700
 1388              	.LASF9:
 1389 01f5 6C6F6E67 		.ascii	"long double\000"
 1389      20646F75 
 1389      626C6500 
 1390              	.LASF62:
 1391 0201 45455F63 		.ascii	"EE_counter_ROM\000"
 1391      6F756E74 
 1391      65725F52 
 1391      4F4D00
 1392              	.LASF45:
 1393 0210 63796973 		.ascii	"cyisraddress\000"
 1393      72616464 
 1393      72657373 
 1393      00
 1394              	.LASF75:
 1395 021d 45455F63 		.ascii	"EE_cortex_mx_suspendIRQ\000"
 1395      6F727465 
 1395      785F6D78 
 1395      5F737573 
 1395      70656E64 
 1396              	.LASF65:
 1397 0235 45455F6F 		.ascii	"EE_oo_counter_object_RAM\000"
 1397      6F5F636F 
 1397      756E7465 
 1397      725F6F62 
 1397      6A656374 
 1398              	.LASF0:
 1399 024e 7369676E 		.ascii	"signed char\000"
 1399      65642063 
 1399      68617200 
 1400              	.LASF49:
 1401 025a 666C6167 		.ascii	"flags\000"
 1401      7300
 1402              	.LASF7:
 1403 0260 6C6F6E67 		.ascii	"long long unsigned int\000"
 1403      206C6F6E 
 1403      6720756E 
 1403      7369676E 
 1403      65642069 
 1404              	.LASF28:
 1405 0277 45455F6F 		.ascii	"EE_oo_counter_RAM_type\000"
 1405      6F5F636F 
 1405      756E7465 
 1405      725F5241 
 1405      4D5F7479 
 1406              	.LASF8:
 1407 028e 756E7369 		.ascii	"unsigned int\000"
ARM GAS  C:\Users\zakis\AppData\Local\Temp\cc0opto8.s 			page 35


 1407      676E6564 
 1407      20696E74 
 1407      00
 1408              	.LASF31:
 1409 029b 45455F6F 		.ascii	"EE_oo_counter_object_kind_type\000"
 1409      6F5F636F 
 1409      756E7465 
 1409      725F6F62 
 1409      6A656374 
 1410              	.LASF54:
 1411 02ba 45455F74 		.ascii	"EE_th_status\000"
 1411      685F7374 
 1411      61747573 
 1411      00
 1412              	.LASF56:
 1413 02c7 45455F74 		.ascii	"EE_th_rnact\000"
 1413      685F726E 
 1413      61637400 
 1414              	.LASF51:
 1415 02d3 45455F73 		.ascii	"EE_std_endcycle_next_tid\000"
 1415      74645F65 
 1415      6E646379 
 1415      636C655F 
 1415      6E657874 
 1416              	.LASF12:
 1417 02ec 45455F49 		.ascii	"EE_INT32\000"
 1417      4E543332 
 1417      00
 1418              	.LASF76:
 1419 02f5 45455F68 		.ascii	"EE_hal_suspendIRQ\000"
 1419      616C5F73 
 1419      75737065 
 1419      6E644952 
 1419      5100
 1420              	.LASF48:
 1421 0307 69737461 		.ascii	"istat\000"
 1421      7400
 1422              	.LASF3:
 1423 030d 73686F72 		.ascii	"short unsigned int\000"
 1423      7420756E 
 1423      7369676E 
 1423      65642069 
 1423      6E7400
 1424              	.LASF35:
 1425 0320 45455F6F 		.ascii	"EE_oo_counter_object_ROM_type\000"
 1425      6F5F636F 
 1425      756E7465 
 1425      725F6F62 
 1425      6A656374 
 1426              	.LASF42:
 1427 033e 63686172 		.ascii	"char\000"
 1427      00
 1428              	.LASF11:
 1429 0343 45455F55 		.ascii	"EE_UINT16\000"
 1429      494E5431 
 1429      3600
 1430              	.LASF46:
ARM GAS  C:\Users\zakis\AppData\Local\Temp\cc0opto8.s 			page 36


 1431 034d 45455F63 		.ascii	"EE_cortex_mx_resumeIRQ\000"
 1431      6F727465 
 1431      785F6D78 
 1431      5F726573 
 1431      756D6549 
 1432              	.LASF64:
 1433 0364 45455F63 		.ascii	"EE_counter_RAM\000"
 1433      6F756E74 
 1433      65725F52 
 1433      414D00
 1434              	.LASF68:
 1435 0373 45455F41 		.ascii	"EE_ApplicationMode\000"
 1435      70706C69 
 1435      63617469 
 1435      6F6E4D6F 
 1435      646500
 1436              	.LASF5:
 1437 0386 6C6F6E67 		.ascii	"long unsigned int\000"
 1437      20756E73 
 1437      69676E65 
 1437      6420696E 
 1437      7400
 1438              	.LASF44:
 1439 0398 646F7562 		.ascii	"double\000"
 1439      6C6500
 1440              	.LASF16:
 1441 039f 45455F54 		.ascii	"EE_TYPEBOOL\000"
 1441      59504542 
 1441      4F4F4C00 
 1442              	.LASF57:
 1443 03ab 45455F73 		.ascii	"EE_stkfirst\000"
 1443      746B6669 
 1443      72737400 
 1444              	.LASF29:
 1445 03b7 45455F41 		.ascii	"EE_ALARM\000"
 1445      4C41524D 
 1445      00
 1446              	.LASF36:
 1447 03c0 75736564 		.ascii	"used\000"
 1447      00
 1448              	.LASF21:
 1449 03c5 436F756E 		.ascii	"CounterType\000"
 1449      74657254 
 1449      79706500 
 1450              	.LASF73:
 1451 03d1 47656E65 		.ascii	"Generated_Source\\PSoC5\\ErikaOS_cortex_mx_ee_utils"
 1451      72617465 
 1451      645F536F 
 1451      75726365 
 1451      5C50536F 
 1452 0402 2E6300   		.ascii	".c\000"
 1453              	.LASF70:
 1454 0405 45455F73 		.ascii	"EE_set_switch_context_pri\000"
 1454      65745F73 
 1454      77697463 
 1454      685F636F 
 1454      6E746578 
ARM GAS  C:\Users\zakis\AppData\Local\Temp\cc0opto8.s 			page 37


 1455              	.LASF74:
 1456 041f 433A5C55 		.ascii	"C:\\Users\\zakis\\Documents\\SDHD_LAB\\MovementDete"
 1456      73657273 
 1456      5C7A616B 
 1456      69735C44 
 1456      6F63756D 
 1457 044d 63746F72 		.ascii	"ctor\\40_Implementation\\20_SW\\10_work\\MovementDe"
 1457      5C34305F 
 1457      496D706C 
 1457      656D656E 
 1457      74617469 
 1458 047c 74656374 		.ascii	"tector\\RADAR_Movement_Detector.cydsn\000"
 1458      6F725C52 
 1458      41444152 
 1458      5F4D6F76 
 1458      656D656E 
 1459              	.LASF53:
 1460 04a1 45455F74 		.ascii	"EE_th_dispatch_prio\000"
 1460      685F6469 
 1460      73706174 
 1460      63685F70 
 1460      72696F00 
 1461              	.LASF47:
 1462 04b5 45455F68 		.ascii	"EE_hal_resumeIRQ\000"
 1462      616C5F72 
 1462      6573756D 
 1462      65495251 
 1462      00
 1463              	.LASF55:
 1464 04c6 45455F74 		.ascii	"EE_th_next\000"
 1464      685F6E65 
 1464      787400
 1465              	.LASF72:
 1466 04d1 474E5520 		.ascii	"GNU C11 5.4.1 20160609 (release) [ARM/embedded-5-br"
 1466      43313120 
 1466      352E342E 
 1466      31203230 
 1466      31363036 
 1467 0504 616E6368 		.ascii	"anch revision 237715] -mcpu=cortex-m3 -mthumb -g -O"
 1467      20726576 
 1467      6973696F 
 1467      6E203233 
 1467      37373135 
 1468 0537 67202D66 		.ascii	"g -ffunction-sections -ffat-lto-objects\000"
 1468      66756E63 
 1468      74696F6E 
 1468      2D736563 
 1468      74696F6E 
 1469              	.LASF37:
 1470 055f 636E7463 		.ascii	"cntcycle\000"
 1470      79636C65 
 1470      00
 1471              	.LASF66:
 1472 0568 45455F6F 		.ascii	"EE_oo_IRQ_disable_count\000"
 1472      6F5F4952 
 1472      515F6469 
 1472      7361626C 
ARM GAS  C:\Users\zakis\AppData\Local\Temp\cc0opto8.s 			page 38


 1472      655F636F 
 1473              	.LASF39:
 1474 0580 6E657874 		.ascii	"next\000"
 1474      00
 1475              	.LASF69:
 1476 0585 45455F72 		.ascii	"EE_rq_lookup\000"
 1476      715F6C6F 
 1476      6F6B7570 
 1476      00
 1477              	.LASF27:
 1478 0592 66697273 		.ascii	"first\000"
 1478      7400
 1479              		.ident	"GCC: (GNU Tools for ARM Embedded Processors) 5.4.1 20160609 (release) [ARM/embedded-5-bran
