ARM GAS  C:\Users\zakis\AppData\Local\Temp\ccyki1rj.s 			page 1


   1              		.syntax unified
   2              		.cpu cortex-m3
   3              		.fpu softvfp
   4              		.eabi_attribute 20, 1
   5              		.eabi_attribute 21, 1
   6              		.eabi_attribute 23, 3
   7              		.eabi_attribute 24, 1
   8              		.eabi_attribute 25, 1
   9              		.eabi_attribute 26, 1
  10              		.eabi_attribute 30, 1
  11              		.eabi_attribute 34, 1
  12              		.eabi_attribute 18, 4
  13              		.thumb
  14              		.syntax unified
  15              		.file	"led.c"
  16              		.text
  17              	.Ltext0:
  18              		.cfi_sections	.debug_frame
  19              		.section	.text.LED_Set,"ax",%progbits
  20              		.align	2
  21              		.global	LED_Set
  22              		.thumb
  23              		.thumb_func
  24              		.type	LED_Set, %function
  25              	LED_Set:
  26              	.LFB111:
  27              		.file 1 "source\\bsw\\led.c"
   1:source\bsw/led.c **** /**
   2:source\bsw/led.c **** * \file <filename>
   3:source\bsw/led.c **** * \author <author-name>
   4:source\bsw/led.c **** * \date <date>
   5:source\bsw/led.c **** *
   6:source\bsw/led.c **** * \brief <Symbolic File name>
   7:source\bsw/led.c **** *
   8:source\bsw/led.c **** * \copyright Copyright ©2016
   9:source\bsw/led.c **** * Department of electrical engineering and information technology, Hochschule Darmstadt - Universit
  10:source\bsw/led.c **** * Permission to use, copy, modify, and distribute this software and its documentation for education
  11:source\bsw/led.c **** * (unless permitted by h_da) and official h_da projects, is hereby granted for enrolled students of
  12:source\bsw/led.c **** * this paragraph and the following paragraph appear in all copies, modifications, and distributions
  13:source\bsw/led.c **** * Contact Prof.Dr.-Ing. Peter Fromm, peter.fromm@h-da.de, Birkenweg 8 64295 Darmstadt - GERMANY for
  14:source\bsw/led.c **** *
  15:source\bsw/led.c **** * \warning This software is a PROTOTYPE version and is not designed or intended for use in producti
  16:source\bsw/led.c **** * The user represents and warrants that it will NOT use or redistribute the Software for such purpo
  17:source\bsw/led.c **** * This prototype is for research purposes only. This software is provided "AS IS," without a warran
  18:source\bsw/led.c **** */
  19:source\bsw/led.c **** 
  20:source\bsw/led.c **** /*****************************************************************************/
  21:source\bsw/led.c **** /* Include files                                                             */
  22:source\bsw/led.c **** /*****************************************************************************/
  23:source\bsw/led.c **** 
  24:source\bsw/led.c **** #include "project.h"
  25:source\bsw/led.c **** #include "led.h"
  26:source\bsw/led.c **** 
  27:source\bsw/led.c **** 
  28:source\bsw/led.c **** /*****************************************************************************/
  29:source\bsw/led.c **** /* Local pre-processor symbols/macros ('#define')                            */
  30:source\bsw/led.c **** /*****************************************************************************/
ARM GAS  C:\Users\zakis\AppData\Local\Temp\ccyki1rj.s 			page 2


  31:source\bsw/led.c **** 
  32:source\bsw/led.c **** /*****************************************************************************/
  33:source\bsw/led.c **** /* Global variable definitions (declared in header file with 'extern')       */
  34:source\bsw/led.c **** /*****************************************************************************/
  35:source\bsw/led.c **** 
  36:source\bsw/led.c **** /*****************************************************************************/
  37:source\bsw/led.c **** /* Local type definitions ('typedef')                                        */
  38:source\bsw/led.c **** /*****************************************************************************/
  39:source\bsw/led.c **** 
  40:source\bsw/led.c **** 
  41:source\bsw/led.c **** 
  42:source\bsw/led.c **** /*****************************************************************************/
  43:source\bsw/led.c **** /* Local variable definitions ('static')                                     */
  44:source\bsw/led.c **** /*****************************************************************************/
  45:source\bsw/led.c **** 
  46:source\bsw/led.c **** 
  47:source\bsw/led.c **** static LED_ONOFF_t LED__state[LED_ALL] = {LED_OFF, LED_OFF, LED_OFF}; /**< On/Off State of the LED,
  48:source\bsw/led.c **** 
  49:source\bsw/led.c **** 
  50:source\bsw/led.c **** /*****************************************************************************/
  51:source\bsw/led.c **** /* Local function prototypes ('static')                                      */
  52:source\bsw/led.c **** /*****************************************************************************/
  53:source\bsw/led.c **** 
  54:source\bsw/led.c **** /**
  55:source\bsw/led.c ****  * Inverts the parameter
  56:source\bsw/led.c ****  * @param LED_ONOFF_t ledOnOff - Value to be inverted
  57:source\bsw/led.c ****  * @return inverted parameter
  58:source\bsw/led.c ****  */
  59:source\bsw/led.c **** static inline LED_ONOFF_t LED__toggleValue(LED_ONOFF_t ledOnOff);
  60:source\bsw/led.c **** 
  61:source\bsw/led.c **** 
  62:source\bsw/led.c **** /*****************************************************************************/
  63:source\bsw/led.c **** /* Function implementation - global ('extern') and local ('static')          */
  64:source\bsw/led.c **** /*****************************************************************************/
  65:source\bsw/led.c **** 
  66:source\bsw/led.c **** /**
  67:source\bsw/led.c ****  * Initialises the LED's and turns them off
  68:source\bsw/led.c ****  * @return RC_SUCCESS if function was executed as exepected, other error code in case of error
  69:source\bsw/led.c ****  */
  70:source\bsw/led.c **** RC_t LED_Init()
  71:source\bsw/led.c **** {
  72:source\bsw/led.c ****     RC_t result = RC_SUCCESS;
  73:source\bsw/led.c ****     
  74:source\bsw/led.c ****     for (LED_id_t i = LED_RED; i < LED_ALL; i++)
  75:source\bsw/led.c ****     {
  76:source\bsw/led.c ****         LED__state[i] = OFF;
  77:source\bsw/led.c ****         
  78:source\bsw/led.c ****         RC_t clearResult;
  79:source\bsw/led.c ****         clearResult = LED_Set(i, LED_OFF);
  80:source\bsw/led.c ****         
  81:source\bsw/led.c ****         if (clearResult != RC_SUCCESS)
  82:source\bsw/led.c ****         {
  83:source\bsw/led.c ****             //memorize error
  84:source\bsw/led.c ****             result = clearResult;
  85:source\bsw/led.c ****         }
  86:source\bsw/led.c ****     }
  87:source\bsw/led.c **** 
ARM GAS  C:\Users\zakis\AppData\Local\Temp\ccyki1rj.s 			page 3


  88:source\bsw/led.c ****     
  89:source\bsw/led.c ****     return result;
  90:source\bsw/led.c **** }
  91:source\bsw/led.c **** 
  92:source\bsw/led.c **** /**
  93:source\bsw/led.c ****  * Sets the required LED
  94:source\bsw/led.c ****  * @param LED_t ledId - Identifier for the LED, ALL will change all LED's
  95:source\bsw/led.c ****  * @param LED_ONOFF_t ledOnOff - Trun the led on or off
  96:source\bsw/led.c ****  * @return RC_SUCCESS if function was executed as exepected, other error code in case of error
  97:source\bsw/led.c ****  */
  98:source\bsw/led.c **** RC_t LED_Set(LED_id_t ledId, LED_ONOFF_t ledOnOff)
  99:source\bsw/led.c **** {
  28              		.loc 1 99 0
  29              		.cfi_startproc
  30              		@ args = 0, pretend = 0, frame = 0
  31              		@ frame_needed = 0, uses_anonymous_args = 0
  32              	.LVL0:
  33 0000 38B5     		push	{r3, r4, r5, lr}
  34              		.cfi_def_cfa_offset 16
  35              		.cfi_offset 3, -16
  36              		.cfi_offset 4, -12
  37              		.cfi_offset 5, -8
  38              		.cfi_offset 14, -4
  39 0002 0446     		mov	r4, r0
  40 0004 0D46     		mov	r5, r1
 100:source\bsw/led.c ****     //set individual LED
 101:source\bsw/led.c ****     switch (ledId)
  41              		.loc 1 101 0
  42 0006 0328     		cmp	r0, #3
  43 0008 24D8     		bhi	.L9
  44 000a DFE800F0 		tbb	[pc, r0]
  45              	.L4:
  46 000e 02       		.byte	(.L3-.L4)/2
  47 000f 09       		.byte	(.L5-.L4)/2
  48 0010 10       		.byte	(.L6-.L4)/2
  49 0011 1E       		.byte	(.L10-.L4)/2
  50              		.p2align 1
  51              	.L3:
 102:source\bsw/led.c ****     {
 103:source\bsw/led.c ****         case LED_RED : 
 104:source\bsw/led.c ****             LED_red_Write(ledOnOff); 
  52              		.loc 1 104 0
  53 0012 0846     		mov	r0, r1
  54              	.LVL1:
  55 0014 FFF7FEFF 		bl	LED_red_Write
  56              	.LVL2:
 105:source\bsw/led.c ****             LED__state[ledId] = ledOnOff; 
  57              		.loc 1 105 0
  58 0018 104B     		ldr	r3, .L12
  59 001a 1D55     		strb	r5, [r3, r4]
 106:source\bsw/led.c ****             break;
 107:source\bsw/led.c ****         
 108:source\bsw/led.c ****         case LED_ORANGE : 
 109:source\bsw/led.c ****             LED_orange_Write(ledOnOff); 
 110:source\bsw/led.c ****             LED__state[ledId] = ledOnOff;
 111:source\bsw/led.c ****             break;
 112:source\bsw/led.c ****             
ARM GAS  C:\Users\zakis\AppData\Local\Temp\ccyki1rj.s 			page 4


 113:source\bsw/led.c ****         case LED_GREEN : 
 114:source\bsw/led.c ****             LED_green_Write(ledOnOff); 
 115:source\bsw/led.c ****             LED__state[ledId] = ledOnOff;
 116:source\bsw/led.c ****             break;
 117:source\bsw/led.c ****            
 118:source\bsw/led.c ****         case LED_ALL : 
 119:source\bsw/led.c ****             for (LED_id_t i = LED_RED; i < LED_ALL; i++)
 120:source\bsw/led.c ****             {
 121:source\bsw/led.c ****                 LED_Set(i, ledOnOff);
 122:source\bsw/led.c ****             }
 123:source\bsw/led.c ****             break;
 124:source\bsw/led.c ****         default: return RC_ERROR_BAD_PARAM;
 125:source\bsw/led.c ****     }
 126:source\bsw/led.c ****     
 127:source\bsw/led.c ****     return RC_SUCCESS;
  60              		.loc 1 127 0
  61 001c 0020     		movs	r0, #0
 106:source\bsw/led.c ****             break;
  62              		.loc 1 106 0
  63 001e 38BD     		pop	{r3, r4, r5, pc}
  64              	.LVL3:
  65              	.L5:
 109:source\bsw/led.c ****             LED__state[ledId] = ledOnOff;
  66              		.loc 1 109 0
  67 0020 0846     		mov	r0, r1
  68              	.LVL4:
  69 0022 FFF7FEFF 		bl	LED_orange_Write
  70              	.LVL5:
 110:source\bsw/led.c ****             break;
  71              		.loc 1 110 0
  72 0026 0D4B     		ldr	r3, .L12
  73 0028 1D55     		strb	r5, [r3, r4]
  74              		.loc 1 127 0
  75 002a 0020     		movs	r0, #0
 111:source\bsw/led.c ****             
  76              		.loc 1 111 0
  77 002c 38BD     		pop	{r3, r4, r5, pc}
  78              	.LVL6:
  79              	.L6:
 114:source\bsw/led.c ****             LED__state[ledId] = ledOnOff;
  80              		.loc 1 114 0
  81 002e 0846     		mov	r0, r1
  82              	.LVL7:
  83 0030 FFF7FEFF 		bl	LED_green_Write
  84              	.LVL8:
 115:source\bsw/led.c ****             break;
  85              		.loc 1 115 0
  86 0034 094B     		ldr	r3, .L12
  87 0036 1D55     		strb	r5, [r3, r4]
  88              		.loc 1 127 0
  89 0038 0020     		movs	r0, #0
 116:source\bsw/led.c ****            
  90              		.loc 1 116 0
  91 003a 38BD     		pop	{r3, r4, r5, pc}
  92              	.LVL9:
  93              	.L8:
  94              	.LBB9:
ARM GAS  C:\Users\zakis\AppData\Local\Temp\ccyki1rj.s 			page 5


 121:source\bsw/led.c ****             }
  95              		.loc 1 121 0 discriminator 3
  96 003c 2946     		mov	r1, r5
  97 003e 2046     		mov	r0, r4
  98 0040 FFF7FEFF 		bl	LED_Set
  99              	.LVL10:
 119:source\bsw/led.c ****             {
 100              		.loc 1 119 0 discriminator 3
 101 0044 0134     		adds	r4, r4, #1
 102              	.LVL11:
 103 0046 E4B2     		uxtb	r4, r4
 104              	.LVL12:
 105 0048 00E0     		b	.L7
 106              	.LVL13:
 107              	.L10:
 108              	.LBE9:
 101:source\bsw/led.c ****     {
 109              		.loc 1 101 0
 110 004a 0024     		movs	r4, #0
 111              	.LVL14:
 112              	.L7:
 113              	.LBB10:
 119:source\bsw/led.c ****             {
 114              		.loc 1 119 0 discriminator 1
 115 004c 022C     		cmp	r4, #2
 116 004e F5D9     		bls	.L8
 117              	.LBE10:
 118              		.loc 1 127 0
 119 0050 0020     		movs	r0, #0
 120              	.LBB11:
 121 0052 38BD     		pop	{r3, r4, r5, pc}
 122              	.LVL15:
 123              	.L9:
 124              	.LBE11:
 124:source\bsw/led.c ****     }
 125              		.loc 1 124 0
 126 0054 6FF01300 		mvn	r0, #19
 127              	.LVL16:
 128:source\bsw/led.c **** }
 128              		.loc 1 128 0
 129 0058 38BD     		pop	{r3, r4, r5, pc}
 130              	.L13:
 131 005a 00BF     		.align	2
 132              	.L12:
 133 005c 00000000 		.word	.LANCHOR0
 134              		.cfi_endproc
 135              	.LFE111:
 136              		.size	LED_Set, .-LED_Set
 137              		.section	.text.LED_Init,"ax",%progbits
 138              		.align	2
 139              		.global	LED_Init
 140              		.thumb
 141              		.thumb_func
 142              		.type	LED_Init, %function
 143              	LED_Init:
 144              	.LFB110:
  71:source\bsw/led.c ****     RC_t result = RC_SUCCESS;
ARM GAS  C:\Users\zakis\AppData\Local\Temp\ccyki1rj.s 			page 6


 145              		.loc 1 71 0
 146              		.cfi_startproc
 147              		@ args = 0, pretend = 0, frame = 0
 148              		@ frame_needed = 0, uses_anonymous_args = 0
 149 0000 38B5     		push	{r3, r4, r5, lr}
 150              		.cfi_def_cfa_offset 16
 151              		.cfi_offset 3, -16
 152              		.cfi_offset 4, -12
 153              		.cfi_offset 5, -8
 154              		.cfi_offset 14, -4
 155              	.LVL17:
 156              	.LBB12:
  74:source\bsw/led.c ****     {
 157              		.loc 1 74 0
 158 0002 0024     		movs	r4, #0
 159              	.LBE12:
  72:source\bsw/led.c ****     
 160              		.loc 1 72 0
 161 0004 2546     		mov	r5, r4
 162              	.LBB14:
  74:source\bsw/led.c ****     {
 163              		.loc 1 74 0
 164 0006 09E0     		b	.L15
 165              	.LVL18:
 166              	.L17:
 167              	.LBB13:
  76:source\bsw/led.c ****         
 168              		.loc 1 76 0
 169 0008 0021     		movs	r1, #0
 170 000a 064B     		ldr	r3, .L20
 171 000c 1955     		strb	r1, [r3, r4]
  79:source\bsw/led.c ****         
 172              		.loc 1 79 0
 173 000e 2046     		mov	r0, r4
 174 0010 FFF7FEFF 		bl	LED_Set
 175              	.LVL19:
  81:source\bsw/led.c ****         {
 176              		.loc 1 81 0
 177 0014 00B1     		cbz	r0, .L16
  84:source\bsw/led.c ****         }
 178              		.loc 1 84 0
 179 0016 0546     		mov	r5, r0
 180              	.LVL20:
 181              	.L16:
 182              	.LBE13:
  74:source\bsw/led.c ****     {
 183              		.loc 1 74 0 discriminator 2
 184 0018 0134     		adds	r4, r4, #1
 185              	.LVL21:
 186 001a E4B2     		uxtb	r4, r4
 187              	.LVL22:
 188              	.L15:
  74:source\bsw/led.c ****     {
 189              		.loc 1 74 0 is_stmt 0 discriminator 1
 190 001c 022C     		cmp	r4, #2
 191 001e F3D9     		bls	.L17
 192              	.LBE14:
ARM GAS  C:\Users\zakis\AppData\Local\Temp\ccyki1rj.s 			page 7


  90:source\bsw/led.c **** 
 193              		.loc 1 90 0 is_stmt 1
 194 0020 2846     		mov	r0, r5
 195 0022 38BD     		pop	{r3, r4, r5, pc}
 196              	.LVL23:
 197              	.L21:
 198              		.align	2
 199              	.L20:
 200 0024 00000000 		.word	.LANCHOR0
 201              		.cfi_endproc
 202              	.LFE110:
 203              		.size	LED_Init, .-LED_Init
 204              		.section	.text.LED_Toggle,"ax",%progbits
 205              		.align	2
 206              		.global	LED_Toggle
 207              		.thumb
 208              		.thumb_func
 209              		.type	LED_Toggle, %function
 210              	LED_Toggle:
 211              	.LFB112:
 129:source\bsw/led.c **** 
 130:source\bsw/led.c **** 
 131:source\bsw/led.c **** 
 132:source\bsw/led.c **** /**
 133:source\bsw/led.c ****  * Toggle the required LED
 134:source\bsw/led.c ****  * @param LED_t ledId - Identifier for the LED, ALL will change all LED's
 135:source\bsw/led.c ****  * @return RC_SUCCESS if function was executed as exepected, other error code in case of error
 136:source\bsw/led.c ****  */
 137:source\bsw/led.c **** RC_t LED_Toggle(LED_id_t ledId)
 138:source\bsw/led.c **** {
 212              		.loc 1 138 0
 213              		.cfi_startproc
 214              		@ args = 0, pretend = 0, frame = 0
 215              		@ frame_needed = 0, uses_anonymous_args = 0
 216              	.LVL24:
 217 0000 10B5     		push	{r4, lr}
 218              		.cfi_def_cfa_offset 8
 219              		.cfi_offset 4, -8
 220              		.cfi_offset 14, -4
 139:source\bsw/led.c ****     //set individual LED
 140:source\bsw/led.c ****     switch (ledId)
 221              		.loc 1 140 0
 222 0002 0328     		cmp	r0, #3
 223 0004 38D8     		bhi	.L33
 224 0006 DFE800F0 		tbb	[pc, r0]
 225              	.L25:
 226 000a 02       		.byte	(.L24-.L25)/2
 227 000b 10       		.byte	(.L26-.L25)/2
 228 000c 1E       		.byte	(.L27-.L25)/2
 229 000d 32       		.byte	(.L34-.L25)/2
 230              		.p2align 1
 231              	.L24:
 141:source\bsw/led.c ****     {
 142:source\bsw/led.c ****         case LED_RED : 
 143:source\bsw/led.c ****             LED__state[ledId] = LED__toggleValue(LED__state[ledId]); 
 232              		.loc 1 143 0
 233 000e 1C4B     		ldr	r3, .L39
ARM GAS  C:\Users\zakis\AppData\Local\Temp\ccyki1rj.s 			page 8


 234 0010 1B5C     		ldrb	r3, [r3, r0]	@ zero_extendqisi2
 235              	.LVL25:
 236              	.LBB15:
 237              	.LBB16:
 144:source\bsw/led.c ****             LED_red_Write(LED__state[ledId]);
 145:source\bsw/led.c ****             break;
 146:source\bsw/led.c ****         
 147:source\bsw/led.c ****         case LED_ORANGE : 
 148:source\bsw/led.c ****             LED__state[ledId] = LED__toggleValue(LED__state[ledId]); 
 149:source\bsw/led.c ****             LED_orange_Write(LED__state[ledId]);
 150:source\bsw/led.c ****             break;
 151:source\bsw/led.c ****             
 152:source\bsw/led.c ****         case LED_GREEN : 
 153:source\bsw/led.c ****             LED__state[ledId] = LED__toggleValue(LED__state[ledId]); 
 154:source\bsw/led.c ****             LED_green_Write(LED__state[ledId]);
 155:source\bsw/led.c ****             break;
 156:source\bsw/led.c ****            
 157:source\bsw/led.c ****         case LED_ALL : 
 158:source\bsw/led.c ****             for (LED_id_t i = LED_RED; i < LED_ALL; i++)
 159:source\bsw/led.c ****             {
 160:source\bsw/led.c ****                 LED_Toggle(i);
 161:source\bsw/led.c ****             }
 162:source\bsw/led.c ****             break;
 163:source\bsw/led.c ****         default: return RC_ERROR_BAD_PARAM;
 164:source\bsw/led.c ****     }
 165:source\bsw/led.c ****     
 166:source\bsw/led.c ****     return RC_SUCCESS;
 167:source\bsw/led.c **** }
 168:source\bsw/led.c **** 
 169:source\bsw/led.c **** 
 170:source\bsw/led.c **** /**
 171:source\bsw/led.c ****  * Inverts the parameter
 172:source\bsw/led.c ****  * @param LED_ONOFF_t ledOnOff - Value to be inverted
 173:source\bsw/led.c ****  * @return inverted parameter
 174:source\bsw/led.c ****  */
 175:source\bsw/led.c **** static inline LED_ONOFF_t LED__toggleValue(LED_ONOFF_t ledOnOff)
 176:source\bsw/led.c **** {
 177:source\bsw/led.c ****     if (ledOnOff == LED_ON) 
 238              		.loc 1 177 0
 239 0012 012B     		cmp	r3, #1
 240 0014 01D1     		bne	.L35
 178:source\bsw/led.c ****     {
 179:source\bsw/led.c ****         return LED_OFF;
 241              		.loc 1 179 0
 242 0016 0023     		movs	r3, #0
 243              	.LVL26:
 244 0018 00E0     		b	.L29
 245              	.LVL27:
 246              	.L35:
 180:source\bsw/led.c ****     }
 181:source\bsw/led.c ****     else
 182:source\bsw/led.c ****     {
 183:source\bsw/led.c ****         return LED_ON;
 247              		.loc 1 183 0
 248 001a 0123     		movs	r3, #1
 249              	.LVL28:
 250              	.L29:
ARM GAS  C:\Users\zakis\AppData\Local\Temp\ccyki1rj.s 			page 9


 251              	.LBE16:
 252              	.LBE15:
 143:source\bsw/led.c ****             LED_red_Write(LED__state[ledId]);
 253              		.loc 1 143 0
 254 001c 184A     		ldr	r2, .L39
 255 001e 1354     		strb	r3, [r2, r0]
 144:source\bsw/led.c ****             break;
 256              		.loc 1 144 0
 257 0020 1846     		mov	r0, r3
 258              	.LVL29:
 259 0022 FFF7FEFF 		bl	LED_red_Write
 260              	.LVL30:
 166:source\bsw/led.c **** }
 261              		.loc 1 166 0
 262 0026 0020     		movs	r0, #0
 145:source\bsw/led.c ****         
 263              		.loc 1 145 0
 264 0028 10BD     		pop	{r4, pc}
 265              	.LVL31:
 266              	.L26:
 148:source\bsw/led.c ****             LED_orange_Write(LED__state[ledId]);
 267              		.loc 1 148 0
 268 002a 154B     		ldr	r3, .L39
 269 002c 1B5C     		ldrb	r3, [r3, r0]	@ zero_extendqisi2
 270              	.LVL32:
 271              	.LBB17:
 272              	.LBB18:
 177:source\bsw/led.c ****     {
 273              		.loc 1 177 0
 274 002e 012B     		cmp	r3, #1
 275 0030 01D1     		bne	.L36
 179:source\bsw/led.c ****     }
 276              		.loc 1 179 0
 277 0032 0023     		movs	r3, #0
 278              	.LVL33:
 279 0034 00E0     		b	.L30
 280              	.LVL34:
 281              	.L36:
 282              		.loc 1 183 0
 283 0036 0123     		movs	r3, #1
 284              	.LVL35:
 285              	.L30:
 286              	.LBE18:
 287              	.LBE17:
 148:source\bsw/led.c ****             LED_orange_Write(LED__state[ledId]);
 288              		.loc 1 148 0
 289 0038 114A     		ldr	r2, .L39
 290 003a 1354     		strb	r3, [r2, r0]
 149:source\bsw/led.c ****             break;
 291              		.loc 1 149 0
 292 003c 1846     		mov	r0, r3
 293              	.LVL36:
 294 003e FFF7FEFF 		bl	LED_orange_Write
 295              	.LVL37:
 166:source\bsw/led.c **** }
 296              		.loc 1 166 0
 297 0042 0020     		movs	r0, #0
ARM GAS  C:\Users\zakis\AppData\Local\Temp\ccyki1rj.s 			page 10


 150:source\bsw/led.c ****             
 298              		.loc 1 150 0
 299 0044 10BD     		pop	{r4, pc}
 300              	.LVL38:
 301              	.L27:
 153:source\bsw/led.c ****             LED_green_Write(LED__state[ledId]);
 302              		.loc 1 153 0
 303 0046 0E4B     		ldr	r3, .L39
 304 0048 1B5C     		ldrb	r3, [r3, r0]	@ zero_extendqisi2
 305              	.LVL39:
 306              	.LBB19:
 307              	.LBB20:
 177:source\bsw/led.c ****     {
 308              		.loc 1 177 0
 309 004a 012B     		cmp	r3, #1
 310 004c 01D1     		bne	.L37
 179:source\bsw/led.c ****     }
 311              		.loc 1 179 0
 312 004e 0023     		movs	r3, #0
 313              	.LVL40:
 314 0050 00E0     		b	.L31
 315              	.LVL41:
 316              	.L37:
 317              		.loc 1 183 0
 318 0052 0123     		movs	r3, #1
 319              	.LVL42:
 320              	.L31:
 321              	.LBE20:
 322              	.LBE19:
 153:source\bsw/led.c ****             LED_green_Write(LED__state[ledId]);
 323              		.loc 1 153 0
 324 0054 0A4A     		ldr	r2, .L39
 325 0056 1354     		strb	r3, [r2, r0]
 154:source\bsw/led.c ****             break;
 326              		.loc 1 154 0
 327 0058 1846     		mov	r0, r3
 328              	.LVL43:
 329 005a FFF7FEFF 		bl	LED_green_Write
 330              	.LVL44:
 166:source\bsw/led.c **** }
 331              		.loc 1 166 0
 332 005e 0020     		movs	r0, #0
 155:source\bsw/led.c ****            
 333              		.loc 1 155 0
 334 0060 10BD     		pop	{r4, pc}
 335              	.LVL45:
 336              	.L32:
 337              	.LBB21:
 160:source\bsw/led.c ****             }
 338              		.loc 1 160 0 discriminator 3
 339 0062 2046     		mov	r0, r4
 340 0064 FFF7FEFF 		bl	LED_Toggle
 341              	.LVL46:
 158:source\bsw/led.c ****             {
 342              		.loc 1 158 0 discriminator 3
 343 0068 0134     		adds	r4, r4, #1
 344              	.LVL47:
ARM GAS  C:\Users\zakis\AppData\Local\Temp\ccyki1rj.s 			page 11


 345 006a E4B2     		uxtb	r4, r4
 346              	.LVL48:
 347 006c 00E0     		b	.L28
 348              	.LVL49:
 349              	.L34:
 350              	.LBE21:
 140:source\bsw/led.c ****     {
 351              		.loc 1 140 0
 352 006e 0024     		movs	r4, #0
 353              	.LVL50:
 354              	.L28:
 355              	.LBB22:
 158:source\bsw/led.c ****             {
 356              		.loc 1 158 0 discriminator 1
 357 0070 022C     		cmp	r4, #2
 358 0072 F6D9     		bls	.L32
 359              	.LBE22:
 166:source\bsw/led.c **** }
 360              		.loc 1 166 0
 361 0074 0020     		movs	r0, #0
 362              	.LBB23:
 363 0076 10BD     		pop	{r4, pc}
 364              	.LVL51:
 365              	.L33:
 366              	.LBE23:
 163:source\bsw/led.c ****     }
 367              		.loc 1 163 0
 368 0078 6FF01300 		mvn	r0, #19
 369              	.LVL52:
 167:source\bsw/led.c **** 
 370              		.loc 1 167 0
 371 007c 10BD     		pop	{r4, pc}
 372              	.L40:
 373 007e 00BF     		.align	2
 374              	.L39:
 375 0080 00000000 		.word	.LANCHOR0
 376              		.cfi_endproc
 377              	.LFE112:
 378              		.size	LED_Toggle, .-LED_Toggle
 379              		.bss
 380              		.align	2
 381              		.set	.LANCHOR0,. + 0
 382              		.type	LED__state, %object
 383              		.size	LED__state, 3
 384              	LED__state:
 385 0000 000000   		.space	3
 386              		.text
 387              	.Letext0:
 388              		.file 2 "c:\\program files (x86)\\cypress\\psoc creator\\4.4\\psoc creator\\import\\gnu\\arm\\5.4.
 389              		.file 3 "c:\\program files (x86)\\cypress\\psoc creator\\4.4\\psoc creator\\import\\gnu\\arm\\5.4.
 390              		.file 4 "Generated_Source\\PSoC5/ErikaOS_common_ee_types.inc"
 391              		.file 5 "Generated_Source\\PSoC5/ErikaOS_cortex_mx_ee_cpu.inc"
 392              		.file 6 "source\\bsw\\global.h"
 393              		.file 7 "source\\bsw\\led.h"
 394              		.file 8 "Generated_Source\\PSoC5/ErikaOS_ee_oo_intfunc.inc"
 395              		.file 9 "Generated_Source\\PSoC5/ErikaOS_cortex_mx_ee_context.inc"
 396              		.file 10 "Generated_Source\\PSoC5/ErikaOS_common_ee_primitives.inc"
ARM GAS  C:\Users\zakis\AppData\Local\Temp\ccyki1rj.s 			page 12


 397              		.file 11 "Generated_Source\\PSoC5/core_cm3.h"
 398              		.file 12 "Generated_Source\\PSoC5/LED_red.h"
 399              		.file 13 "Generated_Source\\PSoC5/LED_orange.h"
 400              		.file 14 "Generated_Source\\PSoC5/LED_green.h"
 401              		.section	.debug_info,"",%progbits
 402              	.Ldebug_info0:
 403 0000 57040000 		.4byte	0x457
 404 0004 0400     		.2byte	0x4
 405 0006 00000000 		.4byte	.Ldebug_abbrev0
 406 000a 04       		.byte	0x4
 407 000b 01       		.uleb128 0x1
 408 000c 0F030000 		.4byte	.LASF74
 409 0010 0C       		.byte	0xc
 410 0011 A0010000 		.4byte	.LASF75
 411 0015 48040000 		.4byte	.LASF76
 412 0019 58000000 		.4byte	.Ldebug_ranges0+0x58
 413 001d 00000000 		.4byte	0
 414 0021 00000000 		.4byte	.Ldebug_line0
 415 0025 02       		.uleb128 0x2
 416 0026 01       		.byte	0x1
 417 0027 06       		.byte	0x6
 418 0028 68020000 		.4byte	.LASF0
 419 002c 02       		.uleb128 0x2
 420 002d 01       		.byte	0x1
 421 002e 08       		.byte	0x8
 422 002f 4E020000 		.4byte	.LASF1
 423 0033 02       		.uleb128 0x2
 424 0034 02       		.byte	0x2
 425 0035 05       		.byte	0x5
 426 0036 6E000000 		.4byte	.LASF2
 427 003a 02       		.uleb128 0x2
 428 003b 02       		.byte	0x2
 429 003c 07       		.byte	0x7
 430 003d FC020000 		.4byte	.LASF3
 431 0041 03       		.uleb128 0x3
 432 0042 2C040000 		.4byte	.LASF9
 433 0046 02       		.byte	0x2
 434 0047 3F       		.byte	0x3f
 435 0048 4C000000 		.4byte	0x4c
 436 004c 02       		.uleb128 0x2
 437 004d 04       		.byte	0x4
 438 004e 05       		.byte	0x5
 439 004f D5010000 		.4byte	.LASF4
 440 0053 02       		.uleb128 0x2
 441 0054 04       		.byte	0x4
 442 0055 07       		.byte	0x7
 443 0056 EF030000 		.4byte	.LASF5
 444 005a 02       		.uleb128 0x2
 445 005b 08       		.byte	0x8
 446 005c 05       		.byte	0x5
 447 005d 71010000 		.4byte	.LASF6
 448 0061 02       		.uleb128 0x2
 449 0062 08       		.byte	0x8
 450 0063 07       		.byte	0x7
 451 0064 74020000 		.4byte	.LASF7
 452 0068 04       		.uleb128 0x4
 453 0069 04       		.byte	0x4
ARM GAS  C:\Users\zakis\AppData\Local\Temp\ccyki1rj.s 			page 13


 454 006a 05       		.byte	0x5
 455 006b 696E7400 		.ascii	"int\000"
 456 006f 02       		.uleb128 0x2
 457 0070 04       		.byte	0x4
 458 0071 07       		.byte	0x7
 459 0072 9B020000 		.4byte	.LASF8
 460 0076 03       		.uleb128 0x3
 461 0077 B7030000 		.4byte	.LASF10
 462 007b 03       		.byte	0x3
 463 007c 2C       		.byte	0x2c
 464 007d 41000000 		.4byte	0x41
 465 0081 02       		.uleb128 0x2
 466 0082 04       		.byte	0x4
 467 0083 04       		.byte	0x4
 468 0084 52010000 		.4byte	.LASF11
 469 0088 02       		.uleb128 0x2
 470 0089 08       		.byte	0x8
 471 008a 04       		.byte	0x4
 472 008b CA040000 		.4byte	.LASF12
 473 008f 02       		.uleb128 0x2
 474 0090 01       		.byte	0x1
 475 0091 08       		.byte	0x8
 476 0092 9D030000 		.4byte	.LASF13
 477 0096 02       		.uleb128 0x2
 478 0097 08       		.byte	0x8
 479 0098 04       		.byte	0x4
 480 0099 32020000 		.4byte	.LASF14
 481 009d 03       		.uleb128 0x3
 482 009e EA020000 		.4byte	.LASF15
 483 00a2 04       		.byte	0x4
 484 00a3 53       		.byte	0x53
 485 00a4 68000000 		.4byte	0x68
 486 00a8 03       		.uleb128 0x3
 487 00a9 D6000000 		.4byte	.LASF16
 488 00ad 04       		.byte	0x4
 489 00ae 54       		.byte	0x54
 490 00af 6F000000 		.4byte	0x6f
 491 00b3 03       		.uleb128 0x3
 492 00b4 1C040000 		.4byte	.LASF17
 493 00b8 05       		.byte	0x5
 494 00b9 4D       		.byte	0x4d
 495 00ba A8000000 		.4byte	0xa8
 496 00be 03       		.uleb128 0x3
 497 00bf BA000000 		.4byte	.LASF18
 498 00c3 05       		.byte	0x5
 499 00c4 4F       		.byte	0x4f
 500 00c5 A8000000 		.4byte	0xa8
 501 00c9 03       		.uleb128 0x3
 502 00ca EC000000 		.4byte	.LASF19
 503 00ce 05       		.byte	0x5
 504 00cf 78       		.byte	0x78
 505 00d0 9D000000 		.4byte	0x9d
 506 00d4 02       		.uleb128 0x2
 507 00d5 04       		.byte	0x4
 508 00d6 07       		.byte	0x7
 509 00d7 9E000000 		.4byte	.LASF20
 510 00db 05       		.uleb128 0x5
ARM GAS  C:\Users\zakis\AppData\Local\Temp\ccyki1rj.s 			page 14


 511 00dc 01       		.byte	0x1
 512 00dd 25000000 		.4byte	0x25
 513 00e1 06       		.byte	0x6
 514 00e2 CF       		.byte	0xcf
 515 00e3 84010000 		.4byte	0x184
 516 00e7 06       		.uleb128 0x6
 517 00e8 30000000 		.4byte	.LASF21
 518 00ec 00       		.byte	0
 519 00ed 07       		.uleb128 0x7
 520 00ee DE040000 		.4byte	.LASF22
 521 00f2 7F       		.sleb128 -1
 522 00f3 07       		.uleb128 0x7
 523 00f4 C6020000 		.4byte	.LASF23
 524 00f8 7E       		.sleb128 -2
 525 00f9 07       		.uleb128 0x7
 526 00fa AC000000 		.4byte	.LASF24
 527 00fe 7D       		.sleb128 -3
 528 00ff 07       		.uleb128 0x7
 529 0100 EF040000 		.4byte	.LASF25
 530 0104 7C       		.sleb128 -4
 531 0105 07       		.uleb128 0x7
 532 0106 43010000 		.4byte	.LASF26
 533 010a 7B       		.sleb128 -5
 534 010b 07       		.uleb128 0x7
 535 010c 78000000 		.4byte	.LASF27
 536 0110 7A       		.sleb128 -6
 537 0111 07       		.uleb128 0x7
 538 0112 DE010000 		.4byte	.LASF28
 539 0116 79       		.sleb128 -7
 540 0117 07       		.uleb128 0x7
 541 0118 A2030000 		.4byte	.LASF29
 542 011c 78       		.sleb128 -8
 543 011d 07       		.uleb128 0x7
 544 011e D4020000 		.4byte	.LASF30
 545 0122 77       		.sleb128 -9
 546 0123 07       		.uleb128 0x7
 547 0124 F0010000 		.4byte	.LASF31
 548 0128 76       		.sleb128 -10
 549 0129 07       		.uleb128 0x7
 550 012a 28050000 		.4byte	.LASF32
 551 012e 75       		.sleb128 -11
 552 012f 07       		.uleb128 0x7
 553 0130 A8020000 		.4byte	.LASF33
 554 0134 74       		.sleb128 -12
 555 0135 07       		.uleb128 0x7
 556 0136 0A040000 		.4byte	.LASF34
 557 013a 73       		.sleb128 -13
 558 013b 07       		.uleb128 0x7
 559 013c 1D000000 		.4byte	.LASF35
 560 0140 72       		.sleb128 -14
 561 0141 07       		.uleb128 0x7
 562 0142 5A000000 		.4byte	.LASF36
 563 0146 71       		.sleb128 -15
 564 0147 07       		.uleb128 0x7
 565 0148 04020000 		.4byte	.LASF37
 566 014c 70       		.sleb128 -16
 567 014d 07       		.uleb128 0x7
ARM GAS  C:\Users\zakis\AppData\Local\Temp\ccyki1rj.s 			page 15


 568 014e C2000000 		.4byte	.LASF38
 569 0152 6F       		.sleb128 -17
 570 0153 07       		.uleb128 0x7
 571 0154 89000000 		.4byte	.LASF39
 572 0158 6E       		.sleb128 -18
 573 0159 07       		.uleb128 0x7
 574 015a B1010000 		.4byte	.LASF40
 575 015e 6D       		.sleb128 -19
 576 015f 07       		.uleb128 0x7
 577 0160 BF030000 		.4byte	.LASF41
 578 0164 6C       		.sleb128 -20
 579 0165 07       		.uleb128 0x7
 580 0166 20020000 		.4byte	.LASF42
 581 016a 6B       		.sleb128 -21
 582 016b 07       		.uleb128 0x7
 583 016c 36040000 		.4byte	.LASF43
 584 0170 6A       		.sleb128 -22
 585 0171 07       		.uleb128 0x7
 586 0172 FE000000 		.4byte	.LASF44
 587 0176 69       		.sleb128 -23
 588 0177 07       		.uleb128 0x7
 589 0178 C4010000 		.4byte	.LASF45
 590 017c 68       		.sleb128 -24
 591 017d 07       		.uleb128 0x7
 592 017e 58010000 		.4byte	.LASF46
 593 0182 67       		.sleb128 -25
 594 0183 00       		.byte	0
 595 0184 03       		.uleb128 0x3
 596 0185 A7000000 		.4byte	.LASF47
 597 0189 06       		.byte	0x6
 598 018a EA       		.byte	0xea
 599 018b DB000000 		.4byte	0xdb
 600 018f 08       		.uleb128 0x8
 601 0190 7F010000 		.4byte	.LASF53
 602 0194 01       		.byte	0x1
 603 0195 2C000000 		.4byte	0x2c
 604 0199 07       		.byte	0x7
 605 019a 5A       		.byte	0x5a
 606 019b B8010000 		.4byte	0x1b8
 607 019f 06       		.uleb128 0x6
 608 01a0 E7040000 		.4byte	.LASF48
 609 01a4 00       		.byte	0
 610 01a5 06       		.uleb128 0x6
 611 01a6 15020000 		.4byte	.LASF49
 612 01aa 01       		.byte	0x1
 613 01ab 06       		.uleb128 0x6
 614 01ac D2030000 		.4byte	.LASF50
 615 01b0 02       		.byte	0x2
 616 01b1 06       		.uleb128 0x6
 617 01b2 24040000 		.4byte	.LASF51
 618 01b6 03       		.byte	0x3
 619 01b7 00       		.byte	0
 620 01b8 03       		.uleb128 0x3
 621 01b9 92020000 		.4byte	.LASF52
 622 01bd 07       		.byte	0x7
 623 01be 60       		.byte	0x60
 624 01bf 8F010000 		.4byte	0x18f
ARM GAS  C:\Users\zakis\AppData\Local\Temp\ccyki1rj.s 			page 16


 625 01c3 08       		.uleb128 0x8
 626 01c4 F3000000 		.4byte	.LASF54
 627 01c8 01       		.byte	0x1
 628 01c9 2C000000 		.4byte	0x2c
 629 01cd 07       		.byte	0x7
 630 01ce 62       		.byte	0x62
 631 01cf E0010000 		.4byte	0x1e0
 632 01d3 06       		.uleb128 0x6
 633 01d4 BE020000 		.4byte	.LASF55
 634 01d8 00       		.byte	0
 635 01d9 06       		.uleb128 0x6
 636 01da 8B020000 		.4byte	.LASF56
 637 01de 01       		.byte	0x1
 638 01df 00       		.byte	0
 639 01e0 03       		.uleb128 0x3
 640 01e1 5C020000 		.4byte	.LASF57
 641 01e5 07       		.byte	0x7
 642 01e6 66       		.byte	0x66
 643 01e7 C3010000 		.4byte	0x1c3
 644 01eb 09       		.uleb128 0x9
 645 01ec 3B000000 		.4byte	.LASF77
 646 01f0 01       		.byte	0x1
 647 01f1 AF       		.byte	0xaf
 648 01f2 E0010000 		.4byte	0x1e0
 649 01f6 03       		.byte	0x3
 650 01f7 07020000 		.4byte	0x207
 651 01fb 0A       		.uleb128 0xa
 652 01fc F3020000 		.4byte	.LASF59
 653 0200 01       		.byte	0x1
 654 0201 AF       		.byte	0xaf
 655 0202 E0010000 		.4byte	0x1e0
 656 0206 00       		.byte	0
 657 0207 0B       		.uleb128 0xb
 658 0208 B6020000 		.4byte	.LASF62
 659 020c 01       		.byte	0x1
 660 020d 62       		.byte	0x62
 661 020e 84010000 		.4byte	0x184
 662 0212 00000000 		.4byte	.LFB111
 663 0216 60000000 		.4byte	.LFE111-.LFB111
 664 021a 01       		.uleb128 0x1
 665 021b 9C       		.byte	0x9c
 666 021c A4020000 		.4byte	0x2a4
 667 0220 0C       		.uleb128 0xc
 668 0221 FE010000 		.4byte	.LASF58
 669 0225 01       		.byte	0x1
 670 0226 62       		.byte	0x62
 671 0227 B8010000 		.4byte	0x1b8
 672 022b 00000000 		.4byte	.LLST0
 673 022f 0C       		.uleb128 0xc
 674 0230 F3020000 		.4byte	.LASF59
 675 0234 01       		.byte	0x1
 676 0235 62       		.byte	0x62
 677 0236 E0010000 		.4byte	0x1e0
 678 023a 85000000 		.4byte	.LLST1
 679 023e 0D       		.uleb128 0xd
 680 023f 00000000 		.4byte	.Ldebug_ranges0+0
 681 0243 6B020000 		.4byte	0x26b
ARM GAS  C:\Users\zakis\AppData\Local\Temp\ccyki1rj.s 			page 17


 682 0247 0E       		.uleb128 0xe
 683 0248 6900     		.ascii	"i\000"
 684 024a 01       		.byte	0x1
 685 024b 77       		.byte	0x77
 686 024c B8010000 		.4byte	0x1b8
 687 0250 FC000000 		.4byte	.LLST2
 688 0254 0F       		.uleb128 0xf
 689 0255 44000000 		.4byte	.LVL10
 690 0259 07020000 		.4byte	0x207
 691 025d 10       		.uleb128 0x10
 692 025e 01       		.uleb128 0x1
 693 025f 50       		.byte	0x50
 694 0260 02       		.uleb128 0x2
 695 0261 74       		.byte	0x74
 696 0262 00       		.sleb128 0
 697 0263 10       		.uleb128 0x10
 698 0264 01       		.uleb128 0x1
 699 0265 51       		.byte	0x51
 700 0266 02       		.uleb128 0x2
 701 0267 75       		.byte	0x75
 702 0268 00       		.sleb128 0
 703 0269 00       		.byte	0
 704 026a 00       		.byte	0
 705 026b 11       		.uleb128 0x11
 706 026c 18000000 		.4byte	.LVL2
 707 0270 39040000 		.4byte	0x439
 708 0274 7F020000 		.4byte	0x27f
 709 0278 10       		.uleb128 0x10
 710 0279 01       		.uleb128 0x1
 711 027a 50       		.byte	0x50
 712 027b 02       		.uleb128 0x2
 713 027c 75       		.byte	0x75
 714 027d 00       		.sleb128 0
 715 027e 00       		.byte	0
 716 027f 11       		.uleb128 0x11
 717 0280 26000000 		.4byte	.LVL5
 718 0284 44040000 		.4byte	0x444
 719 0288 93020000 		.4byte	0x293
 720 028c 10       		.uleb128 0x10
 721 028d 01       		.uleb128 0x1
 722 028e 50       		.byte	0x50
 723 028f 02       		.uleb128 0x2
 724 0290 75       		.byte	0x75
 725 0291 00       		.sleb128 0
 726 0292 00       		.byte	0
 727 0293 0F       		.uleb128 0xf
 728 0294 34000000 		.4byte	.LVL8
 729 0298 4F040000 		.4byte	0x44f
 730 029c 10       		.uleb128 0x10
 731 029d 01       		.uleb128 0x1
 732 029e 50       		.byte	0x50
 733 029f 02       		.uleb128 0x2
 734 02a0 75       		.byte	0x75
 735 02a1 00       		.sleb128 0
 736 02a2 00       		.byte	0
 737 02a3 00       		.byte	0
 738 02a4 12       		.uleb128 0x12
ARM GAS  C:\Users\zakis\AppData\Local\Temp\ccyki1rj.s 			page 18


 739 02a5 01040000 		.4byte	.LASF78
 740 02a9 01       		.byte	0x1
 741 02aa 46       		.byte	0x46
 742 02ab 84010000 		.4byte	0x184
 743 02af 00000000 		.4byte	.LFB110
 744 02b3 28000000 		.4byte	.LFE110-.LFB110
 745 02b7 01       		.uleb128 0x1
 746 02b8 9C       		.byte	0x9c
 747 02b9 0E030000 		.4byte	0x30e
 748 02bd 13       		.uleb128 0x13
 749 02be 0B000000 		.4byte	.LASF60
 750 02c2 01       		.byte	0x1
 751 02c3 48       		.byte	0x48
 752 02c4 84010000 		.4byte	0x184
 753 02c8 25010000 		.4byte	.LLST3
 754 02cc 14       		.uleb128 0x14
 755 02cd 20000000 		.4byte	.Ldebug_ranges0+0x20
 756 02d1 0E       		.uleb128 0xe
 757 02d2 6900     		.ascii	"i\000"
 758 02d4 01       		.byte	0x1
 759 02d5 4A       		.byte	0x4a
 760 02d6 B8010000 		.4byte	0x1b8
 761 02da 44010000 		.4byte	.LLST4
 762 02de 15       		.uleb128 0x15
 763 02df 08000000 		.4byte	.LBB13
 764 02e3 10000000 		.4byte	.LBE13-.LBB13
 765 02e7 13       		.uleb128 0x13
 766 02e8 E0000000 		.4byte	.LASF61
 767 02ec 01       		.byte	0x1
 768 02ed 4E       		.byte	0x4e
 769 02ee 84010000 		.4byte	0x184
 770 02f2 6E010000 		.4byte	.LLST5
 771 02f6 0F       		.uleb128 0xf
 772 02f7 14000000 		.4byte	.LVL19
 773 02fb 07020000 		.4byte	0x207
 774 02ff 10       		.uleb128 0x10
 775 0300 01       		.uleb128 0x1
 776 0301 50       		.byte	0x50
 777 0302 02       		.uleb128 0x2
 778 0303 74       		.byte	0x74
 779 0304 00       		.sleb128 0
 780 0305 10       		.uleb128 0x10
 781 0306 01       		.uleb128 0x1
 782 0307 51       		.byte	0x51
 783 0308 01       		.uleb128 0x1
 784 0309 30       		.byte	0x30
 785 030a 00       		.byte	0
 786 030b 00       		.byte	0
 787 030c 00       		.byte	0
 788 030d 00       		.byte	0
 789 030e 0B       		.uleb128 0xb
 790 030f 00000000 		.4byte	.LASF63
 791 0313 01       		.byte	0x1
 792 0314 89       		.byte	0x89
 793 0315 84010000 		.4byte	0x184
 794 0319 00000000 		.4byte	.LFB112
 795 031d 84000000 		.4byte	.LFE112-.LFB112
ARM GAS  C:\Users\zakis\AppData\Local\Temp\ccyki1rj.s 			page 19


 796 0321 01       		.uleb128 0x1
 797 0322 9C       		.byte	0x9c
 798 0323 D0030000 		.4byte	0x3d0
 799 0327 0C       		.uleb128 0xc
 800 0328 FE010000 		.4byte	.LASF58
 801 032c 01       		.byte	0x1
 802 032d 89       		.byte	0x89
 803 032e B8010000 		.4byte	0x1b8
 804 0332 81010000 		.4byte	.LLST6
 805 0336 16       		.uleb128 0x16
 806 0337 EB010000 		.4byte	0x1eb
 807 033b 12000000 		.4byte	.LBB15
 808 033f 0A000000 		.4byte	.LBE15-.LBB15
 809 0343 01       		.byte	0x1
 810 0344 8F       		.byte	0x8f
 811 0345 53030000 		.4byte	0x353
 812 0349 17       		.uleb128 0x17
 813 034a FB010000 		.4byte	0x1fb
 814 034e 06020000 		.4byte	.LLST7
 815 0352 00       		.byte	0
 816 0353 16       		.uleb128 0x16
 817 0354 EB010000 		.4byte	0x1eb
 818 0358 2E000000 		.4byte	.LBB17
 819 035c 0A000000 		.4byte	.LBE17-.LBB17
 820 0360 01       		.byte	0x1
 821 0361 94       		.byte	0x94
 822 0362 70030000 		.4byte	0x370
 823 0366 17       		.uleb128 0x17
 824 0367 FB010000 		.4byte	0x1fb
 825 036b 36020000 		.4byte	.LLST8
 826 036f 00       		.byte	0
 827 0370 16       		.uleb128 0x16
 828 0371 EB010000 		.4byte	0x1eb
 829 0375 4A000000 		.4byte	.LBB19
 830 0379 0A000000 		.4byte	.LBE19-.LBB19
 831 037d 01       		.byte	0x1
 832 037e 99       		.byte	0x99
 833 037f 8D030000 		.4byte	0x38d
 834 0383 17       		.uleb128 0x17
 835 0384 FB010000 		.4byte	0x1fb
 836 0388 66020000 		.4byte	.LLST9
 837 038c 00       		.byte	0
 838 038d 0D       		.uleb128 0xd
 839 038e 38000000 		.4byte	.Ldebug_ranges0+0x38
 840 0392 B4030000 		.4byte	0x3b4
 841 0396 0E       		.uleb128 0xe
 842 0397 6900     		.ascii	"i\000"
 843 0399 01       		.byte	0x1
 844 039a 9E       		.byte	0x9e
 845 039b B8010000 		.4byte	0x1b8
 846 039f 96020000 		.4byte	.LLST10
 847 03a3 0F       		.uleb128 0xf
 848 03a4 68000000 		.4byte	.LVL46
 849 03a8 0E030000 		.4byte	0x30e
 850 03ac 10       		.uleb128 0x10
 851 03ad 01       		.uleb128 0x1
 852 03ae 50       		.byte	0x50
ARM GAS  C:\Users\zakis\AppData\Local\Temp\ccyki1rj.s 			page 20


 853 03af 02       		.uleb128 0x2
 854 03b0 74       		.byte	0x74
 855 03b1 00       		.sleb128 0
 856 03b2 00       		.byte	0
 857 03b3 00       		.byte	0
 858 03b4 18       		.uleb128 0x18
 859 03b5 26000000 		.4byte	.LVL30
 860 03b9 39040000 		.4byte	0x439
 861 03bd 18       		.uleb128 0x18
 862 03be 42000000 		.4byte	.LVL37
 863 03c2 44040000 		.4byte	0x444
 864 03c6 18       		.uleb128 0x18
 865 03c7 5E000000 		.4byte	.LVL44
 866 03cb 4F040000 		.4byte	0x44f
 867 03cf 00       		.byte	0
 868 03d0 19       		.uleb128 0x19
 869 03d1 E0010000 		.4byte	0x1e0
 870 03d5 E0030000 		.4byte	0x3e0
 871 03d9 1A       		.uleb128 0x1a
 872 03da D4000000 		.4byte	0xd4
 873 03de 02       		.byte	0x2
 874 03df 00       		.byte	0
 875 03e0 1B       		.uleb128 0x1b
 876 03e1 12000000 		.4byte	.LASF64
 877 03e5 01       		.byte	0x1
 878 03e6 2F       		.byte	0x2f
 879 03e7 D0030000 		.4byte	0x3d0
 880 03eb 05       		.uleb128 0x5
 881 03ec 03       		.byte	0x3
 882 03ed 00000000 		.4byte	LED__state
 883 03f1 1C       		.uleb128 0x1c
 884 03f2 FF040000 		.4byte	.LASF65
 885 03f6 08       		.byte	0x8
 886 03f7 40       		.byte	0x40
 887 03f8 B3000000 		.4byte	0xb3
 888 03fc 1C       		.uleb128 0x1c
 889 03fd 87010000 		.4byte	.LASF66
 890 0401 08       		.byte	0x8
 891 0402 47       		.byte	0x47
 892 0403 BE000000 		.4byte	0xbe
 893 0407 1C       		.uleb128 0x1c
 894 0408 DC030000 		.4byte	.LASF67
 895 040c 08       		.byte	0x8
 896 040d 4A       		.byte	0x4a
 897 040e B3000000 		.4byte	0xb3
 898 0412 1C       		.uleb128 0x1c
 899 0413 2A010000 		.4byte	.LASF68
 900 0417 09       		.byte	0x9
 901 0418 48       		.byte	0x48
 902 0419 C9000000 		.4byte	0xc9
 903 041d 1C       		.uleb128 0x1c
 904 041e 15010000 		.4byte	.LASF69
 905 0422 0A       		.byte	0xa
 906 0423 44       		.byte	0x44
 907 0424 B3000000 		.4byte	0xb3
 908 0428 1D       		.uleb128 0x1d
 909 0429 D1040000 		.4byte	.LASF70
ARM GAS  C:\Users\zakis\AppData\Local\Temp\ccyki1rj.s 			page 21


 910 042d 0B       		.byte	0xb
 911 042e 1207     		.2byte	0x712
 912 0430 34040000 		.4byte	0x434
 913 0434 1E       		.uleb128 0x1e
 914 0435 76000000 		.4byte	0x76
 915 0439 1F       		.uleb128 0x1f
 916 043a 4C000000 		.4byte	.LASF71
 917 043e 4C000000 		.4byte	.LASF71
 918 0442 0C       		.byte	0xc
 919 0443 26       		.byte	0x26
 920 0444 1F       		.uleb128 0x1f
 921 0445 17050000 		.4byte	.LASF72
 922 0449 17050000 		.4byte	.LASF72
 923 044d 0D       		.byte	0xd
 924 044e 26       		.byte	0x26
 925 044f 1F       		.uleb128 0x1f
 926 0450 3E020000 		.4byte	.LASF73
 927 0454 3E020000 		.4byte	.LASF73
 928 0458 0E       		.byte	0xe
 929 0459 26       		.byte	0x26
 930 045a 00       		.byte	0
 931              		.section	.debug_abbrev,"",%progbits
 932              	.Ldebug_abbrev0:
 933 0000 01       		.uleb128 0x1
 934 0001 11       		.uleb128 0x11
 935 0002 01       		.byte	0x1
 936 0003 25       		.uleb128 0x25
 937 0004 0E       		.uleb128 0xe
 938 0005 13       		.uleb128 0x13
 939 0006 0B       		.uleb128 0xb
 940 0007 03       		.uleb128 0x3
 941 0008 0E       		.uleb128 0xe
 942 0009 1B       		.uleb128 0x1b
 943 000a 0E       		.uleb128 0xe
 944 000b 55       		.uleb128 0x55
 945 000c 17       		.uleb128 0x17
 946 000d 11       		.uleb128 0x11
 947 000e 01       		.uleb128 0x1
 948 000f 10       		.uleb128 0x10
 949 0010 17       		.uleb128 0x17
 950 0011 00       		.byte	0
 951 0012 00       		.byte	0
 952 0013 02       		.uleb128 0x2
 953 0014 24       		.uleb128 0x24
 954 0015 00       		.byte	0
 955 0016 0B       		.uleb128 0xb
 956 0017 0B       		.uleb128 0xb
 957 0018 3E       		.uleb128 0x3e
 958 0019 0B       		.uleb128 0xb
 959 001a 03       		.uleb128 0x3
 960 001b 0E       		.uleb128 0xe
 961 001c 00       		.byte	0
 962 001d 00       		.byte	0
 963 001e 03       		.uleb128 0x3
 964 001f 16       		.uleb128 0x16
 965 0020 00       		.byte	0
 966 0021 03       		.uleb128 0x3
ARM GAS  C:\Users\zakis\AppData\Local\Temp\ccyki1rj.s 			page 22


 967 0022 0E       		.uleb128 0xe
 968 0023 3A       		.uleb128 0x3a
 969 0024 0B       		.uleb128 0xb
 970 0025 3B       		.uleb128 0x3b
 971 0026 0B       		.uleb128 0xb
 972 0027 49       		.uleb128 0x49
 973 0028 13       		.uleb128 0x13
 974 0029 00       		.byte	0
 975 002a 00       		.byte	0
 976 002b 04       		.uleb128 0x4
 977 002c 24       		.uleb128 0x24
 978 002d 00       		.byte	0
 979 002e 0B       		.uleb128 0xb
 980 002f 0B       		.uleb128 0xb
 981 0030 3E       		.uleb128 0x3e
 982 0031 0B       		.uleb128 0xb
 983 0032 03       		.uleb128 0x3
 984 0033 08       		.uleb128 0x8
 985 0034 00       		.byte	0
 986 0035 00       		.byte	0
 987 0036 05       		.uleb128 0x5
 988 0037 04       		.uleb128 0x4
 989 0038 01       		.byte	0x1
 990 0039 0B       		.uleb128 0xb
 991 003a 0B       		.uleb128 0xb
 992 003b 49       		.uleb128 0x49
 993 003c 13       		.uleb128 0x13
 994 003d 3A       		.uleb128 0x3a
 995 003e 0B       		.uleb128 0xb
 996 003f 3B       		.uleb128 0x3b
 997 0040 0B       		.uleb128 0xb
 998 0041 01       		.uleb128 0x1
 999 0042 13       		.uleb128 0x13
 1000 0043 00       		.byte	0
 1001 0044 00       		.byte	0
 1002 0045 06       		.uleb128 0x6
 1003 0046 28       		.uleb128 0x28
 1004 0047 00       		.byte	0
 1005 0048 03       		.uleb128 0x3
 1006 0049 0E       		.uleb128 0xe
 1007 004a 1C       		.uleb128 0x1c
 1008 004b 0B       		.uleb128 0xb
 1009 004c 00       		.byte	0
 1010 004d 00       		.byte	0
 1011 004e 07       		.uleb128 0x7
 1012 004f 28       		.uleb128 0x28
 1013 0050 00       		.byte	0
 1014 0051 03       		.uleb128 0x3
 1015 0052 0E       		.uleb128 0xe
 1016 0053 1C       		.uleb128 0x1c
 1017 0054 0D       		.uleb128 0xd
 1018 0055 00       		.byte	0
 1019 0056 00       		.byte	0
 1020 0057 08       		.uleb128 0x8
 1021 0058 04       		.uleb128 0x4
 1022 0059 01       		.byte	0x1
 1023 005a 03       		.uleb128 0x3
ARM GAS  C:\Users\zakis\AppData\Local\Temp\ccyki1rj.s 			page 23


 1024 005b 0E       		.uleb128 0xe
 1025 005c 0B       		.uleb128 0xb
 1026 005d 0B       		.uleb128 0xb
 1027 005e 49       		.uleb128 0x49
 1028 005f 13       		.uleb128 0x13
 1029 0060 3A       		.uleb128 0x3a
 1030 0061 0B       		.uleb128 0xb
 1031 0062 3B       		.uleb128 0x3b
 1032 0063 0B       		.uleb128 0xb
 1033 0064 01       		.uleb128 0x1
 1034 0065 13       		.uleb128 0x13
 1035 0066 00       		.byte	0
 1036 0067 00       		.byte	0
 1037 0068 09       		.uleb128 0x9
 1038 0069 2E       		.uleb128 0x2e
 1039 006a 01       		.byte	0x1
 1040 006b 03       		.uleb128 0x3
 1041 006c 0E       		.uleb128 0xe
 1042 006d 3A       		.uleb128 0x3a
 1043 006e 0B       		.uleb128 0xb
 1044 006f 3B       		.uleb128 0x3b
 1045 0070 0B       		.uleb128 0xb
 1046 0071 27       		.uleb128 0x27
 1047 0072 19       		.uleb128 0x19
 1048 0073 49       		.uleb128 0x49
 1049 0074 13       		.uleb128 0x13
 1050 0075 20       		.uleb128 0x20
 1051 0076 0B       		.uleb128 0xb
 1052 0077 01       		.uleb128 0x1
 1053 0078 13       		.uleb128 0x13
 1054 0079 00       		.byte	0
 1055 007a 00       		.byte	0
 1056 007b 0A       		.uleb128 0xa
 1057 007c 05       		.uleb128 0x5
 1058 007d 00       		.byte	0
 1059 007e 03       		.uleb128 0x3
 1060 007f 0E       		.uleb128 0xe
 1061 0080 3A       		.uleb128 0x3a
 1062 0081 0B       		.uleb128 0xb
 1063 0082 3B       		.uleb128 0x3b
 1064 0083 0B       		.uleb128 0xb
 1065 0084 49       		.uleb128 0x49
 1066 0085 13       		.uleb128 0x13
 1067 0086 00       		.byte	0
 1068 0087 00       		.byte	0
 1069 0088 0B       		.uleb128 0xb
 1070 0089 2E       		.uleb128 0x2e
 1071 008a 01       		.byte	0x1
 1072 008b 3F       		.uleb128 0x3f
 1073 008c 19       		.uleb128 0x19
 1074 008d 03       		.uleb128 0x3
 1075 008e 0E       		.uleb128 0xe
 1076 008f 3A       		.uleb128 0x3a
 1077 0090 0B       		.uleb128 0xb
 1078 0091 3B       		.uleb128 0x3b
 1079 0092 0B       		.uleb128 0xb
 1080 0093 27       		.uleb128 0x27
ARM GAS  C:\Users\zakis\AppData\Local\Temp\ccyki1rj.s 			page 24


 1081 0094 19       		.uleb128 0x19
 1082 0095 49       		.uleb128 0x49
 1083 0096 13       		.uleb128 0x13
 1084 0097 11       		.uleb128 0x11
 1085 0098 01       		.uleb128 0x1
 1086 0099 12       		.uleb128 0x12
 1087 009a 06       		.uleb128 0x6
 1088 009b 40       		.uleb128 0x40
 1089 009c 18       		.uleb128 0x18
 1090 009d 9742     		.uleb128 0x2117
 1091 009f 19       		.uleb128 0x19
 1092 00a0 01       		.uleb128 0x1
 1093 00a1 13       		.uleb128 0x13
 1094 00a2 00       		.byte	0
 1095 00a3 00       		.byte	0
 1096 00a4 0C       		.uleb128 0xc
 1097 00a5 05       		.uleb128 0x5
 1098 00a6 00       		.byte	0
 1099 00a7 03       		.uleb128 0x3
 1100 00a8 0E       		.uleb128 0xe
 1101 00a9 3A       		.uleb128 0x3a
 1102 00aa 0B       		.uleb128 0xb
 1103 00ab 3B       		.uleb128 0x3b
 1104 00ac 0B       		.uleb128 0xb
 1105 00ad 49       		.uleb128 0x49
 1106 00ae 13       		.uleb128 0x13
 1107 00af 02       		.uleb128 0x2
 1108 00b0 17       		.uleb128 0x17
 1109 00b1 00       		.byte	0
 1110 00b2 00       		.byte	0
 1111 00b3 0D       		.uleb128 0xd
 1112 00b4 0B       		.uleb128 0xb
 1113 00b5 01       		.byte	0x1
 1114 00b6 55       		.uleb128 0x55
 1115 00b7 17       		.uleb128 0x17
 1116 00b8 01       		.uleb128 0x1
 1117 00b9 13       		.uleb128 0x13
 1118 00ba 00       		.byte	0
 1119 00bb 00       		.byte	0
 1120 00bc 0E       		.uleb128 0xe
 1121 00bd 34       		.uleb128 0x34
 1122 00be 00       		.byte	0
 1123 00bf 03       		.uleb128 0x3
 1124 00c0 08       		.uleb128 0x8
 1125 00c1 3A       		.uleb128 0x3a
 1126 00c2 0B       		.uleb128 0xb
 1127 00c3 3B       		.uleb128 0x3b
 1128 00c4 0B       		.uleb128 0xb
 1129 00c5 49       		.uleb128 0x49
 1130 00c6 13       		.uleb128 0x13
 1131 00c7 02       		.uleb128 0x2
 1132 00c8 17       		.uleb128 0x17
 1133 00c9 00       		.byte	0
 1134 00ca 00       		.byte	0
 1135 00cb 0F       		.uleb128 0xf
 1136 00cc 898201   		.uleb128 0x4109
 1137 00cf 01       		.byte	0x1
ARM GAS  C:\Users\zakis\AppData\Local\Temp\ccyki1rj.s 			page 25


 1138 00d0 11       		.uleb128 0x11
 1139 00d1 01       		.uleb128 0x1
 1140 00d2 31       		.uleb128 0x31
 1141 00d3 13       		.uleb128 0x13
 1142 00d4 00       		.byte	0
 1143 00d5 00       		.byte	0
 1144 00d6 10       		.uleb128 0x10
 1145 00d7 8A8201   		.uleb128 0x410a
 1146 00da 00       		.byte	0
 1147 00db 02       		.uleb128 0x2
 1148 00dc 18       		.uleb128 0x18
 1149 00dd 9142     		.uleb128 0x2111
 1150 00df 18       		.uleb128 0x18
 1151 00e0 00       		.byte	0
 1152 00e1 00       		.byte	0
 1153 00e2 11       		.uleb128 0x11
 1154 00e3 898201   		.uleb128 0x4109
 1155 00e6 01       		.byte	0x1
 1156 00e7 11       		.uleb128 0x11
 1157 00e8 01       		.uleb128 0x1
 1158 00e9 31       		.uleb128 0x31
 1159 00ea 13       		.uleb128 0x13
 1160 00eb 01       		.uleb128 0x1
 1161 00ec 13       		.uleb128 0x13
 1162 00ed 00       		.byte	0
 1163 00ee 00       		.byte	0
 1164 00ef 12       		.uleb128 0x12
 1165 00f0 2E       		.uleb128 0x2e
 1166 00f1 01       		.byte	0x1
 1167 00f2 3F       		.uleb128 0x3f
 1168 00f3 19       		.uleb128 0x19
 1169 00f4 03       		.uleb128 0x3
 1170 00f5 0E       		.uleb128 0xe
 1171 00f6 3A       		.uleb128 0x3a
 1172 00f7 0B       		.uleb128 0xb
 1173 00f8 3B       		.uleb128 0x3b
 1174 00f9 0B       		.uleb128 0xb
 1175 00fa 49       		.uleb128 0x49
 1176 00fb 13       		.uleb128 0x13
 1177 00fc 11       		.uleb128 0x11
 1178 00fd 01       		.uleb128 0x1
 1179 00fe 12       		.uleb128 0x12
 1180 00ff 06       		.uleb128 0x6
 1181 0100 40       		.uleb128 0x40
 1182 0101 18       		.uleb128 0x18
 1183 0102 9742     		.uleb128 0x2117
 1184 0104 19       		.uleb128 0x19
 1185 0105 01       		.uleb128 0x1
 1186 0106 13       		.uleb128 0x13
 1187 0107 00       		.byte	0
 1188 0108 00       		.byte	0
 1189 0109 13       		.uleb128 0x13
 1190 010a 34       		.uleb128 0x34
 1191 010b 00       		.byte	0
 1192 010c 03       		.uleb128 0x3
 1193 010d 0E       		.uleb128 0xe
 1194 010e 3A       		.uleb128 0x3a
ARM GAS  C:\Users\zakis\AppData\Local\Temp\ccyki1rj.s 			page 26


 1195 010f 0B       		.uleb128 0xb
 1196 0110 3B       		.uleb128 0x3b
 1197 0111 0B       		.uleb128 0xb
 1198 0112 49       		.uleb128 0x49
 1199 0113 13       		.uleb128 0x13
 1200 0114 02       		.uleb128 0x2
 1201 0115 17       		.uleb128 0x17
 1202 0116 00       		.byte	0
 1203 0117 00       		.byte	0
 1204 0118 14       		.uleb128 0x14
 1205 0119 0B       		.uleb128 0xb
 1206 011a 01       		.byte	0x1
 1207 011b 55       		.uleb128 0x55
 1208 011c 17       		.uleb128 0x17
 1209 011d 00       		.byte	0
 1210 011e 00       		.byte	0
 1211 011f 15       		.uleb128 0x15
 1212 0120 0B       		.uleb128 0xb
 1213 0121 01       		.byte	0x1
 1214 0122 11       		.uleb128 0x11
 1215 0123 01       		.uleb128 0x1
 1216 0124 12       		.uleb128 0x12
 1217 0125 06       		.uleb128 0x6
 1218 0126 00       		.byte	0
 1219 0127 00       		.byte	0
 1220 0128 16       		.uleb128 0x16
 1221 0129 1D       		.uleb128 0x1d
 1222 012a 01       		.byte	0x1
 1223 012b 31       		.uleb128 0x31
 1224 012c 13       		.uleb128 0x13
 1225 012d 11       		.uleb128 0x11
 1226 012e 01       		.uleb128 0x1
 1227 012f 12       		.uleb128 0x12
 1228 0130 06       		.uleb128 0x6
 1229 0131 58       		.uleb128 0x58
 1230 0132 0B       		.uleb128 0xb
 1231 0133 59       		.uleb128 0x59
 1232 0134 0B       		.uleb128 0xb
 1233 0135 01       		.uleb128 0x1
 1234 0136 13       		.uleb128 0x13
 1235 0137 00       		.byte	0
 1236 0138 00       		.byte	0
 1237 0139 17       		.uleb128 0x17
 1238 013a 05       		.uleb128 0x5
 1239 013b 00       		.byte	0
 1240 013c 31       		.uleb128 0x31
 1241 013d 13       		.uleb128 0x13
 1242 013e 02       		.uleb128 0x2
 1243 013f 17       		.uleb128 0x17
 1244 0140 00       		.byte	0
 1245 0141 00       		.byte	0
 1246 0142 18       		.uleb128 0x18
 1247 0143 898201   		.uleb128 0x4109
 1248 0146 00       		.byte	0
 1249 0147 11       		.uleb128 0x11
 1250 0148 01       		.uleb128 0x1
 1251 0149 31       		.uleb128 0x31
ARM GAS  C:\Users\zakis\AppData\Local\Temp\ccyki1rj.s 			page 27


 1252 014a 13       		.uleb128 0x13
 1253 014b 00       		.byte	0
 1254 014c 00       		.byte	0
 1255 014d 19       		.uleb128 0x19
 1256 014e 01       		.uleb128 0x1
 1257 014f 01       		.byte	0x1
 1258 0150 49       		.uleb128 0x49
 1259 0151 13       		.uleb128 0x13
 1260 0152 01       		.uleb128 0x1
 1261 0153 13       		.uleb128 0x13
 1262 0154 00       		.byte	0
 1263 0155 00       		.byte	0
 1264 0156 1A       		.uleb128 0x1a
 1265 0157 21       		.uleb128 0x21
 1266 0158 00       		.byte	0
 1267 0159 49       		.uleb128 0x49
 1268 015a 13       		.uleb128 0x13
 1269 015b 2F       		.uleb128 0x2f
 1270 015c 0B       		.uleb128 0xb
 1271 015d 00       		.byte	0
 1272 015e 00       		.byte	0
 1273 015f 1B       		.uleb128 0x1b
 1274 0160 34       		.uleb128 0x34
 1275 0161 00       		.byte	0
 1276 0162 03       		.uleb128 0x3
 1277 0163 0E       		.uleb128 0xe
 1278 0164 3A       		.uleb128 0x3a
 1279 0165 0B       		.uleb128 0xb
 1280 0166 3B       		.uleb128 0x3b
 1281 0167 0B       		.uleb128 0xb
 1282 0168 49       		.uleb128 0x49
 1283 0169 13       		.uleb128 0x13
 1284 016a 02       		.uleb128 0x2
 1285 016b 18       		.uleb128 0x18
 1286 016c 00       		.byte	0
 1287 016d 00       		.byte	0
 1288 016e 1C       		.uleb128 0x1c
 1289 016f 34       		.uleb128 0x34
 1290 0170 00       		.byte	0
 1291 0171 03       		.uleb128 0x3
 1292 0172 0E       		.uleb128 0xe
 1293 0173 3A       		.uleb128 0x3a
 1294 0174 0B       		.uleb128 0xb
 1295 0175 3B       		.uleb128 0x3b
 1296 0176 0B       		.uleb128 0xb
 1297 0177 49       		.uleb128 0x49
 1298 0178 13       		.uleb128 0x13
 1299 0179 3F       		.uleb128 0x3f
 1300 017a 19       		.uleb128 0x19
 1301 017b 3C       		.uleb128 0x3c
 1302 017c 19       		.uleb128 0x19
 1303 017d 00       		.byte	0
 1304 017e 00       		.byte	0
 1305 017f 1D       		.uleb128 0x1d
 1306 0180 34       		.uleb128 0x34
 1307 0181 00       		.byte	0
 1308 0182 03       		.uleb128 0x3
ARM GAS  C:\Users\zakis\AppData\Local\Temp\ccyki1rj.s 			page 28


 1309 0183 0E       		.uleb128 0xe
 1310 0184 3A       		.uleb128 0x3a
 1311 0185 0B       		.uleb128 0xb
 1312 0186 3B       		.uleb128 0x3b
 1313 0187 05       		.uleb128 0x5
 1314 0188 49       		.uleb128 0x49
 1315 0189 13       		.uleb128 0x13
 1316 018a 3F       		.uleb128 0x3f
 1317 018b 19       		.uleb128 0x19
 1318 018c 3C       		.uleb128 0x3c
 1319 018d 19       		.uleb128 0x19
 1320 018e 00       		.byte	0
 1321 018f 00       		.byte	0
 1322 0190 1E       		.uleb128 0x1e
 1323 0191 35       		.uleb128 0x35
 1324 0192 00       		.byte	0
 1325 0193 49       		.uleb128 0x49
 1326 0194 13       		.uleb128 0x13
 1327 0195 00       		.byte	0
 1328 0196 00       		.byte	0
 1329 0197 1F       		.uleb128 0x1f
 1330 0198 2E       		.uleb128 0x2e
 1331 0199 00       		.byte	0
 1332 019a 3F       		.uleb128 0x3f
 1333 019b 19       		.uleb128 0x19
 1334 019c 3C       		.uleb128 0x3c
 1335 019d 19       		.uleb128 0x19
 1336 019e 6E       		.uleb128 0x6e
 1337 019f 0E       		.uleb128 0xe
 1338 01a0 03       		.uleb128 0x3
 1339 01a1 0E       		.uleb128 0xe
 1340 01a2 3A       		.uleb128 0x3a
 1341 01a3 0B       		.uleb128 0xb
 1342 01a4 3B       		.uleb128 0x3b
 1343 01a5 0B       		.uleb128 0xb
 1344 01a6 00       		.byte	0
 1345 01a7 00       		.byte	0
 1346 01a8 00       		.byte	0
 1347              		.section	.debug_loc,"",%progbits
 1348              	.Ldebug_loc0:
 1349              	.LLST0:
 1350 0000 00000000 		.4byte	.LVL0
 1351 0004 14000000 		.4byte	.LVL1
 1352 0008 0100     		.2byte	0x1
 1353 000a 50       		.byte	0x50
 1354 000b 14000000 		.4byte	.LVL1
 1355 000f 20000000 		.4byte	.LVL3
 1356 0013 0400     		.2byte	0x4
 1357 0015 F3       		.byte	0xf3
 1358 0016 01       		.uleb128 0x1
 1359 0017 50       		.byte	0x50
 1360 0018 9F       		.byte	0x9f
 1361 0019 20000000 		.4byte	.LVL3
 1362 001d 22000000 		.4byte	.LVL4
 1363 0021 0100     		.2byte	0x1
 1364 0023 50       		.byte	0x50
 1365 0024 22000000 		.4byte	.LVL4
ARM GAS  C:\Users\zakis\AppData\Local\Temp\ccyki1rj.s 			page 29


 1366 0028 2E000000 		.4byte	.LVL6
 1367 002c 0400     		.2byte	0x4
 1368 002e F3       		.byte	0xf3
 1369 002f 01       		.uleb128 0x1
 1370 0030 50       		.byte	0x50
 1371 0031 9F       		.byte	0x9f
 1372 0032 2E000000 		.4byte	.LVL6
 1373 0036 30000000 		.4byte	.LVL7
 1374 003a 0100     		.2byte	0x1
 1375 003c 50       		.byte	0x50
 1376 003d 30000000 		.4byte	.LVL7
 1377 0041 4A000000 		.4byte	.LVL13
 1378 0045 0400     		.2byte	0x4
 1379 0047 F3       		.byte	0xf3
 1380 0048 01       		.uleb128 0x1
 1381 0049 50       		.byte	0x50
 1382 004a 9F       		.byte	0x9f
 1383 004b 4A000000 		.4byte	.LVL13
 1384 004f 4C000000 		.4byte	.LVL14
 1385 0053 0100     		.2byte	0x1
 1386 0055 50       		.byte	0x50
 1387 0056 4C000000 		.4byte	.LVL14
 1388 005a 54000000 		.4byte	.LVL15
 1389 005e 0400     		.2byte	0x4
 1390 0060 F3       		.byte	0xf3
 1391 0061 01       		.uleb128 0x1
 1392 0062 50       		.byte	0x50
 1393 0063 9F       		.byte	0x9f
 1394 0064 54000000 		.4byte	.LVL15
 1395 0068 58000000 		.4byte	.LVL16
 1396 006c 0100     		.2byte	0x1
 1397 006e 50       		.byte	0x50
 1398 006f 58000000 		.4byte	.LVL16
 1399 0073 60000000 		.4byte	.LFE111
 1400 0077 0400     		.2byte	0x4
 1401 0079 F3       		.byte	0xf3
 1402 007a 01       		.uleb128 0x1
 1403 007b 50       		.byte	0x50
 1404 007c 9F       		.byte	0x9f
 1405 007d 00000000 		.4byte	0
 1406 0081 00000000 		.4byte	0
 1407              	.LLST1:
 1408 0085 00000000 		.4byte	.LVL0
 1409 0089 17000000 		.4byte	.LVL2-1
 1410 008d 0100     		.2byte	0x1
 1411 008f 51       		.byte	0x51
 1412 0090 17000000 		.4byte	.LVL2-1
 1413 0094 20000000 		.4byte	.LVL3
 1414 0098 0400     		.2byte	0x4
 1415 009a F3       		.byte	0xf3
 1416 009b 01       		.uleb128 0x1
 1417 009c 51       		.byte	0x51
 1418 009d 9F       		.byte	0x9f
 1419 009e 20000000 		.4byte	.LVL3
 1420 00a2 25000000 		.4byte	.LVL5-1
 1421 00a6 0100     		.2byte	0x1
 1422 00a8 51       		.byte	0x51
ARM GAS  C:\Users\zakis\AppData\Local\Temp\ccyki1rj.s 			page 30


 1423 00a9 25000000 		.4byte	.LVL5-1
 1424 00ad 2E000000 		.4byte	.LVL6
 1425 00b1 0400     		.2byte	0x4
 1426 00b3 F3       		.byte	0xf3
 1427 00b4 01       		.uleb128 0x1
 1428 00b5 51       		.byte	0x51
 1429 00b6 9F       		.byte	0x9f
 1430 00b7 2E000000 		.4byte	.LVL6
 1431 00bb 33000000 		.4byte	.LVL8-1
 1432 00bf 0100     		.2byte	0x1
 1433 00c1 51       		.byte	0x51
 1434 00c2 33000000 		.4byte	.LVL8-1
 1435 00c6 4A000000 		.4byte	.LVL13
 1436 00ca 0400     		.2byte	0x4
 1437 00cc F3       		.byte	0xf3
 1438 00cd 01       		.uleb128 0x1
 1439 00ce 51       		.byte	0x51
 1440 00cf 9F       		.byte	0x9f
 1441 00d0 4A000000 		.4byte	.LVL13
 1442 00d4 4C000000 		.4byte	.LVL14
 1443 00d8 0100     		.2byte	0x1
 1444 00da 51       		.byte	0x51
 1445 00db 4C000000 		.4byte	.LVL14
 1446 00df 54000000 		.4byte	.LVL15
 1447 00e3 0400     		.2byte	0x4
 1448 00e5 F3       		.byte	0xf3
 1449 00e6 01       		.uleb128 0x1
 1450 00e7 51       		.byte	0x51
 1451 00e8 9F       		.byte	0x9f
 1452 00e9 54000000 		.4byte	.LVL15
 1453 00ed 60000000 		.4byte	.LFE111
 1454 00f1 0100     		.2byte	0x1
 1455 00f3 51       		.byte	0x51
 1456 00f4 00000000 		.4byte	0
 1457 00f8 00000000 		.4byte	0
 1458              	.LLST2:
 1459 00fc 3C000000 		.4byte	.LVL9
 1460 0100 46000000 		.4byte	.LVL11
 1461 0104 0100     		.2byte	0x1
 1462 0106 54       		.byte	0x54
 1463 0107 48000000 		.4byte	.LVL12
 1464 010b 4A000000 		.4byte	.LVL13
 1465 010f 0100     		.2byte	0x1
 1466 0111 54       		.byte	0x54
 1467 0112 4C000000 		.4byte	.LVL14
 1468 0116 54000000 		.4byte	.LVL15
 1469 011a 0100     		.2byte	0x1
 1470 011c 54       		.byte	0x54
 1471 011d 00000000 		.4byte	0
 1472 0121 00000000 		.4byte	0
 1473              	.LLST3:
 1474 0125 02000000 		.4byte	.LVL17
 1475 0129 08000000 		.4byte	.LVL18
 1476 012d 0200     		.2byte	0x2
 1477 012f 30       		.byte	0x30
 1478 0130 9F       		.byte	0x9f
 1479 0131 08000000 		.4byte	.LVL18
ARM GAS  C:\Users\zakis\AppData\Local\Temp\ccyki1rj.s 			page 31


 1480 0135 24000000 		.4byte	.LVL23
 1481 0139 0100     		.2byte	0x1
 1482 013b 55       		.byte	0x55
 1483 013c 00000000 		.4byte	0
 1484 0140 00000000 		.4byte	0
 1485              	.LLST4:
 1486 0144 02000000 		.4byte	.LVL17
 1487 0148 08000000 		.4byte	.LVL18
 1488 014c 0200     		.2byte	0x2
 1489 014e 30       		.byte	0x30
 1490 014f 9F       		.byte	0x9f
 1491 0150 08000000 		.4byte	.LVL18
 1492 0154 1A000000 		.4byte	.LVL21
 1493 0158 0100     		.2byte	0x1
 1494 015a 54       		.byte	0x54
 1495 015b 1C000000 		.4byte	.LVL22
 1496 015f 24000000 		.4byte	.LVL23
 1497 0163 0100     		.2byte	0x1
 1498 0165 54       		.byte	0x54
 1499 0166 00000000 		.4byte	0
 1500 016a 00000000 		.4byte	0
 1501              	.LLST5:
 1502 016e 14000000 		.4byte	.LVL19
 1503 0172 1C000000 		.4byte	.LVL22
 1504 0176 0100     		.2byte	0x1
 1505 0178 50       		.byte	0x50
 1506 0179 00000000 		.4byte	0
 1507 017d 00000000 		.4byte	0
 1508              	.LLST6:
 1509 0181 00000000 		.4byte	.LVL24
 1510 0185 22000000 		.4byte	.LVL29
 1511 0189 0100     		.2byte	0x1
 1512 018b 50       		.byte	0x50
 1513 018c 22000000 		.4byte	.LVL29
 1514 0190 2A000000 		.4byte	.LVL31
 1515 0194 0400     		.2byte	0x4
 1516 0196 F3       		.byte	0xf3
 1517 0197 01       		.uleb128 0x1
 1518 0198 50       		.byte	0x50
 1519 0199 9F       		.byte	0x9f
 1520 019a 2A000000 		.4byte	.LVL31
 1521 019e 3E000000 		.4byte	.LVL36
 1522 01a2 0100     		.2byte	0x1
 1523 01a4 50       		.byte	0x50
 1524 01a5 3E000000 		.4byte	.LVL36
 1525 01a9 46000000 		.4byte	.LVL38
 1526 01ad 0400     		.2byte	0x4
 1527 01af F3       		.byte	0xf3
 1528 01b0 01       		.uleb128 0x1
 1529 01b1 50       		.byte	0x50
 1530 01b2 9F       		.byte	0x9f
 1531 01b3 46000000 		.4byte	.LVL38
 1532 01b7 5A000000 		.4byte	.LVL43
 1533 01bb 0100     		.2byte	0x1
 1534 01bd 50       		.byte	0x50
 1535 01be 5A000000 		.4byte	.LVL43
 1536 01c2 6E000000 		.4byte	.LVL49
ARM GAS  C:\Users\zakis\AppData\Local\Temp\ccyki1rj.s 			page 32


 1537 01c6 0400     		.2byte	0x4
 1538 01c8 F3       		.byte	0xf3
 1539 01c9 01       		.uleb128 0x1
 1540 01ca 50       		.byte	0x50
 1541 01cb 9F       		.byte	0x9f
 1542 01cc 6E000000 		.4byte	.LVL49
 1543 01d0 70000000 		.4byte	.LVL50
 1544 01d4 0100     		.2byte	0x1
 1545 01d6 50       		.byte	0x50
 1546 01d7 70000000 		.4byte	.LVL50
 1547 01db 78000000 		.4byte	.LVL51
 1548 01df 0400     		.2byte	0x4
 1549 01e1 F3       		.byte	0xf3
 1550 01e2 01       		.uleb128 0x1
 1551 01e3 50       		.byte	0x50
 1552 01e4 9F       		.byte	0x9f
 1553 01e5 78000000 		.4byte	.LVL51
 1554 01e9 7C000000 		.4byte	.LVL52
 1555 01ed 0100     		.2byte	0x1
 1556 01ef 50       		.byte	0x50
 1557 01f0 7C000000 		.4byte	.LVL52
 1558 01f4 84000000 		.4byte	.LFE112
 1559 01f8 0400     		.2byte	0x4
 1560 01fa F3       		.byte	0xf3
 1561 01fb 01       		.uleb128 0x1
 1562 01fc 50       		.byte	0x50
 1563 01fd 9F       		.byte	0x9f
 1564 01fe 00000000 		.4byte	0
 1565 0202 00000000 		.4byte	0
 1566              	.LLST7:
 1567 0206 12000000 		.4byte	.LVL25
 1568 020a 18000000 		.4byte	.LVL26
 1569 020e 0100     		.2byte	0x1
 1570 0210 53       		.byte	0x53
 1571 0211 18000000 		.4byte	.LVL26
 1572 0215 1A000000 		.4byte	.LVL27
 1573 0219 0800     		.2byte	0x8
 1574 021b 70       		.byte	0x70
 1575 021c 00       		.sleb128 0
 1576 021d 03       		.byte	0x3
 1577 021e 00000000 		.4byte	.LANCHOR0
 1578 0222 22       		.byte	0x22
 1579 0223 1A000000 		.4byte	.LVL27
 1580 0227 1C000000 		.4byte	.LVL28
 1581 022b 0100     		.2byte	0x1
 1582 022d 53       		.byte	0x53
 1583 022e 00000000 		.4byte	0
 1584 0232 00000000 		.4byte	0
 1585              	.LLST8:
 1586 0236 2E000000 		.4byte	.LVL32
 1587 023a 34000000 		.4byte	.LVL33
 1588 023e 0100     		.2byte	0x1
 1589 0240 53       		.byte	0x53
 1590 0241 34000000 		.4byte	.LVL33
 1591 0245 36000000 		.4byte	.LVL34
 1592 0249 0800     		.2byte	0x8
 1593 024b 70       		.byte	0x70
ARM GAS  C:\Users\zakis\AppData\Local\Temp\ccyki1rj.s 			page 33


 1594 024c 00       		.sleb128 0
 1595 024d 03       		.byte	0x3
 1596 024e 00000000 		.4byte	.LANCHOR0
 1597 0252 22       		.byte	0x22
 1598 0253 36000000 		.4byte	.LVL34
 1599 0257 38000000 		.4byte	.LVL35
 1600 025b 0100     		.2byte	0x1
 1601 025d 53       		.byte	0x53
 1602 025e 00000000 		.4byte	0
 1603 0262 00000000 		.4byte	0
 1604              	.LLST9:
 1605 0266 4A000000 		.4byte	.LVL39
 1606 026a 50000000 		.4byte	.LVL40
 1607 026e 0100     		.2byte	0x1
 1608 0270 53       		.byte	0x53
 1609 0271 50000000 		.4byte	.LVL40
 1610 0275 52000000 		.4byte	.LVL41
 1611 0279 0800     		.2byte	0x8
 1612 027b 70       		.byte	0x70
 1613 027c 00       		.sleb128 0
 1614 027d 03       		.byte	0x3
 1615 027e 00000000 		.4byte	.LANCHOR0
 1616 0282 22       		.byte	0x22
 1617 0283 52000000 		.4byte	.LVL41
 1618 0287 54000000 		.4byte	.LVL42
 1619 028b 0100     		.2byte	0x1
 1620 028d 53       		.byte	0x53
 1621 028e 00000000 		.4byte	0
 1622 0292 00000000 		.4byte	0
 1623              	.LLST10:
 1624 0296 62000000 		.4byte	.LVL45
 1625 029a 6A000000 		.4byte	.LVL47
 1626 029e 0100     		.2byte	0x1
 1627 02a0 54       		.byte	0x54
 1628 02a1 6C000000 		.4byte	.LVL48
 1629 02a5 6E000000 		.4byte	.LVL49
 1630 02a9 0100     		.2byte	0x1
 1631 02ab 54       		.byte	0x54
 1632 02ac 70000000 		.4byte	.LVL50
 1633 02b0 78000000 		.4byte	.LVL51
 1634 02b4 0100     		.2byte	0x1
 1635 02b6 54       		.byte	0x54
 1636 02b7 00000000 		.4byte	0
 1637 02bb 00000000 		.4byte	0
 1638              		.section	.debug_aranges,"",%progbits
 1639 0000 2C000000 		.4byte	0x2c
 1640 0004 0200     		.2byte	0x2
 1641 0006 00000000 		.4byte	.Ldebug_info0
 1642 000a 04       		.byte	0x4
 1643 000b 00       		.byte	0
 1644 000c 0000     		.2byte	0
 1645 000e 0000     		.2byte	0
 1646 0010 00000000 		.4byte	.LFB111
 1647 0014 60000000 		.4byte	.LFE111-.LFB111
 1648 0018 00000000 		.4byte	.LFB110
 1649 001c 28000000 		.4byte	.LFE110-.LFB110
 1650 0020 00000000 		.4byte	.LFB112
ARM GAS  C:\Users\zakis\AppData\Local\Temp\ccyki1rj.s 			page 34


 1651 0024 84000000 		.4byte	.LFE112-.LFB112
 1652 0028 00000000 		.4byte	0
 1653 002c 00000000 		.4byte	0
 1654              		.section	.debug_ranges,"",%progbits
 1655              	.Ldebug_ranges0:
 1656 0000 3C000000 		.4byte	.LBB9
 1657 0004 4A000000 		.4byte	.LBE9
 1658 0008 4C000000 		.4byte	.LBB10
 1659 000c 50000000 		.4byte	.LBE10
 1660 0010 52000000 		.4byte	.LBB11
 1661 0014 54000000 		.4byte	.LBE11
 1662 0018 00000000 		.4byte	0
 1663 001c 00000000 		.4byte	0
 1664 0020 02000000 		.4byte	.LBB12
 1665 0024 04000000 		.4byte	.LBE12
 1666 0028 06000000 		.4byte	.LBB14
 1667 002c 20000000 		.4byte	.LBE14
 1668 0030 00000000 		.4byte	0
 1669 0034 00000000 		.4byte	0
 1670 0038 62000000 		.4byte	.LBB21
 1671 003c 6E000000 		.4byte	.LBE21
 1672 0040 70000000 		.4byte	.LBB22
 1673 0044 74000000 		.4byte	.LBE22
 1674 0048 76000000 		.4byte	.LBB23
 1675 004c 78000000 		.4byte	.LBE23
 1676 0050 00000000 		.4byte	0
 1677 0054 00000000 		.4byte	0
 1678 0058 00000000 		.4byte	.LFB111
 1679 005c 60000000 		.4byte	.LFE111
 1680 0060 00000000 		.4byte	.LFB110
 1681 0064 28000000 		.4byte	.LFE110
 1682 0068 00000000 		.4byte	.LFB112
 1683 006c 84000000 		.4byte	.LFE112
 1684 0070 00000000 		.4byte	0
 1685 0074 00000000 		.4byte	0
 1686              		.section	.debug_line,"",%progbits
 1687              	.Ldebug_line0:
 1688 0000 F4020000 		.section	.debug_str,"MS",%progbits,1
 1688      02002E02 
 1688      00000201 
 1688      FB0E0D00 
 1688      01010101 
 1689              	.LASF63:
 1690 0000 4C45445F 		.ascii	"LED_Toggle\000"
 1690      546F6767 
 1690      6C6500
 1691              	.LASF60:
 1692 000b 72657375 		.ascii	"result\000"
 1692      6C7400
 1693              	.LASF64:
 1694 0012 4C45445F 		.ascii	"LED__state\000"
 1694      5F737461 
 1694      746500
 1695              	.LASF35:
 1696 001d 52435F45 		.ascii	"RC_ERROR_READ_ONLY\000"
 1696      52524F52 
 1696      5F524541 
ARM GAS  C:\Users\zakis\AppData\Local\Temp\ccyki1rj.s 			page 35


 1696      445F4F4E 
 1696      4C5900
 1697              	.LASF21:
 1698 0030 52435F53 		.ascii	"RC_SUCCESS\000"
 1698      55434345 
 1698      535300
 1699              	.LASF77:
 1700 003b 4C45445F 		.ascii	"LED__toggleValue\000"
 1700      5F746F67 
 1700      676C6556 
 1700      616C7565 
 1700      00
 1701              	.LASF71:
 1702 004c 4C45445F 		.ascii	"LED_red_Write\000"
 1702      7265645F 
 1702      57726974 
 1702      6500
 1703              	.LASF36:
 1704 005a 52435F45 		.ascii	"RC_ERROR_WRITE_ONLY\000"
 1704      52524F52 
 1704      5F575249 
 1704      54455F4F 
 1704      4E4C5900 
 1705              	.LASF2:
 1706 006e 73686F72 		.ascii	"short int\000"
 1706      7420696E 
 1706      7400
 1707              	.LASF27:
 1708 0078 52435F45 		.ascii	"RC_ERROR_OVERRUN\000"
 1708      52524F52 
 1708      5F4F5645 
 1708      5252554E 
 1708      00
 1709              	.LASF39:
 1710 0089 52435F45 		.ascii	"RC_ERROR_WRITE_FAILS\000"
 1710      52524F52 
 1710      5F575249 
 1710      54455F46 
 1710      41494C53 
 1711              	.LASF20:
 1712 009e 73697A65 		.ascii	"sizetype\000"
 1712      74797065 
 1712      00
 1713              	.LASF47:
 1714 00a7 52435F74 		.ascii	"RC_t\000"
 1714      00
 1715              	.LASF24:
 1716 00ac 52435F45 		.ascii	"RC_ERROR_ZERO\000"
 1716      52524F52 
 1716      5F5A4552 
 1716      4F00
 1717              	.LASF18:
 1718 00ba 45455F46 		.ascii	"EE_FREG\000"
 1718      52454700 
 1719              	.LASF38:
 1720 00c2 52435F45 		.ascii	"RC_ERROR_READ_FAILS\000"
 1720      52524F52 
ARM GAS  C:\Users\zakis\AppData\Local\Temp\ccyki1rj.s 			page 36


 1720      5F524541 
 1720      445F4641 
 1720      494C5300 
 1721              	.LASF16:
 1722 00d6 45455F55 		.ascii	"EE_UINT32\000"
 1722      494E5433 
 1722      3200
 1723              	.LASF61:
 1724 00e0 636C6561 		.ascii	"clearResult\000"
 1724      72526573 
 1724      756C7400 
 1725              	.LASF19:
 1726 00ec 45455F54 		.ascii	"EE_TID\000"
 1726      494400
 1727              	.LASF54:
 1728 00f3 654C4544 		.ascii	"eLED_ONOFF\000"
 1728      5F4F4E4F 
 1728      464600
 1729              	.LASF44:
 1730 00fe 52435F45 		.ascii	"RC_ERROR_INVALID_STATE\000"
 1730      52524F52 
 1730      5F494E56 
 1730      414C4944 
 1730      5F535441 
 1731              	.LASF69:
 1732 0115 45455F49 		.ascii	"EE_IRQ_nesting_level\000"
 1732      52515F6E 
 1732      65737469 
 1732      6E675F6C 
 1732      6576656C 
 1733              	.LASF68:
 1734 012a 45455F73 		.ascii	"EE_std_endcycle_next_tid\000"
 1734      74645F65 
 1734      6E646379 
 1734      636C655F 
 1734      6E657874 
 1735              	.LASF26:
 1736 0143 52435F45 		.ascii	"RC_ERROR_RANGE\000"
 1736      52524F52 
 1736      5F52414E 
 1736      474500
 1737              	.LASF11:
 1738 0152 666C6F61 		.ascii	"float\000"
 1738      7400
 1739              	.LASF46:
 1740 0158 52435F45 		.ascii	"RC_ERROR_NOT_IMPLEMENTED\000"
 1740      52524F52 
 1740      5F4E4F54 
 1740      5F494D50 
 1740      4C454D45 
 1741              	.LASF6:
 1742 0171 6C6F6E67 		.ascii	"long long int\000"
 1742      206C6F6E 
 1742      6720696E 
 1742      7400
 1743              	.LASF53:
 1744 017f 654C4544 		.ascii	"eLED_id\000"
ARM GAS  C:\Users\zakis\AppData\Local\Temp\ccyki1rj.s 			page 37


 1744      5F696400 
 1745              	.LASF66:
 1746 0187 45455F6F 		.ascii	"EE_oo_IRQ_suspend_status\000"
 1746      6F5F4952 
 1746      515F7375 
 1746      7370656E 
 1746      645F7374 
 1747              	.LASF75:
 1748 01a0 736F7572 		.ascii	"source\\bsw\\led.c\000"
 1748      63655C62 
 1748      73775C6C 
 1748      65642E63 
 1748      00
 1749              	.LASF40:
 1750 01b1 52435F45 		.ascii	"RC_ERROR_NOT_MATCH\000"
 1750      52524F52 
 1750      5F4E4F54 
 1750      5F4D4154 
 1750      434800
 1751              	.LASF45:
 1752 01c4 52435F45 		.ascii	"RC_ERROR_UNKNOWN\000"
 1752      52524F52 
 1752      5F554E4B 
 1752      4E4F574E 
 1752      00
 1753              	.LASF4:
 1754 01d5 6C6F6E67 		.ascii	"long int\000"
 1754      20696E74 
 1754      00
 1755              	.LASF28:
 1756 01de 52435F45 		.ascii	"RC_ERROR_UNDERRUN\000"
 1756      52524F52 
 1756      5F554E44 
 1756      45525255 
 1756      4E00
 1757              	.LASF31:
 1758 01f0 52435F45 		.ascii	"RC_ERROR_BUSY\000"
 1758      52524F52 
 1758      5F425553 
 1758      5900
 1759              	.LASF58:
 1760 01fe 6C656449 		.ascii	"ledId\000"
 1760      6400
 1761              	.LASF37:
 1762 0204 52435F45 		.ascii	"RC_ERROR_INVALID\000"
 1762      52524F52 
 1762      5F494E56 
 1762      414C4944 
 1762      00
 1763              	.LASF49:
 1764 0215 4C45445F 		.ascii	"LED_ORANGE\000"
 1764      4F52414E 
 1764      474500
 1765              	.LASF42:
 1766 0220 52435F45 		.ascii	"RC_ERROR_BAD_DATA\000"
 1766      52524F52 
 1766      5F424144 
ARM GAS  C:\Users\zakis\AppData\Local\Temp\ccyki1rj.s 			page 38


 1766      5F444154 
 1766      4100
 1767              	.LASF14:
 1768 0232 6C6F6E67 		.ascii	"long double\000"
 1768      20646F75 
 1768      626C6500 
 1769              	.LASF73:
 1770 023e 4C45445F 		.ascii	"LED_green_Write\000"
 1770      67726565 
 1770      6E5F5772 
 1770      69746500 
 1771              	.LASF1:
 1772 024e 756E7369 		.ascii	"unsigned char\000"
 1772      676E6564 
 1772      20636861 
 1772      7200
 1773              	.LASF57:
 1774 025c 4C45445F 		.ascii	"LED_ONOFF_t\000"
 1774      4F4E4F46 
 1774      465F7400 
 1775              	.LASF0:
 1776 0268 7369676E 		.ascii	"signed char\000"
 1776      65642063 
 1776      68617200 
 1777              	.LASF7:
 1778 0274 6C6F6E67 		.ascii	"long long unsigned int\000"
 1778      206C6F6E 
 1778      6720756E 
 1778      7369676E 
 1778      65642069 
 1779              	.LASF56:
 1780 028b 4C45445F 		.ascii	"LED_ON\000"
 1780      4F4E00
 1781              	.LASF52:
 1782 0292 4C45445F 		.ascii	"LED_id_t\000"
 1782      69645F74 
 1782      00
 1783              	.LASF8:
 1784 029b 756E7369 		.ascii	"unsigned int\000"
 1784      676E6564 
 1784      20696E74 
 1784      00
 1785              	.LASF33:
 1786 02a8 52435F45 		.ascii	"RC_ERROR_OPEN\000"
 1786      52524F52 
 1786      5F4F5045 
 1786      4E00
 1787              	.LASF62:
 1788 02b6 4C45445F 		.ascii	"LED_Set\000"
 1788      53657400 
 1789              	.LASF55:
 1790 02be 4C45445F 		.ascii	"LED_OFF\000"
 1790      4F464600 
 1791              	.LASF23:
 1792 02c6 52435F45 		.ascii	"RC_ERROR_NULL\000"
 1792      52524F52 
 1792      5F4E554C 
ARM GAS  C:\Users\zakis\AppData\Local\Temp\ccyki1rj.s 			page 39


 1792      4C00
 1793              	.LASF30:
 1794 02d4 52435F45 		.ascii	"RC_ERROR_BUFFER_EMTPY\000"
 1794      52524F52 
 1794      5F425546 
 1794      4645525F 
 1794      454D5450 
 1795              	.LASF15:
 1796 02ea 45455F49 		.ascii	"EE_INT32\000"
 1796      4E543332 
 1796      00
 1797              	.LASF59:
 1798 02f3 6C65644F 		.ascii	"ledOnOff\000"
 1798      6E4F6666 
 1798      00
 1799              	.LASF3:
 1800 02fc 73686F72 		.ascii	"short unsigned int\000"
 1800      7420756E 
 1800      7369676E 
 1800      65642069 
 1800      6E7400
 1801              	.LASF74:
 1802 030f 474E5520 		.ascii	"GNU C11 5.4.1 20160609 (release) [ARM/embedded-5-br"
 1802      43313120 
 1802      352E342E 
 1802      31203230 
 1802      31363036 
 1803 0342 616E6368 		.ascii	"anch revision 237715] -mcpu=cortex-m3 -mthumb -g -O"
 1803      20726576 
 1803      6973696F 
 1803      6E203233 
 1803      37373135 
 1804 0375 67202D66 		.ascii	"g -ffunction-sections -ffat-lto-objects\000"
 1804      66756E63 
 1804      74696F6E 
 1804      2D736563 
 1804      74696F6E 
 1805              	.LASF13:
 1806 039d 63686172 		.ascii	"char\000"
 1806      00
 1807              	.LASF29:
 1808 03a2 52435F45 		.ascii	"RC_ERROR_BUFFER_FULL\000"
 1808      52524F52 
 1808      5F425546 
 1808      4645525F 
 1808      46554C4C 
 1809              	.LASF10:
 1810 03b7 696E7433 		.ascii	"int32_t\000"
 1810      325F7400 
 1811              	.LASF41:
 1812 03bf 52435F45 		.ascii	"RC_ERROR_BAD_PARAM\000"
 1812      52524F52 
 1812      5F424144 
 1812      5F504152 
 1812      414D00
 1813              	.LASF50:
 1814 03d2 4C45445F 		.ascii	"LED_GREEN\000"
ARM GAS  C:\Users\zakis\AppData\Local\Temp\ccyki1rj.s 			page 40


 1814      47524545 
 1814      4E00
 1815              	.LASF67:
 1816 03dc 45455F41 		.ascii	"EE_ApplicationMode\000"
 1816      70706C69 
 1816      63617469 
 1816      6F6E4D6F 
 1816      646500
 1817              	.LASF5:
 1818 03ef 6C6F6E67 		.ascii	"long unsigned int\000"
 1818      20756E73 
 1818      69676E65 
 1818      6420696E 
 1818      7400
 1819              	.LASF78:
 1820 0401 4C45445F 		.ascii	"LED_Init\000"
 1820      496E6974 
 1820      00
 1821              	.LASF34:
 1822 040a 52435F45 		.ascii	"RC_ERROR_CHECKSUM\000"
 1822      52524F52 
 1822      5F434845 
 1822      434B5355 
 1822      4D00
 1823              	.LASF17:
 1824 041c 45455F55 		.ascii	"EE_UREG\000"
 1824      52454700 
 1825              	.LASF51:
 1826 0424 4C45445F 		.ascii	"LED_ALL\000"
 1826      414C4C00 
 1827              	.LASF9:
 1828 042c 5F5F696E 		.ascii	"__int32_t\000"
 1828      7433325F 
 1828      7400
 1829              	.LASF43:
 1830 0436 52435F45 		.ascii	"RC_ERROR_CANCELED\000"
 1830      52524F52 
 1830      5F43414E 
 1830      43454C45 
 1830      4400
 1831              	.LASF76:
 1832 0448 433A5C55 		.ascii	"C:\\Users\\zakis\\Documents\\SDHD_LAB\\MovementDete"
 1832      73657273 
 1832      5C7A616B 
 1832      69735C44 
 1832      6F63756D 
 1833 0476 63746F72 		.ascii	"ctor\\40_Implementation\\20_SW\\10_work\\MovementDe"
 1833      5C34305F 
 1833      496D706C 
 1833      656D656E 
 1833      74617469 
 1834 04a5 74656374 		.ascii	"tector\\RADAR_Movement_Detector.cydsn\000"
 1834      6F725C52 
 1834      41444152 
 1834      5F4D6F76 
 1834      656D656E 
 1835              	.LASF12:
ARM GAS  C:\Users\zakis\AppData\Local\Temp\ccyki1rj.s 			page 41


 1836 04ca 646F7562 		.ascii	"double\000"
 1836      6C6500
 1837              	.LASF70:
 1838 04d1 49544D5F 		.ascii	"ITM_RxBuffer\000"
 1838      52784275 
 1838      66666572 
 1838      00
 1839              	.LASF22:
 1840 04de 52435F45 		.ascii	"RC_ERROR\000"
 1840      52524F52 
 1840      00
 1841              	.LASF48:
 1842 04e7 4C45445F 		.ascii	"LED_RED\000"
 1842      52454400 
 1843              	.LASF25:
 1844 04ef 52435F45 		.ascii	"RC_ERROR_MEMORY\000"
 1844      52524F52 
 1844      5F4D454D 
 1844      4F525900 
 1845              	.LASF65:
 1846 04ff 45455F6F 		.ascii	"EE_oo_IRQ_disable_count\000"
 1846      6F5F4952 
 1846      515F6469 
 1846      7361626C 
 1846      655F636F 
 1847              	.LASF72:
 1848 0517 4C45445F 		.ascii	"LED_orange_Write\000"
 1848      6F72616E 
 1848      67655F57 
 1848      72697465 
 1848      00
 1849              	.LASF32:
 1850 0528 52435F45 		.ascii	"RC_ERROR_TIME_OUT\000"
 1850      52524F52 
 1850      5F54494D 
 1850      455F4F55 
 1850      5400
 1851              		.ident	"GCC: (GNU Tools for ARM Embedded Processors) 5.4.1 20160609 (release) [ARM/embedded-5-bran
