ARM GAS  C:\Users\zakis\AppData\Local\Temp\ccl4uNEc.s 			page 1


   1              		.syntax unified
   2              		.cpu cortex-m3
   3              		.fpu softvfp
   4              		.eabi_attribute 20, 1
   5              		.eabi_attribute 21, 1
   6              		.eabi_attribute 23, 3
   7              		.eabi_attribute 24, 1
   8              		.eabi_attribute 25, 1
   9              		.eabi_attribute 26, 1
  10              		.eabi_attribute 30, 1
  11              		.eabi_attribute 34, 1
  12              		.eabi_attribute 18, 4
  13              		.thumb
  14              		.syntax unified
  15              		.file	"uart.c"
  16              		.text
  17              	.Ltext0:
  18              		.cfi_sections	.debug_frame
  19              		.section	.text.UART_init,"ax",%progbits
  20              		.align	2
  21              		.global	UART_init
  22              		.thumb
  23              		.thumb_func
  24              		.type	UART_init, %function
  25              	UART_init:
  26              	.LFB0:
  27              		.file 1 "source\\bsw\\uart.c"
   1:source\bsw/uart.c **** /**
   2:source\bsw/uart.c **** * \file uart.c
   3:source\bsw/uart.c **** * \author P. Fromm
   4:source\bsw/uart.c **** * \date 8.12.19
   5:source\bsw/uart.c **** *
   6:source\bsw/uart.c **** * \brief UART wrapper
   7:source\bsw/uart.c **** *
   8:source\bsw/uart.c **** * \copyright Copyright ©2016
   9:source\bsw/uart.c **** * Department of electrical engineering and information technology, Hochschule Darmstadt - Universit
  10:source\bsw/uart.c **** * Permission to use, copy, modify, and distribute this software and its documentation for education
  11:source\bsw/uart.c **** * (unless permitted by h_da) and official h_da projects, is hereby granted for enrolled students of
  12:source\bsw/uart.c **** * this paragraph and the following paragraph appear in all copies, modifications, and distributions
  13:source\bsw/uart.c **** * Contact Prof.Dr.-Ing. Peter Fromm, peter.fromm@h-da.de, Birkenweg 8 64295 Darmstadt - GERMANY for
  14:source\bsw/uart.c **** *
  15:source\bsw/uart.c **** * \warning This software is a PROTOTYPE version and is not designed or intended for use in producti
  16:source\bsw/uart.c **** * The user represents and warrants that it will NOT use or redistribute the Software for such purpo
  17:source\bsw/uart.c **** * This prototype is for research purposes only. This software is provided "AS IS," without a warran
  18:source\bsw/uart.c **** */
  19:source\bsw/uart.c **** 
  20:source\bsw/uart.c **** /*****************************************************************************/
  21:source\bsw/uart.c **** /* Include files                                                             */
  22:source\bsw/uart.c **** /*****************************************************************************/
  23:source\bsw/uart.c **** 
  24:source\bsw/uart.c **** 
  25:source\bsw/uart.c **** #include "uart.h"
  26:source\bsw/uart.c **** 
  27:source\bsw/uart.c **** /*****************************************************************************/
  28:source\bsw/uart.c **** /* Local pre-processor symbols/macros ('#define')                            */
  29:source\bsw/uart.c **** /*****************************************************************************/
  30:source\bsw/uart.c **** 
ARM GAS  C:\Users\zakis\AppData\Local\Temp\ccl4uNEc.s 			page 2


  31:source\bsw/uart.c **** /*****************************************************************************/
  32:source\bsw/uart.c **** /* Global variable definitions (declared in header file with 'extern')       */
  33:source\bsw/uart.c **** /*****************************************************************************/
  34:source\bsw/uart.c **** 
  35:source\bsw/uart.c **** const static uint8_t UART_Bits_Ascending[128] = {
  36:source\bsw/uart.c ****     0, 1, 2, 3, 4, 5, 6, 7, 8, 9, 10, 11, 12, 13, 14, 15,
  37:source\bsw/uart.c ****     16, 17, 18, 19, 20, 21, 22, 23, 24, 25, 26, 27, 28, 29, 30, 31,
  38:source\bsw/uart.c ****     32, 33, 34, 35, 36, 37, 38, 39, 40, 41, 42, 43, 44, 45, 46, 47,
  39:source\bsw/uart.c ****     48, 49, 50, 51, 52, 53, 54, 55, 56, 57, 58, 59, 60, 61, 62, 63,
  40:source\bsw/uart.c ****     64, 65, 66, 67, 68, 69, 70, 71, 72, 73, 74, 75, 76, 77, 78, 79,
  41:source\bsw/uart.c ****     80, 81, 82, 83, 84, 85, 86, 87, 88, 89, 90, 91, 92, 93, 94, 95,
  42:source\bsw/uart.c ****     96, 97, 98, 99, 100, 101, 102, 103, 104, 105, 106, 107, 108, 109, 110, 111,
  43:source\bsw/uart.c ****     112, 113, 114, 115, 116, 117, 118, 119, 120, 121, 122, 123, 124, 125, 126, 127,
  44:source\bsw/uart.c **** 
  45:source\bsw/uart.c **** };
  46:source\bsw/uart.c **** const static uint8_t UART_Bits_Descending[128] = {
  47:source\bsw/uart.c ****     128, 127, 126, 125, 124, 123, 122, 121, 120, 119, 118, 117, 116, 115, 114, 113,
  48:source\bsw/uart.c ****     112, 111, 110, 109, 108, 107, 106, 105, 104, 103, 102, 101, 100, 99, 98, 97,
  49:source\bsw/uart.c ****     96, 95, 94, 93, 92, 91, 90, 89, 88, 87, 86, 85, 84, 83, 82, 81,
  50:source\bsw/uart.c ****     80, 79, 78, 77, 76, 75, 74, 73, 72, 71, 70, 69, 68, 67, 66, 65,
  51:source\bsw/uart.c ****     64, 63, 62, 61, 60, 59, 58, 57, 56, 55, 54, 53, 52, 51, 50, 49,
  52:source\bsw/uart.c ****     48, 47, 46, 45, 44, 43, 42, 41, 40, 39, 38, 37, 36, 35, 34, 33,
  53:source\bsw/uart.c ****     32, 31, 30, 29, 28, 27, 26, 25, 24, 23, 22, 21, 20, 19, 18, 17,
  54:source\bsw/uart.c ****     16, 15, 14, 13, 12, 11, 10, 9, 8, 7, 6, 5, 4, 3, 2, 1
  55:source\bsw/uart.c **** 
  56:source\bsw/uart.c **** };
  57:source\bsw/uart.c **** 
  58:source\bsw/uart.c **** /*****************************************************************************/
  59:source\bsw/uart.c **** /* Local type definitions ('typedef')                                        */
  60:source\bsw/uart.c **** /*****************************************************************************/
  61:source\bsw/uart.c **** 
  62:source\bsw/uart.c **** /*****************************************************************************/
  63:source\bsw/uart.c **** /* Local variable definitions ('static')                                     */
  64:source\bsw/uart.c **** /*****************************************************************************/
  65:source\bsw/uart.c **** 
  66:source\bsw/uart.c **** 
  67:source\bsw/uart.c **** 
  68:source\bsw/uart.c **** /*****************************************************************************/
  69:source\bsw/uart.c **** /* Local function prototypes ('static')                                      */
  70:source\bsw/uart.c **** /*****************************************************************************/
  71:source\bsw/uart.c **** 
  72:source\bsw/uart.c **** 
  73:source\bsw/uart.c **** /*****************************************************************************/
  74:source\bsw/uart.c **** /* Function implementation - global ('extern') and local ('static')          */
  75:source\bsw/uart.c **** /*****************************************************************************/
  76:source\bsw/uart.c **** 
  77:source\bsw/uart.c **** /**
  78:source\bsw/uart.c ****  * Init a Uart Port
  79:source\bsw/uart.c ****  * @param UART_t * const me : IN/OUT - pointer to uart port object 
  80:source\bsw/uart.c ****  * @return RC_SUCCESS or error code
  81:source\bsw/uart.c ****  */
  82:source\bsw/uart.c **** RC_t UART_init()
  83:source\bsw/uart.c **** {
  28              		.loc 1 83 0
  29              		.cfi_startproc
  30              		@ args = 0, pretend = 0, frame = 0
  31              		@ frame_needed = 0, uses_anonymous_args = 0
ARM GAS  C:\Users\zakis\AppData\Local\Temp\ccl4uNEc.s 			page 3


  32 0000 08B5     		push	{r3, lr}
  33              		.cfi_def_cfa_offset 8
  34              		.cfi_offset 3, -8
  35              		.cfi_offset 14, -4
  84:source\bsw/uart.c ****     
  85:source\bsw/uart.c ****     UART_LOG_Start();
  36              		.loc 1 85 0
  37 0002 FFF7FEFF 		bl	UART_LOG_Start
  38              	.LVL0:
  86:source\bsw/uart.c **** //    UART_LOG_PutString("Ready to receive data\n");
  87:source\bsw/uart.c ****     return RC_SUCCESS;
  88:source\bsw/uart.c **** }
  39              		.loc 1 88 0
  40 0006 0020     		movs	r0, #0
  41 0008 08BD     		pop	{r3, pc}
  42              		.cfi_endproc
  43              	.LFE0:
  44              		.size	UART_init, .-UART_init
  45 000a 00BF     		.section	.text.UART_restartOperation,"ax",%progbits
  46              		.align	2
  47              		.global	UART_restartOperation
  48              		.thumb
  49              		.thumb_func
  50              		.type	UART_restartOperation, %function
  51              	UART_restartOperation:
  52              	.LFB1:
  89:source\bsw/uart.c **** 
  90:source\bsw/uart.c **** RC_t UART_restartOperation(){
  53              		.loc 1 90 0
  54              		.cfi_startproc
  55              		@ args = 0, pretend = 0, frame = 0
  56              		@ frame_needed = 0, uses_anonymous_args = 0
  57 0000 08B5     		push	{r3, lr}
  58              		.cfi_def_cfa_offset 8
  59              		.cfi_offset 3, -8
  60              		.cfi_offset 14, -4
  91:source\bsw/uart.c ****     UART_LOG_Stop();
  61              		.loc 1 91 0
  62 0002 FFF7FEFF 		bl	UART_LOG_Stop
  63              	.LVL1:
  92:source\bsw/uart.c ****     UART_LOG_Start();
  64              		.loc 1 92 0
  65 0006 FFF7FEFF 		bl	UART_LOG_Start
  66              	.LVL2:
  93:source\bsw/uart.c **** 
  94:source\bsw/uart.c **** }
  67              		.loc 1 94 0
  68 000a 08BD     		pop	{r3, pc}
  69              		.cfi_endproc
  70              	.LFE1:
  71              		.size	UART_restartOperation, .-UART_restartOperation
  72              		.section	.text.UART_RX_isrHandler,"ax",%progbits
  73              		.align	2
  74              		.global	UART_RX_isrHandler
  75              		.thumb
  76              		.thumb_func
  77              		.type	UART_RX_isrHandler, %function
ARM GAS  C:\Users\zakis\AppData\Local\Temp\ccl4uNEc.s 			page 4


  78              	UART_RX_isrHandler:
  79              	.LFB2:
  95:source\bsw/uart.c **** //
  96:source\bsw/uart.c **** ///**
  97:source\bsw/uart.c **** // * Write a string to the UART, Using Ringbuffer and ISR
  98:source\bsw/uart.c **** // * @param UART_t * const me : IN/OUT - pointer to uart port object 
  99:source\bsw/uart.c **** // * @param uint8_t const * const s : IN - pointer to the string to be transmitted
 100:source\bsw/uart.c **** // * @return <return description>
 101:source\bsw/uart.c **** // */
 102:source\bsw/uart.c **** //RC_t UART_writeString(UART_t *const me, uint8_t const * const s)
 103:source\bsw/uart.c **** //{
 104:source\bsw/uart.c **** //    //Write data into ringbuffer
 105:source\bsw/uart.c **** //    uint16_t len = strlen(s);
 106:source\bsw/uart.c **** //    uint16_t capacity = RB_getCapacity(&me->m_txBuffer);
 107:source\bsw/uart.c **** //    
 108:source\bsw/uart.c **** //    if (len < capacity)
 109:source\bsw/uart.c **** //    {
 110:source\bsw/uart.c **** //        for (uint16_t i = 0; i < len; i++)
 111:source\bsw/uart.c **** //        {
 112:source\bsw/uart.c **** //            RB_write(&me->m_txBuffer, &s[i]);
 113:source\bsw/uart.c **** //        }
 114:source\bsw/uart.c **** //    
 115:source\bsw/uart.c **** //        //Initiate transfer
 116:source\bsw/uart.c **** //        //Can be optimized in terms of speed
 117:source\bsw/uart.c **** //        uint8_t firstElement = 0;
 118:source\bsw/uart.c **** //        RB_read(&me->m_txBuffer, &firstElement);
 119:source\bsw/uart.c **** //        
 120:source\bsw/uart.c **** //        //Send to driver
 121:source\bsw/uart.c **** //        //Rest will be transmitted by TX_isr;
 122:source\bsw/uart.c **** //        UART_writeByte(firstElement);
 123:source\bsw/uart.c **** //    }
 124:source\bsw/uart.c **** //    else
 125:source\bsw/uart.c **** //    {
 126:source\bsw/uart.c **** //        return RC_ERROR_MEMORY;
 127:source\bsw/uart.c **** //    }
 128:source\bsw/uart.c **** //    
 129:source\bsw/uart.c **** //    return RC_SUCCESS;
 130:source\bsw/uart.c **** //}
 131:source\bsw/uart.c **** //
 132:source\bsw/uart.c **** ///**
 133:source\bsw/uart.c **** // * Write next char to the UART port
 134:source\bsw/uart.c **** // * @param UART_t * const me : IN/OUT - pointer to uart port object 
 135:source\bsw/uart.c **** // * @return RC_SUCCESS or errorcode
 136:source\bsw/uart.c **** // */
 137:source\bsw/uart.c **** //RC_t UART_TX_isrHandler(UART_t *const me)
 138:source\bsw/uart.c **** //{
 139:source\bsw/uart.c **** //    
 140:source\bsw/uart.c **** //    if (RB_getNumberOfStoredElements(&me->m_txBuffer))
 141:source\bsw/uart.c **** //    {
 142:source\bsw/uart.c **** //        uint8_t nextElement = 0;
 143:source\bsw/uart.c **** //        RB_read(&me->m_txBuffer, &nextElement);
 144:source\bsw/uart.c **** //        
 145:source\bsw/uart.c **** //        //Send to driver
 146:source\bsw/uart.c **** //        UART_writeByte(nextElement);
 147:source\bsw/uart.c **** //        
 148:source\bsw/uart.c **** //        return RC_SUCCESS;
 149:source\bsw/uart.c **** //    }
ARM GAS  C:\Users\zakis\AppData\Local\Temp\ccl4uNEc.s 			page 5


 150:source\bsw/uart.c **** //    else
 151:source\bsw/uart.c **** //    {
 152:source\bsw/uart.c **** //        //do nothing, transfer ended
 153:source\bsw/uart.c **** //        return RC_ERROR_BUFFER_EMTPY;
 154:source\bsw/uart.c **** //    }
 155:source\bsw/uart.c **** //    
 156:source\bsw/uart.c **** //}
 157:source\bsw/uart.c **** //
 158:source\bsw/uart.c **** //
 159:source\bsw/uart.c **** //
 160:source\bsw/uart.c **** //RC_t UART_RX_isrHandler(UART_t *const me){
 161:source\bsw/uart.c **** //    uint8_t receivedByte = UART_readByte();
 162:source\bsw/uart.c **** //    
 163:source\bsw/uart.c **** //    
 164:source\bsw/uart.c **** //    RC_t result = RC_ERROR;
 165:source\bsw/uart.c **** //    result =  RB_write(&me->m_rxBuffer, &receivedByte);
 166:source\bsw/uart.c **** //    if (result == RC_SUCCESS && receivedByte == UART_Terminator){
 167:source\bsw/uart.c **** //        result = RC_TRIGGER;
 168:source\bsw/uart.c **** //    }
 169:source\bsw/uart.c **** //    me -> countISR++;
 170:source\bsw/uart.c **** //    return result;
 171:source\bsw/uart.c **** //}
 172:source\bsw/uart.c **** //
 173:source\bsw/uart.c **** //RC_t UART_getJsonString(UART_t * const me, uint8_t * const jsonString){
 174:source\bsw/uart.c **** //#if 0
 175:source\bsw/uart.c **** //    if (me == NULL || jsonString == NULL){
 176:source\bsw/uart.c **** //        return RC_ERROR_NULL;
 177:source\bsw/uart.c **** //    }
 178:source\bsw/uart.c **** //    
 179:source\bsw/uart.c **** //    if (RB_getNumberOfStoredElements(&me->m_rxBuffer) == 0) {
 180:source\bsw/uart.c **** //        return RC_ERROR_BUFFER_EMTPY;
 181:source\bsw/uart.c **** //    }
 182:source\bsw/uart.c **** //#endif
 183:source\bsw/uart.c **** //for (uint8_t i = 0; i > MAX_JSON_STRING_LENGTH; ++i){
 184:source\bsw/uart.c **** //
 185:source\bsw/uart.c **** //    jsonString[i] = '\0';
 186:source\bsw/uart.c **** //}
 187:source\bsw/uart.c **** //
 188:source\bsw/uart.c **** //
 189:source\bsw/uart.c **** //    char receivedChar;
 190:source\bsw/uart.c **** //    int index = 0;
 191:source\bsw/uart.c **** //    uint8_t data;
 192:source\bsw/uart.c **** //    while (1) {
 193:source\bsw/uart.c **** //        RC_t result = RB_read(&me->m_rxBuffer, &data);
 194:source\bsw/uart.c **** //
 195:source\bsw/uart.c **** //        if (result == RC_SUCCESS) {
 196:source\bsw/uart.c **** //            receivedChar = data;
 197:source\bsw/uart.c **** //            jsonString[index++] = receivedChar;
 198:source\bsw/uart.c **** //      
 199:source\bsw/uart.c **** //            if (receivedChar == UART_Terminator) {
 200:source\bsw/uart.c **** //                jsonString[index] = '\0';
 201:source\bsw/uart.c **** //                //UART_LOG_PutString("UART_getString");
 202:source\bsw/uart.c **** //                //UART_LOG_PutString((const char8 *)jsonString); // debug
 203:source\bsw/uart.c **** //                //UART_LOG_PutString("\n");
 204:source\bsw/uart.c **** //                return RC_SUCCESS;
 205:source\bsw/uart.c **** //            }
 206:source\bsw/uart.c **** //
ARM GAS  C:\Users\zakis\AppData\Local\Temp\ccl4uNEc.s 			page 6


 207:source\bsw/uart.c **** //            if (index >= MAX_JSON_STRING_LENGTH - 1) {
 208:source\bsw/uart.c **** //                return RC_ERROR_READ_FAILS;
 209:source\bsw/uart.c **** //                break;
 210:source\bsw/uart.c **** //            }
 211:source\bsw/uart.c **** //        } else {
 212:source\bsw/uart.c **** //             return RC_ERROR_READ_FAILS;
 213:source\bsw/uart.c **** //            //break;
 214:source\bsw/uart.c **** //        }
 215:source\bsw/uart.c **** //    }
 216:source\bsw/uart.c **** //}
 217:source\bsw/uart.c **** 
 218:source\bsw/uart.c **** 
 219:source\bsw/uart.c **** RC_t UART_RX_isrHandler(){
  80              		.loc 1 219 0
  81              		.cfi_startproc
  82              		@ args = 0, pretend = 0, frame = 0
  83              		@ frame_needed = 0, uses_anonymous_args = 0
  84 0000 10B5     		push	{r4, lr}
  85              		.cfi_def_cfa_offset 8
  86              		.cfi_offset 4, -8
  87              		.cfi_offset 14, -4
 220:source\bsw/uart.c **** uint8_t data = UART_LOG_GetByte();
  88              		.loc 1 220 0
  89 0002 FFF7FEFF 		bl	UART_LOG_GetByte
  90              	.LVL3:
  91 0006 C0B2     		uxtb	r0, r0
  92              	.LVL4:
 221:source\bsw/uart.c **** 
 222:source\bsw/uart.c ****     
 223:source\bsw/uart.c ****     if (data == 's'){
  93              		.loc 1 223 0
  94 0008 7328     		cmp	r0, #115
  95 000a 08D1     		bne	.L6
 224:source\bsw/uart.c **** 
 225:source\bsw/uart.c ****             UART_LOG_PutArray(UART_Bits_Ascending, 128);
  96              		.loc 1 225 0
  97 000c 044C     		ldr	r4, .L8
  98 000e 8021     		movs	r1, #128
  99 0010 2046     		mov	r0, r4
 100              	.LVL5:
 101 0012 FFF7FEFF 		bl	UART_LOG_PutArray
 102              	.LVL6:
 226:source\bsw/uart.c ****             UART_LOG_PutArray(UART_Bits_Descending, 128);
 103              		.loc 1 226 0
 104 0016 8021     		movs	r1, #128
 105 0018 6018     		adds	r0, r4, r1
 106 001a FFF7FEFF 		bl	UART_LOG_PutArray
 107              	.LVL7:
 108              	.L6:
 227:source\bsw/uart.c **** 
 228:source\bsw/uart.c ****     }
 229:source\bsw/uart.c **** }...
 109              		.loc 1 229 0
 110 001e 10BD     		pop	{r4, pc}
 111              	.L9:
 112              		.align	2
 113              	.L8:
ARM GAS  C:\Users\zakis\AppData\Local\Temp\ccl4uNEc.s 			page 7


 114 0020 00000000 		.word	.LANCHOR0
 115              		.cfi_endproc
 116              	.LFE2:
 117              		.size	UART_RX_isrHandler, .-UART_RX_isrHandler
 118              		.section	.rodata
 119              		.align	2
 120              		.set	.LANCHOR0,. + 0
 121              		.type	UART_Bits_Ascending, %object
 122              		.size	UART_Bits_Ascending, 128
 123              	UART_Bits_Ascending:
 124 0000 00       		.byte	0
 125 0001 01       		.byte	1
 126 0002 02       		.byte	2
 127 0003 03       		.byte	3
 128 0004 04       		.byte	4
 129 0005 05       		.byte	5
 130 0006 06       		.byte	6
 131 0007 07       		.byte	7
 132 0008 08       		.byte	8
 133 0009 09       		.byte	9
 134 000a 0A       		.byte	10
 135 000b 0B       		.byte	11
 136 000c 0C       		.byte	12
 137 000d 0D       		.byte	13
 138 000e 0E       		.byte	14
 139 000f 0F       		.byte	15
 140 0010 10       		.byte	16
 141 0011 11       		.byte	17
 142 0012 12       		.byte	18
 143 0013 13       		.byte	19
 144 0014 14       		.byte	20
 145 0015 15       		.byte	21
 146 0016 16       		.byte	22
 147 0017 17       		.byte	23
 148 0018 18       		.byte	24
 149 0019 19       		.byte	25
 150 001a 1A       		.byte	26
 151 001b 1B       		.byte	27
 152 001c 1C       		.byte	28
 153 001d 1D       		.byte	29
 154 001e 1E       		.byte	30
 155 001f 1F       		.byte	31
 156 0020 20       		.byte	32
 157 0021 21       		.byte	33
 158 0022 22       		.byte	34
 159 0023 23       		.byte	35
 160 0024 24       		.byte	36
 161 0025 25       		.byte	37
 162 0026 26       		.byte	38
 163 0027 27       		.byte	39
 164 0028 28       		.byte	40
 165 0029 29       		.byte	41
 166 002a 2A       		.byte	42
 167 002b 2B       		.byte	43
 168 002c 2C       		.byte	44
 169 002d 2D       		.byte	45
 170 002e 2E       		.byte	46
ARM GAS  C:\Users\zakis\AppData\Local\Temp\ccl4uNEc.s 			page 8


 171 002f 2F       		.byte	47
 172 0030 30       		.byte	48
 173 0031 31       		.byte	49
 174 0032 32       		.byte	50
 175 0033 33       		.byte	51
 176 0034 34       		.byte	52
 177 0035 35       		.byte	53
 178 0036 36       		.byte	54
 179 0037 37       		.byte	55
 180 0038 38       		.byte	56
 181 0039 39       		.byte	57
 182 003a 3A       		.byte	58
 183 003b 3B       		.byte	59
 184 003c 3C       		.byte	60
 185 003d 3D       		.byte	61
 186 003e 3E       		.byte	62
 187 003f 3F       		.byte	63
 188 0040 40       		.byte	64
 189 0041 41       		.byte	65
 190 0042 42       		.byte	66
 191 0043 43       		.byte	67
 192 0044 44       		.byte	68
 193 0045 45       		.byte	69
 194 0046 46       		.byte	70
 195 0047 47       		.byte	71
 196 0048 48       		.byte	72
 197 0049 49       		.byte	73
 198 004a 4A       		.byte	74
 199 004b 4B       		.byte	75
 200 004c 4C       		.byte	76
 201 004d 4D       		.byte	77
 202 004e 4E       		.byte	78
 203 004f 4F       		.byte	79
 204 0050 50       		.byte	80
 205 0051 51       		.byte	81
 206 0052 52       		.byte	82
 207 0053 53       		.byte	83
 208 0054 54       		.byte	84
 209 0055 55       		.byte	85
 210 0056 56       		.byte	86
 211 0057 57       		.byte	87
 212 0058 58       		.byte	88
 213 0059 59       		.byte	89
 214 005a 5A       		.byte	90
 215 005b 5B       		.byte	91
 216 005c 5C       		.byte	92
 217 005d 5D       		.byte	93
 218 005e 5E       		.byte	94
 219 005f 5F       		.byte	95
 220 0060 60       		.byte	96
 221 0061 61       		.byte	97
 222 0062 62       		.byte	98
 223 0063 63       		.byte	99
 224 0064 64       		.byte	100
 225 0065 65       		.byte	101
 226 0066 66       		.byte	102
 227 0067 67       		.byte	103
ARM GAS  C:\Users\zakis\AppData\Local\Temp\ccl4uNEc.s 			page 9


 228 0068 68       		.byte	104
 229 0069 69       		.byte	105
 230 006a 6A       		.byte	106
 231 006b 6B       		.byte	107
 232 006c 6C       		.byte	108
 233 006d 6D       		.byte	109
 234 006e 6E       		.byte	110
 235 006f 6F       		.byte	111
 236 0070 70       		.byte	112
 237 0071 71       		.byte	113
 238 0072 72       		.byte	114
 239 0073 73       		.byte	115
 240 0074 74       		.byte	116
 241 0075 75       		.byte	117
 242 0076 76       		.byte	118
 243 0077 77       		.byte	119
 244 0078 78       		.byte	120
 245 0079 79       		.byte	121
 246 007a 7A       		.byte	122
 247 007b 7B       		.byte	123
 248 007c 7C       		.byte	124
 249 007d 7D       		.byte	125
 250 007e 7E       		.byte	126
 251 007f 7F       		.byte	127
 252              		.type	UART_Bits_Descending, %object
 253              		.size	UART_Bits_Descending, 128
 254              	UART_Bits_Descending:
 255 0080 80       		.byte	-128
 256 0081 7F       		.byte	127
 257 0082 7E       		.byte	126
 258 0083 7D       		.byte	125
 259 0084 7C       		.byte	124
 260 0085 7B       		.byte	123
 261 0086 7A       		.byte	122
 262 0087 79       		.byte	121
 263 0088 78       		.byte	120
 264 0089 77       		.byte	119
 265 008a 76       		.byte	118
 266 008b 75       		.byte	117
 267 008c 74       		.byte	116
 268 008d 73       		.byte	115
 269 008e 72       		.byte	114
 270 008f 71       		.byte	113
 271 0090 70       		.byte	112
 272 0091 6F       		.byte	111
 273 0092 6E       		.byte	110
 274 0093 6D       		.byte	109
 275 0094 6C       		.byte	108
 276 0095 6B       		.byte	107
 277 0096 6A       		.byte	106
 278 0097 69       		.byte	105
 279 0098 68       		.byte	104
 280 0099 67       		.byte	103
 281 009a 66       		.byte	102
 282 009b 65       		.byte	101
 283 009c 64       		.byte	100
 284 009d 63       		.byte	99
ARM GAS  C:\Users\zakis\AppData\Local\Temp\ccl4uNEc.s 			page 10


 285 009e 62       		.byte	98
 286 009f 61       		.byte	97
 287 00a0 60       		.byte	96
 288 00a1 5F       		.byte	95
 289 00a2 5E       		.byte	94
 290 00a3 5D       		.byte	93
 291 00a4 5C       		.byte	92
 292 00a5 5B       		.byte	91
 293 00a6 5A       		.byte	90
 294 00a7 59       		.byte	89
 295 00a8 58       		.byte	88
 296 00a9 57       		.byte	87
 297 00aa 56       		.byte	86
 298 00ab 55       		.byte	85
 299 00ac 54       		.byte	84
 300 00ad 53       		.byte	83
 301 00ae 52       		.byte	82
 302 00af 51       		.byte	81
 303 00b0 50       		.byte	80
 304 00b1 4F       		.byte	79
 305 00b2 4E       		.byte	78
 306 00b3 4D       		.byte	77
 307 00b4 4C       		.byte	76
 308 00b5 4B       		.byte	75
 309 00b6 4A       		.byte	74
 310 00b7 49       		.byte	73
 311 00b8 48       		.byte	72
 312 00b9 47       		.byte	71
 313 00ba 46       		.byte	70
 314 00bb 45       		.byte	69
 315 00bc 44       		.byte	68
 316 00bd 43       		.byte	67
 317 00be 42       		.byte	66
 318 00bf 41       		.byte	65
 319 00c0 40       		.byte	64
 320 00c1 3F       		.byte	63
 321 00c2 3E       		.byte	62
 322 00c3 3D       		.byte	61
 323 00c4 3C       		.byte	60
 324 00c5 3B       		.byte	59
 325 00c6 3A       		.byte	58
 326 00c7 39       		.byte	57
 327 00c8 38       		.byte	56
 328 00c9 37       		.byte	55
 329 00ca 36       		.byte	54
 330 00cb 35       		.byte	53
 331 00cc 34       		.byte	52
 332 00cd 33       		.byte	51
 333 00ce 32       		.byte	50
 334 00cf 31       		.byte	49
 335 00d0 30       		.byte	48
 336 00d1 2F       		.byte	47
 337 00d2 2E       		.byte	46
 338 00d3 2D       		.byte	45
 339 00d4 2C       		.byte	44
 340 00d5 2B       		.byte	43
 341 00d6 2A       		.byte	42
ARM GAS  C:\Users\zakis\AppData\Local\Temp\ccl4uNEc.s 			page 11


 342 00d7 29       		.byte	41
 343 00d8 28       		.byte	40
 344 00d9 27       		.byte	39
 345 00da 26       		.byte	38
 346 00db 25       		.byte	37
 347 00dc 24       		.byte	36
 348 00dd 23       		.byte	35
 349 00de 22       		.byte	34
 350 00df 21       		.byte	33
 351 00e0 20       		.byte	32
 352 00e1 1F       		.byte	31
 353 00e2 1E       		.byte	30
 354 00e3 1D       		.byte	29
 355 00e4 1C       		.byte	28
 356 00e5 1B       		.byte	27
 357 00e6 1A       		.byte	26
 358 00e7 19       		.byte	25
 359 00e8 18       		.byte	24
 360 00e9 17       		.byte	23
 361 00ea 16       		.byte	22
 362 00eb 15       		.byte	21
 363 00ec 14       		.byte	20
 364 00ed 13       		.byte	19
 365 00ee 12       		.byte	18
 366 00ef 11       		.byte	17
 367 00f0 10       		.byte	16
 368 00f1 0F       		.byte	15
 369 00f2 0E       		.byte	14
 370 00f3 0D       		.byte	13
 371 00f4 0C       		.byte	12
 372 00f5 0B       		.byte	11
 373 00f6 0A       		.byte	10
 374 00f7 09       		.byte	9
 375 00f8 08       		.byte	8
 376 00f9 07       		.byte	7
 377 00fa 06       		.byte	6
 378 00fb 05       		.byte	5
 379 00fc 04       		.byte	4
 380 00fd 03       		.byte	3
 381 00fe 02       		.byte	2
 382 00ff 01       		.byte	1
 383              		.text
 384              	.Letext0:
 385              		.file 2 "source\\bsw\\global.h"
 386              		.file 3 "Generated_Source\\PSoC5/UART_LOG.h"
 387              		.section	.debug_info,"",%progbits
 388              	.Ldebug_info0:
 389 0000 69020000 		.4byte	0x269
 390 0004 0400     		.2byte	0x4
 391 0006 00000000 		.4byte	.Ldebug_abbrev0
 392 000a 04       		.byte	0x4
 393 000b 01       		.uleb128 0x1
 394 000c 09010000 		.4byte	.LASF52
 395 0010 0C       		.byte	0xc
 396 0011 CC000000 		.4byte	.LASF53
 397 0015 47020000 		.4byte	.LASF54
 398 0019 00000000 		.4byte	.Ldebug_ranges0+0
ARM GAS  C:\Users\zakis\AppData\Local\Temp\ccl4uNEc.s 			page 12


 399 001d 00000000 		.4byte	0
 400 0021 00000000 		.4byte	.Ldebug_line0
 401 0025 02       		.uleb128 0x2
 402 0026 01       		.byte	0x1
 403 0027 06       		.byte	0x6
 404 0028 0D040000 		.4byte	.LASF0
 405 002c 03       		.uleb128 0x3
 406 002d 20030000 		.4byte	.LASF37
 407 0031 02       		.byte	0x2
 408 0032 91       		.byte	0x91
 409 0033 37000000 		.4byte	0x37
 410 0037 02       		.uleb128 0x2
 411 0038 01       		.byte	0x1
 412 0039 08       		.byte	0x8
 413 003a FB000000 		.4byte	.LASF1
 414 003e 02       		.uleb128 0x2
 415 003f 02       		.byte	0x2
 416 0040 05       		.byte	0x5
 417 0041 BD030000 		.4byte	.LASF2
 418 0045 02       		.uleb128 0x2
 419 0046 02       		.byte	0x2
 420 0047 07       		.byte	0x7
 421 0048 C2010000 		.4byte	.LASF3
 422 004c 02       		.uleb128 0x2
 423 004d 04       		.byte	0x4
 424 004e 05       		.byte	0x5
 425 004f DB030000 		.4byte	.LASF4
 426 0053 02       		.uleb128 0x2
 427 0054 04       		.byte	0x4
 428 0055 07       		.byte	0x7
 429 0056 B0010000 		.4byte	.LASF5
 430 005a 02       		.uleb128 0x2
 431 005b 04       		.byte	0x4
 432 005c 04       		.byte	0x4
 433 005d F0000000 		.4byte	.LASF6
 434 0061 02       		.uleb128 0x2
 435 0062 08       		.byte	0x8
 436 0063 04       		.byte	0x4
 437 0064 2F020000 		.4byte	.LASF7
 438 0068 02       		.uleb128 0x2
 439 0069 08       		.byte	0x8
 440 006a 05       		.byte	0x5
 441 006b 82030000 		.4byte	.LASF8
 442 006f 02       		.uleb128 0x2
 443 0070 08       		.byte	0x8
 444 0071 07       		.byte	0x7
 445 0072 09030000 		.4byte	.LASF9
 446 0076 02       		.uleb128 0x2
 447 0077 01       		.byte	0x1
 448 0078 08       		.byte	0x8
 449 0079 90030000 		.4byte	.LASF10
 450 007d 04       		.uleb128 0x4
 451 007e 01       		.byte	0x1
 452 007f 25000000 		.4byte	0x25
 453 0083 02       		.byte	0x2
 454 0084 CF       		.byte	0xcf
 455 0085 26010000 		.4byte	0x126
ARM GAS  C:\Users\zakis\AppData\Local\Temp\ccl4uNEc.s 			page 13


 456 0089 05       		.uleb128 0x5
 457 008a 97010000 		.4byte	.LASF11
 458 008e 00       		.byte	0
 459 008f 06       		.uleb128 0x6
 460 0090 2A000000 		.4byte	.LASF12
 461 0094 7F       		.sleb128 -1
 462 0095 06       		.uleb128 0x6
 463 0096 83000000 		.4byte	.LASF13
 464 009a 7E       		.sleb128 -2
 465 009b 06       		.uleb128 0x6
 466 009c A2010000 		.4byte	.LASF14
 467 00a0 7D       		.sleb128 -3
 468 00a1 06       		.uleb128 0x6
 469 00a2 CC020000 		.4byte	.LASF15
 470 00a6 7C       		.sleb128 -4
 471 00a7 06       		.uleb128 0x6
 472 00a8 38040000 		.4byte	.LASF16
 473 00ac 7B       		.sleb128 -5
 474 00ad 06       		.uleb128 0x6
 475 00ae 36020000 		.4byte	.LASF17
 476 00b2 7A       		.sleb128 -6
 477 00b3 06       		.uleb128 0x6
 478 00b4 48000000 		.4byte	.LASF18
 479 00b8 79       		.sleb128 -7
 480 00b9 06       		.uleb128 0x6
 481 00ba 4E030000 		.4byte	.LASF19
 482 00be 78       		.sleb128 -8
 483 00bf 06       		.uleb128 0x6
 484 00c0 00000000 		.4byte	.LASF20
 485 00c4 77       		.sleb128 -9
 486 00c5 06       		.uleb128 0x6
 487 00c6 FB020000 		.4byte	.LASF21
 488 00ca 76       		.sleb128 -10
 489 00cb 06       		.uleb128 0x6
 490 00cc D5010000 		.4byte	.LASF22
 491 00d0 75       		.sleb128 -11
 492 00d1 06       		.uleb128 0x6
 493 00d2 2A040000 		.4byte	.LASF23
 494 00d6 74       		.sleb128 -12
 495 00d7 06       		.uleb128 0x6
 496 00d8 28030000 		.4byte	.LASF24
 497 00dc 73       		.sleb128 -13
 498 00dd 06       		.uleb128 0x6
 499 00de FA030000 		.4byte	.LASF25
 500 00e2 72       		.sleb128 -14
 501 00e3 06       		.uleb128 0x6
 502 00e4 C7030000 		.4byte	.LASF26
 503 00e8 71       		.sleb128 -15
 504 00e9 06       		.uleb128 0x6
 505 00ea 19040000 		.4byte	.LASF27
 506 00ee 70       		.sleb128 -16
 507 00ef 06       		.uleb128 0x6
 508 00f0 16000000 		.4byte	.LASF28
 509 00f4 6F       		.sleb128 -17
 510 00f5 06       		.uleb128 0x6
 511 00f6 F9010000 		.4byte	.LASF29
 512 00fa 6E       		.sleb128 -18
ARM GAS  C:\Users\zakis\AppData\Local\Temp\ccl4uNEc.s 			page 14


 513 00fb 06       		.uleb128 0x6
 514 00fc 1C020000 		.4byte	.LASF30
 515 0100 6D       		.sleb128 -19
 516 0101 06       		.uleb128 0x6
 517 0102 6B000000 		.4byte	.LASF31
 518 0106 6C       		.sleb128 -20
 519 0107 06       		.uleb128 0x6
 520 0108 E7010000 		.4byte	.LASF32
 521 010c 6B       		.sleb128 -21
 522 010d 06       		.uleb128 0x6
 523 010e DC020000 		.4byte	.LASF33
 524 0112 6A       		.sleb128 -22
 525 0113 06       		.uleb128 0x6
 526 0114 95030000 		.4byte	.LASF34
 527 0118 69       		.sleb128 -23
 528 0119 06       		.uleb128 0x6
 529 011a 5A000000 		.4byte	.LASF35
 530 011e 68       		.sleb128 -24
 531 011f 06       		.uleb128 0x6
 532 0120 B3000000 		.4byte	.LASF36
 533 0124 67       		.sleb128 -25
 534 0125 00       		.byte	0
 535 0126 03       		.uleb128 0x3
 536 0127 7E000000 		.4byte	.LASF38
 537 012b 02       		.byte	0x2
 538 012c EA       		.byte	0xea
 539 012d 7D000000 		.4byte	0x7d
 540 0131 07       		.uleb128 0x7
 541 0132 04       		.byte	0x4
 542 0133 05       		.byte	0x5
 543 0134 696E7400 		.ascii	"int\000"
 544 0138 02       		.uleb128 0x2
 545 0139 04       		.byte	0x4
 546 013a 07       		.byte	0x7
 547 013b EE020000 		.4byte	.LASF39
 548 013f 02       		.uleb128 0x2
 549 0140 08       		.byte	0x8
 550 0141 04       		.byte	0x4
 551 0142 63030000 		.4byte	.LASF40
 552 0146 02       		.uleb128 0x2
 553 0147 04       		.byte	0x4
 554 0148 07       		.byte	0x7
 555 0149 6F030000 		.4byte	.LASF41
 556 014d 08       		.uleb128 0x8
 557 014e 78030000 		.4byte	.LASF42
 558 0152 01       		.byte	0x1
 559 0153 52       		.byte	0x52
 560 0154 26010000 		.4byte	0x126
 561 0158 00000000 		.4byte	.LFB0
 562 015c 0A000000 		.4byte	.LFE0-.LFB0
 563 0160 01       		.uleb128 0x1
 564 0161 9C       		.byte	0x9c
 565 0162 70010000 		.4byte	0x170
 566 0166 09       		.uleb128 0x9
 567 0167 06000000 		.4byte	.LVL0
 568 016b 40020000 		.4byte	0x240
 569 016f 00       		.byte	0
ARM GAS  C:\Users\zakis\AppData\Local\Temp\ccl4uNEc.s 			page 15


 570 0170 08       		.uleb128 0x8
 571 0171 E4030000 		.4byte	.LASF43
 572 0175 01       		.byte	0x1
 573 0176 5A       		.byte	0x5a
 574 0177 26010000 		.4byte	0x126
 575 017b 00000000 		.4byte	.LFB1
 576 017f 0C000000 		.4byte	.LFE1-.LFB1
 577 0183 01       		.uleb128 0x1
 578 0184 9C       		.byte	0x9c
 579 0185 9C010000 		.4byte	0x19c
 580 0189 09       		.uleb128 0x9
 581 018a 06000000 		.4byte	.LVL1
 582 018e 4B020000 		.4byte	0x24b
 583 0192 09       		.uleb128 0x9
 584 0193 0A000000 		.4byte	.LVL2
 585 0197 40020000 		.4byte	0x240
 586 019b 00       		.byte	0
 587 019c 08       		.uleb128 0x8
 588 019d A0000000 		.4byte	.LASF44
 589 01a1 01       		.byte	0x1
 590 01a2 DB       		.byte	0xdb
 591 01a3 26010000 		.4byte	0x126
 592 01a7 00000000 		.4byte	.LFB2
 593 01ab 24000000 		.4byte	.LFE2-.LFB2
 594 01af 01       		.uleb128 0x1
 595 01b0 9C       		.byte	0x9c
 596 01b1 FF010000 		.4byte	0x1ff
 597 01b5 0A       		.uleb128 0xa
 598 01b6 F6000000 		.4byte	.LASF45
 599 01ba 01       		.byte	0x1
 600 01bb DC       		.byte	0xdc
 601 01bc 2C000000 		.4byte	0x2c
 602 01c0 00000000 		.4byte	.LLST0
 603 01c4 09       		.uleb128 0x9
 604 01c5 06000000 		.4byte	.LVL3
 605 01c9 56020000 		.4byte	0x256
 606 01cd 0B       		.uleb128 0xb
 607 01ce 16000000 		.4byte	.LVL6
 608 01d2 61020000 		.4byte	0x261
 609 01d6 E7010000 		.4byte	0x1e7
 610 01da 0C       		.uleb128 0xc
 611 01db 01       		.uleb128 0x1
 612 01dc 50       		.byte	0x50
 613 01dd 02       		.uleb128 0x2
 614 01de 74       		.byte	0x74
 615 01df 00       		.sleb128 0
 616 01e0 0C       		.uleb128 0xc
 617 01e1 01       		.uleb128 0x1
 618 01e2 51       		.byte	0x51
 619 01e3 02       		.uleb128 0x2
 620 01e4 09       		.byte	0x9
 621 01e5 80       		.byte	0x80
 622 01e6 00       		.byte	0
 623 01e7 0D       		.uleb128 0xd
 624 01e8 1E000000 		.4byte	.LVL7
 625 01ec 61020000 		.4byte	0x261
 626 01f0 0C       		.uleb128 0xc
ARM GAS  C:\Users\zakis\AppData\Local\Temp\ccl4uNEc.s 			page 16


 627 01f1 01       		.uleb128 0x1
 628 01f2 50       		.byte	0x50
 629 01f3 03       		.uleb128 0x3
 630 01f4 74       		.byte	0x74
 631 01f5 8001     		.sleb128 128
 632 01f7 0C       		.uleb128 0xc
 633 01f8 01       		.uleb128 0x1
 634 01f9 51       		.byte	0x51
 635 01fa 02       		.uleb128 0x2
 636 01fb 09       		.byte	0x9
 637 01fc 80       		.byte	0x80
 638 01fd 00       		.byte	0
 639 01fe 00       		.byte	0
 640 01ff 0E       		.uleb128 0xe
 641 0200 0F020000 		.4byte	0x20f
 642 0204 0F020000 		.4byte	0x20f
 643 0208 0F       		.uleb128 0xf
 644 0209 46010000 		.4byte	0x146
 645 020d 7F       		.byte	0x7f
 646 020e 00       		.byte	0
 647 020f 10       		.uleb128 0x10
 648 0210 2C000000 		.4byte	0x2c
 649 0214 11       		.uleb128 0x11
 650 0215 3A030000 		.4byte	.LASF46
 651 0219 01       		.byte	0x1
 652 021a 23       		.byte	0x23
 653 021b 25020000 		.4byte	0x225
 654 021f 05       		.uleb128 0x5
 655 0220 03       		.byte	0x3
 656 0221 00000000 		.4byte	UART_Bits_Ascending
 657 0225 10       		.uleb128 0x10
 658 0226 FF010000 		.4byte	0x1ff
 659 022a 11       		.uleb128 0x11
 660 022b 33000000 		.4byte	.LASF47
 661 022f 01       		.byte	0x1
 662 0230 2E       		.byte	0x2e
 663 0231 3B020000 		.4byte	0x23b
 664 0235 05       		.uleb128 0x5
 665 0236 03       		.byte	0x3
 666 0237 80000000 		.4byte	UART_Bits_Descending
 667 023b 10       		.uleb128 0x10
 668 023c FF010000 		.4byte	0x1ff
 669 0240 12       		.uleb128 0x12
 670 0241 91000000 		.4byte	.LASF48
 671 0245 91000000 		.4byte	.LASF48
 672 0249 03       		.byte	0x3
 673 024a 54       		.byte	0x54
 674 024b 12       		.uleb128 0x12
 675 024c 0E020000 		.4byte	.LASF49
 676 0250 0E020000 		.4byte	.LASF49
 677 0254 03       		.byte	0x3
 678 0255 55       		.byte	0x55
 679 0256 12       		.uleb128 0x12
 680 0257 AC030000 		.4byte	.LASF50
 681 025b AC030000 		.4byte	.LASF50
 682 025f 03       		.byte	0x3
 683 0260 72       		.byte	0x72
ARM GAS  C:\Users\zakis\AppData\Local\Temp\ccl4uNEc.s 			page 17


 684 0261 12       		.uleb128 0x12
 685 0262 DE000000 		.4byte	.LASF51
 686 0266 DE000000 		.4byte	.LASF51
 687 026a 03       		.byte	0x3
 688 026b 8C       		.byte	0x8c
 689 026c 00       		.byte	0
 690              		.section	.debug_abbrev,"",%progbits
 691              	.Ldebug_abbrev0:
 692 0000 01       		.uleb128 0x1
 693 0001 11       		.uleb128 0x11
 694 0002 01       		.byte	0x1
 695 0003 25       		.uleb128 0x25
 696 0004 0E       		.uleb128 0xe
 697 0005 13       		.uleb128 0x13
 698 0006 0B       		.uleb128 0xb
 699 0007 03       		.uleb128 0x3
 700 0008 0E       		.uleb128 0xe
 701 0009 1B       		.uleb128 0x1b
 702 000a 0E       		.uleb128 0xe
 703 000b 55       		.uleb128 0x55
 704 000c 17       		.uleb128 0x17
 705 000d 11       		.uleb128 0x11
 706 000e 01       		.uleb128 0x1
 707 000f 10       		.uleb128 0x10
 708 0010 17       		.uleb128 0x17
 709 0011 00       		.byte	0
 710 0012 00       		.byte	0
 711 0013 02       		.uleb128 0x2
 712 0014 24       		.uleb128 0x24
 713 0015 00       		.byte	0
 714 0016 0B       		.uleb128 0xb
 715 0017 0B       		.uleb128 0xb
 716 0018 3E       		.uleb128 0x3e
 717 0019 0B       		.uleb128 0xb
 718 001a 03       		.uleb128 0x3
 719 001b 0E       		.uleb128 0xe
 720 001c 00       		.byte	0
 721 001d 00       		.byte	0
 722 001e 03       		.uleb128 0x3
 723 001f 16       		.uleb128 0x16
 724 0020 00       		.byte	0
 725 0021 03       		.uleb128 0x3
 726 0022 0E       		.uleb128 0xe
 727 0023 3A       		.uleb128 0x3a
 728 0024 0B       		.uleb128 0xb
 729 0025 3B       		.uleb128 0x3b
 730 0026 0B       		.uleb128 0xb
 731 0027 49       		.uleb128 0x49
 732 0028 13       		.uleb128 0x13
 733 0029 00       		.byte	0
 734 002a 00       		.byte	0
 735 002b 04       		.uleb128 0x4
 736 002c 04       		.uleb128 0x4
 737 002d 01       		.byte	0x1
 738 002e 0B       		.uleb128 0xb
 739 002f 0B       		.uleb128 0xb
 740 0030 49       		.uleb128 0x49
ARM GAS  C:\Users\zakis\AppData\Local\Temp\ccl4uNEc.s 			page 18


 741 0031 13       		.uleb128 0x13
 742 0032 3A       		.uleb128 0x3a
 743 0033 0B       		.uleb128 0xb
 744 0034 3B       		.uleb128 0x3b
 745 0035 0B       		.uleb128 0xb
 746 0036 01       		.uleb128 0x1
 747 0037 13       		.uleb128 0x13
 748 0038 00       		.byte	0
 749 0039 00       		.byte	0
 750 003a 05       		.uleb128 0x5
 751 003b 28       		.uleb128 0x28
 752 003c 00       		.byte	0
 753 003d 03       		.uleb128 0x3
 754 003e 0E       		.uleb128 0xe
 755 003f 1C       		.uleb128 0x1c
 756 0040 0B       		.uleb128 0xb
 757 0041 00       		.byte	0
 758 0042 00       		.byte	0
 759 0043 06       		.uleb128 0x6
 760 0044 28       		.uleb128 0x28
 761 0045 00       		.byte	0
 762 0046 03       		.uleb128 0x3
 763 0047 0E       		.uleb128 0xe
 764 0048 1C       		.uleb128 0x1c
 765 0049 0D       		.uleb128 0xd
 766 004a 00       		.byte	0
 767 004b 00       		.byte	0
 768 004c 07       		.uleb128 0x7
 769 004d 24       		.uleb128 0x24
 770 004e 00       		.byte	0
 771 004f 0B       		.uleb128 0xb
 772 0050 0B       		.uleb128 0xb
 773 0051 3E       		.uleb128 0x3e
 774 0052 0B       		.uleb128 0xb
 775 0053 03       		.uleb128 0x3
 776 0054 08       		.uleb128 0x8
 777 0055 00       		.byte	0
 778 0056 00       		.byte	0
 779 0057 08       		.uleb128 0x8
 780 0058 2E       		.uleb128 0x2e
 781 0059 01       		.byte	0x1
 782 005a 3F       		.uleb128 0x3f
 783 005b 19       		.uleb128 0x19
 784 005c 03       		.uleb128 0x3
 785 005d 0E       		.uleb128 0xe
 786 005e 3A       		.uleb128 0x3a
 787 005f 0B       		.uleb128 0xb
 788 0060 3B       		.uleb128 0x3b
 789 0061 0B       		.uleb128 0xb
 790 0062 49       		.uleb128 0x49
 791 0063 13       		.uleb128 0x13
 792 0064 11       		.uleb128 0x11
 793 0065 01       		.uleb128 0x1
 794 0066 12       		.uleb128 0x12
 795 0067 06       		.uleb128 0x6
 796 0068 40       		.uleb128 0x40
 797 0069 18       		.uleb128 0x18
ARM GAS  C:\Users\zakis\AppData\Local\Temp\ccl4uNEc.s 			page 19


 798 006a 9742     		.uleb128 0x2117
 799 006c 19       		.uleb128 0x19
 800 006d 01       		.uleb128 0x1
 801 006e 13       		.uleb128 0x13
 802 006f 00       		.byte	0
 803 0070 00       		.byte	0
 804 0071 09       		.uleb128 0x9
 805 0072 898201   		.uleb128 0x4109
 806 0075 00       		.byte	0
 807 0076 11       		.uleb128 0x11
 808 0077 01       		.uleb128 0x1
 809 0078 31       		.uleb128 0x31
 810 0079 13       		.uleb128 0x13
 811 007a 00       		.byte	0
 812 007b 00       		.byte	0
 813 007c 0A       		.uleb128 0xa
 814 007d 34       		.uleb128 0x34
 815 007e 00       		.byte	0
 816 007f 03       		.uleb128 0x3
 817 0080 0E       		.uleb128 0xe
 818 0081 3A       		.uleb128 0x3a
 819 0082 0B       		.uleb128 0xb
 820 0083 3B       		.uleb128 0x3b
 821 0084 0B       		.uleb128 0xb
 822 0085 49       		.uleb128 0x49
 823 0086 13       		.uleb128 0x13
 824 0087 02       		.uleb128 0x2
 825 0088 17       		.uleb128 0x17
 826 0089 00       		.byte	0
 827 008a 00       		.byte	0
 828 008b 0B       		.uleb128 0xb
 829 008c 898201   		.uleb128 0x4109
 830 008f 01       		.byte	0x1
 831 0090 11       		.uleb128 0x11
 832 0091 01       		.uleb128 0x1
 833 0092 31       		.uleb128 0x31
 834 0093 13       		.uleb128 0x13
 835 0094 01       		.uleb128 0x1
 836 0095 13       		.uleb128 0x13
 837 0096 00       		.byte	0
 838 0097 00       		.byte	0
 839 0098 0C       		.uleb128 0xc
 840 0099 8A8201   		.uleb128 0x410a
 841 009c 00       		.byte	0
 842 009d 02       		.uleb128 0x2
 843 009e 18       		.uleb128 0x18
 844 009f 9142     		.uleb128 0x2111
 845 00a1 18       		.uleb128 0x18
 846 00a2 00       		.byte	0
 847 00a3 00       		.byte	0
 848 00a4 0D       		.uleb128 0xd
 849 00a5 898201   		.uleb128 0x4109
 850 00a8 01       		.byte	0x1
 851 00a9 11       		.uleb128 0x11
 852 00aa 01       		.uleb128 0x1
 853 00ab 31       		.uleb128 0x31
 854 00ac 13       		.uleb128 0x13
ARM GAS  C:\Users\zakis\AppData\Local\Temp\ccl4uNEc.s 			page 20


 855 00ad 00       		.byte	0
 856 00ae 00       		.byte	0
 857 00af 0E       		.uleb128 0xe
 858 00b0 01       		.uleb128 0x1
 859 00b1 01       		.byte	0x1
 860 00b2 49       		.uleb128 0x49
 861 00b3 13       		.uleb128 0x13
 862 00b4 01       		.uleb128 0x1
 863 00b5 13       		.uleb128 0x13
 864 00b6 00       		.byte	0
 865 00b7 00       		.byte	0
 866 00b8 0F       		.uleb128 0xf
 867 00b9 21       		.uleb128 0x21
 868 00ba 00       		.byte	0
 869 00bb 49       		.uleb128 0x49
 870 00bc 13       		.uleb128 0x13
 871 00bd 2F       		.uleb128 0x2f
 872 00be 0B       		.uleb128 0xb
 873 00bf 00       		.byte	0
 874 00c0 00       		.byte	0
 875 00c1 10       		.uleb128 0x10
 876 00c2 26       		.uleb128 0x26
 877 00c3 00       		.byte	0
 878 00c4 49       		.uleb128 0x49
 879 00c5 13       		.uleb128 0x13
 880 00c6 00       		.byte	0
 881 00c7 00       		.byte	0
 882 00c8 11       		.uleb128 0x11
 883 00c9 34       		.uleb128 0x34
 884 00ca 00       		.byte	0
 885 00cb 03       		.uleb128 0x3
 886 00cc 0E       		.uleb128 0xe
 887 00cd 3A       		.uleb128 0x3a
 888 00ce 0B       		.uleb128 0xb
 889 00cf 3B       		.uleb128 0x3b
 890 00d0 0B       		.uleb128 0xb
 891 00d1 49       		.uleb128 0x49
 892 00d2 13       		.uleb128 0x13
 893 00d3 02       		.uleb128 0x2
 894 00d4 18       		.uleb128 0x18
 895 00d5 00       		.byte	0
 896 00d6 00       		.byte	0
 897 00d7 12       		.uleb128 0x12
 898 00d8 2E       		.uleb128 0x2e
 899 00d9 00       		.byte	0
 900 00da 3F       		.uleb128 0x3f
 901 00db 19       		.uleb128 0x19
 902 00dc 3C       		.uleb128 0x3c
 903 00dd 19       		.uleb128 0x19
 904 00de 6E       		.uleb128 0x6e
 905 00df 0E       		.uleb128 0xe
 906 00e0 03       		.uleb128 0x3
 907 00e1 0E       		.uleb128 0xe
 908 00e2 3A       		.uleb128 0x3a
 909 00e3 0B       		.uleb128 0xb
 910 00e4 3B       		.uleb128 0x3b
 911 00e5 0B       		.uleb128 0xb
ARM GAS  C:\Users\zakis\AppData\Local\Temp\ccl4uNEc.s 			page 21


 912 00e6 00       		.byte	0
 913 00e7 00       		.byte	0
 914 00e8 00       		.byte	0
 915              		.section	.debug_loc,"",%progbits
 916              	.Ldebug_loc0:
 917              	.LLST0:
 918 0000 08000000 		.4byte	.LVL4
 919 0004 12000000 		.4byte	.LVL5
 920 0008 0100     		.2byte	0x1
 921 000a 50       		.byte	0x50
 922 000b 00000000 		.4byte	0
 923 000f 00000000 		.4byte	0
 924              		.section	.debug_aranges,"",%progbits
 925 0000 2C000000 		.4byte	0x2c
 926 0004 0200     		.2byte	0x2
 927 0006 00000000 		.4byte	.Ldebug_info0
 928 000a 04       		.byte	0x4
 929 000b 00       		.byte	0
 930 000c 0000     		.2byte	0
 931 000e 0000     		.2byte	0
 932 0010 00000000 		.4byte	.LFB0
 933 0014 0A000000 		.4byte	.LFE0-.LFB0
 934 0018 00000000 		.4byte	.LFB1
 935 001c 0C000000 		.4byte	.LFE1-.LFB1
 936 0020 00000000 		.4byte	.LFB2
 937 0024 24000000 		.4byte	.LFE2-.LFB2
 938 0028 00000000 		.4byte	0
 939 002c 00000000 		.4byte	0
 940              		.section	.debug_ranges,"",%progbits
 941              	.Ldebug_ranges0:
 942 0000 00000000 		.4byte	.LFB0
 943 0004 0A000000 		.4byte	.LFE0
 944 0008 00000000 		.4byte	.LFB1
 945 000c 0C000000 		.4byte	.LFE1
 946 0010 00000000 		.4byte	.LFB2
 947 0014 24000000 		.4byte	.LFE2
 948 0018 00000000 		.4byte	0
 949 001c 00000000 		.4byte	0
 950              		.section	.debug_line,"",%progbits
 951              	.Ldebug_line0:
 952 0000 99000000 		.section	.debug_str,"MS",%progbits,1
 952      02005900 
 952      00000201 
 952      FB0E0D00 
 952      01010101 
 953              	.LASF20:
 954 0000 52435F45 		.ascii	"RC_ERROR_BUFFER_EMTPY\000"
 954      52524F52 
 954      5F425546 
 954      4645525F 
 954      454D5450 
 955              	.LASF28:
 956 0016 52435F45 		.ascii	"RC_ERROR_READ_FAILS\000"
 956      52524F52 
 956      5F524541 
 956      445F4641 
 956      494C5300 
ARM GAS  C:\Users\zakis\AppData\Local\Temp\ccl4uNEc.s 			page 22


 957              	.LASF12:
 958 002a 52435F45 		.ascii	"RC_ERROR\000"
 958      52524F52 
 958      00
 959              	.LASF47:
 960 0033 55415254 		.ascii	"UART_Bits_Descending\000"
 960      5F426974 
 960      735F4465 
 960      7363656E 
 960      64696E67 
 961              	.LASF18:
 962 0048 52435F45 		.ascii	"RC_ERROR_UNDERRUN\000"
 962      52524F52 
 962      5F554E44 
 962      45525255 
 962      4E00
 963              	.LASF35:
 964 005a 52435F45 		.ascii	"RC_ERROR_UNKNOWN\000"
 964      52524F52 
 964      5F554E4B 
 964      4E4F574E 
 964      00
 965              	.LASF31:
 966 006b 52435F45 		.ascii	"RC_ERROR_BAD_PARAM\000"
 966      52524F52 
 966      5F424144 
 966      5F504152 
 966      414D00
 967              	.LASF38:
 968 007e 52435F74 		.ascii	"RC_t\000"
 968      00
 969              	.LASF13:
 970 0083 52435F45 		.ascii	"RC_ERROR_NULL\000"
 970      52524F52 
 970      5F4E554C 
 970      4C00
 971              	.LASF48:
 972 0091 55415254 		.ascii	"UART_LOG_Start\000"
 972      5F4C4F47 
 972      5F537461 
 972      727400
 973              	.LASF44:
 974 00a0 55415254 		.ascii	"UART_RX_isrHandler\000"
 974      5F52585F 
 974      69737248 
 974      616E646C 
 974      657200
 975              	.LASF36:
 976 00b3 52435F45 		.ascii	"RC_ERROR_NOT_IMPLEMENTED\000"
 976      52524F52 
 976      5F4E4F54 
 976      5F494D50 
 976      4C454D45 
 977              	.LASF53:
 978 00cc 736F7572 		.ascii	"source\\bsw\\uart.c\000"
 978      63655C62 
 978      73775C75 
ARM GAS  C:\Users\zakis\AppData\Local\Temp\ccl4uNEc.s 			page 23


 978      6172742E 
 978      6300
 979              	.LASF51:
 980 00de 55415254 		.ascii	"UART_LOG_PutArray\000"
 980      5F4C4F47 
 980      5F507574 
 980      41727261 
 980      7900
 981              	.LASF6:
 982 00f0 666C6F61 		.ascii	"float\000"
 982      7400
 983              	.LASF45:
 984 00f6 64617461 		.ascii	"data\000"
 984      00
 985              	.LASF1:
 986 00fb 756E7369 		.ascii	"unsigned char\000"
 986      676E6564 
 986      20636861 
 986      7200
 987              	.LASF52:
 988 0109 474E5520 		.ascii	"GNU C11 5.4.1 20160609 (release) [ARM/embedded-5-br"
 988      43313120 
 988      352E342E 
 988      31203230 
 988      31363036 
 989 013c 616E6368 		.ascii	"anch revision 237715] -mcpu=cortex-m3 -mthumb -g -O"
 989      20726576 
 989      6973696F 
 989      6E203233 
 989      37373135 
 990 016f 67202D66 		.ascii	"g -ffunction-sections -ffat-lto-objects\000"
 990      66756E63 
 990      74696F6E 
 990      2D736563 
 990      74696F6E 
 991              	.LASF11:
 992 0197 52435F53 		.ascii	"RC_SUCCESS\000"
 992      55434345 
 992      535300
 993              	.LASF14:
 994 01a2 52435F45 		.ascii	"RC_ERROR_ZERO\000"
 994      52524F52 
 994      5F5A4552 
 994      4F00
 995              	.LASF5:
 996 01b0 6C6F6E67 		.ascii	"long unsigned int\000"
 996      20756E73 
 996      69676E65 
 996      6420696E 
 996      7400
 997              	.LASF3:
 998 01c2 73686F72 		.ascii	"short unsigned int\000"
 998      7420756E 
 998      7369676E 
 998      65642069 
 998      6E7400
 999              	.LASF22:
ARM GAS  C:\Users\zakis\AppData\Local\Temp\ccl4uNEc.s 			page 24


 1000 01d5 52435F45 		.ascii	"RC_ERROR_TIME_OUT\000"
 1000      52524F52 
 1000      5F54494D 
 1000      455F4F55 
 1000      5400
 1001              	.LASF32:
 1002 01e7 52435F45 		.ascii	"RC_ERROR_BAD_DATA\000"
 1002      52524F52 
 1002      5F424144 
 1002      5F444154 
 1002      4100
 1003              	.LASF29:
 1004 01f9 52435F45 		.ascii	"RC_ERROR_WRITE_FAILS\000"
 1004      52524F52 
 1004      5F575249 
 1004      54455F46 
 1004      41494C53 
 1005              	.LASF49:
 1006 020e 55415254 		.ascii	"UART_LOG_Stop\000"
 1006      5F4C4F47 
 1006      5F53746F 
 1006      7000
 1007              	.LASF30:
 1008 021c 52435F45 		.ascii	"RC_ERROR_NOT_MATCH\000"
 1008      52524F52 
 1008      5F4E4F54 
 1008      5F4D4154 
 1008      434800
 1009              	.LASF7:
 1010 022f 646F7562 		.ascii	"double\000"
 1010      6C6500
 1011              	.LASF17:
 1012 0236 52435F45 		.ascii	"RC_ERROR_OVERRUN\000"
 1012      52524F52 
 1012      5F4F5645 
 1012      5252554E 
 1012      00
 1013              	.LASF54:
 1014 0247 433A5C55 		.ascii	"C:\\Users\\zakis\\Documents\\SDHD\\NEW_MD\\Movement"
 1014      73657273 
 1014      5C7A616B 
 1014      69735C44 
 1014      6F63756D 
 1015 0274 44657465 		.ascii	"Detector\\40_Implementation\\20_SW\\10_work\\Moveme"
 1015      63746F72 
 1015      5C34305F 
 1015      496D706C 
 1015      656D656E 
 1016 02a3 6E744465 		.ascii	"ntDetector\\RADAR_Movement_Detector.cydsn\000"
 1016      74656374 
 1016      6F725C52 
 1016      41444152 
 1016      5F4D6F76 
 1017              	.LASF15:
 1018 02cc 52435F45 		.ascii	"RC_ERROR_MEMORY\000"
 1018      52524F52 
 1018      5F4D454D 
ARM GAS  C:\Users\zakis\AppData\Local\Temp\ccl4uNEc.s 			page 25


 1018      4F525900 
 1019              	.LASF33:
 1020 02dc 52435F45 		.ascii	"RC_ERROR_CANCELED\000"
 1020      52524F52 
 1020      5F43414E 
 1020      43454C45 
 1020      4400
 1021              	.LASF39:
 1022 02ee 756E7369 		.ascii	"unsigned int\000"
 1022      676E6564 
 1022      20696E74 
 1022      00
 1023              	.LASF21:
 1024 02fb 52435F45 		.ascii	"RC_ERROR_BUSY\000"
 1024      52524F52 
 1024      5F425553 
 1024      5900
 1025              	.LASF9:
 1026 0309 6C6F6E67 		.ascii	"long long unsigned int\000"
 1026      206C6F6E 
 1026      6720756E 
 1026      7369676E 
 1026      65642069 
 1027              	.LASF37:
 1028 0320 75696E74 		.ascii	"uint8_t\000"
 1028      385F7400 
 1029              	.LASF24:
 1030 0328 52435F45 		.ascii	"RC_ERROR_CHECKSUM\000"
 1030      52524F52 
 1030      5F434845 
 1030      434B5355 
 1030      4D00
 1031              	.LASF46:
 1032 033a 55415254 		.ascii	"UART_Bits_Ascending\000"
 1032      5F426974 
 1032      735F4173 
 1032      63656E64 
 1032      696E6700 
 1033              	.LASF19:
 1034 034e 52435F45 		.ascii	"RC_ERROR_BUFFER_FULL\000"
 1034      52524F52 
 1034      5F425546 
 1034      4645525F 
 1034      46554C4C 
 1035              	.LASF40:
 1036 0363 6C6F6E67 		.ascii	"long double\000"
 1036      20646F75 
 1036      626C6500 
 1037              	.LASF41:
 1038 036f 73697A65 		.ascii	"sizetype\000"
 1038      74797065 
 1038      00
 1039              	.LASF42:
 1040 0378 55415254 		.ascii	"UART_init\000"
 1040      5F696E69 
 1040      7400
 1041              	.LASF8:
ARM GAS  C:\Users\zakis\AppData\Local\Temp\ccl4uNEc.s 			page 26


 1042 0382 6C6F6E67 		.ascii	"long long int\000"
 1042      206C6F6E 
 1042      6720696E 
 1042      7400
 1043              	.LASF10:
 1044 0390 63686172 		.ascii	"char\000"
 1044      00
 1045              	.LASF34:
 1046 0395 52435F45 		.ascii	"RC_ERROR_INVALID_STATE\000"
 1046      52524F52 
 1046      5F494E56 
 1046      414C4944 
 1046      5F535441 
 1047              	.LASF50:
 1048 03ac 55415254 		.ascii	"UART_LOG_GetByte\000"
 1048      5F4C4F47 
 1048      5F476574 
 1048      42797465 
 1048      00
 1049              	.LASF2:
 1050 03bd 73686F72 		.ascii	"short int\000"
 1050      7420696E 
 1050      7400
 1051              	.LASF26:
 1052 03c7 52435F45 		.ascii	"RC_ERROR_WRITE_ONLY\000"
 1052      52524F52 
 1052      5F575249 
 1052      54455F4F 
 1052      4E4C5900 
 1053              	.LASF4:
 1054 03db 6C6F6E67 		.ascii	"long int\000"
 1054      20696E74 
 1054      00
 1055              	.LASF43:
 1056 03e4 55415254 		.ascii	"UART_restartOperation\000"
 1056      5F726573 
 1056      74617274 
 1056      4F706572 
 1056      6174696F 
 1057              	.LASF25:
 1058 03fa 52435F45 		.ascii	"RC_ERROR_READ_ONLY\000"
 1058      52524F52 
 1058      5F524541 
 1058      445F4F4E 
 1058      4C5900
 1059              	.LASF0:
 1060 040d 7369676E 		.ascii	"signed char\000"
 1060      65642063 
 1060      68617200 
 1061              	.LASF27:
 1062 0419 52435F45 		.ascii	"RC_ERROR_INVALID\000"
 1062      52524F52 
 1062      5F494E56 
 1062      414C4944 
 1062      00
 1063              	.LASF23:
 1064 042a 52435F45 		.ascii	"RC_ERROR_OPEN\000"
ARM GAS  C:\Users\zakis\AppData\Local\Temp\ccl4uNEc.s 			page 27


 1064      52524F52 
 1064      5F4F5045 
 1064      4E00
 1065              	.LASF16:
 1066 0438 52435F45 		.ascii	"RC_ERROR_RANGE\000"
 1066      52524F52 
 1066      5F52414E 
 1066      474500
 1067              		.ident	"GCC: (GNU Tools for ARM Embedded Processors) 5.4.1 20160609 (release) [ARM/embedded-5-bran
