ARM GAS  C:\Users\zakis\AppData\Local\Temp\ccKckLQi.s 			page 1


   1              		.syntax unified
   2              		.cpu cortex-m3
   3              		.fpu softvfp
   4              		.eabi_attribute 20, 1
   5              		.eabi_attribute 21, 1
   6              		.eabi_attribute 23, 3
   7              		.eabi_attribute 24, 1
   8              		.eabi_attribute 25, 1
   9              		.eabi_attribute 26, 1
  10              		.eabi_attribute 30, 1
  11              		.eabi_attribute 34, 1
  12              		.eabi_attribute 18, 4
  13              		.thumb
  14              		.syntax unified
  15              		.file	"ErikaOS_eecfg.c"
  16              		.text
  17              	.Ltext0:
  18              		.cfi_sections	.debug_frame
  19              		.global	EE_oo_autostart_task_data
  20              		.comm	EE_ApplicationMode,4,4
  21              		.global	EE_oo_action_ROM
  22              		.comm	EE_oo_counter_object_RAM,16,4
  23              		.global	EE_oo_counter_object_ROM
  24              		.global	EE_ALARM_ID
  25              		.global	EE_ALARM_NAME
  26              		.global	EE_alarm_ROM
  27              		.global	EE_counter_RAM
  28              		.global	EE_counter_ROM
  29              		.global	EE_th_is_extended
  30              		.global	EE_th_waswaiting
  31              		.global	EE_th_event_waitmask
  32              		.global	EE_th_event_active
  33              		.global	EE_th_terminate_nextask
  34              		.global	EE_rq_free
  35              		.comm	EE_rq_pairs_tid,12,4
  36              		.global	EE_rq_pairs_next
  37              		.global	EE_rq_link
  38              		.global	EE_th_rnact_max
  39              		.global	EE_th_rnact
  40              		.global	EE_rq_bitmask
  41              		.global	EE_rq_queues_tail
  42              		.global	EE_rq_queues_head
  43              		.global	EE_sys_ceiling
  44              		.global	EE_stkfirst
  45              		.global	EE_th_next
  46              		.global	EE_th_status
  47              		.global	EE_th_dispatch_prio
  48              		.global	EE_EVENT_ID
  49              		.global	EE_EVENT_NAME
  50              		.global	EE_TASK_NAME
  51              		.global	EE_th_ready_prio
  52              		.global	EE_terminate_real_th_body
  53              		.comm	EE_terminate_data,12,4
  54              		.global	EE_hal_thread_body
  55              		.global	EE_cortex_mx_IRQ_tos
  56              		.global	EE_cortex_mx_active_tos
  57              		.global	EE_cortex_mx_system_tos
ARM GAS  C:\Users\zakis\AppData\Local\Temp\ccKckLQi.s 			page 2


  58              		.global	EE_std_thread_tos
  59              		.comm	EE_cortex_mx_stack_9,1024,4
  60              		.comm	EE_cortex_mx_stack_3,8192,4
  61              		.section	.rodata
  62              		.align	2
  63              		.type	EE_oo_autostart_task_data, %object
  64              		.size	EE_oo_autostart_task_data, 8
  65              	EE_oo_autostart_task_data:
  66 0000 01000000 		.word	1
  67 0004 08000000 		.word	EE_oo_autostart_task_mode_OSDEFAULTAPPMODE
  68              		.type	EE_oo_autostart_task_mode_OSDEFAULTAPPMODE, %object
  69              		.size	EE_oo_autostart_task_mode_OSDEFAULTAPPMODE, 4
  70              	EE_oo_autostart_task_mode_OSDEFAULTAPPMODE:
  71 0008 00000000 		.space	4
  72              		.type	EE_oo_action_ROM, %object
  73              		.size	EE_oo_action_ROM, 20
  74              	EE_oo_action_ROM:
  75 000c 00       		.byte	0
  76 000d 000000   		.space	3
  77 0010 02000000 		.word	2
  78 0014 00000000 		.word	0
  79 0018 00000000 		.word	0
  80 001c FFFFFFFF 		.word	-1
  81              		.type	EE_oo_counter_object_ROM, %object
  82              		.size	EE_oo_counter_object_ROM, 12
  83              	EE_oo_counter_object_ROM:
  84 0020 00000000 		.space	12
  84      00000000 
  84      00000000 
  85              		.type	EE_ALARM_ID, %object
  86              		.size	EE_ALARM_ID, 4
  87              	EE_ALARM_ID:
  88 002c 00000000 		.space	4
  89              		.type	EE_alarm_ROM, %object
  90              		.size	EE_alarm_ROM, 4
  91              	EE_alarm_ROM:
  92 0030 00000000 		.space	4
  93              		.type	EE_counter_ROM, %object
  94              		.size	EE_counter_ROM, 12
  95              	EE_counter_ROM:
  96 0034 10270000 		.word	10000
  97 0038 01000000 		.word	1
  98 003c 00000000 		.word	0
  99              		.type	EE_th_is_extended, %object
 100              		.size	EE_th_is_extended, 12
 101              	EE_th_is_extended:
 102 0040 00000000 		.word	0
 103 0044 00000000 		.word	0
 104 0048 01000000 		.word	1
 105              		.type	EE_th_rnact_max, %object
 106              		.size	EE_th_rnact_max, 12
 107              	EE_th_rnact_max:
 108 004c 01000000 		.word	1
 109 0050 01000000 		.word	1
 110 0054 01000000 		.word	1
 111              		.type	EE_th_dispatch_prio, %object
 112              		.size	EE_th_dispatch_prio, 12
ARM GAS  C:\Users\zakis\AppData\Local\Temp\ccKckLQi.s 			page 3


 113              	EE_th_dispatch_prio:
 114 0058 80000000 		.word	128
 115 005c 02000000 		.word	2
 116 0060 04000000 		.word	4
 117              		.type	EE_EVENT_ID, %object
 118              		.size	EE_EVENT_ID, 36
 119              	EE_EVENT_ID:
 120 0064 01000000 		.word	1
 121 0068 02000000 		.word	2
 122 006c 04000000 		.word	4
 123 0070 08000000 		.word	8
 124 0074 10000000 		.word	16
 125 0078 20000000 		.word	32
 126 007c 40000000 		.word	64
 127 0080 80000000 		.word	128
 128 0084 00010000 		.word	256
 129              		.type	EE_th_ready_prio, %object
 130              		.size	EE_th_ready_prio, 12
 131              	EE_th_ready_prio:
 132 0088 01000000 		.word	1
 133 008c 02000000 		.word	2
 134 0090 04000000 		.word	4
 135              		.type	EE_terminate_real_th_body, %object
 136              		.size	EE_terminate_real_th_body, 12
 137              	EE_terminate_real_th_body:
 138 0094 00000000 		.word	Functsk_init
 139 0098 00000000 		.word	Functsk_background
 140 009c 00000000 		.word	Functsk_control
 141              		.type	EE_hal_thread_body, %object
 142              		.size	EE_hal_thread_body, 12
 143              	EE_hal_thread_body:
 144 00a0 00000000 		.word	EE_oo_thread_stub
 145 00a4 00000000 		.word	EE_oo_thread_stub
 146 00a8 00000000 		.word	EE_oo_thread_stub
 147              		.type	EE_std_thread_tos, %object
 148              		.size	EE_std_thread_tos, 16
 149              	EE_std_thread_tos:
 150 00ac 00000000 		.word	0
 151 00b0 00000000 		.word	0
 152 00b4 00000000 		.word	0
 153 00b8 01000000 		.word	1
 154              		.data
 155              		.align	2
 156              		.type	EE_ALARM_NAME, %object
 157              		.size	EE_ALARM_NAME, 4
 158              	EE_ALARM_NAME:
 159 0000 00000000 		.word	.LC0
 160              		.type	EE_counter_RAM, %object
 161              		.size	EE_counter_RAM, 8
 162              	EE_counter_RAM:
 163 0004 00000000 		.word	0
 164 0008 FFFFFFFF 		.word	-1
 165              		.type	EE_th_terminate_nextask, %object
 166              		.size	EE_th_terminate_nextask, 12
 167              	EE_th_terminate_nextask:
 168 000c FFFFFFFF 		.word	-1
 169 0010 FFFFFFFF 		.word	-1
ARM GAS  C:\Users\zakis\AppData\Local\Temp\ccKckLQi.s 			page 4


 170 0014 FFFFFFFF 		.word	-1
 171              		.type	EE_rq_pairs_next, %object
 172              		.size	EE_rq_pairs_next, 12
 173              	EE_rq_pairs_next:
 174 0018 01000000 		.word	1
 175 001c 02000000 		.word	2
 176 0020 FFFFFFFF 		.word	-1
 177              		.type	EE_rq_link, %object
 178              		.size	EE_rq_link, 12
 179              	EE_rq_link:
 180 0024 00000000 		.word	0
 181 0028 01000000 		.word	1
 182 002c 02000000 		.word	2
 183              		.type	EE_th_rnact, %object
 184              		.size	EE_th_rnact, 12
 185              	EE_th_rnact:
 186 0030 01000000 		.word	1
 187 0034 01000000 		.word	1
 188 0038 01000000 		.word	1
 189              		.type	EE_rq_queues_tail, %object
 190              		.size	EE_rq_queues_tail, 64
 191              	EE_rq_queues_tail:
 192 003c FFFFFFFF 		.word	-1
 193 0040 FFFFFFFF 		.word	-1
 194 0044 FFFFFFFF 		.word	-1
 195 0048 FFFFFFFF 		.word	-1
 196 004c FFFFFFFF 		.word	-1
 197 0050 FFFFFFFF 		.word	-1
 198 0054 FFFFFFFF 		.word	-1
 199 0058 FFFFFFFF 		.word	-1
 200 005c FFFFFFFF 		.word	-1
 201 0060 FFFFFFFF 		.word	-1
 202 0064 FFFFFFFF 		.word	-1
 203 0068 FFFFFFFF 		.word	-1
 204 006c FFFFFFFF 		.word	-1
 205 0070 FFFFFFFF 		.word	-1
 206 0074 FFFFFFFF 		.word	-1
 207 0078 FFFFFFFF 		.word	-1
 208              		.type	EE_rq_queues_head, %object
 209              		.size	EE_rq_queues_head, 64
 210              	EE_rq_queues_head:
 211 007c FFFFFFFF 		.word	-1
 212 0080 FFFFFFFF 		.word	-1
 213 0084 FFFFFFFF 		.word	-1
 214 0088 FFFFFFFF 		.word	-1
 215 008c FFFFFFFF 		.word	-1
 216 0090 FFFFFFFF 		.word	-1
 217 0094 FFFFFFFF 		.word	-1
 218 0098 FFFFFFFF 		.word	-1
 219 009c FFFFFFFF 		.word	-1
 220 00a0 FFFFFFFF 		.word	-1
 221 00a4 FFFFFFFF 		.word	-1
 222 00a8 FFFFFFFF 		.word	-1
 223 00ac FFFFFFFF 		.word	-1
 224 00b0 FFFFFFFF 		.word	-1
 225 00b4 FFFFFFFF 		.word	-1
 226 00b8 FFFFFFFF 		.word	-1
ARM GAS  C:\Users\zakis\AppData\Local\Temp\ccKckLQi.s 			page 5


 227              		.type	EE_stkfirst, %object
 228              		.size	EE_stkfirst, 4
 229              	EE_stkfirst:
 230 00bc FFFFFFFF 		.word	-1
 231              		.type	EE_th_next, %object
 232              		.size	EE_th_next, 12
 233              	EE_th_next:
 234 00c0 FFFFFFFF 		.word	-1
 235 00c4 FFFFFFFF 		.word	-1
 236 00c8 FFFFFFFF 		.word	-1
 237              		.type	EE_th_status, %object
 238              		.size	EE_th_status, 12
 239              	EE_th_status:
 240 00cc 03000000 		.word	3
 241 00d0 03000000 		.word	3
 242 00d4 03000000 		.word	3
 243              		.type	EE_EVENT_NAME, %object
 244              		.size	EE_EVENT_NAME, 36
 245              	EE_EVENT_NAME:
 246 00d8 0C000000 		.word	.LC1
 247 00dc 1C000000 		.word	.LC2
 248 00e0 2C000000 		.word	.LC3
 249 00e4 40000000 		.word	.LC4
 250 00e8 48000000 		.word	.LC5
 251 00ec 58000000 		.word	.LC6
 252 00f0 64000000 		.word	.LC7
 253 00f4 70000000 		.word	.LC8
 254 00f8 80000000 		.word	.LC9
 255              		.type	EE_TASK_NAME, %object
 256              		.size	EE_TASK_NAME, 12
 257              	EE_TASK_NAME:
 258 00fc 90000000 		.word	.LC10
 259 0100 9C000000 		.word	.LC11
 260 0104 AC000000 		.word	.LC12
 261              		.type	EE_cortex_mx_IRQ_tos, %object
 262              		.size	EE_cortex_mx_IRQ_tos, 4
 263              	EE_cortex_mx_IRQ_tos:
 264 0108 00040000 		.word	EE_cortex_mx_stack_9+1024
 265              		.type	EE_cortex_mx_system_tos, %object
 266              		.size	EE_cortex_mx_system_tos, 8
 267              	EE_cortex_mx_system_tos:
 268 010c 00000000 		.word	0
 269 0110 D81F0000 		.word	EE_cortex_mx_stack_3+8152
 270              		.section	.rodata.str1.4,"aMS",%progbits,1
 271              		.align	2
 272              	.LC0:
 273 0000 616C726D 		.ascii	"alrm_main\000"
 273      5F6D6169 
 273      6E00
 274 000a 0000     		.space	2
 275              	.LC1:
 276 000c 65765F70 		.ascii	"ev_pushButton\000"
 276      75736842 
 276      7574746F 
 276      6E00
 277 001a 0000     		.space	2
 278              	.LC2:
ARM GAS  C:\Users\zakis\AppData\Local\Temp\ccKckLQi.s 			page 6


 279 001c 65765F73 		.ascii	"ev_sReceived\000"
 279      52656365 
 279      69766564 
 279      00
 280 0029 000000   		.space	3
 281              	.LC3:
 282 002c 65765F73 		.ascii	"ev_samplingFinished\000"
 282      616D706C 
 282      696E6746 
 282      696E6973 
 282      68656400 
 283              	.LC4:
 284 0040 65765F73 		.ascii	"ev_send\000"
 284      656E6400 
 285              	.LC5:
 286 0048 65765F6F 		.ascii	"ev_oReceived\000"
 286      52656365 
 286      69766564 
 286      00
 287 0055 000000   		.space	3
 288              	.LC6:
 289 0058 65765F72 		.ascii	"ev_reSample\000"
 289      6553616D 
 289      706C6500 
 290              	.LC7:
 291 0064 65765F73 		.ascii	"ev_sendFFT\000"
 291      656E6446 
 291      465400
 292 006f 00       		.space	1
 293              	.LC8:
 294 0070 65765F74 		.ascii	"ev_tReceived\000"
 294      52656365 
 294      69766564 
 294      00
 295 007d 000000   		.space	3
 296              	.LC9:
 297 0080 65765F6E 		.ascii	"ev_nReceived\000"
 297      52656365 
 297      69766564 
 297      00
 298 008d 000000   		.space	3
 299              	.LC10:
 300 0090 74736B5F 		.ascii	"tsk_init\000"
 300      696E6974 
 300      00
 301 0099 000000   		.space	3
 302              	.LC11:
 303 009c 74736B5F 		.ascii	"tsk_background\000"
 303      6261636B 
 303      67726F75 
 303      6E6400
 304 00ab 00       		.space	1
 305              	.LC12:
 306 00ac 74736B5F 		.ascii	"tsk_control\000"
 306      636F6E74 
 306      726F6C00 
 307              		.bss
ARM GAS  C:\Users\zakis\AppData\Local\Temp\ccKckLQi.s 			page 7


 308              		.align	2
 309              		.type	EE_th_waswaiting, %object
 310              		.size	EE_th_waswaiting, 12
 311              	EE_th_waswaiting:
 312 0000 00000000 		.space	12
 312      00000000 
 312      00000000 
 313              		.type	EE_th_event_waitmask, %object
 314              		.size	EE_th_event_waitmask, 12
 315              	EE_th_event_waitmask:
 316 000c 00000000 		.space	12
 316      00000000 
 316      00000000 
 317              		.type	EE_th_event_active, %object
 318              		.size	EE_th_event_active, 12
 319              	EE_th_event_active:
 320 0018 00000000 		.space	12
 320      00000000 
 320      00000000 
 321              		.type	EE_rq_free, %object
 322              		.size	EE_rq_free, 4
 323              	EE_rq_free:
 324 0024 00000000 		.space	4
 325              		.type	EE_rq_bitmask, %object
 326              		.size	EE_rq_bitmask, 2
 327              	EE_rq_bitmask:
 328 0028 0000     		.space	2
 329 002a 0000     		.space	2
 330              		.type	EE_sys_ceiling, %object
 331              		.size	EE_sys_ceiling, 4
 332              	EE_sys_ceiling:
 333 002c 00000000 		.space	4
 334              		.type	EE_cortex_mx_active_tos, %object
 335              		.size	EE_cortex_mx_active_tos, 4
 336              	EE_cortex_mx_active_tos:
 337 0030 00000000 		.space	4
 338              		.text
 339              	.Letext0:
 340              		.file 1 "Generated_Source\\PSoC5\\ErikaOS_common_ee_types.inc"
 341              		.file 2 "Generated_Source\\PSoC5\\ErikaOS_cortex_mx_ee_cpu.inc"
 342              		.file 3 "Generated_Source\\PSoC5\\ErikaOS_ee_oo_common.inc"
 343              		.file 4 "Generated_Source\\PSoC5\\ErikaOS_common_ee_hal_structs.inc"
 344              		.file 5 "Generated_Source\\PSoC5\\ErikaOS_eecfg.c"
 345              		.file 6 "Generated_Source\\PSoC5\\ErikaOS_ee_oo_intfunc.inc"
 346              		.file 7 "Generated_Source\\PSoC5\\ErikaOS_cortex_mx_ee_context.inc"
 347              		.file 8 "Generated_Source\\PSoC5\\ErikaOS_common_ee_primitives.inc"
 348              		.section	.debug_info,"",%progbits
 349              	.Ldebug_info0:
 350 0000 B3080000 		.4byte	0x8b3
 351 0004 0400     		.2byte	0x4
 352 0006 00000000 		.4byte	.Ldebug_abbrev0
 353 000a 04       		.byte	0x4
 354 000b 01       		.uleb128 0x1
 355 000c FC040000 		.4byte	.LASF112
 356 0010 0C       		.byte	0xc
 357 0011 7B000000 		.4byte	.LASF113
 358 0015 96050000 		.4byte	.LASF114
ARM GAS  C:\Users\zakis\AppData\Local\Temp\ccKckLQi.s 			page 8


 359 0019 00000000 		.4byte	.Ldebug_line0
 360 001d 02       		.uleb128 0x2
 361 001e 01       		.byte	0x1
 362 001f 06       		.byte	0x6
 363 0020 36010000 		.4byte	.LASF0
 364 0024 02       		.uleb128 0x2
 365 0025 01       		.byte	0x1
 366 0026 08       		.byte	0x8
 367 0027 5F040000 		.4byte	.LASF1
 368 002b 02       		.uleb128 0x2
 369 002c 02       		.byte	0x2
 370 002d 05       		.byte	0x5
 371 002e A4040000 		.4byte	.LASF2
 372 0032 02       		.uleb128 0x2
 373 0033 02       		.byte	0x2
 374 0034 07       		.byte	0x7
 375 0035 9A020000 		.4byte	.LASF3
 376 0039 02       		.uleb128 0x2
 377 003a 04       		.byte	0x4
 378 003b 05       		.byte	0x5
 379 003c BD010000 		.4byte	.LASF4
 380 0040 02       		.uleb128 0x2
 381 0041 04       		.byte	0x4
 382 0042 07       		.byte	0x7
 383 0043 58020000 		.4byte	.LASF5
 384 0047 02       		.uleb128 0x2
 385 0048 08       		.byte	0x8
 386 0049 05       		.byte	0x5
 387 004a 28010000 		.4byte	.LASF6
 388 004e 02       		.uleb128 0x2
 389 004f 08       		.byte	0x8
 390 0050 07       		.byte	0x7
 391 0051 5E000000 		.4byte	.LASF7
 392 0055 03       		.uleb128 0x3
 393 0056 04       		.byte	0x4
 394 0057 05       		.byte	0x5
 395 0058 696E7400 		.ascii	"int\000"
 396 005c 02       		.uleb128 0x2
 397 005d 04       		.byte	0x4
 398 005e 07       		.byte	0x7
 399 005f 20020000 		.4byte	.LASF8
 400 0063 02       		.uleb128 0x2
 401 0064 08       		.byte	0x8
 402 0065 04       		.byte	0x4
 403 0066 AD030000 		.4byte	.LASF9
 404 006a 04       		.uleb128 0x4
 405 006b 2C040000 		.4byte	.LASF10
 406 006f 01       		.byte	0x1
 407 0070 52       		.byte	0x52
 408 0071 32000000 		.4byte	0x32
 409 0075 04       		.uleb128 0x4
 410 0076 87070000 		.4byte	.LASF11
 411 007a 01       		.byte	0x1
 412 007b 53       		.byte	0x53
 413 007c 55000000 		.4byte	0x55
 414 0080 04       		.uleb128 0x4
 415 0081 7D070000 		.4byte	.LASF12
ARM GAS  C:\Users\zakis\AppData\Local\Temp\ccKckLQi.s 			page 9


 416 0085 01       		.byte	0x1
 417 0086 54       		.byte	0x54
 418 0087 5C000000 		.4byte	0x5c
 419 008b 04       		.uleb128 0x4
 420 008c D2070000 		.4byte	.LASF13
 421 0090 01       		.byte	0x1
 422 0091 64       		.byte	0x64
 423 0092 96000000 		.4byte	0x96
 424 0096 05       		.uleb128 0x5
 425 0097 04       		.byte	0x4
 426 0098 06       		.uleb128 0x6
 427 0099 04       		.byte	0x4
 428 009a 9E000000 		.4byte	0x9e
 429 009e 07       		.uleb128 0x7
 430 009f 04       		.uleb128 0x4
 431 00a0 30030000 		.4byte	.LASF14
 432 00a4 01       		.byte	0x1
 433 00a5 70       		.byte	0x70
 434 00a6 98000000 		.4byte	0x98
 435 00aa 04       		.uleb128 0x4
 436 00ab 18060000 		.4byte	.LASF15
 437 00af 01       		.byte	0x1
 438 00b0 73       		.byte	0x73
 439 00b1 98000000 		.4byte	0x98
 440 00b5 04       		.uleb128 0x4
 441 00b6 2D020000 		.4byte	.LASF16
 442 00ba 02       		.byte	0x2
 443 00bb 4D       		.byte	0x4d
 444 00bc 80000000 		.4byte	0x80
 445 00c0 04       		.uleb128 0x4
 446 00c1 CF030000 		.4byte	.LASF17
 447 00c5 02       		.byte	0x2
 448 00c6 4E       		.byte	0x4e
 449 00c7 75000000 		.4byte	0x75
 450 00cb 04       		.uleb128 0x4
 451 00cc EC070000 		.4byte	.LASF18
 452 00d0 02       		.byte	0x2
 453 00d1 4F       		.byte	0x4f
 454 00d2 80000000 		.4byte	0x80
 455 00d6 04       		.uleb128 0x4
 456 00d7 3D000000 		.4byte	.LASF19
 457 00db 02       		.byte	0x2
 458 00dc 54       		.byte	0x54
 459 00dd B5000000 		.4byte	0xb5
 460 00e1 04       		.uleb128 0x4
 461 00e2 13020000 		.4byte	.LASF20
 462 00e6 02       		.byte	0x2
 463 00e7 78       		.byte	0x78
 464 00e8 75000000 		.4byte	0x75
 465 00ec 08       		.uleb128 0x8
 466 00ed DA000000 		.4byte	.LASF61
 467 00f1 04       		.byte	0x4
 468 00f2 04       		.byte	0x4
 469 00f3 4D       		.byte	0x4d
 470 00f4 05010000 		.4byte	0x105
 471 00f8 09       		.uleb128 0x9
 472 00f9 BE070000 		.4byte	.LASF28
ARM GAS  C:\Users\zakis\AppData\Local\Temp\ccKckLQi.s 			page 10


 473 00fd 04       		.byte	0x4
 474 00fe 4E       		.byte	0x4e
 475 00ff 8B000000 		.4byte	0x8b
 476 0103 00       		.byte	0
 477 0104 00       		.byte	0
 478 0105 0A       		.uleb128 0xa
 479 0106 94030000 		.4byte	.LASF21
 480 010a 03       		.byte	0x3
 481 010b 1101     		.2byte	0x111
 482 010d 6A000000 		.4byte	0x6a
 483 0111 0A       		.uleb128 0xa
 484 0112 D1000000 		.4byte	.LASF22
 485 0116 03       		.byte	0x3
 486 0117 F701     		.2byte	0x1f7
 487 0119 E1000000 		.4byte	0xe1
 488 011d 0A       		.uleb128 0xa
 489 011e 59010000 		.4byte	.LASF23
 490 0122 03       		.byte	0x3
 491 0123 2C02     		.2byte	0x22c
 492 0125 B5000000 		.4byte	0xb5
 493 0129 0A       		.uleb128 0xa
 494 012a 1D000000 		.4byte	.LASF24
 495 012e 03       		.byte	0x3
 496 012f 3502     		.2byte	0x235
 497 0131 B5000000 		.4byte	0xb5
 498 0135 0A       		.uleb128 0xa
 499 0136 71060000 		.4byte	.LASF25
 500 013a 03       		.byte	0x3
 501 013b 5D02     		.2byte	0x25d
 502 013d B5000000 		.4byte	0xb5
 503 0141 0A       		.uleb128 0xa
 504 0142 32000000 		.4byte	.LASF26
 505 0146 03       		.byte	0x3
 506 0147 6302     		.2byte	0x263
 507 0149 B5000000 		.4byte	0xb5
 508 014d 0A       		.uleb128 0xa
 509 014e 41030000 		.4byte	.LASF27
 510 0152 03       		.byte	0x3
 511 0153 6C02     		.2byte	0x26c
 512 0155 B5000000 		.4byte	0xb5
 513 0159 0B       		.uleb128 0xb
 514 015a 0C       		.byte	0xc
 515 015b 03       		.byte	0x3
 516 015c 7202     		.2byte	0x272
 517 015e 8A010000 		.4byte	0x18a
 518 0162 0C       		.uleb128 0xc
 519 0163 E1000000 		.4byte	.LASF29
 520 0167 03       		.byte	0x3
 521 0168 7302     		.2byte	0x273
 522 016a 29010000 		.4byte	0x129
 523 016e 00       		.byte	0
 524 016f 0C       		.uleb128 0xc
 525 0170 D7030000 		.4byte	.LASF30
 526 0174 03       		.byte	0x3
 527 0175 7402     		.2byte	0x274
 528 0177 29010000 		.4byte	0x129
 529 017b 04       		.byte	0x4
ARM GAS  C:\Users\zakis\AppData\Local\Temp\ccKckLQi.s 			page 11


 530 017c 0C       		.uleb128 0xc
 531 017d 0A020000 		.4byte	.LASF31
 532 0181 03       		.byte	0x3
 533 0182 7502     		.2byte	0x275
 534 0184 29010000 		.4byte	0x129
 535 0188 08       		.byte	0x8
 536 0189 00       		.byte	0
 537 018a 0A       		.uleb128 0xa
 538 018b E5040000 		.4byte	.LASF32
 539 018f 03       		.byte	0x3
 540 0190 7A02     		.2byte	0x27a
 541 0192 59010000 		.4byte	0x159
 542 0196 0B       		.uleb128 0xb
 543 0197 08       		.byte	0x8
 544 0198 03       		.byte	0x3
 545 0199 7D02     		.2byte	0x27d
 546 019b BA010000 		.4byte	0x1ba
 547 019f 0C       		.uleb128 0xc
 548 01a0 1A020000 		.4byte	.LASF33
 549 01a4 03       		.byte	0x3
 550 01a5 7E02     		.2byte	0x27e
 551 01a7 29010000 		.4byte	0x129
 552 01ab 00       		.byte	0
 553 01ac 0C       		.uleb128 0xc
 554 01ad 6B060000 		.4byte	.LASF34
 555 01b1 03       		.byte	0x3
 556 01b2 7F02     		.2byte	0x27f
 557 01b4 35010000 		.4byte	0x135
 558 01b8 04       		.byte	0x4
 559 01b9 00       		.byte	0
 560 01ba 0A       		.uleb128 0xa
 561 01bb 9A010000 		.4byte	.LASF35
 562 01bf 03       		.byte	0x3
 563 01c0 8002     		.2byte	0x280
 564 01c2 96010000 		.4byte	0x196
 565 01c6 0D       		.uleb128 0xd
 566 01c7 01       		.byte	0x1
 567 01c8 24000000 		.4byte	0x24
 568 01cc 03       		.byte	0x3
 569 01cd 8A02     		.2byte	0x28a
 570 01cf E0010000 		.4byte	0x1e0
 571 01d3 0E       		.uleb128 0xe
 572 01d4 6D040000 		.4byte	.LASF36
 573 01d8 00       		.byte	0
 574 01d9 0E       		.uleb128 0xe
 575 01da 36040000 		.4byte	.LASF37
 576 01de 01       		.byte	0x1
 577 01df 00       		.byte	0
 578 01e0 0A       		.uleb128 0xa
 579 01e1 C5020000 		.4byte	.LASF38
 580 01e5 03       		.byte	0x3
 581 01e6 8D02     		.2byte	0x28d
 582 01e8 C6010000 		.4byte	0x1c6
 583 01ec 0A       		.uleb128 0xa
 584 01ed F1020000 		.4byte	.LASF39
 585 01f1 03       		.byte	0x3
 586 01f2 9002     		.2byte	0x290
ARM GAS  C:\Users\zakis\AppData\Local\Temp\ccKckLQi.s 			page 12


 587 01f4 E0010000 		.4byte	0x1e0
 588 01f8 0B       		.uleb128 0xb
 589 01f9 0C       		.byte	0xc
 590 01fa 03       		.byte	0x3
 591 01fb 9402     		.2byte	0x294
 592 01fd 27020000 		.4byte	0x227
 593 0201 0F       		.uleb128 0xf
 594 0202 6300     		.ascii	"c\000"
 595 0204 03       		.byte	0x3
 596 0205 9602     		.2byte	0x296
 597 0207 4D010000 		.4byte	0x14d
 598 020b 00       		.byte	0
 599 020c 0C       		.uleb128 0xc
 600 020d C8060000 		.4byte	.LASF40
 601 0211 03       		.byte	0x3
 602 0212 9802     		.2byte	0x298
 603 0214 35010000 		.4byte	0x135
 604 0218 04       		.byte	0x4
 605 0219 0C       		.uleb128 0xc
 606 021a 95020000 		.4byte	.LASF41
 607 021e 03       		.byte	0x3
 608 021f 9A02     		.2byte	0x29a
 609 0221 EC010000 		.4byte	0x1ec
 610 0225 08       		.byte	0x8
 611 0226 00       		.byte	0
 612 0227 0A       		.uleb128 0xa
 613 0228 A2000000 		.4byte	.LASF42
 614 022c 03       		.byte	0x3
 615 022d 9B02     		.2byte	0x29b
 616 022f F8010000 		.4byte	0x1f8
 617 0233 0B       		.uleb128 0xb
 618 0234 10       		.byte	0x10
 619 0235 03       		.byte	0x3
 620 0236 9F02     		.2byte	0x29f
 621 0238 71020000 		.4byte	0x271
 622 023c 0C       		.uleb128 0xc
 623 023d E4030000 		.4byte	.LASF43
 624 0241 03       		.byte	0x3
 625 0242 A002     		.2byte	0x2a0
 626 0244 D6000000 		.4byte	0xd6
 627 0248 00       		.byte	0
 628 0249 0C       		.uleb128 0xc
 629 024a B5070000 		.4byte	.LASF44
 630 024e 03       		.byte	0x3
 631 024f A102     		.2byte	0x2a1
 632 0251 29010000 		.4byte	0x129
 633 0255 04       		.byte	0x4
 634 0256 0C       		.uleb128 0xc
 635 0257 75000000 		.4byte	.LASF45
 636 025b 03       		.byte	0x3
 637 025c A202     		.2byte	0x2a2
 638 025e 29010000 		.4byte	0x129
 639 0262 08       		.byte	0x8
 640 0263 0C       		.uleb128 0xc
 641 0264 00000000 		.4byte	.LASF46
 642 0268 03       		.byte	0x3
 643 0269 A302     		.2byte	0x2a3
ARM GAS  C:\Users\zakis\AppData\Local\Temp\ccKckLQi.s 			page 13


 644 026b 35010000 		.4byte	0x135
 645 026f 0C       		.byte	0xc
 646 0270 00       		.byte	0
 647 0271 0A       		.uleb128 0xa
 648 0272 E9030000 		.4byte	.LASF47
 649 0276 03       		.byte	0x3
 650 0277 A402     		.2byte	0x2a4
 651 0279 33020000 		.4byte	0x233
 652 027d 0D       		.uleb128 0xd
 653 027e 01       		.byte	0x1
 654 027f 24000000 		.4byte	0x24
 655 0283 03       		.byte	0x3
 656 0284 A702     		.2byte	0x2a7
 657 0286 A3020000 		.4byte	0x2a3
 658 028a 0E       		.uleb128 0xe
 659 028b 88060000 		.4byte	.LASF48
 660 028f 00       		.byte	0
 661 0290 0E       		.uleb128 0xe
 662 0291 D0060000 		.4byte	.LASF49
 663 0295 01       		.byte	0x1
 664 0296 0E       		.uleb128 0xe
 665 0297 A7060000 		.4byte	.LASF50
 666 029b 02       		.byte	0x2
 667 029c 0E       		.uleb128 0xe
 668 029d 4A060000 		.4byte	.LASF51
 669 02a1 03       		.byte	0x3
 670 02a2 00       		.byte	0
 671 02a3 0A       		.uleb128 0xa
 672 02a4 42010000 		.4byte	.LASF52
 673 02a8 03       		.byte	0x3
 674 02a9 AC02     		.2byte	0x2ac
 675 02ab 7D020000 		.4byte	0x27d
 676 02af 0A       		.uleb128 0xa
 677 02b0 2C070000 		.4byte	.LASF53
 678 02b4 03       		.byte	0x3
 679 02b5 AF02     		.2byte	0x2af
 680 02b7 A3020000 		.4byte	0x2a3
 681 02bb 0B       		.uleb128 0xb
 682 02bc 14       		.byte	0x14
 683 02bd 03       		.byte	0x3
 684 02be B202     		.2byte	0x2b2
 685 02c0 04030000 		.4byte	0x304
 686 02c4 0C       		.uleb128 0xc
 687 02c5 02070000 		.4byte	.LASF54
 688 02c9 03       		.byte	0x3
 689 02ca B302     		.2byte	0x2b3
 690 02cc AF020000 		.4byte	0x2af
 691 02d0 00       		.byte	0
 692 02d1 0C       		.uleb128 0xc
 693 02d2 C6070000 		.4byte	.LASF55
 694 02d6 03       		.byte	0x3
 695 02d7 B402     		.2byte	0x2b4
 696 02d9 11010000 		.4byte	0x111
 697 02dd 04       		.byte	0x4
 698 02de 0C       		.uleb128 0xc
 699 02df 8A050000 		.4byte	.LASF56
 700 02e3 03       		.byte	0x3
ARM GAS  C:\Users\zakis\AppData\Local\Temp\ccKckLQi.s 			page 14


 701 02e4 B602     		.2byte	0x2b6
 702 02e6 1D010000 		.4byte	0x11d
 703 02ea 08       		.byte	0x8
 704 02eb 0F       		.uleb128 0xf
 705 02ec 6600     		.ascii	"f\000"
 706 02ee 03       		.byte	0x3
 707 02ef B802     		.2byte	0x2b8
 708 02f1 9F000000 		.4byte	0x9f
 709 02f5 0C       		.byte	0xc
 710 02f6 0C       		.uleb128 0xc
 711 02f7 9B040000 		.4byte	.LASF57
 712 02fb 03       		.byte	0x3
 713 02fc BA02     		.2byte	0x2ba
 714 02fe 4D010000 		.4byte	0x14d
 715 0302 10       		.byte	0x10
 716 0303 00       		.byte	0
 717 0304 0A       		.uleb128 0xa
 718 0305 16040000 		.4byte	.LASF58
 719 0309 03       		.byte	0x3
 720 030a BB02     		.2byte	0x2bb
 721 030c BB020000 		.4byte	0x2bb
 722 0310 0B       		.uleb128 0xb
 723 0311 04       		.byte	0x4
 724 0312 03       		.byte	0x3
 725 0313 BD02     		.2byte	0x2bd
 726 0315 27030000 		.4byte	0x327
 727 0319 0C       		.uleb128 0xc
 728 031a 66030000 		.4byte	.LASF59
 729 031e 03       		.byte	0x3
 730 031f BF02     		.2byte	0x2bf
 731 0321 41010000 		.4byte	0x141
 732 0325 00       		.byte	0
 733 0326 00       		.byte	0
 734 0327 0A       		.uleb128 0xa
 735 0328 35020000 		.4byte	.LASF60
 736 032c 03       		.byte	0x3
 737 032d C402     		.2byte	0x2c4
 738 032f 10030000 		.4byte	0x310
 739 0333 10       		.uleb128 0x10
 740 0334 7B020000 		.4byte	.LASF62
 741 0338 08       		.byte	0x8
 742 0339 03       		.byte	0x3
 743 033a 0E04     		.2byte	0x40e
 744 033c 5A030000 		.4byte	0x35a
 745 0340 0F       		.uleb128 0xf
 746 0341 6E7400   		.ascii	"nt\000"
 747 0344 03       		.byte	0x3
 748 0345 0F04     		.2byte	0x40f
 749 0347 B5000000 		.4byte	0xb5
 750 034b 00       		.byte	0
 751 034c 0C       		.uleb128 0xc
 752 034d 0E070000 		.4byte	.LASF63
 753 0351 03       		.byte	0x3
 754 0352 1004     		.2byte	0x410
 755 0354 6A030000 		.4byte	0x36a
 756 0358 04       		.byte	0x4
 757 0359 00       		.byte	0
ARM GAS  C:\Users\zakis\AppData\Local\Temp\ccKckLQi.s 			page 15


 758 035a 11       		.uleb128 0x11
 759 035b 65030000 		.4byte	0x365
 760 035f 65030000 		.4byte	0x365
 761 0363 12       		.uleb128 0x12
 762 0364 00       		.byte	0
 763 0365 13       		.uleb128 0x13
 764 0366 E1000000 		.4byte	0xe1
 765 036a 06       		.uleb128 0x6
 766 036b 04       		.byte	0x4
 767 036c 5A030000 		.4byte	0x35a
 768 0370 11       		.uleb128 0x11
 769 0371 65030000 		.4byte	0x365
 770 0375 80030000 		.4byte	0x380
 771 0379 14       		.uleb128 0x14
 772 037a 80030000 		.4byte	0x380
 773 037e 00       		.byte	0
 774 037f 00       		.byte	0
 775 0380 02       		.uleb128 0x2
 776 0381 04       		.byte	0x4
 777 0382 07       		.byte	0x7
 778 0383 A4030000 		.4byte	.LASF64
 779 0387 15       		.uleb128 0x15
 780 0388 F1000000 		.4byte	.LASF115
 781 038c 05       		.byte	0x5
 782 038d 6507     		.2byte	0x765
 783 038f 99030000 		.4byte	0x399
 784 0393 05       		.uleb128 0x5
 785 0394 03       		.byte	0x3
 786 0395 08000000 		.4byte	EE_oo_autostart_task_mode_OSDEFAULTAPPMODE
 787 0399 13       		.uleb128 0x13
 788 039a 70030000 		.4byte	0x370
 789 039e 11       		.uleb128 0x11
 790 039f AE030000 		.4byte	0x3ae
 791 03a3 AE030000 		.4byte	0x3ae
 792 03a7 14       		.uleb128 0x14
 793 03a8 80030000 		.4byte	0x380
 794 03ac 02       		.byte	0x2
 795 03ad 00       		.byte	0
 796 03ae 13       		.uleb128 0x13
 797 03af AA000000 		.4byte	0xaa
 798 03b3 16       		.uleb128 0x16
 799 03b4 E0060000 		.4byte	.LASF65
 800 03b8 05       		.byte	0x5
 801 03b9 D2       		.byte	0xd2
 802 03ba C4030000 		.4byte	0x3c4
 803 03be 05       		.uleb128 0x5
 804 03bf 03       		.byte	0x3
 805 03c0 00000000 		.4byte	EE_hal_thread_body
 806 03c4 13       		.uleb128 0x13
 807 03c5 9E030000 		.4byte	0x39e
 808 03c9 11       		.uleb128 0x11
 809 03ca D9030000 		.4byte	0x3d9
 810 03ce D9030000 		.4byte	0x3d9
 811 03d2 14       		.uleb128 0x14
 812 03d3 80030000 		.4byte	0x380
 813 03d7 03       		.byte	0x3
 814 03d8 00       		.byte	0
ARM GAS  C:\Users\zakis\AppData\Local\Temp\ccKckLQi.s 			page 16


 815 03d9 13       		.uleb128 0x13
 816 03da B5000000 		.4byte	0xb5
 817 03de 16       		.uleb128 0x16
 818 03df 38060000 		.4byte	.LASF66
 819 03e3 05       		.byte	0x5
 820 03e4 71       		.byte	0x71
 821 03e5 EF030000 		.4byte	0x3ef
 822 03e9 05       		.uleb128 0x5
 823 03ea 03       		.byte	0x3
 824 03eb 00000000 		.4byte	EE_std_thread_tos
 825 03ef 13       		.uleb128 0x13
 826 03f0 C9030000 		.4byte	0x3c9
 827 03f4 11       		.uleb128 0x11
 828 03f5 80000000 		.4byte	0x80
 829 03f9 04040000 		.4byte	0x404
 830 03fd 14       		.uleb128 0x14
 831 03fe 80030000 		.4byte	0x380
 832 0402 02       		.byte	0x2
 833 0403 00       		.byte	0
 834 0404 16       		.uleb128 0x16
 835 0405 90070000 		.4byte	.LASF67
 836 0409 05       		.byte	0x5
 837 040a ED       		.byte	0xed
 838 040b F4030000 		.4byte	0x3f4
 839 040f 05       		.uleb128 0x5
 840 0410 03       		.byte	0x3
 841 0411 00000000 		.4byte	EE_terminate_data
 842 0415 16       		.uleb128 0x16
 843 0416 81040000 		.4byte	.LASF68
 844 041a 05       		.byte	0x5
 845 041b F0       		.byte	0xf0
 846 041c 26040000 		.4byte	0x426
 847 0420 05       		.uleb128 0x5
 848 0421 03       		.byte	0x3
 849 0422 00000000 		.4byte	EE_terminate_real_th_body
 850 0426 13       		.uleb128 0x13
 851 0427 9E030000 		.4byte	0x39e
 852 042b 11       		.uleb128 0x11
 853 042c EC000000 		.4byte	0xec
 854 0430 3B040000 		.4byte	0x43b
 855 0434 14       		.uleb128 0x14
 856 0435 80030000 		.4byte	0x380
 857 0439 01       		.byte	0x1
 858 043a 00       		.byte	0
 859 043b 16       		.uleb128 0x16
 860 043c 47040000 		.4byte	.LASF69
 861 0440 05       		.byte	0x5
 862 0441 8D       		.byte	0x8d
 863 0442 2B040000 		.4byte	0x42b
 864 0446 05       		.uleb128 0x5
 865 0447 03       		.byte	0x3
 866 0448 00000000 		.4byte	EE_cortex_mx_system_tos
 867 044c 16       		.uleb128 0x16
 868 044d 82010000 		.4byte	.LASF70
 869 0451 05       		.byte	0x5
 870 0452 A9       		.byte	0xa9
 871 0453 B5000000 		.4byte	0xb5
ARM GAS  C:\Users\zakis\AppData\Local\Temp\ccKckLQi.s 			page 17


 872 0457 05       		.uleb128 0x5
 873 0458 03       		.byte	0x3
 874 0459 00000000 		.4byte	EE_cortex_mx_active_tos
 875 045d 11       		.uleb128 0x11
 876 045e D9030000 		.4byte	0x3d9
 877 0462 6D040000 		.4byte	0x46d
 878 0466 14       		.uleb128 0x14
 879 0467 80030000 		.4byte	0x380
 880 046b 02       		.byte	0x2
 881 046c 00       		.byte	0
 882 046d 17       		.uleb128 0x17
 883 046e 97060000 		.4byte	.LASF71
 884 0472 05       		.byte	0x5
 885 0473 E202     		.2byte	0x2e2
 886 0475 7F040000 		.4byte	0x47f
 887 0479 05       		.uleb128 0x5
 888 047a 03       		.byte	0x3
 889 047b 00000000 		.4byte	EE_th_rnact_max
 890 047f 13       		.uleb128 0x13
 891 0480 5D040000 		.4byte	0x45d
 892 0484 17       		.uleb128 0x17
 893 0485 3B070000 		.4byte	.LASF72
 894 0489 05       		.byte	0x5
 895 048a 0C01     		.2byte	0x10c
 896 048c 96040000 		.4byte	0x496
 897 0490 05       		.uleb128 0x5
 898 0491 03       		.byte	0x3
 899 0492 00000000 		.4byte	EE_th_ready_prio
 900 0496 13       		.uleb128 0x13
 901 0497 5D040000 		.4byte	0x45d
 902 049b 17       		.uleb128 0x17
 903 049c 07030000 		.4byte	.LASF73
 904 04a0 05       		.byte	0x5
 905 04a1 4502     		.2byte	0x245
 906 04a3 AD040000 		.4byte	0x4ad
 907 04a7 05       		.uleb128 0x5
 908 04a8 03       		.byte	0x3
 909 04a9 00000000 		.4byte	EE_th_dispatch_prio
 910 04ad 13       		.uleb128 0x13
 911 04ae 5D040000 		.4byte	0x45d
 912 04b2 11       		.uleb128 0x11
 913 04b3 C2040000 		.4byte	0x4c2
 914 04b7 C2040000 		.4byte	0x4c2
 915 04bb 14       		.uleb128 0x14
 916 04bc 80030000 		.4byte	0x380
 917 04c0 02       		.byte	0x2
 918 04c1 00       		.byte	0
 919 04c2 06       		.uleb128 0x6
 920 04c3 04       		.byte	0x4
 921 04c4 CF040000 		.4byte	0x4cf
 922 04c8 02       		.uleb128 0x2
 923 04c9 01       		.byte	0x1
 924 04ca 08       		.byte	0x8
 925 04cb 83060000 		.4byte	.LASF74
 926 04cf 13       		.uleb128 0x13
 927 04d0 C8040000 		.4byte	0x4c8
 928 04d4 17       		.uleb128 0x17
ARM GAS  C:\Users\zakis\AppData\Local\Temp\ccKckLQi.s 			page 18


 929 04d5 D8040000 		.4byte	.LASF75
 930 04d9 05       		.byte	0x5
 931 04da 2801     		.2byte	0x128
 932 04dc B2040000 		.4byte	0x4b2
 933 04e0 05       		.uleb128 0x5
 934 04e1 03       		.byte	0x3
 935 04e2 00000000 		.4byte	EE_TASK_NAME
 936 04e6 11       		.uleb128 0x11
 937 04e7 C2040000 		.4byte	0x4c2
 938 04eb F6040000 		.4byte	0x4f6
 939 04ef 14       		.uleb128 0x14
 940 04f0 80030000 		.4byte	0x380
 941 04f4 08       		.byte	0x8
 942 04f5 00       		.byte	0
 943 04f6 17       		.uleb128 0x17
 944 04f7 67010000 		.4byte	.LASF76
 945 04fb 05       		.byte	0x5
 946 04fc 8101     		.2byte	0x181
 947 04fe E6040000 		.4byte	0x4e6
 948 0502 05       		.uleb128 0x5
 949 0503 03       		.byte	0x3
 950 0504 00000000 		.4byte	EE_EVENT_NAME
 951 0508 11       		.uleb128 0x11
 952 0509 C2040000 		.4byte	0x4c2
 953 050d 18050000 		.4byte	0x518
 954 0511 14       		.uleb128 0x14
 955 0512 80030000 		.4byte	0x380
 956 0516 00       		.byte	0
 957 0517 00       		.byte	0
 958 0518 17       		.uleb128 0x17
 959 0519 4A020000 		.4byte	.LASF77
 960 051d 05       		.byte	0x5
 961 051e 3D06     		.2byte	0x63d
 962 0520 08050000 		.4byte	0x508
 963 0524 05       		.uleb128 0x5
 964 0525 03       		.byte	0x3
 965 0526 00000000 		.4byte	EE_ALARM_NAME
 966 052a 11       		.uleb128 0x11
 967 052b 3A050000 		.4byte	0x53a
 968 052f 3A050000 		.4byte	0x53a
 969 0533 14       		.uleb128 0x14
 970 0534 80030000 		.4byte	0x380
 971 0538 08       		.byte	0x8
 972 0539 00       		.byte	0
 973 053a 13       		.uleb128 0x13
 974 053b 40000000 		.4byte	0x40
 975 053f 17       		.uleb128 0x17
 976 0540 B1010000 		.4byte	.LASF78
 977 0544 05       		.byte	0x5
 978 0545 E201     		.2byte	0x1e2
 979 0547 51050000 		.4byte	0x551
 980 054b 05       		.uleb128 0x5
 981 054c 03       		.byte	0x3
 982 054d 00000000 		.4byte	EE_EVENT_ID
 983 0551 13       		.uleb128 0x13
 984 0552 2A050000 		.4byte	0x52a
 985 0556 11       		.uleb128 0x11
ARM GAS  C:\Users\zakis\AppData\Local\Temp\ccKckLQi.s 			page 19


 986 0557 3A050000 		.4byte	0x53a
 987 055b 66050000 		.4byte	0x566
 988 055f 14       		.uleb128 0x14
 989 0560 80030000 		.4byte	0x380
 990 0564 00       		.byte	0
 991 0565 00       		.byte	0
 992 0566 17       		.uleb128 0x17
 993 0567 1C010000 		.4byte	.LASF79
 994 056b 05       		.byte	0x5
 995 056c 5906     		.2byte	0x659
 996 056e 78050000 		.4byte	0x578
 997 0572 05       		.uleb128 0x5
 998 0573 03       		.byte	0x3
 999 0574 00000000 		.4byte	EE_ALARM_ID
 1000 0578 13       		.uleb128 0x13
 1001 0579 56050000 		.4byte	0x556
 1002 057d 11       		.uleb128 0x11
 1003 057e B5000000 		.4byte	0xb5
 1004 0582 8D050000 		.4byte	0x58d
 1005 0586 14       		.uleb128 0x14
 1006 0587 80030000 		.4byte	0x380
 1007 058b 02       		.byte	0x2
 1008 058c 00       		.byte	0
 1009 058d 17       		.uleb128 0x17
 1010 058e E4020000 		.4byte	.LASF80
 1011 0592 05       		.byte	0x5
 1012 0593 8102     		.2byte	0x281
 1013 0595 7D050000 		.4byte	0x57d
 1014 0599 05       		.uleb128 0x5
 1015 059a 03       		.byte	0x3
 1016 059b 00000000 		.4byte	EE_th_status
 1017 059f 11       		.uleb128 0x11
 1018 05a0 E1000000 		.4byte	0xe1
 1019 05a4 AF050000 		.4byte	0x5af
 1020 05a8 14       		.uleb128 0x14
 1021 05a9 80030000 		.4byte	0x380
 1022 05ad 02       		.byte	0x2
 1023 05ae 00       		.byte	0
 1024 05af 17       		.uleb128 0x17
 1025 05b0 76040000 		.4byte	.LASF81
 1026 05b4 05       		.byte	0x5
 1027 05b5 9D02     		.2byte	0x29d
 1028 05b7 9F050000 		.4byte	0x59f
 1029 05bb 05       		.uleb128 0x5
 1030 05bc 03       		.byte	0x3
 1031 05bd 00000000 		.4byte	EE_th_next
 1032 05c1 17       		.uleb128 0x17
 1033 05c2 4C070000 		.4byte	.LASF82
 1034 05c6 05       		.byte	0x5
 1035 05c7 C702     		.2byte	0x2c7
 1036 05c9 7D050000 		.4byte	0x57d
 1037 05cd 05       		.uleb128 0x5
 1038 05ce 03       		.byte	0x3
 1039 05cf 00000000 		.4byte	EE_th_rnact
 1040 05d3 17       		.uleb128 0x17
 1041 05d4 05000000 		.4byte	.LASF83
 1042 05d8 05       		.byte	0x5
ARM GAS  C:\Users\zakis\AppData\Local\Temp\ccKckLQi.s 			page 20


 1043 05d9 7703     		.2byte	0x377
 1044 05db 9F050000 		.4byte	0x59f
 1045 05df 05       		.uleb128 0x5
 1046 05e0 03       		.byte	0x3
 1047 05e1 00000000 		.4byte	EE_th_terminate_nextask
 1048 05e5 17       		.uleb128 0x17
 1049 05e6 26000000 		.4byte	.LASF84
 1050 05ea 05       		.byte	0x5
 1051 05eb B902     		.2byte	0x2b9
 1052 05ed E1000000 		.4byte	0xe1
 1053 05f1 05       		.uleb128 0x5
 1054 05f2 03       		.byte	0x3
 1055 05f3 00000000 		.4byte	EE_stkfirst
 1056 05f7 17       		.uleb128 0x17
 1057 05f8 F3060000 		.4byte	.LASF85
 1058 05fc 05       		.byte	0x5
 1059 05fd BC02     		.2byte	0x2bc
 1060 05ff B5000000 		.4byte	0xb5
 1061 0603 05       		.uleb128 0x5
 1062 0604 03       		.byte	0x3
 1063 0605 00000000 		.4byte	EE_sys_ceiling
 1064 0609 17       		.uleb128 0x17
 1065 060a C4030000 		.4byte	.LASF86
 1066 060e 05       		.byte	0x5
 1067 060f FD02     		.2byte	0x2fd
 1068 0611 7D050000 		.4byte	0x57d
 1069 0615 05       		.uleb128 0x5
 1070 0616 03       		.byte	0x3
 1071 0617 00000000 		.4byte	EE_rq_link
 1072 061b 11       		.uleb128 0x11
 1073 061c C0000000 		.4byte	0xc0
 1074 0620 2B060000 		.4byte	0x62b
 1075 0624 14       		.uleb128 0x14
 1076 0625 80030000 		.4byte	0x380
 1077 0629 0F       		.byte	0xf
 1078 062a 00       		.byte	0
 1079 062b 17       		.uleb128 0x17
 1080 062c C6010000 		.4byte	.LASF87
 1081 0630 05       		.byte	0x5
 1082 0631 BF02     		.2byte	0x2bf
 1083 0633 1B060000 		.4byte	0x61b
 1084 0637 05       		.uleb128 0x5
 1085 0638 03       		.byte	0x3
 1086 0639 00000000 		.4byte	EE_rq_queues_head
 1087 063d 17       		.uleb128 0x17
 1088 063e 26060000 		.4byte	.LASF88
 1089 0642 05       		.byte	0x5
 1090 0643 C102     		.2byte	0x2c1
 1091 0645 1B060000 		.4byte	0x61b
 1092 0649 05       		.uleb128 0x5
 1093 064a 03       		.byte	0x3
 1094 064b 00000000 		.4byte	EE_rq_queues_tail
 1095 064f 11       		.uleb128 0x11
 1096 0650 C0000000 		.4byte	0xc0
 1097 0654 5F060000 		.4byte	0x65f
 1098 0658 14       		.uleb128 0x14
 1099 0659 80030000 		.4byte	0x380
ARM GAS  C:\Users\zakis\AppData\Local\Temp\ccKckLQi.s 			page 21


 1100 065d 02       		.byte	0x2
 1101 065e 00       		.byte	0
 1102 065f 17       		.uleb128 0x17
 1103 0660 C0000000 		.4byte	.LASF89
 1104 0664 05       		.byte	0x5
 1105 0665 1B03     		.2byte	0x31b
 1106 0667 4F060000 		.4byte	0x64f
 1107 066b 05       		.uleb128 0x5
 1108 066c 03       		.byte	0x3
 1109 066d 00000000 		.4byte	EE_rq_pairs_next
 1110 0671 17       		.uleb128 0x17
 1111 0672 58070000 		.4byte	.LASF90
 1112 0676 05       		.byte	0x5
 1113 0677 7003     		.2byte	0x370
 1114 0679 9F050000 		.4byte	0x59f
 1115 067d 05       		.uleb128 0x5
 1116 067e 03       		.byte	0x3
 1117 067f 00000000 		.4byte	EE_rq_pairs_tid
 1118 0683 17       		.uleb128 0x17
 1119 0684 5D060000 		.4byte	.LASF91
 1120 0688 05       		.byte	0x5
 1121 0689 C402     		.2byte	0x2c4
 1122 068b 05010000 		.4byte	0x105
 1123 068f 05       		.uleb128 0x5
 1124 0690 03       		.byte	0x3
 1125 0691 00000000 		.4byte	EE_rq_bitmask
 1126 0695 17       		.uleb128 0x17
 1127 0696 B9030000 		.4byte	.LASF92
 1128 069a 05       		.byte	0x5
 1129 069b 7303     		.2byte	0x373
 1130 069d C0000000 		.4byte	0xc0
 1131 06a1 05       		.uleb128 0x5
 1132 06a2 03       		.byte	0x3
 1133 06a3 00000000 		.4byte	EE_rq_free
 1134 06a7 17       		.uleb128 0x17
 1135 06a8 A2070000 		.4byte	.LASF93
 1136 06ac 05       		.byte	0x5
 1137 06ad 9A03     		.2byte	0x39a
 1138 06af 7D050000 		.4byte	0x57d
 1139 06b3 05       		.uleb128 0x5
 1140 06b4 03       		.byte	0x3
 1141 06b5 00000000 		.4byte	EE_th_event_active
 1142 06b9 17       		.uleb128 0x17
 1143 06ba AE040000 		.4byte	.LASF94
 1144 06be 05       		.byte	0x5
 1145 06bf B603     		.2byte	0x3b6
 1146 06c1 7D050000 		.4byte	0x57d
 1147 06c5 05       		.uleb128 0x5
 1148 06c6 03       		.byte	0x3
 1149 06c7 00000000 		.4byte	EE_th_event_waitmask
 1150 06cb 11       		.uleb128 0x11
 1151 06cc D6000000 		.4byte	0xd6
 1152 06d0 DB060000 		.4byte	0x6db
 1153 06d4 14       		.uleb128 0x14
 1154 06d5 80030000 		.4byte	0x380
 1155 06d9 02       		.byte	0x2
 1156 06da 00       		.byte	0
ARM GAS  C:\Users\zakis\AppData\Local\Temp\ccKckLQi.s 			page 22


 1157 06db 17       		.uleb128 0x17
 1158 06dc 6A020000 		.4byte	.LASF95
 1159 06e0 05       		.byte	0x5
 1160 06e1 D203     		.2byte	0x3d2
 1161 06e3 CB060000 		.4byte	0x6cb
 1162 06e7 05       		.uleb128 0x5
 1163 06e8 03       		.byte	0x3
 1164 06e9 00000000 		.4byte	EE_th_waswaiting
 1165 06ed 17       		.uleb128 0x17
 1166 06ee DA070000 		.4byte	.LASF96
 1167 06f2 05       		.byte	0x5
 1168 06f3 EE03     		.2byte	0x3ee
 1169 06f5 FF060000 		.4byte	0x6ff
 1170 06f9 05       		.uleb128 0x5
 1171 06fa 03       		.byte	0x3
 1172 06fb 00000000 		.4byte	EE_th_is_extended
 1173 06ff 13       		.uleb128 0x13
 1174 0700 5D040000 		.4byte	0x45d
 1175 0704 11       		.uleb128 0x11
 1176 0705 14070000 		.4byte	0x714
 1177 0709 14070000 		.4byte	0x714
 1178 070d 14       		.uleb128 0x14
 1179 070e 80030000 		.4byte	0x380
 1180 0712 00       		.byte	0
 1181 0713 00       		.byte	0
 1182 0714 13       		.uleb128 0x13
 1183 0715 8A010000 		.4byte	0x18a
 1184 0719 17       		.uleb128 0x17
 1185 071a 07040000 		.4byte	.LASF97
 1186 071e 05       		.byte	0x5
 1187 071f FF05     		.2byte	0x5ff
 1188 0721 2B070000 		.4byte	0x72b
 1189 0725 05       		.uleb128 0x5
 1190 0726 03       		.byte	0x3
 1191 0727 00000000 		.4byte	EE_counter_ROM
 1192 072b 13       		.uleb128 0x13
 1193 072c 04070000 		.4byte	0x704
 1194 0730 11       		.uleb128 0x11
 1195 0731 40070000 		.4byte	0x740
 1196 0735 40070000 		.4byte	0x740
 1197 0739 14       		.uleb128 0x14
 1198 073a 80030000 		.4byte	0x380
 1199 073e 00       		.byte	0
 1200 073f 00       		.byte	0
 1201 0740 13       		.uleb128 0x13
 1202 0741 27020000 		.4byte	0x227
 1203 0745 17       		.uleb128 0x17
 1204 0746 4D030000 		.4byte	.LASF98
 1205 074a 05       		.byte	0x5
 1206 074b 9606     		.2byte	0x696
 1207 074d 57070000 		.4byte	0x757
 1208 0751 05       		.uleb128 0x5
 1209 0752 03       		.byte	0x3
 1210 0753 00000000 		.4byte	EE_oo_counter_object_ROM
 1211 0757 13       		.uleb128 0x13
 1212 0758 30070000 		.4byte	0x730
 1213 075c 11       		.uleb128 0x11
ARM GAS  C:\Users\zakis\AppData\Local\Temp\ccKckLQi.s 			page 23


 1214 075d 6C070000 		.4byte	0x76c
 1215 0761 6C070000 		.4byte	0x76c
 1216 0765 14       		.uleb128 0x14
 1217 0766 80030000 		.4byte	0x380
 1218 076a 00       		.byte	0
 1219 076b 00       		.byte	0
 1220 076c 13       		.uleb128 0x13
 1221 076d 04030000 		.4byte	0x304
 1222 0771 17       		.uleb128 0x17
 1223 0772 83030000 		.4byte	.LASF99
 1224 0776 05       		.byte	0x5
 1225 0777 BA06     		.2byte	0x6ba
 1226 0779 83070000 		.4byte	0x783
 1227 077d 05       		.uleb128 0x5
 1228 077e 03       		.byte	0x3
 1229 077f 00000000 		.4byte	EE_oo_action_ROM
 1230 0783 13       		.uleb128 0x13
 1231 0784 5C070000 		.4byte	0x75c
 1232 0788 11       		.uleb128 0x11
 1233 0789 98070000 		.4byte	0x798
 1234 078d 98070000 		.4byte	0x798
 1235 0791 14       		.uleb128 0x14
 1236 0792 80030000 		.4byte	0x380
 1237 0796 00       		.byte	0
 1238 0797 00       		.byte	0
 1239 0798 13       		.uleb128 0x13
 1240 0799 27030000 		.4byte	0x327
 1241 079d 17       		.uleb128 0x17
 1242 079e 75010000 		.4byte	.LASF100
 1243 07a2 05       		.byte	0x5
 1244 07a3 2006     		.2byte	0x620
 1245 07a5 AF070000 		.4byte	0x7af
 1246 07a9 05       		.uleb128 0x5
 1247 07aa 03       		.byte	0x3
 1248 07ab 00000000 		.4byte	EE_alarm_ROM
 1249 07af 13       		.uleb128 0x13
 1250 07b0 88070000 		.4byte	0x788
 1251 07b4 11       		.uleb128 0x11
 1252 07b5 BA010000 		.4byte	0x1ba
 1253 07b9 C4070000 		.4byte	0x7c4
 1254 07bd 14       		.uleb128 0x14
 1255 07be 80030000 		.4byte	0x380
 1256 07c2 00       		.byte	0
 1257 07c3 00       		.byte	0
 1258 07c4 17       		.uleb128 0x17
 1259 07c5 B9060000 		.4byte	.LASF101
 1260 07c9 05       		.byte	0x5
 1261 07ca 0C06     		.2byte	0x60c
 1262 07cc B4070000 		.4byte	0x7b4
 1263 07d0 05       		.uleb128 0x5
 1264 07d1 03       		.byte	0x3
 1265 07d2 00000000 		.4byte	EE_counter_RAM
 1266 07d6 11       		.uleb128 0x11
 1267 07d7 71020000 		.4byte	0x271
 1268 07db E6070000 		.4byte	0x7e6
 1269 07df 14       		.uleb128 0x14
 1270 07e0 80030000 		.4byte	0x380
ARM GAS  C:\Users\zakis\AppData\Local\Temp\ccKckLQi.s 			page 24


 1271 07e4 00       		.byte	0
 1272 07e5 00       		.byte	0
 1273 07e6 17       		.uleb128 0x17
 1274 07e7 13070000 		.4byte	.LASF102
 1275 07eb 05       		.byte	0x5
 1276 07ec B106     		.2byte	0x6b1
 1277 07ee D6070000 		.4byte	0x7d6
 1278 07f2 05       		.uleb128 0x5
 1279 07f3 03       		.byte	0x3
 1280 07f4 00000000 		.4byte	EE_oo_counter_object_RAM
 1281 07f8 11       		.uleb128 0x11
 1282 07f9 08080000 		.4byte	0x808
 1283 07fd 08080000 		.4byte	0x808
 1284 0801 14       		.uleb128 0x14
 1285 0802 80030000 		.4byte	0x380
 1286 0806 00       		.byte	0
 1287 0807 00       		.byte	0
 1288 0808 13       		.uleb128 0x13
 1289 0809 33030000 		.4byte	0x333
 1290 080d 17       		.uleb128 0x17
 1291 080e F4070000 		.4byte	.LASF103
 1292 0812 05       		.byte	0x5
 1293 0813 9607     		.2byte	0x796
 1294 0815 1F080000 		.4byte	0x81f
 1295 0819 05       		.uleb128 0x5
 1296 081a 03       		.byte	0x3
 1297 081b 00000000 		.4byte	EE_oo_autostart_task_data
 1298 081f 13       		.uleb128 0x13
 1299 0820 F8070000 		.4byte	0x7f8
 1300 0824 18       		.uleb128 0x18
 1301 0825 AD020000 		.4byte	.LASF104
 1302 0829 06       		.byte	0x6
 1303 082a 40       		.byte	0x40
 1304 082b B5000000 		.4byte	0xb5
 1305 082f 18       		.uleb128 0x18
 1306 0830 D8010000 		.4byte	.LASF105
 1307 0834 06       		.byte	0x6
 1308 0835 47       		.byte	0x47
 1309 0836 CB000000 		.4byte	0xcb
 1310 083a 17       		.uleb128 0x17
 1311 083b 70030000 		.4byte	.LASF106
 1312 083f 05       		.byte	0x5
 1313 0840 5C07     		.2byte	0x75c
 1314 0842 B5000000 		.4byte	0xb5
 1315 0846 05       		.uleb128 0x5
 1316 0847 03       		.byte	0x3
 1317 0848 00000000 		.4byte	EE_ApplicationMode
 1318 084c 18       		.uleb128 0x18
 1319 084d F1010000 		.4byte	.LASF107
 1320 0851 07       		.byte	0x7
 1321 0852 48       		.byte	0x48
 1322 0853 E1000000 		.4byte	0xe1
 1323 0857 18       		.uleb128 0x18
 1324 0858 68070000 		.4byte	.LASF108
 1325 085c 08       		.byte	0x8
 1326 085d 44       		.byte	0x44
 1327 085e B5000000 		.4byte	0xb5
ARM GAS  C:\Users\zakis\AppData\Local\Temp\ccKckLQi.s 			page 25


 1328 0862 16       		.uleb128 0x16
 1329 0863 49000000 		.4byte	.LASF109
 1330 0867 05       		.byte	0x5
 1331 0868 AD       		.byte	0xad
 1332 0869 EC000000 		.4byte	0xec
 1333 086d 05       		.uleb128 0x5
 1334 086e 03       		.byte	0x3
 1335 086f 00000000 		.4byte	EE_cortex_mx_IRQ_tos
 1336 0873 11       		.uleb128 0x11
 1337 0874 55000000 		.4byte	0x55
 1338 0878 84080000 		.4byte	0x884
 1339 087c 19       		.uleb128 0x19
 1340 087d 80030000 		.4byte	0x380
 1341 0881 FF07     		.2byte	0x7ff
 1342 0883 00       		.byte	0
 1343 0884 16       		.uleb128 0x16
 1344 0885 C3040000 		.4byte	.LASF110
 1345 0889 05       		.byte	0x5
 1346 088a 19       		.byte	0x19
 1347 088b 73080000 		.4byte	0x873
 1348 088f 05       		.uleb128 0x5
 1349 0890 03       		.byte	0x3
 1350 0891 00000000 		.4byte	EE_cortex_mx_stack_3
 1351 0895 11       		.uleb128 0x11
 1352 0896 55000000 		.4byte	0x55
 1353 089a A5080000 		.4byte	0x8a5
 1354 089e 14       		.uleb128 0x14
 1355 089f 80030000 		.4byte	0x380
 1356 08a3 FF       		.byte	0xff
 1357 08a4 00       		.byte	0
 1358 08a5 16       		.uleb128 0x16
 1359 08a6 1B030000 		.4byte	.LASF111
 1360 08aa 05       		.byte	0x5
 1361 08ab 32       		.byte	0x32
 1362 08ac 95080000 		.4byte	0x895
 1363 08b0 05       		.uleb128 0x5
 1364 08b1 03       		.byte	0x3
 1365 08b2 00000000 		.4byte	EE_cortex_mx_stack_9
 1366 08b6 00       		.byte	0
 1367              		.section	.debug_abbrev,"",%progbits
 1368              	.Ldebug_abbrev0:
 1369 0000 01       		.uleb128 0x1
 1370 0001 11       		.uleb128 0x11
 1371 0002 01       		.byte	0x1
 1372 0003 25       		.uleb128 0x25
 1373 0004 0E       		.uleb128 0xe
 1374 0005 13       		.uleb128 0x13
 1375 0006 0B       		.uleb128 0xb
 1376 0007 03       		.uleb128 0x3
 1377 0008 0E       		.uleb128 0xe
 1378 0009 1B       		.uleb128 0x1b
 1379 000a 0E       		.uleb128 0xe
 1380 000b 10       		.uleb128 0x10
 1381 000c 17       		.uleb128 0x17
 1382 000d 00       		.byte	0
 1383 000e 00       		.byte	0
 1384 000f 02       		.uleb128 0x2
ARM GAS  C:\Users\zakis\AppData\Local\Temp\ccKckLQi.s 			page 26


 1385 0010 24       		.uleb128 0x24
 1386 0011 00       		.byte	0
 1387 0012 0B       		.uleb128 0xb
 1388 0013 0B       		.uleb128 0xb
 1389 0014 3E       		.uleb128 0x3e
 1390 0015 0B       		.uleb128 0xb
 1391 0016 03       		.uleb128 0x3
 1392 0017 0E       		.uleb128 0xe
 1393 0018 00       		.byte	0
 1394 0019 00       		.byte	0
 1395 001a 03       		.uleb128 0x3
 1396 001b 24       		.uleb128 0x24
 1397 001c 00       		.byte	0
 1398 001d 0B       		.uleb128 0xb
 1399 001e 0B       		.uleb128 0xb
 1400 001f 3E       		.uleb128 0x3e
 1401 0020 0B       		.uleb128 0xb
 1402 0021 03       		.uleb128 0x3
 1403 0022 08       		.uleb128 0x8
 1404 0023 00       		.byte	0
 1405 0024 00       		.byte	0
 1406 0025 04       		.uleb128 0x4
 1407 0026 16       		.uleb128 0x16
 1408 0027 00       		.byte	0
 1409 0028 03       		.uleb128 0x3
 1410 0029 0E       		.uleb128 0xe
 1411 002a 3A       		.uleb128 0x3a
 1412 002b 0B       		.uleb128 0xb
 1413 002c 3B       		.uleb128 0x3b
 1414 002d 0B       		.uleb128 0xb
 1415 002e 49       		.uleb128 0x49
 1416 002f 13       		.uleb128 0x13
 1417 0030 00       		.byte	0
 1418 0031 00       		.byte	0
 1419 0032 05       		.uleb128 0x5
 1420 0033 0F       		.uleb128 0xf
 1421 0034 00       		.byte	0
 1422 0035 0B       		.uleb128 0xb
 1423 0036 0B       		.uleb128 0xb
 1424 0037 00       		.byte	0
 1425 0038 00       		.byte	0
 1426 0039 06       		.uleb128 0x6
 1427 003a 0F       		.uleb128 0xf
 1428 003b 00       		.byte	0
 1429 003c 0B       		.uleb128 0xb
 1430 003d 0B       		.uleb128 0xb
 1431 003e 49       		.uleb128 0x49
 1432 003f 13       		.uleb128 0x13
 1433 0040 00       		.byte	0
 1434 0041 00       		.byte	0
 1435 0042 07       		.uleb128 0x7
 1436 0043 15       		.uleb128 0x15
 1437 0044 00       		.byte	0
 1438 0045 27       		.uleb128 0x27
 1439 0046 19       		.uleb128 0x19
 1440 0047 00       		.byte	0
 1441 0048 00       		.byte	0
ARM GAS  C:\Users\zakis\AppData\Local\Temp\ccKckLQi.s 			page 27


 1442 0049 08       		.uleb128 0x8
 1443 004a 13       		.uleb128 0x13
 1444 004b 01       		.byte	0x1
 1445 004c 03       		.uleb128 0x3
 1446 004d 0E       		.uleb128 0xe
 1447 004e 0B       		.uleb128 0xb
 1448 004f 0B       		.uleb128 0xb
 1449 0050 3A       		.uleb128 0x3a
 1450 0051 0B       		.uleb128 0xb
 1451 0052 3B       		.uleb128 0x3b
 1452 0053 0B       		.uleb128 0xb
 1453 0054 01       		.uleb128 0x1
 1454 0055 13       		.uleb128 0x13
 1455 0056 00       		.byte	0
 1456 0057 00       		.byte	0
 1457 0058 09       		.uleb128 0x9
 1458 0059 0D       		.uleb128 0xd
 1459 005a 00       		.byte	0
 1460 005b 03       		.uleb128 0x3
 1461 005c 0E       		.uleb128 0xe
 1462 005d 3A       		.uleb128 0x3a
 1463 005e 0B       		.uleb128 0xb
 1464 005f 3B       		.uleb128 0x3b
 1465 0060 0B       		.uleb128 0xb
 1466 0061 49       		.uleb128 0x49
 1467 0062 13       		.uleb128 0x13
 1468 0063 38       		.uleb128 0x38
 1469 0064 0B       		.uleb128 0xb
 1470 0065 00       		.byte	0
 1471 0066 00       		.byte	0
 1472 0067 0A       		.uleb128 0xa
 1473 0068 16       		.uleb128 0x16
 1474 0069 00       		.byte	0
 1475 006a 03       		.uleb128 0x3
 1476 006b 0E       		.uleb128 0xe
 1477 006c 3A       		.uleb128 0x3a
 1478 006d 0B       		.uleb128 0xb
 1479 006e 3B       		.uleb128 0x3b
 1480 006f 05       		.uleb128 0x5
 1481 0070 49       		.uleb128 0x49
 1482 0071 13       		.uleb128 0x13
 1483 0072 00       		.byte	0
 1484 0073 00       		.byte	0
 1485 0074 0B       		.uleb128 0xb
 1486 0075 13       		.uleb128 0x13
 1487 0076 01       		.byte	0x1
 1488 0077 0B       		.uleb128 0xb
 1489 0078 0B       		.uleb128 0xb
 1490 0079 3A       		.uleb128 0x3a
 1491 007a 0B       		.uleb128 0xb
 1492 007b 3B       		.uleb128 0x3b
 1493 007c 05       		.uleb128 0x5
 1494 007d 01       		.uleb128 0x1
 1495 007e 13       		.uleb128 0x13
 1496 007f 00       		.byte	0
 1497 0080 00       		.byte	0
 1498 0081 0C       		.uleb128 0xc
ARM GAS  C:\Users\zakis\AppData\Local\Temp\ccKckLQi.s 			page 28


 1499 0082 0D       		.uleb128 0xd
 1500 0083 00       		.byte	0
 1501 0084 03       		.uleb128 0x3
 1502 0085 0E       		.uleb128 0xe
 1503 0086 3A       		.uleb128 0x3a
 1504 0087 0B       		.uleb128 0xb
 1505 0088 3B       		.uleb128 0x3b
 1506 0089 05       		.uleb128 0x5
 1507 008a 49       		.uleb128 0x49
 1508 008b 13       		.uleb128 0x13
 1509 008c 38       		.uleb128 0x38
 1510 008d 0B       		.uleb128 0xb
 1511 008e 00       		.byte	0
 1512 008f 00       		.byte	0
 1513 0090 0D       		.uleb128 0xd
 1514 0091 04       		.uleb128 0x4
 1515 0092 01       		.byte	0x1
 1516 0093 0B       		.uleb128 0xb
 1517 0094 0B       		.uleb128 0xb
 1518 0095 49       		.uleb128 0x49
 1519 0096 13       		.uleb128 0x13
 1520 0097 3A       		.uleb128 0x3a
 1521 0098 0B       		.uleb128 0xb
 1522 0099 3B       		.uleb128 0x3b
 1523 009a 05       		.uleb128 0x5
 1524 009b 01       		.uleb128 0x1
 1525 009c 13       		.uleb128 0x13
 1526 009d 00       		.byte	0
 1527 009e 00       		.byte	0
 1528 009f 0E       		.uleb128 0xe
 1529 00a0 28       		.uleb128 0x28
 1530 00a1 00       		.byte	0
 1531 00a2 03       		.uleb128 0x3
 1532 00a3 0E       		.uleb128 0xe
 1533 00a4 1C       		.uleb128 0x1c
 1534 00a5 0B       		.uleb128 0xb
 1535 00a6 00       		.byte	0
 1536 00a7 00       		.byte	0
 1537 00a8 0F       		.uleb128 0xf
 1538 00a9 0D       		.uleb128 0xd
 1539 00aa 00       		.byte	0
 1540 00ab 03       		.uleb128 0x3
 1541 00ac 08       		.uleb128 0x8
 1542 00ad 3A       		.uleb128 0x3a
 1543 00ae 0B       		.uleb128 0xb
 1544 00af 3B       		.uleb128 0x3b
 1545 00b0 05       		.uleb128 0x5
 1546 00b1 49       		.uleb128 0x49
 1547 00b2 13       		.uleb128 0x13
 1548 00b3 38       		.uleb128 0x38
 1549 00b4 0B       		.uleb128 0xb
 1550 00b5 00       		.byte	0
 1551 00b6 00       		.byte	0
 1552 00b7 10       		.uleb128 0x10
 1553 00b8 13       		.uleb128 0x13
 1554 00b9 01       		.byte	0x1
 1555 00ba 03       		.uleb128 0x3
ARM GAS  C:\Users\zakis\AppData\Local\Temp\ccKckLQi.s 			page 29


 1556 00bb 0E       		.uleb128 0xe
 1557 00bc 0B       		.uleb128 0xb
 1558 00bd 0B       		.uleb128 0xb
 1559 00be 3A       		.uleb128 0x3a
 1560 00bf 0B       		.uleb128 0xb
 1561 00c0 3B       		.uleb128 0x3b
 1562 00c1 05       		.uleb128 0x5
 1563 00c2 01       		.uleb128 0x1
 1564 00c3 13       		.uleb128 0x13
 1565 00c4 00       		.byte	0
 1566 00c5 00       		.byte	0
 1567 00c6 11       		.uleb128 0x11
 1568 00c7 01       		.uleb128 0x1
 1569 00c8 01       		.byte	0x1
 1570 00c9 49       		.uleb128 0x49
 1571 00ca 13       		.uleb128 0x13
 1572 00cb 01       		.uleb128 0x1
 1573 00cc 13       		.uleb128 0x13
 1574 00cd 00       		.byte	0
 1575 00ce 00       		.byte	0
 1576 00cf 12       		.uleb128 0x12
 1577 00d0 21       		.uleb128 0x21
 1578 00d1 00       		.byte	0
 1579 00d2 00       		.byte	0
 1580 00d3 00       		.byte	0
 1581 00d4 13       		.uleb128 0x13
 1582 00d5 26       		.uleb128 0x26
 1583 00d6 00       		.byte	0
 1584 00d7 49       		.uleb128 0x49
 1585 00d8 13       		.uleb128 0x13
 1586 00d9 00       		.byte	0
 1587 00da 00       		.byte	0
 1588 00db 14       		.uleb128 0x14
 1589 00dc 21       		.uleb128 0x21
 1590 00dd 00       		.byte	0
 1591 00de 49       		.uleb128 0x49
 1592 00df 13       		.uleb128 0x13
 1593 00e0 2F       		.uleb128 0x2f
 1594 00e1 0B       		.uleb128 0xb
 1595 00e2 00       		.byte	0
 1596 00e3 00       		.byte	0
 1597 00e4 15       		.uleb128 0x15
 1598 00e5 34       		.uleb128 0x34
 1599 00e6 00       		.byte	0
 1600 00e7 03       		.uleb128 0x3
 1601 00e8 0E       		.uleb128 0xe
 1602 00e9 3A       		.uleb128 0x3a
 1603 00ea 0B       		.uleb128 0xb
 1604 00eb 3B       		.uleb128 0x3b
 1605 00ec 05       		.uleb128 0x5
 1606 00ed 49       		.uleb128 0x49
 1607 00ee 13       		.uleb128 0x13
 1608 00ef 02       		.uleb128 0x2
 1609 00f0 18       		.uleb128 0x18
 1610 00f1 00       		.byte	0
 1611 00f2 00       		.byte	0
 1612 00f3 16       		.uleb128 0x16
ARM GAS  C:\Users\zakis\AppData\Local\Temp\ccKckLQi.s 			page 30


 1613 00f4 34       		.uleb128 0x34
 1614 00f5 00       		.byte	0
 1615 00f6 03       		.uleb128 0x3
 1616 00f7 0E       		.uleb128 0xe
 1617 00f8 3A       		.uleb128 0x3a
 1618 00f9 0B       		.uleb128 0xb
 1619 00fa 3B       		.uleb128 0x3b
 1620 00fb 0B       		.uleb128 0xb
 1621 00fc 49       		.uleb128 0x49
 1622 00fd 13       		.uleb128 0x13
 1623 00fe 3F       		.uleb128 0x3f
 1624 00ff 19       		.uleb128 0x19
 1625 0100 02       		.uleb128 0x2
 1626 0101 18       		.uleb128 0x18
 1627 0102 00       		.byte	0
 1628 0103 00       		.byte	0
 1629 0104 17       		.uleb128 0x17
 1630 0105 34       		.uleb128 0x34
 1631 0106 00       		.byte	0
 1632 0107 03       		.uleb128 0x3
 1633 0108 0E       		.uleb128 0xe
 1634 0109 3A       		.uleb128 0x3a
 1635 010a 0B       		.uleb128 0xb
 1636 010b 3B       		.uleb128 0x3b
 1637 010c 05       		.uleb128 0x5
 1638 010d 49       		.uleb128 0x49
 1639 010e 13       		.uleb128 0x13
 1640 010f 3F       		.uleb128 0x3f
 1641 0110 19       		.uleb128 0x19
 1642 0111 02       		.uleb128 0x2
 1643 0112 18       		.uleb128 0x18
 1644 0113 00       		.byte	0
 1645 0114 00       		.byte	0
 1646 0115 18       		.uleb128 0x18
 1647 0116 34       		.uleb128 0x34
 1648 0117 00       		.byte	0
 1649 0118 03       		.uleb128 0x3
 1650 0119 0E       		.uleb128 0xe
 1651 011a 3A       		.uleb128 0x3a
 1652 011b 0B       		.uleb128 0xb
 1653 011c 3B       		.uleb128 0x3b
 1654 011d 0B       		.uleb128 0xb
 1655 011e 49       		.uleb128 0x49
 1656 011f 13       		.uleb128 0x13
 1657 0120 3F       		.uleb128 0x3f
 1658 0121 19       		.uleb128 0x19
 1659 0122 3C       		.uleb128 0x3c
 1660 0123 19       		.uleb128 0x19
 1661 0124 00       		.byte	0
 1662 0125 00       		.byte	0
 1663 0126 19       		.uleb128 0x19
 1664 0127 21       		.uleb128 0x21
 1665 0128 00       		.byte	0
 1666 0129 49       		.uleb128 0x49
 1667 012a 13       		.uleb128 0x13
 1668 012b 2F       		.uleb128 0x2f
 1669 012c 05       		.uleb128 0x5
ARM GAS  C:\Users\zakis\AppData\Local\Temp\ccKckLQi.s 			page 31


 1670 012d 00       		.byte	0
 1671 012e 00       		.byte	0
 1672 012f 00       		.byte	0
 1673              		.section	.debug_aranges,"",%progbits
 1674 0000 14000000 		.4byte	0x14
 1675 0004 0200     		.2byte	0x2
 1676 0006 00000000 		.4byte	.Ldebug_info0
 1677 000a 04       		.byte	0x4
 1678 000b 00       		.byte	0
 1679 000c 0000     		.2byte	0
 1680 000e 0000     		.2byte	0
 1681 0010 00000000 		.4byte	0
 1682 0014 00000000 		.4byte	0
 1683              		.section	.debug_line,"",%progbits
 1684              	.Ldebug_line0:
 1685 0000 28010000 		.section	.debug_str,"MS",%progbits,1
 1685      02002201 
 1685      00000201 
 1685      FB0E0D00 
 1685      01010101 
 1686              	.LASF46:
 1687 0000 6E657874 		.ascii	"next\000"
 1687      00
 1688              	.LASF83:
 1689 0005 45455F74 		.ascii	"EE_th_terminate_nextask\000"
 1689      685F7465 
 1689      726D696E 
 1689      6174655F 
 1689      6E657874 
 1690              	.LASF24:
 1691 001d 5469636B 		.ascii	"TickType\000"
 1691      54797065 
 1691      00
 1692              	.LASF84:
 1693 0026 45455F73 		.ascii	"EE_stkfirst\000"
 1693      746B6669 
 1693      72737400 
 1694              	.LASF26:
 1695 0032 41637469 		.ascii	"ActionType\000"
 1695      6F6E5479 
 1695      706500
 1696              	.LASF19:
 1697 003d 45455F54 		.ascii	"EE_TYPEBOOL\000"
 1697      59504542 
 1697      4F4F4C00 
 1698              	.LASF109:
 1699 0049 45455F63 		.ascii	"EE_cortex_mx_IRQ_tos\000"
 1699      6F727465 
 1699      785F6D78 
 1699      5F495251 
 1699      5F746F73 
 1700              	.LASF7:
 1701 005e 6C6F6E67 		.ascii	"long long unsigned int\000"
 1701      206C6F6E 
 1701      6720756E 
 1701      7369676E 
 1701      65642069 
ARM GAS  C:\Users\zakis\AppData\Local\Temp\ccKckLQi.s 			page 32


 1702              	.LASF45:
 1703 0075 64656C74 		.ascii	"delta\000"
 1703      6100
 1704              	.LASF113:
 1705 007b 47656E65 		.ascii	"Generated_Source\\PSoC5\\ErikaOS_eecfg.c\000"
 1705      72617465 
 1705      645F536F 
 1705      75726365 
 1705      5C50536F 
 1706              	.LASF42:
 1707 00a2 45455F6F 		.ascii	"EE_oo_counter_object_ROM_type\000"
 1707      6F5F636F 
 1707      756E7465 
 1707      725F6F62 
 1707      6A656374 
 1708              	.LASF89:
 1709 00c0 45455F72 		.ascii	"EE_rq_pairs_next\000"
 1709      715F7061 
 1709      6972735F 
 1709      6E657874 
 1709      00
 1710              	.LASF22:
 1711 00d1 5461736B 		.ascii	"TaskType\000"
 1711      54797065 
 1711      00
 1712              	.LASF61:
 1713 00da 45455F54 		.ascii	"EE_TOS\000"
 1713      4F5300
 1714              	.LASF29:
 1715 00e1 6D617861 		.ascii	"maxallowedvalue\000"
 1715      6C6C6F77 
 1715      65647661 
 1715      6C756500 
 1716              	.LASF115:
 1717 00f1 45455F6F 		.ascii	"EE_oo_autostart_task_mode_OSDEFAULTAPPMODE\000"
 1717      6F5F6175 
 1717      746F7374 
 1717      6172745F 
 1717      7461736B 
 1718              	.LASF79:
 1719 011c 45455F41 		.ascii	"EE_ALARM_ID\000"
 1719      4C41524D 
 1719      5F494400 
 1720              	.LASF6:
 1721 0128 6C6F6E67 		.ascii	"long long int\000"
 1721      206C6F6E 
 1721      6720696E 
 1721      7400
 1722              	.LASF0:
 1723 0136 7369676E 		.ascii	"signed char\000"
 1723      65642063 
 1723      68617200 
 1724              	.LASF52:
 1725 0142 45455F6F 		.ascii	"EE_oo_action_kind_type\000"
 1725      6F5F6163 
 1725      74696F6E 
 1725      5F6B696E 
ARM GAS  C:\Users\zakis\AppData\Local\Temp\ccKckLQi.s 			page 33


 1725      645F7479 
 1726              	.LASF23:
 1727 0159 4576656E 		.ascii	"EventMaskType\000"
 1727      744D6173 
 1727      6B547970 
 1727      6500
 1728              	.LASF76:
 1729 0167 45455F45 		.ascii	"EE_EVENT_NAME\000"
 1729      56454E54 
 1729      5F4E414D 
 1729      4500
 1730              	.LASF100:
 1731 0175 45455F61 		.ascii	"EE_alarm_ROM\000"
 1731      6C61726D 
 1731      5F524F4D 
 1731      00
 1732              	.LASF70:
 1733 0182 45455F63 		.ascii	"EE_cortex_mx_active_tos\000"
 1733      6F727465 
 1733      785F6D78 
 1733      5F616374 
 1733      6976655F 
 1734              	.LASF35:
 1735 019a 45455F6F 		.ascii	"EE_oo_counter_RAM_type\000"
 1735      6F5F636F 
 1735      756E7465 
 1735      725F5241 
 1735      4D5F7479 
 1736              	.LASF78:
 1737 01b1 45455F45 		.ascii	"EE_EVENT_ID\000"
 1737      56454E54 
 1737      5F494400 
 1738              	.LASF4:
 1739 01bd 6C6F6E67 		.ascii	"long int\000"
 1739      20696E74 
 1739      00
 1740              	.LASF87:
 1741 01c6 45455F72 		.ascii	"EE_rq_queues_head\000"
 1741      715F7175 
 1741      65756573 
 1741      5F686561 
 1741      6400
 1742              	.LASF105:
 1743 01d8 45455F6F 		.ascii	"EE_oo_IRQ_suspend_status\000"
 1743      6F5F4952 
 1743      515F7375 
 1743      7370656E 
 1743      645F7374 
 1744              	.LASF107:
 1745 01f1 45455F73 		.ascii	"EE_std_endcycle_next_tid\000"
 1745      74645F65 
 1745      6E646379 
 1745      636C655F 
 1745      6E657874 
 1746              	.LASF31:
 1747 020a 6D696E63 		.ascii	"mincycle\000"
 1747      79636C65 
ARM GAS  C:\Users\zakis\AppData\Local\Temp\ccKckLQi.s 			page 34


 1747      00
 1748              	.LASF20:
 1749 0213 45455F54 		.ascii	"EE_TID\000"
 1749      494400
 1750              	.LASF33:
 1751 021a 76616C75 		.ascii	"value\000"
 1751      6500
 1752              	.LASF8:
 1753 0220 756E7369 		.ascii	"unsigned int\000"
 1753      676E6564 
 1753      20696E74 
 1753      00
 1754              	.LASF16:
 1755 022d 45455F55 		.ascii	"EE_UREG\000"
 1755      52454700 
 1756              	.LASF60:
 1757 0235 45455F6F 		.ascii	"EE_oo_alarm_ROM_type\000"
 1757      6F5F616C 
 1757      61726D5F 
 1757      524F4D5F 
 1757      74797065 
 1758              	.LASF77:
 1759 024a 45455F41 		.ascii	"EE_ALARM_NAME\000"
 1759      4C41524D 
 1759      5F4E414D 
 1759      4500
 1760              	.LASF5:
 1761 0258 6C6F6E67 		.ascii	"long unsigned int\000"
 1761      20756E73 
 1761      69676E65 
 1761      6420696E 
 1761      7400
 1762              	.LASF95:
 1763 026a 45455F74 		.ascii	"EE_th_waswaiting\000"
 1763      685F7761 
 1763      73776169 
 1763      74696E67 
 1763      00
 1764              	.LASF62:
 1765 027b 45455F6F 		.ascii	"EE_oo_autostart_task_type\000"
 1765      6F5F6175 
 1765      746F7374 
 1765      6172745F 
 1765      7461736B 
 1766              	.LASF41:
 1767 0295 6B696E64 		.ascii	"kind\000"
 1767      00
 1768              	.LASF3:
 1769 029a 73686F72 		.ascii	"short unsigned int\000"
 1769      7420756E 
 1769      7369676E 
 1769      65642069 
 1769      6E7400
 1770              	.LASF104:
 1771 02ad 45455F6F 		.ascii	"EE_oo_IRQ_disable_count\000"
 1771      6F5F4952 
 1771      515F6469 
ARM GAS  C:\Users\zakis\AppData\Local\Temp\ccKckLQi.s 			page 35


 1771      7361626C 
 1771      655F636F 
 1772              	.LASF38:
 1773 02c5 45455F6F 		.ascii	"EE_oo_counter_object_kind_type\000"
 1773      6F5F636F 
 1773      756E7465 
 1773      725F6F62 
 1773      6A656374 
 1774              	.LASF80:
 1775 02e4 45455F74 		.ascii	"EE_th_status\000"
 1775      685F7374 
 1775      61747573 
 1775      00
 1776              	.LASF39:
 1777 02f1 436F756E 		.ascii	"CounterObjectKindType\000"
 1777      7465724F 
 1777      626A6563 
 1777      744B696E 
 1777      64547970 
 1778              	.LASF73:
 1779 0307 45455F74 		.ascii	"EE_th_dispatch_prio\000"
 1779      685F6469 
 1779      73706174 
 1779      63685F70 
 1779      72696F00 
 1780              	.LASF111:
 1781 031b 45455F63 		.ascii	"EE_cortex_mx_stack_9\000"
 1781      6F727465 
 1781      785F6D78 
 1781      5F737461 
 1781      636B5F39 
 1782              	.LASF14:
 1783 0330 45455F56 		.ascii	"EE_VOID_CALLBACK\000"
 1783      4F49445F 
 1783      43414C4C 
 1783      4241434B 
 1783      00
 1784              	.LASF27:
 1785 0341 436F756E 		.ascii	"CounterType\000"
 1785      74657254 
 1785      79706500 
 1786              	.LASF98:
 1787 034d 45455F6F 		.ascii	"EE_oo_counter_object_ROM\000"
 1787      6F5F636F 
 1787      756E7465 
 1787      725F6F62 
 1787      6A656374 
 1788              	.LASF59:
 1789 0366 61637469 		.ascii	"action_id\000"
 1789      6F6E5F69 
 1789      6400
 1790              	.LASF106:
 1791 0370 45455F41 		.ascii	"EE_ApplicationMode\000"
 1791      70706C69 
 1791      63617469 
 1791      6F6E4D6F 
 1791      646500
ARM GAS  C:\Users\zakis\AppData\Local\Temp\ccKckLQi.s 			page 36


 1792              	.LASF99:
 1793 0383 45455F6F 		.ascii	"EE_oo_action_ROM\000"
 1793      6F5F6163 
 1793      74696F6E 
 1793      5F524F4D 
 1793      00
 1794              	.LASF21:
 1795 0394 45455F54 		.ascii	"EE_TYPE_RQ_MASK\000"
 1795      5950455F 
 1795      52515F4D 
 1795      41534B00 
 1796              	.LASF64:
 1797 03a4 73697A65 		.ascii	"sizetype\000"
 1797      74797065 
 1797      00
 1798              	.LASF9:
 1799 03ad 6C6F6E67 		.ascii	"long double\000"
 1799      20646F75 
 1799      626C6500 
 1800              	.LASF92:
 1801 03b9 45455F72 		.ascii	"EE_rq_free\000"
 1801      715F6672 
 1801      656500
 1802              	.LASF86:
 1803 03c4 45455F72 		.ascii	"EE_rq_link\000"
 1803      715F6C69 
 1803      6E6B00
 1804              	.LASF17:
 1805 03cf 45455F53 		.ascii	"EE_SREG\000"
 1805      52454700 
 1806              	.LASF30:
 1807 03d7 7469636B 		.ascii	"ticksperbase\000"
 1807      73706572 
 1807      62617365 
 1807      00
 1808              	.LASF43:
 1809 03e4 75736564 		.ascii	"used\000"
 1809      00
 1810              	.LASF47:
 1811 03e9 45455F6F 		.ascii	"EE_oo_counter_object_RAM_type\000"
 1811      6F5F636F 
 1811      756E7465 
 1811      725F6F62 
 1811      6A656374 
 1812              	.LASF97:
 1813 0407 45455F63 		.ascii	"EE_counter_ROM\000"
 1813      6F756E74 
 1813      65725F52 
 1813      4F4D00
 1814              	.LASF58:
 1815 0416 45455F6F 		.ascii	"EE_oo_action_ROM_type\000"
 1815      6F5F6163 
 1815      74696F6E 
 1815      5F524F4D 
 1815      5F747970 
 1816              	.LASF10:
 1817 042c 45455F55 		.ascii	"EE_UINT16\000"
ARM GAS  C:\Users\zakis\AppData\Local\Temp\ccKckLQi.s 			page 37


 1817      494E5431 
 1817      3600
 1818              	.LASF37:
 1819 0436 45455F53 		.ascii	"EE_SCHEDULETABLE\000"
 1819      43484544 
 1819      554C4554 
 1819      41424C45 
 1819      00
 1820              	.LASF69:
 1821 0447 45455F63 		.ascii	"EE_cortex_mx_system_tos\000"
 1821      6F727465 
 1821      785F6D78 
 1821      5F737973 
 1821      74656D5F 
 1822              	.LASF1:
 1823 045f 756E7369 		.ascii	"unsigned char\000"
 1823      676E6564 
 1823      20636861 
 1823      7200
 1824              	.LASF36:
 1825 046d 45455F41 		.ascii	"EE_ALARM\000"
 1825      4C41524D 
 1825      00
 1826              	.LASF81:
 1827 0476 45455F74 		.ascii	"EE_th_next\000"
 1827      685F6E65 
 1827      787400
 1828              	.LASF68:
 1829 0481 45455F74 		.ascii	"EE_terminate_real_th_body\000"
 1829      65726D69 
 1829      6E617465 
 1829      5F726561 
 1829      6C5F7468 
 1830              	.LASF57:
 1831 049b 696E6363 		.ascii	"inccount\000"
 1831      6F756E74 
 1831      00
 1832              	.LASF2:
 1833 04a4 73686F72 		.ascii	"short int\000"
 1833      7420696E 
 1833      7400
 1834              	.LASF94:
 1835 04ae 45455F74 		.ascii	"EE_th_event_waitmask\000"
 1835      685F6576 
 1835      656E745F 
 1835      77616974 
 1835      6D61736B 
 1836              	.LASF110:
 1837 04c3 45455F63 		.ascii	"EE_cortex_mx_stack_3\000"
 1837      6F727465 
 1837      785F6D78 
 1837      5F737461 
 1837      636B5F33 
 1838              	.LASF75:
 1839 04d8 45455F54 		.ascii	"EE_TASK_NAME\000"
 1839      41534B5F 
 1839      4E414D45 
ARM GAS  C:\Users\zakis\AppData\Local\Temp\ccKckLQi.s 			page 38


 1839      00
 1840              	.LASF32:
 1841 04e5 45455F6F 		.ascii	"EE_oo_counter_ROM_type\000"
 1841      6F5F636F 
 1841      756E7465 
 1841      725F524F 
 1841      4D5F7479 
 1842              	.LASF112:
 1843 04fc 474E5520 		.ascii	"GNU C11 5.4.1 20160609 (release) [ARM/embedded-5-br"
 1843      43313120 
 1843      352E342E 
 1843      31203230 
 1843      31363036 
 1844 052f 616E6368 		.ascii	"anch revision 237715] -mcpu=cortex-m3 -mthumb -g -O"
 1844      20726576 
 1844      6973696F 
 1844      6E203233 
 1844      37373135 
 1845 0562 67202D66 		.ascii	"g -ffunction-sections -ffat-lto-objects\000"
 1845      66756E63 
 1845      74696F6E 
 1845      2D736563 
 1845      74696F6E 
 1846              	.LASF56:
 1847 058a 61637469 		.ascii	"action_mask\000"
 1847      6F6E5F6D 
 1847      61736B00 
 1848              	.LASF114:
 1849 0596 433A5C55 		.ascii	"C:\\Users\\zakis\\Documents\\SDHD_LAB\\MovementDete"
 1849      73657273 
 1849      5C7A616B 
 1849      69735C44 
 1849      6F63756D 
 1850 05c4 63746F72 		.ascii	"ctor\\40_Implementation\\20_SW\\10_work\\MovementDe"
 1850      5C34305F 
 1850      496D706C 
 1850      656D656E 
 1850      74617469 
 1851 05f3 74656374 		.ascii	"tector\\RADAR_Movement_Detector.cydsn\000"
 1851      6F725C52 
 1851      41444152 
 1851      5F4D6F76 
 1851      656D656E 
 1852              	.LASF15:
 1853 0618 45455F54 		.ascii	"EE_THREAD_PTR\000"
 1853      48524541 
 1853      445F5054 
 1853      5200
 1854              	.LASF88:
 1855 0626 45455F72 		.ascii	"EE_rq_queues_tail\000"
 1855      715F7175 
 1855      65756573 
 1855      5F746169 
 1855      6C00
 1856              	.LASF66:
 1857 0638 45455F73 		.ascii	"EE_std_thread_tos\000"
 1857      74645F74 
ARM GAS  C:\Users\zakis\AppData\Local\Temp\ccKckLQi.s 			page 39


 1857      68726561 
 1857      645F746F 
 1857      7300
 1858              	.LASF51:
 1859 064a 45455F41 		.ascii	"EE_ACTION_CALLBACK\000"
 1859      4354494F 
 1859      4E5F4341 
 1859      4C4C4241 
 1859      434B00
 1860              	.LASF91:
 1861 065d 45455F72 		.ascii	"EE_rq_bitmask\000"
 1861      715F6269 
 1861      746D6173 
 1861      6B00
 1862              	.LASF34:
 1863 066b 66697273 		.ascii	"first\000"
 1863      7400
 1864              	.LASF25:
 1865 0671 436F756E 		.ascii	"CounterObjectType\000"
 1865      7465724F 
 1865      626A6563 
 1865      74547970 
 1865      6500
 1866              	.LASF74:
 1867 0683 63686172 		.ascii	"char\000"
 1867      00
 1868              	.LASF48:
 1869 0688 45455F41 		.ascii	"EE_ACTION_TASK\000"
 1869      4354494F 
 1869      4E5F5441 
 1869      534B00
 1870              	.LASF71:
 1871 0697 45455F74 		.ascii	"EE_th_rnact_max\000"
 1871      685F726E 
 1871      6163745F 
 1871      6D617800 
 1872              	.LASF50:
 1873 06a7 45455F41 		.ascii	"EE_ACTION_COUNTER\000"
 1873      4354494F 
 1873      4E5F434F 
 1873      554E5445 
 1873      5200
 1874              	.LASF101:
 1875 06b9 45455F63 		.ascii	"EE_counter_RAM\000"
 1875      6F756E74 
 1875      65725F52 
 1875      414D00
 1876              	.LASF40:
 1877 06c8 73706563 		.ascii	"spec_id\000"
 1877      5F696400 
 1878              	.LASF49:
 1879 06d0 45455F41 		.ascii	"EE_ACTION_EVENT\000"
 1879      4354494F 
 1879      4E5F4556 
 1879      454E5400 
 1880              	.LASF65:
 1881 06e0 45455F68 		.ascii	"EE_hal_thread_body\000"
ARM GAS  C:\Users\zakis\AppData\Local\Temp\ccKckLQi.s 			page 40


 1881      616C5F74 
 1881      68726561 
 1881      645F626F 
 1881      647900
 1882              	.LASF85:
 1883 06f3 45455F73 		.ascii	"EE_sys_ceiling\000"
 1883      79735F63 
 1883      65696C69 
 1883      6E6700
 1884              	.LASF54:
 1885 0702 61637469 		.ascii	"action_kind\000"
 1885      6F6E5F6B 
 1885      696E6400 
 1886              	.LASF63:
 1887 070e 7461736B 		.ascii	"task\000"
 1887      00
 1888              	.LASF102:
 1889 0713 45455F6F 		.ascii	"EE_oo_counter_object_RAM\000"
 1889      6F5F636F 
 1889      756E7465 
 1889      725F6F62 
 1889      6A656374 
 1890              	.LASF53:
 1891 072c 41637469 		.ascii	"ActionKindType\000"
 1891      6F6E4B69 
 1891      6E645479 
 1891      706500
 1892              	.LASF72:
 1893 073b 45455F74 		.ascii	"EE_th_ready_prio\000"
 1893      685F7265 
 1893      6164795F 
 1893      7072696F 
 1893      00
 1894              	.LASF82:
 1895 074c 45455F74 		.ascii	"EE_th_rnact\000"
 1895      685F726E 
 1895      61637400 
 1896              	.LASF90:
 1897 0758 45455F72 		.ascii	"EE_rq_pairs_tid\000"
 1897      715F7061 
 1897      6972735F 
 1897      74696400 
 1898              	.LASF108:
 1899 0768 45455F49 		.ascii	"EE_IRQ_nesting_level\000"
 1899      52515F6E 
 1899      65737469 
 1899      6E675F6C 
 1899      6576656C 
 1900              	.LASF12:
 1901 077d 45455F55 		.ascii	"EE_UINT32\000"
 1901      494E5433 
 1901      3200
 1902              	.LASF11:
 1903 0787 45455F49 		.ascii	"EE_INT32\000"
 1903      4E543332 
 1903      00
 1904              	.LASF67:
ARM GAS  C:\Users\zakis\AppData\Local\Temp\ccKckLQi.s 			page 41


 1905 0790 45455F74 		.ascii	"EE_terminate_data\000"
 1905      65726D69 
 1905      6E617465 
 1905      5F646174 
 1905      6100
 1906              	.LASF93:
 1907 07a2 45455F74 		.ascii	"EE_th_event_active\000"
 1907      685F6576 
 1907      656E745F 
 1907      61637469 
 1907      766500
 1908              	.LASF44:
 1909 07b5 636E7463 		.ascii	"cntcycle\000"
 1909      79636C65 
 1909      00
 1910              	.LASF28:
 1911 07be 5359535F 		.ascii	"SYS_tos\000"
 1911      746F7300 
 1912              	.LASF55:
 1913 07c6 61637469 		.ascii	"action_task\000"
 1913      6F6E5F74 
 1913      61736B00 
 1914              	.LASF13:
 1915 07d2 45455F41 		.ascii	"EE_ADDR\000"
 1915      44445200 
 1916              	.LASF96:
 1917 07da 45455F74 		.ascii	"EE_th_is_extended\000"
 1917      685F6973 
 1917      5F657874 
 1917      656E6465 
 1917      6400
 1918              	.LASF18:
 1919 07ec 45455F46 		.ascii	"EE_FREG\000"
 1919      52454700 
 1920              	.LASF103:
 1921 07f4 45455F6F 		.ascii	"EE_oo_autostart_task_data\000"
 1921      6F5F6175 
 1921      746F7374 
 1921      6172745F 
 1921      7461736B 
 1922              		.ident	"GCC: (GNU Tools for ARM Embedded Processors) 5.4.1 20160609 (release) [ARM/embedded-5-bran
