--------------- Build Started: 05/31/2024 18:17:32 Project: RADAR_Movement_Detector, Configuration: ARM GCC 5.4-2016-q2-update Debug ---------------
cydsfit.exe -.appdatapath "C:\Users\zakis\AppData\Local\Cypress Semiconductor\PSoC Creator\4.4" -.fdsnotice -.fdswarpdepfile=warp_dependencies.txt -.fdselabdepfile=elab_dependencies.txt -.fdsbldfile=generated_files.txt -.fdsreffile=referenced_files.txt -p C:\Users\zakis\Documents\SDHD_LAB\MovementDetector\40_Implementation\20_SW\10_work\MovementDetector\RADAR_Movement_Detector.cydsn\RADAR_Movement_Detector.cyprj -d CY8C5888AXI-LP096 -s C:\Users\zakis\Documents\SDHD_LAB\MovementDetector\40_Implementation\20_SW\10_work\MovementDetector\RADAR_Movement_Detector.cydsn\Generated_Source\PSoC5 -- -yv2 -q10 -ygs -o2 -v3 -.fftcfgtype=LE
Elaborating Design...
HDL Generation...
Synthesis...
Tech Mapping...
Analog Placement...
Info: apr.M0002: Analog signal "\ADC_DelSig:Net_35\" is connected to one terminal only. (App=cydsfit)
Log: apr.M0058: The analog placement iterative improvement is 23% done. (App=cydsfit)
Log: apr.M0058: The analog placement iterative improvement is 45% done. (App=cydsfit)
Analog Routing...
Analog Code Generation...
Digital Placement...
Digital Routing...
Bitstream Generation...
Bitstream Verification...
Static timing analysis...
API Generation...
Dependency Generation...
Cleanup...
The compile step is up to date, no work needs to be done.
The link step is up to date, no work needs to be done.
--------------- Build Succeeded: 05/31/2024 18:17:41 ---------------
